[0.031s] Invoking command in '/home/saiubuntu/ros2_ws/build/my_bot': CMAKE_PREFIX_PATH=${CMAKE_PREFIX_PATH}:/home/saiubuntu/ros2_ws/install/my_robot:/opt/ros/foxy /usr/bin/cmake --build /home/saiubuntu/ros2_ws/build/my_bot -- -j8 -l8
[0.244s] Invoked command in '/home/saiubuntu/ros2_ws/build/my_bot' returned '0': CMAKE_PREFIX_PATH=${CMAKE_PREFIX_PATH}:/home/saiubuntu/ros2_ws/install/my_robot:/opt/ros/foxy /usr/bin/cmake --build /home/saiubuntu/ros2_ws/build/my_bot -- -j8 -l8
[0.279s] Invoking command in '/home/saiubuntu/ros2_ws/build/my_bot': CMAKE_PREFIX_PATH=${CMAKE_PREFIX_PATH}:/home/saiubuntu/ros2_ws/install/my_robot:/opt/ros/foxy /usr/bin/cmake --install /home/saiubuntu/ros2_ws/build/my_bot
[0.287s] -- Install configuration: ""
[0.287s] -- Up-to-date: /home/saiubuntu/ros2_ws/install/my_bot/share/my_bot/config
[0.287s] -- Up-to-date: /home/saiubuntu/ros2_ws/install/my_bot/share/my_bot/config/empty.yaml
[0.287s] -- Up-to-date: /home/saiubuntu/ros2_ws/install/my_bot/share/my_bot/config/view_bot.rviz
[0.287s] -- Up-to-date: /home/saiubuntu/ros2_ws/install/my_bot/share/my_bot/description
[0.288s] -- Up-to-date: /home/saiubuntu/ros2_ws/install/my_bot/share/my_bot/description/robot.urdf.xacro
[0.288s] -- Installing: /home/saiubuntu/ros2_ws/install/my_bot/share/my_bot/description/robot_core.xacro
[0.288s] -- Up-to-date: /home/saiubuntu/ros2_ws/install/my_bot/share/my_bot/description/inertial_macros.xacro
[0.288s] -- Up-to-date: /home/saiubuntu/ros2_ws/install/my_bot/share/my_bot/launch
[0.288s] -- Up-to-date: /home/saiubuntu/ros2_ws/install/my_bot/share/my_bot/launch/rsp.launch.py
[0.288s] -- Up-to-date: /home/saiubuntu/ros2_ws/install/my_bot/share/my_bot/worlds
[0.288s] -- Up-to-date: /home/saiubuntu/ros2_ws/install/my_bot/share/my_bot/worlds/empty.world
[0.288s] -- Up-to-date: /home/saiubuntu/ros2_ws/install/my_bot/share/ament_index/resource_index/package_run_dependencies/my_bot
[0.288s] -- Up-to-date: /home/saiubuntu/ros2_ws/install/my_bot/share/ament_index/resource_index/parent_prefix_path/my_bot
[0.288s] -- Up-to-date: /home/saiubuntu/ros2_ws/install/my_bot/share/my_bot/environment/ament_prefix_path.sh
[0.288s] -- Up-to-date: /home/saiubuntu/ros2_ws/install/my_bot/share/my_bot/environment/ament_prefix_path.dsv
[0.288s] -- Up-to-date: /home/saiubuntu/ros2_ws/install/my_bot/share/my_bot/environment/path.sh
[0.288s] -- Up-to-date: /home/saiubuntu/ros2_ws/install/my_bot/share/my_bot/environment/path.dsv
[0.288s] -- Up-to-date: /home/saiubuntu/ros2_ws/install/my_bot/share/my_bot/local_setup.bash
[0.289s] -- Up-to-date: /home/saiubuntu/ros2_ws/install/my_bot/share/my_bot/local_setup.sh
[0.289s] -- Up-to-date: /home/saiubuntu/ros2_ws/install/my_bot/share/my_bot/local_setup.zsh
[0.289s] -- Up-to-date: /home/saiubuntu/ros2_ws/install/my_bot/share/my_bot/local_setup.dsv
[0.289s] -- Up-to-date: /home/saiubuntu/ros2_ws/install/my_bot/share/my_bot/package.dsv
[0.289s] -- Up-to-date: /home/saiubuntu/ros2_ws/install/my_bot/share/ament_index/resource_index/packages/my_bot
[0.289s] -- Up-to-date: /home/saiubuntu/ros2_ws/install/my_bot/share/my_bot/cmake/my_botConfig.cmake
[0.289s] -- Up-to-date: /home/saiubuntu/ros2_ws/install/my_bot/share/my_bot/cmake/my_botConfig-version.cmake
[0.289s] -- Up-to-date: /home/saiubuntu/ros2_ws/install/my_bot/share/my_bot/package.xml
[0.290s] Invoked command in '/home/saiubuntu/ros2_ws/build/my_bot' returned '0': CMAKE_PREFIX_PATH=${CMAKE_PREFIX_PATH}:/home/saiubuntu/ros2_ws/install/my_robot:/opt/ros/foxy /usr/bin/cmake --install /home/saiubuntu/ros2_ws/build/my_bot
