[1.123s] Invoking command in '/home/saiubuntu/ros2_ws/build/my_robot': PYTHONPATH=/home/saiubuntu/ros2_ws/build/my_robot/prefix_override:/home/saiubuntu/ros2_ws/install/my_robot/lib/python3.8/site-packages:${PYTHONPATH} /usr/bin/python3 -W ignore:setup.py install is deprecated setup.py develop --uninstall --editable --build-directory /home/saiubuntu/ros2_ws/build/my_robot/build
[1.424s] running develop
[1.567s] Removing /home/saiubuntu/ros2_ws/install/my_robot/lib/python3.8/site-packages/my-robot.egg-link (link to .)
[1.607s] Invoked command in '/home/saiubuntu/ros2_ws/build/my_robot' returned '0': PYTHONPATH=/home/saiubuntu/ros2_ws/build/my_robot/prefix_override:/home/saiubuntu/ros2_ws/install/my_robot/lib/python3.8/site-packages:${PYTHONPATH} /usr/bin/python3 -W ignore:setup.py install is deprecated setup.py develop --uninstall --editable --build-directory /home/saiubuntu/ros2_ws/build/my_robot/build
[1.613s] Invoking command in '/home/saiubuntu/ros2_ws/src/my_robot': PYTHONPATH=/home/saiubuntu/ros2_ws/build/my_robot/prefix_override:/home/saiubuntu/ros2_ws/install/my_robot/lib/python3.8/site-packages:${PYTHONPATH} /usr/bin/python3 -W ignore:setup.py install is deprecated setup.py egg_info --egg-base ../../build/my_robot build --build-base /home/saiubuntu/ros2_ws/build/my_robot/build install --record /home/saiubuntu/ros2_ws/build/my_robot/install.log --install-scripts $base/lib/my_robot --single-version-externally-managed install_data --force
[1.930s] running egg_info
[1.930s] writing ../../build/my_robot/my_robot.egg-info/PKG-INFO
[1.931s] writing dependency_links to ../../build/my_robot/my_robot.egg-info/dependency_links.txt
[1.931s] writing entry points to ../../build/my_robot/my_robot.egg-info/entry_points.txt
[1.931s] writing requirements to ../../build/my_robot/my_robot.egg-info/requires.txt
[1.931s] writing top-level names to ../../build/my_robot/my_robot.egg-info/top_level.txt
[1.968s] reading manifest file '../../build/my_robot/my_robot.egg-info/SOURCES.txt'
[1.969s] writing manifest file '../../build/my_robot/my_robot.egg-info/SOURCES.txt'
[1.970s] running build
[1.970s] running build_py
[1.970s] running install
[1.971s] running install_lib
[1.973s] creating /home/saiubuntu/ros2_ws/install/my_robot/lib/python3.8/site-packages/my_robot
[1.973s] copying /home/saiubuntu/ros2_ws/build/my_robot/build/lib/my_robot/__init__.py -> /home/saiubuntu/ros2_ws/install/my_robot/lib/python3.8/site-packages/my_robot
[1.974s] byte-compiling /home/saiubuntu/ros2_ws/install/my_robot/lib/python3.8/site-packages/my_robot/__init__.py to __init__.cpython-38.pyc
[1.976s] running install_data
[1.976s] copying resource/my_robot -> /home/saiubuntu/ros2_ws/install/my_robot/share/ament_index/resource_index/packages
[1.977s] copying package.xml -> /home/saiubuntu/ros2_ws/install/my_robot/share/my_robot
[1.977s] running install_egg_info
[1.979s] Copying ../../build/my_robot/my_robot.egg-info to /home/saiubuntu/ros2_ws/install/my_robot/lib/python3.8/site-packages/my_robot-0.0.0-py3.8.egg-info
[1.980s] running install_scripts
[2.002s] writing list of installed files to '/home/saiubuntu/ros2_ws/build/my_robot/install.log'
[2.038s] Invoked command in '/home/saiubuntu/ros2_ws/src/my_robot' returned '0': PYTHONPATH=/home/saiubuntu/ros2_ws/build/my_robot/prefix_override:/home/saiubuntu/ros2_ws/install/my_robot/lib/python3.8/site-packages:${PYTHONPATH} /usr/bin/python3 -W ignore:setup.py install is deprecated setup.py egg_info --egg-base ../../build/my_robot build --build-base /home/saiubuntu/ros2_ws/build/my_robot/build install --record /home/saiubuntu/ros2_ws/build/my_robot/install.log --install-scripts $base/lib/my_robot --single-version-externally-managed install_data --force
