[0.412s] Invoking command in '/home/saiubuntu/ros2_ws/build/sllidar_ros2': CMAKE_PREFIX_PATH=${CMAKE_PREFIX_PATH}:/home/saiubuntu/ros2_ws/install/my_robot:/opt/ros/foxy /usr/bin/cmake --build /home/saiubuntu/ros2_ws/build/sllidar_ros2 -- -j8 -l8
[3.039s] [ 10%] Built target sllidar_client
[3.041s] [100%] Built target sllidar_node
[3.057s] Invoked command in '/home/saiubuntu/ros2_ws/build/sllidar_ros2' returned '0': CMAKE_PREFIX_PATH=${CMAKE_PREFIX_PATH}:/home/saiubuntu/ros2_ws/install/my_robot:/opt/ros/foxy /usr/bin/cmake --build /home/saiubuntu/ros2_ws/build/sllidar_ros2 -- -j8 -l8
[3.127s] Invoking command in '/home/saiubuntu/ros2_ws/build/sllidar_ros2': CMAKE_PREFIX_PATH=${CMAKE_PREFIX_PATH}:/home/saiubuntu/ros2_ws/install/my_robot:/opt/ros/foxy /usr/bin/cmake --install /home/saiubuntu/ros2_ws/build/sllidar_ros2
[3.135s] -- Install configuration: ""
[3.150s] -- Execute custom install script
[3.195s] -- Up-to-date symlink: /home/saiubuntu/ros2_ws/install/sllidar_ros2/share/sllidar_ros2/launch/sllidar_a1_launch.py
[3.197s] -- Up-to-date symlink: /home/saiubuntu/ros2_ws/install/sllidar_ros2/share/sllidar_ros2/launch/sllidar_a2m12_launch .py
[3.198s] -- Up-to-date symlink: /home/saiubuntu/ros2_ws/install/sllidar_ros2/share/sllidar_ros2/launch/sllidar_a2m7_launch.py
[3.199s] -- Up-to-date symlink: /home/saiubuntu/ros2_ws/install/sllidar_ros2/share/sllidar_ros2/launch/sllidar_a2m8_launch.py
[3.225s] -- Up-to-date symlink: /home/saiubuntu/ros2_ws/install/sllidar_ros2/share/sllidar_ros2/launch/sllidar_a3_launch.py
[3.226s] -- Up-to-date symlink: /home/saiubuntu/ros2_ws/install/sllidar_ros2/share/sllidar_ros2/launch/sllidar_c1_launch.py
[3.228s] -- Up-to-date symlink: /home/saiubuntu/ros2_ws/install/sllidar_ros2/share/sllidar_ros2/launch/sllidar_s1_launch.py
[3.229s] -- Up-to-date symlink: /home/saiubuntu/ros2_ws/install/sllidar_ros2/share/sllidar_ros2/launch/sllidar_s1_tcp_launch.py
[3.257s] -- Up-to-date symlink: /home/saiubuntu/ros2_ws/install/sllidar_ros2/share/sllidar_ros2/launch/sllidar_s2_launch.py
[3.259s] -- Up-to-date symlink: /home/saiubuntu/ros2_ws/install/sllidar_ros2/share/sllidar_ros2/launch/sllidar_s2e_launch.py
[3.261s] -- Up-to-date symlink: /home/saiubuntu/ros2_ws/install/sllidar_ros2/share/sllidar_ros2/launch/sllidar_s3_launch.py
[3.262s] -- Up-to-date symlink: /home/saiubuntu/ros2_ws/install/sllidar_ros2/share/sllidar_ros2/launch/sllidar_t1_launch.py
[3.264s] -- Up-to-date symlink: /home/saiubuntu/ros2_ws/install/sllidar_ros2/share/sllidar_ros2/launch/view_sllidar_a1_launch.py
[3.265s] -- Up-to-date symlink: /home/saiubuntu/ros2_ws/install/sllidar_ros2/share/sllidar_ros2/launch/view_sllidar_a2m12_launch.py
[3.266s] -- Up-to-date symlink: /home/saiubuntu/ros2_ws/install/sllidar_ros2/share/sllidar_ros2/launch/view_sllidar_a2m7_launch.py
[3.268s] -- Up-to-date symlink: /home/saiubuntu/ros2_ws/install/sllidar_ros2/share/sllidar_ros2/launch/view_sllidar_a2m8_launch.py
[3.269s] -- Up-to-date symlink: /home/saiubuntu/ros2_ws/install/sllidar_ros2/share/sllidar_ros2/launch/view_sllidar_a3_launch.py
[3.270s] -- Up-to-date symlink: /home/saiubuntu/ros2_ws/install/sllidar_ros2/share/sllidar_ros2/launch/view_sllidar_c1_launch.py
[3.271s] -- Up-to-date symlink: /home/saiubuntu/ros2_ws/install/sllidar_ros2/share/sllidar_ros2/launch/view_sllidar_s1_launch.py
[3.272s] -- Up-to-date symlink: /home/saiubuntu/ros2_ws/install/sllidar_ros2/share/sllidar_ros2/launch/view_sllidar_s1_tcp_launch.py
[3.273s] -- Up-to-date symlink: /home/saiubuntu/ros2_ws/install/sllidar_ros2/share/sllidar_ros2/launch/view_sllidar_s2_launch.py
[3.274s] -- Up-to-date symlink: /home/saiubuntu/ros2_ws/install/sllidar_ros2/share/sllidar_ros2/launch/view_sllidar_s2e_launch.py
[3.276s] -- Up-to-date symlink: /home/saiubuntu/ros2_ws/install/sllidar_ros2/share/sllidar_ros2/launch/view_sllidar_s3_launch.py
[3.278s] -- Up-to-date symlink: /home/saiubuntu/ros2_ws/install/sllidar_ros2/share/sllidar_ros2/launch/view_sllidar_t1_launch.py
[3.281s] -- Up-to-date symlink: /home/saiubuntu/ros2_ws/install/sllidar_ros2/share/sllidar_ros2/rviz/sllidar_ros2.rviz
[3.284s] -- Up-to-date symlink: /home/saiubuntu/ros2_ws/install/sllidar_ros2/lib/sllidar_ros2/sllidar_node
[3.285s] -- Up-to-date symlink: /home/saiubuntu/ros2_ws/install/sllidar_ros2/lib/sllidar_ros2/sllidar_client
[3.286s] -- Up-to-date symlink: /home/saiubuntu/ros2_ws/install/sllidar_ros2/share/ament_index/resource_index/package_run_dependencies/sllidar_ros2
[3.288s] -- Up-to-date symlink: /home/saiubuntu/ros2_ws/install/sllidar_ros2/share/ament_index/resource_index/parent_prefix_path/sllidar_ros2
[3.290s] -- Up-to-date symlink: /home/saiubuntu/ros2_ws/install/sllidar_ros2/share/sllidar_ros2/environment/ament_prefix_path.sh
[3.291s] -- Up-to-date symlink: /home/saiubuntu/ros2_ws/install/sllidar_ros2/share/sllidar_ros2/environment/ament_prefix_path.dsv
[3.293s] -- Up-to-date symlink: /home/saiubuntu/ros2_ws/install/sllidar_ros2/share/sllidar_ros2/environment/path.sh
[3.294s] -- Up-to-date symlink: /home/saiubuntu/ros2_ws/install/sllidar_ros2/share/sllidar_ros2/environment/path.dsv
[3.296s] -- Up-to-date symlink: /home/saiubuntu/ros2_ws/install/sllidar_ros2/share/sllidar_ros2/local_setup.bash
[3.297s] -- Up-to-date symlink: /home/saiubuntu/ros2_ws/install/sllidar_ros2/share/sllidar_ros2/local_setup.sh
[3.302s] -- Up-to-date symlink: /home/saiubuntu/ros2_ws/install/sllidar_ros2/share/sllidar_ros2/local_setup.zsh
[3.303s] -- Up-to-date symlink: /home/saiubuntu/ros2_ws/install/sllidar_ros2/share/sllidar_ros2/local_setup.dsv
[3.304s] -- Symlinking: /home/saiubuntu/ros2_ws/install/sllidar_ros2/share/sllidar_ros2/package.dsv
[3.358s] -- Up-to-date symlink: /home/saiubuntu/ros2_ws/install/sllidar_ros2/share/ament_index/resource_index/packages/sllidar_ros2
[3.361s] -- Up-to-date symlink: /home/saiubuntu/ros2_ws/install/sllidar_ros2/share/sllidar_ros2/cmake/ament_cmake_export_dependencies-extras.cmake
[3.363s] -- Up-to-date symlink: /home/saiubuntu/ros2_ws/install/sllidar_ros2/share/sllidar_ros2/cmake/ament_cmake_export_include_directories-extras.cmake
[3.364s] -- Up-to-date symlink: /home/saiubuntu/ros2_ws/install/sllidar_ros2/share/sllidar_ros2/cmake/sllidar_ros2Config.cmake
[3.366s] -- Up-to-date symlink: /home/saiubuntu/ros2_ws/install/sllidar_ros2/share/sllidar_ros2/cmake/sllidar_ros2Config-version.cmake
[3.367s] -- Up-to-date symlink: /home/saiubuntu/ros2_ws/install/sllidar_ros2/share/sllidar_ros2/package.xml
[3.375s] Invoked command in '/home/saiubuntu/ros2_ws/build/sllidar_ros2' returned '0': CMAKE_PREFIX_PATH=${CMAKE_PREFIX_PATH}:/home/saiubuntu/ros2_ws/install/my_robot:/opt/ros/foxy /usr/bin/cmake --install /home/saiubuntu/ros2_ws/build/sllidar_ros2
