[0.544s] Invoking command in '/home/saiubuntu/ros2_ws/build/my_bot': CMAKE_PREFIX_PATH=${CMAKE_PREFIX_PATH}:/home/saiubuntu/ros2_ws/install/serial_motor_demo:/home/saiubuntu/ros2_ws/install/my_robot:/home/saiubuntu/ros2_ws/install/joy_tester:/opt/ros/foxy /usr/bin/cmake --build /home/saiubuntu/ros2_ws/build/my_bot -- -j8 -l8
[1.224s] Invoked command in '/home/saiubuntu/ros2_ws/build/my_bot' returned '0': CMAKE_PREFIX_PATH=${CMAKE_PREFIX_PATH}:/home/saiubuntu/ros2_ws/install/serial_motor_demo:/home/saiubuntu/ros2_ws/install/my_robot:/home/saiubuntu/ros2_ws/install/joy_tester:/opt/ros/foxy /usr/bin/cmake --build /home/saiubuntu/ros2_ws/build/my_bot -- -j8 -l8
[1.259s] Invoking command in '/home/saiubuntu/ros2_ws/build/my_bot': CMAKE_PREFIX_PATH=${CMAKE_PREFIX_PATH}:/home/saiubuntu/ros2_ws/install/serial_motor_demo:/home/saiubuntu/ros2_ws/install/my_robot:/home/saiubuntu/ros2_ws/install/joy_tester:/opt/ros/foxy /usr/bin/cmake --install /home/saiubuntu/ros2_ws/build/my_bot
[1.286s] -- Install configuration: ""
[1.334s] -- Execute custom install script
[1.426s] -- Up-to-date symlink: /home/saiubuntu/ros2_ws/install/my_bot/share/my_bot/config/drive_bot.rviz
[1.426s] -- Up-to-date symlink: /home/saiubuntu/ros2_ws/install/my_bot/share/my_bot/config/empty.yaml
[1.493s] -- Up-to-date symlink: /home/saiubuntu/ros2_ws/install/my_bot/share/my_bot/config/gaz_ros2_ctl_use_sim.yaml
[1.532s] -- Up-to-date symlink: /home/saiubuntu/ros2_ws/install/my_bot/share/my_bot/config/gazebo_params.yaml
[1.532s] -- Up-to-date symlink: /home/saiubuntu/ros2_ws/install/my_bot/share/my_bot/config/joystick.yaml
[1.534s] -- Up-to-date symlink: /home/saiubuntu/ros2_ws/install/my_bot/share/my_bot/config/mapper_params_online_async.yaml
[1.567s] -- Up-to-date symlink: /home/saiubuntu/ros2_ws/install/my_bot/share/my_bot/config/my_controllers.yaml
[1.568s] -- Up-to-date symlink: /home/saiubuntu/ros2_ws/install/my_bot/share/my_bot/config/nav2_params.yaml
[1.575s] -- Up-to-date symlink: /home/saiubuntu/ros2_ws/install/my_bot/share/my_bot/config/obstacles_setup.rviz
[1.576s] -- Up-to-date symlink: /home/saiubuntu/ros2_ws/install/my_bot/share/my_bot/config/twist_mux.yaml
[1.576s] -- Up-to-date symlink: /home/saiubuntu/ros2_ws/install/my_bot/share/my_bot/config/view_bot.rviz
[1.591s] -- Up-to-date symlink: /home/saiubuntu/ros2_ws/install/my_bot/share/my_bot/description/camera.xacro
[1.592s] -- Up-to-date symlink: /home/saiubuntu/ros2_ws/install/my_bot/share/my_bot/description/camera2.xacro
[1.601s] -- Up-to-date symlink: /home/saiubuntu/ros2_ws/install/my_bot/share/my_bot/description/depth_camera.xacro
[1.608s] -- Up-to-date symlink: /home/saiubuntu/ros2_ws/install/my_bot/share/my_bot/description/gazebo_control.xacro
[1.608s] -- Up-to-date symlink: /home/saiubuntu/ros2_ws/install/my_bot/share/my_bot/description/inertial_macros.xacro
[1.662s] -- Up-to-date symlink: /home/saiubuntu/ros2_ws/install/my_bot/share/my_bot/description/inertial_macros2.xacro
[1.663s] -- Up-to-date symlink: /home/saiubuntu/ros2_ws/install/my_bot/share/my_bot/description/lidar.xacro
[1.663s] -- Up-to-date symlink: /home/saiubuntu/ros2_ws/install/my_bot/share/my_bot/description/lidar2.xacro
[1.664s] -- Up-to-date symlink: /home/saiubuntu/ros2_ws/install/my_bot/share/my_bot/description/robot.urdf.xacro
[1.666s] -- Up-to-date symlink: /home/saiubuntu/ros2_ws/install/my_bot/share/my_bot/description/robot_core.xacro
[1.666s] -- Up-to-date symlink: /home/saiubuntu/ros2_ws/install/my_bot/share/my_bot/description/robot_core2.xacro
[1.676s] -- Up-to-date symlink: /home/saiubuntu/ros2_ws/install/my_bot/share/my_bot/description/ros2_control.xacro
[1.798s] -- Up-to-date symlink: /home/saiubuntu/ros2_ws/install/my_bot/share/my_bot/launch/joystick.launch.py
[1.835s] -- Up-to-date symlink: /home/saiubuntu/ros2_ws/install/my_bot/share/my_bot/launch/launch_robot.launch.py
[1.836s] -- Up-to-date symlink: /home/saiubuntu/ros2_ws/install/my_bot/share/my_bot/launch/launch_sim.launch.py
[1.845s] -- Up-to-date symlink: /home/saiubuntu/ros2_ws/install/my_bot/share/my_bot/launch/navigation_launch.py
[1.914s] -- Up-to-date symlink: /home/saiubuntu/ros2_ws/install/my_bot/share/my_bot/launch/online_async_launch.py
[1.922s] -- Up-to-date symlink: /home/saiubuntu/ros2_ws/install/my_bot/share/my_bot/launch/rplidar.launch.py
[1.922s] -- Up-to-date symlink: /home/saiubuntu/ros2_ws/install/my_bot/share/my_bot/launch/rsp.launch.py
[2.011s] -- Up-to-date symlink: /home/saiubuntu/ros2_ws/install/my_bot/share/my_bot/worlds/box_table_obstacles.world
[2.036s] -- Up-to-date symlink: /home/saiubuntu/ros2_ws/install/my_bot/share/my_bot/worlds/closed_environment/model.config
[2.037s] -- Up-to-date symlink: /home/saiubuntu/ros2_ws/install/my_bot/share/my_bot/worlds/closed_environment/model.sdf
[2.038s] -- Up-to-date symlink: /home/saiubuntu/ros2_ws/install/my_bot/share/my_bot/worlds/closed_room
[2.039s] -- Up-to-date symlink: /home/saiubuntu/ros2_ws/install/my_bot/share/my_bot/worlds/empty.world
[2.040s] -- Up-to-date symlink: /home/saiubuntu/ros2_ws/install/my_bot/share/my_bot/worlds/obstacles.world
[2.113s] -- Up-to-date symlink: /home/saiubuntu/ros2_ws/install/my_bot/share/my_bot/worlds/sample_model.sdf
[2.115s] -- Up-to-date symlink: /home/saiubuntu/ros2_ws/install/my_bot/share/my_bot/worlds/sample_model.world
[2.118s] -- Up-to-date symlink: /home/saiubuntu/ros2_ws/install/my_bot/share/my_bot/worlds/trail_environment/Untitled/model.config
[2.120s] -- Up-to-date symlink: /home/saiubuntu/ros2_ws/install/my_bot/share/my_bot/worlds/trail_environment/Untitled/model.sdf
[2.121s] -- Up-to-date symlink: /home/saiubuntu/ros2_ws/install/my_bot/share/my_bot/worlds/trail_environment/model.config
[2.122s] -- Up-to-date symlink: /home/saiubuntu/ros2_ws/install/my_bot/share/my_bot/worlds/trail_environment/sample_model.sdf
[2.123s] -- Up-to-date symlink: /home/saiubuntu/ros2_ws/install/my_bot/share/ament_index/resource_index/package_run_dependencies/my_bot
[2.124s] -- Up-to-date symlink: /home/saiubuntu/ros2_ws/install/my_bot/share/ament_index/resource_index/parent_prefix_path/my_bot
[2.125s] -- Up-to-date symlink: /home/saiubuntu/ros2_ws/install/my_bot/share/my_bot/environment/ament_prefix_path.sh
[2.126s] -- Up-to-date symlink: /home/saiubuntu/ros2_ws/install/my_bot/share/my_bot/environment/ament_prefix_path.dsv
[2.128s] -- Up-to-date symlink: /home/saiubuntu/ros2_ws/install/my_bot/share/my_bot/environment/path.sh
[2.129s] -- Up-to-date symlink: /home/saiubuntu/ros2_ws/install/my_bot/share/my_bot/environment/path.dsv
[2.131s] -- Up-to-date symlink: /home/saiubuntu/ros2_ws/install/my_bot/share/my_bot/local_setup.bash
[2.132s] -- Up-to-date symlink: /home/saiubuntu/ros2_ws/install/my_bot/share/my_bot/local_setup.sh
[2.133s] -- Up-to-date symlink: /home/saiubuntu/ros2_ws/install/my_bot/share/my_bot/local_setup.zsh
[2.134s] -- Up-to-date symlink: /home/saiubuntu/ros2_ws/install/my_bot/share/my_bot/local_setup.dsv
[2.135s] -- Symlinking: /home/saiubuntu/ros2_ws/install/my_bot/share/my_bot/package.dsv
[2.149s] -- Up-to-date symlink: /home/saiubuntu/ros2_ws/install/my_bot/share/ament_index/resource_index/packages/my_bot
[2.151s] -- Up-to-date symlink: /home/saiubuntu/ros2_ws/install/my_bot/share/my_bot/cmake/my_botConfig.cmake
[2.151s] -- Up-to-date symlink: /home/saiubuntu/ros2_ws/install/my_bot/share/my_bot/cmake/my_botConfig-version.cmake
[2.152s] -- Up-to-date symlink: /home/saiubuntu/ros2_ws/install/my_bot/share/my_bot/package.xml
[2.154s] Invoked command in '/home/saiubuntu/ros2_ws/build/my_bot' returned '0': CMAKE_PREFIX_PATH=${CMAKE_PREFIX_PATH}:/home/saiubuntu/ros2_ws/install/serial_motor_demo:/home/saiubuntu/ros2_ws/install/my_robot:/home/saiubuntu/ros2_ws/install/joy_tester:/opt/ros/foxy /usr/bin/cmake --install /home/saiubuntu/ros2_ws/build/my_bot
