[0.653s] Invoking command in '/home/saiubuntu/ros2_ws/build/my_robot': PYTHONPATH=/home/saiubuntu/ros2_ws/build/my_robot/prefix_override:/home/saiubuntu/ros2_ws/install/my_robot/lib/python3.8/site-packages:${PYTHONPATH} /usr/bin/python3 -W ignore:setup.py install is deprecated setup.py develop --uninstall --editable --build-directory /home/saiubuntu/ros2_ws/build/my_robot/build
[0.860s] running develop
[0.994s] Invoked command in '/home/saiubuntu/ros2_ws/build/my_robot' returned '0': PYTHONPATH=/home/saiubuntu/ros2_ws/build/my_robot/prefix_override:/home/saiubuntu/ros2_ws/install/my_robot/lib/python3.8/site-packages:${PYTHONPATH} /usr/bin/python3 -W ignore:setup.py install is deprecated setup.py develop --uninstall --editable --build-directory /home/saiubuntu/ros2_ws/build/my_robot/build
[0.997s] Invoking command in '/home/saiubuntu/ros2_ws/src/my_robot': PYTHONPATH=/home/saiubuntu/ros2_ws/build/my_robot/prefix_override:/home/saiubuntu/ros2_ws/install/my_robot/lib/python3.8/site-packages:${PYTHONPATH} /usr/bin/python3 -W ignore:setup.py install is deprecated setup.py egg_info --egg-base ../../build/my_robot build --build-base /home/saiubuntu/ros2_ws/build/my_robot/build install --record /home/saiubuntu/ros2_ws/build/my_robot/install.log --install-scripts $base/lib/my_robot --single-version-externally-managed install_data --force
[1.189s] running egg_info
[1.189s] writing ../../build/my_robot/my_robot.egg-info/PKG-INFO
[1.189s] writing dependency_links to ../../build/my_robot/my_robot.egg-info/dependency_links.txt
[1.190s] writing entry points to ../../build/my_robot/my_robot.egg-info/entry_points.txt
[1.190s] writing requirements to ../../build/my_robot/my_robot.egg-info/requires.txt
[1.190s] writing top-level names to ../../build/my_robot/my_robot.egg-info/top_level.txt
[1.297s] reading manifest file '../../build/my_robot/my_robot.egg-info/SOURCES.txt'
[1.307s] writing manifest file '../../build/my_robot/my_robot.egg-info/SOURCES.txt'
[1.308s] running build
[1.308s] running build_py
[1.308s] running install
[1.309s] running install_lib
[1.309s] creating /home/saiubuntu/ros2_ws/install/my_robot/lib/python3.8/site-packages/my_robot
[1.310s] copying /home/saiubuntu/ros2_ws/build/my_robot/build/lib/my_robot/__init__.py -> /home/saiubuntu/ros2_ws/install/my_robot/lib/python3.8/site-packages/my_robot
[1.310s] byte-compiling /home/saiubuntu/ros2_ws/install/my_robot/lib/python3.8/site-packages/my_robot/__init__.py to __init__.cpython-38.pyc
[1.311s] running install_data
[1.311s] copying resource/my_robot -> /home/saiubuntu/ros2_ws/install/my_robot/share/ament_index/resource_index/packages
[1.311s] copying package.xml -> /home/saiubuntu/ros2_ws/install/my_robot/share/my_robot
[1.311s] running install_egg_info
[1.313s] Copying ../../build/my_robot/my_robot.egg-info to /home/saiubuntu/ros2_ws/install/my_robot/lib/python3.8/site-packages/my_robot-0.0.0-py3.8.egg-info
[1.322s] running install_scripts
[1.339s] writing list of installed files to '/home/saiubuntu/ros2_ws/build/my_robot/install.log'
[1.359s] Invoked command in '/home/saiubuntu/ros2_ws/src/my_robot' returned '0': PYTHONPATH=/home/saiubuntu/ros2_ws/build/my_robot/prefix_override:/home/saiubuntu/ros2_ws/install/my_robot/lib/python3.8/site-packages:${PYTHONPATH} /usr/bin/python3 -W ignore:setup.py install is deprecated setup.py egg_info --egg-base ../../build/my_robot build --build-base /home/saiubuntu/ros2_ws/build/my_robot/build install --record /home/saiubuntu/ros2_ws/build/my_robot/install.log --install-scripts $base/lib/my_robot --single-version-externally-managed install_data --force
