[0.029s] Invoking command in '/home/saiubuntu/ros2_ws/build/my_bot': CMAKE_PREFIX_PATH=${CMAKE_PREFIX_PATH}:/home/saiubuntu/ros2_ws/install/my_robot:/opt/ros/foxy /usr/bin/cmake --build /home/saiubuntu/ros2_ws/build/my_bot -- -j8 -l8
[0.265s] Invoked command in '/home/saiubuntu/ros2_ws/build/my_bot' returned '0': CMAKE_PREFIX_PATH=${CMAKE_PREFIX_PATH}:/home/saiubuntu/ros2_ws/install/my_robot:/opt/ros/foxy /usr/bin/cmake --build /home/saiubuntu/ros2_ws/build/my_bot -- -j8 -l8
[0.300s] Invoking command in '/home/saiubuntu/ros2_ws/build/my_bot': CMAKE_PREFIX_PATH=${CMAKE_PREFIX_PATH}:/home/saiubuntu/ros2_ws/install/my_robot:/opt/ros/foxy /usr/bin/cmake --install /home/saiubuntu/ros2_ws/build/my_bot
[0.308s] -- Install configuration: ""
[0.309s] -- Execute custom install script
[0.309s] -- Up-to-date symlink: /home/saiubuntu/ros2_ws/install/my_bot/share/my_bot/config/drive_bot.rviz
[0.310s] -- Up-to-date symlink: /home/saiubuntu/ros2_ws/install/my_bot/share/my_bot/config/empty.yaml
[0.310s] -- Up-to-date symlink: /home/saiubuntu/ros2_ws/install/my_bot/share/my_bot/config/gazebo_params.yaml
[0.310s] -- Up-to-date symlink: /home/saiubuntu/ros2_ws/install/my_bot/share/my_bot/config/mapper_params_online_async.yaml
[0.310s] -- Up-to-date symlink: /home/saiubuntu/ros2_ws/install/my_bot/share/my_bot/config/my_controllers.yaml
[0.311s] -- Up-to-date symlink: /home/saiubuntu/ros2_ws/install/my_bot/share/my_bot/config/view_bot.rviz
[0.311s] -- Up-to-date symlink: /home/saiubuntu/ros2_ws/install/my_bot/share/my_bot/description/camera.xacro
[0.311s] -- Up-to-date symlink: /home/saiubuntu/ros2_ws/install/my_bot/share/my_bot/description/depth_camera.xacro
[0.312s] -- Up-to-date symlink: /home/saiubuntu/ros2_ws/install/my_bot/share/my_bot/description/gazebo_control.xacro
[0.313s] -- Up-to-date symlink: /home/saiubuntu/ros2_ws/install/my_bot/share/my_bot/description/inertial_macros.xacro
[0.313s] -- Up-to-date symlink: /home/saiubuntu/ros2_ws/install/my_bot/share/my_bot/description/inertial_macros2.xacro
[0.313s] -- Up-to-date symlink: /home/saiubuntu/ros2_ws/install/my_bot/share/my_bot/description/lidar.xacro
[0.313s] -- Up-to-date symlink: /home/saiubuntu/ros2_ws/install/my_bot/share/my_bot/description/lidar2.xacro
[0.313s] -- Up-to-date symlink: /home/saiubuntu/ros2_ws/install/my_bot/share/my_bot/description/robot.urdf.xacro
[0.313s] -- Up-to-date symlink: /home/saiubuntu/ros2_ws/install/my_bot/share/my_bot/description/robot_core.xacro
[0.314s] -- Up-to-date symlink: /home/saiubuntu/ros2_ws/install/my_bot/share/my_bot/description/robot_core2.xacro
[0.314s] -- Up-to-date symlink: /home/saiubuntu/ros2_ws/install/my_bot/share/my_bot/description/ros2_control.xacro
[0.314s] -- Up-to-date symlink: /home/saiubuntu/ros2_ws/install/my_bot/share/my_bot/launch/launch_sim.launch.py
[0.314s] -- Up-to-date symlink: /home/saiubuntu/ros2_ws/install/my_bot/share/my_bot/launch/rplidar.launch.py
[0.314s] -- Up-to-date symlink: /home/saiubuntu/ros2_ws/install/my_bot/share/my_bot/launch/rsp.launch.py
[0.315s] -- Up-to-date symlink: /home/saiubuntu/ros2_ws/install/my_bot/share/my_bot/worlds/box_table_obstacles.world
[0.315s] -- Up-to-date symlink: /home/saiubuntu/ros2_ws/install/my_bot/share/my_bot/worlds/closed_environment/model.config
[0.316s] -- Up-to-date symlink: /home/saiubuntu/ros2_ws/install/my_bot/share/my_bot/worlds/closed_environment/model.sdf
[0.316s] -- Up-to-date symlink: /home/saiubuntu/ros2_ws/install/my_bot/share/my_bot/worlds/empty.world
[0.316s] -- Up-to-date symlink: /home/saiubuntu/ros2_ws/install/my_bot/share/my_bot/worlds/obstacles.world
[0.317s] -- Up-to-date symlink: /home/saiubuntu/ros2_ws/install/my_bot/share/ament_index/resource_index/package_run_dependencies/my_bot
[0.317s] -- Up-to-date symlink: /home/saiubuntu/ros2_ws/install/my_bot/share/ament_index/resource_index/parent_prefix_path/my_bot
[0.317s] -- Up-to-date symlink: /home/saiubuntu/ros2_ws/install/my_bot/share/my_bot/environment/ament_prefix_path.sh
[0.318s] -- Up-to-date symlink: /home/saiubuntu/ros2_ws/install/my_bot/share/my_bot/environment/ament_prefix_path.dsv
[0.318s] -- Up-to-date symlink: /home/saiubuntu/ros2_ws/install/my_bot/share/my_bot/environment/path.sh
[0.318s] -- Up-to-date symlink: /home/saiubuntu/ros2_ws/install/my_bot/share/my_bot/environment/path.dsv
[0.319s] -- Up-to-date symlink: /home/saiubuntu/ros2_ws/install/my_bot/share/my_bot/local_setup.bash
[0.319s] -- Up-to-date symlink: /home/saiubuntu/ros2_ws/install/my_bot/share/my_bot/local_setup.sh
[0.319s] -- Up-to-date symlink: /home/saiubuntu/ros2_ws/install/my_bot/share/my_bot/local_setup.zsh
[0.320s] -- Up-to-date symlink: /home/saiubuntu/ros2_ws/install/my_bot/share/my_bot/local_setup.dsv
[0.320s] -- Symlinking: /home/saiubuntu/ros2_ws/install/my_bot/share/my_bot/package.dsv
[0.333s] -- Up-to-date symlink: /home/saiubuntu/ros2_ws/install/my_bot/share/ament_index/resource_index/packages/my_bot
[0.334s] -- Up-to-date symlink: /home/saiubuntu/ros2_ws/install/my_bot/share/my_bot/cmake/my_botConfig.cmake
[0.334s] -- Up-to-date symlink: /home/saiubuntu/ros2_ws/install/my_bot/share/my_bot/cmake/my_botConfig-version.cmake
[0.334s] -- Up-to-date symlink: /home/saiubuntu/ros2_ws/install/my_bot/share/my_bot/package.xml
[0.337s] Invoked command in '/home/saiubuntu/ros2_ws/build/my_bot' returned '0': CMAKE_PREFIX_PATH=${CMAKE_PREFIX_PATH}:/home/saiubuntu/ros2_ws/install/my_robot:/opt/ros/foxy /usr/bin/cmake --install /home/saiubuntu/ros2_ws/build/my_bot
