[4.780s] DEBUG:colcon:Command line arguments: ['/usr/bin/colcon', 'build']
[4.780s] DEBUG:colcon:Parsed command line arguments: Namespace(allow_overriding=[], ament_cmake_args=None, base_paths=['.'], build_base='build', catkin_cmake_args=None, catkin_skip_building_tests=False, cmake_args=None, cmake_clean_cache=False, cmake_clean_first=False, cmake_force_configure=False, cmake_target=None, cmake_target_skip_unavailable=False, continue_on_error=False, event_handlers=None, executor='parallel', ignore_user_meta=False, install_base='install', log_base=None, log_level=None, main=<bound method BuildVerb.main of <colcon_core.verb.build.BuildVerb object at 0x7f4e3485e850>>, merge_install=False, metas=['./colcon.meta'], packages_above=None, packages_above_and_dependencies=None, packages_above_depth=None, packages_end=None, packages_ignore=None, packages_ignore_regex=None, packages_select=None, packages_select_build_failed=False, packages_select_by_dep=None, packages_select_regex=None, packages_select_test_failures=False, packages_skip=None, packages_skip_build_finished=False, packages_skip_by_dep=None, packages_skip_regex=None, packages_skip_test_passed=False, packages_skip_up_to=None, packages_start=None, packages_up_to=None, packages_up_to_regex=None, parallel_workers=8, paths=None, symlink_install=False, test_result_base=None, verb_extension=<colcon_core.verb.build.BuildVerb object at 0x7f4e3485e850>, verb_name='build', verb_parser=<colcon_defaults.argument_parser.defaults.DefaultArgumentsDecorator object at 0x7f4e346dc7c0>)
[5.344s] Level 1:colcon.colcon_core.package_discovery:discover_packages(colcon_meta) check parameters
[5.344s] Level 1:colcon.colcon_core.package_discovery:discover_packages(recursive) check parameters
[5.345s] Level 1:colcon.colcon_core.package_discovery:discover_packages(ignore) check parameters
[5.345s] Level 1:colcon.colcon_core.package_discovery:discover_packages(path) check parameters
[5.345s] Level 1:colcon.colcon_core.package_discovery:discover_packages(colcon_meta) discover
[5.345s] Level 1:colcon.colcon_core.package_discovery:discover_packages(recursive) discover
[5.345s] INFO:colcon.colcon_core.package_discovery:Crawling recursively for packages in '/home/saiubuntu/ros2_ws'
[5.346s] Level 1:colcon.colcon_core.package_identification:_identify(.) by extensions ['ignore', 'ignore_ament_install']
[5.346s] Level 1:colcon.colcon_core.package_identification:_identify(.) by extension 'ignore'
[5.347s] Level 1:colcon.colcon_core.package_identification:_identify(.) by extension 'ignore_ament_install'
[5.347s] Level 1:colcon.colcon_core.package_identification:_identify(.) by extensions ['colcon_pkg']
[5.347s] Level 1:colcon.colcon_core.package_identification:_identify(.) by extension 'colcon_pkg'
[5.347s] Level 1:colcon.colcon_core.package_identification:_identify(.) by extensions ['colcon_meta']
[5.347s] Level 1:colcon.colcon_core.package_identification:_identify(.) by extension 'colcon_meta'
[5.348s] Level 1:colcon.colcon_core.package_identification:_identify(.) by extensions ['ros']
[5.348s] Level 1:colcon.colcon_core.package_identification:_identify(.) by extension 'ros'
[5.403s] Level 1:colcon.colcon_core.package_identification:_identify(.) by extensions ['cmake', 'python']
[5.403s] Level 1:colcon.colcon_core.package_identification:_identify(.) by extension 'cmake'
[5.403s] Level 1:colcon.colcon_core.package_identification:_identify(.) by extension 'python'
[5.403s] Level 1:colcon.colcon_core.package_identification:_identify(.) by extensions ['python_setup_py']
[5.404s] Level 1:colcon.colcon_core.package_identification:_identify(.) by extension 'python_setup_py'
[5.404s] Level 1:colcon.colcon_core.package_identification:_identify(build) by extensions ['ignore', 'ignore_ament_install']
[5.404s] Level 1:colcon.colcon_core.package_identification:_identify(build) by extension 'ignore'
[5.404s] Level 1:colcon.colcon_core.package_identification:_identify(build) ignored
[5.404s] Level 1:colcon.colcon_core.package_identification:_identify(install) by extensions ['ignore', 'ignore_ament_install']
[5.404s] Level 1:colcon.colcon_core.package_identification:_identify(install) by extension 'ignore'
[5.405s] Level 1:colcon.colcon_core.package_identification:_identify(install) ignored
[5.405s] Level 1:colcon.colcon_core.package_identification:_identify(log) by extensions ['ignore', 'ignore_ament_install']
[5.405s] Level 1:colcon.colcon_core.package_identification:_identify(log) by extension 'ignore'
[5.405s] Level 1:colcon.colcon_core.package_identification:_identify(log) ignored
[5.405s] Level 1:colcon.colcon_core.package_identification:_identify(src) by extensions ['ignore', 'ignore_ament_install']
[5.406s] Level 1:colcon.colcon_core.package_identification:_identify(src) by extension 'ignore'
[5.406s] Level 1:colcon.colcon_core.package_identification:_identify(src) by extension 'ignore_ament_install'
[5.406s] Level 1:colcon.colcon_core.package_identification:_identify(src) by extensions ['colcon_pkg']
[5.406s] Level 1:colcon.colcon_core.package_identification:_identify(src) by extension 'colcon_pkg'
[5.406s] Level 1:colcon.colcon_core.package_identification:_identify(src) by extensions ['colcon_meta']
[5.406s] Level 1:colcon.colcon_core.package_identification:_identify(src) by extension 'colcon_meta'
[5.406s] Level 1:colcon.colcon_core.package_identification:_identify(src) by extensions ['ros']
[5.406s] Level 1:colcon.colcon_core.package_identification:_identify(src) by extension 'ros'
[5.406s] Level 1:colcon.colcon_core.package_identification:_identify(src) by extensions ['cmake', 'python']
[5.406s] Level 1:colcon.colcon_core.package_identification:_identify(src) by extension 'cmake'
[5.407s] Level 1:colcon.colcon_core.package_identification:_identify(src) by extension 'python'
[5.407s] Level 1:colcon.colcon_core.package_identification:_identify(src) by extensions ['python_setup_py']
[5.407s] Level 1:colcon.colcon_core.package_identification:_identify(src) by extension 'python_setup_py'
[5.407s] Level 1:colcon.colcon_core.package_identification:_identify(src/bimu_rgbd_camera) by extensions ['ignore', 'ignore_ament_install']
[5.407s] Level 1:colcon.colcon_core.package_identification:_identify(src/bimu_rgbd_camera) by extension 'ignore'
[5.407s] Level 1:colcon.colcon_core.package_identification:_identify(src/bimu_rgbd_camera) by extension 'ignore_ament_install'
[5.407s] Level 1:colcon.colcon_core.package_identification:_identify(src/bimu_rgbd_camera) by extensions ['colcon_pkg']
[5.407s] Level 1:colcon.colcon_core.package_identification:_identify(src/bimu_rgbd_camera) by extension 'colcon_pkg'
[5.408s] Level 1:colcon.colcon_core.package_identification:_identify(src/bimu_rgbd_camera) by extensions ['colcon_meta']
[5.408s] Level 1:colcon.colcon_core.package_identification:_identify(src/bimu_rgbd_camera) by extension 'colcon_meta'
[5.408s] Level 1:colcon.colcon_core.package_identification:_identify(src/bimu_rgbd_camera) by extensions ['ros']
[5.408s] Level 1:colcon.colcon_core.package_identification:_identify(src/bimu_rgbd_camera) by extension 'ros'
[5.439s] DEBUG:colcon.colcon_core.package_identification:Package 'src/bimu_rgbd_camera' with type 'ros.catkin' and name 'bimu_rgbd_camera'
[5.440s] Level 1:colcon.colcon_core.package_identification:_identify(src/my_bot) by extensions ['ignore', 'ignore_ament_install']
[5.440s] Level 1:colcon.colcon_core.package_identification:_identify(src/my_bot) by extension 'ignore'
[5.440s] Level 1:colcon.colcon_core.package_identification:_identify(src/my_bot) by extension 'ignore_ament_install'
[5.440s] Level 1:colcon.colcon_core.package_identification:_identify(src/my_bot) by extensions ['colcon_pkg']
[5.440s] Level 1:colcon.colcon_core.package_identification:_identify(src/my_bot) by extension 'colcon_pkg'
[5.440s] Level 1:colcon.colcon_core.package_identification:_identify(src/my_bot) by extensions ['colcon_meta']
[5.440s] Level 1:colcon.colcon_core.package_identification:_identify(src/my_bot) by extension 'colcon_meta'
[5.440s] Level 1:colcon.colcon_core.package_identification:_identify(src/my_bot) by extensions ['ros']
[5.440s] Level 1:colcon.colcon_core.package_identification:_identify(src/my_bot) by extension 'ros'
[5.441s] DEBUG:colcon.colcon_core.package_identification:Package 'src/my_bot' with type 'ros.ament_cmake' and name 'my_bot'
[5.441s] Level 1:colcon.colcon_core.package_identification:_identify(src/my_robot) by extensions ['ignore', 'ignore_ament_install']
[5.441s] Level 1:colcon.colcon_core.package_identification:_identify(src/my_robot) by extension 'ignore'
[5.442s] Level 1:colcon.colcon_core.package_identification:_identify(src/my_robot) by extension 'ignore_ament_install'
[5.442s] Level 1:colcon.colcon_core.package_identification:_identify(src/my_robot) by extensions ['colcon_pkg']
[5.442s] Level 1:colcon.colcon_core.package_identification:_identify(src/my_robot) by extension 'colcon_pkg'
[5.442s] Level 1:colcon.colcon_core.package_identification:_identify(src/my_robot) by extensions ['colcon_meta']
[5.442s] Level 1:colcon.colcon_core.package_identification:_identify(src/my_robot) by extension 'colcon_meta'
[5.442s] Level 1:colcon.colcon_core.package_identification:_identify(src/my_robot) by extensions ['ros']
[5.442s] Level 1:colcon.colcon_core.package_identification:_identify(src/my_robot) by extension 'ros'
[5.443s] DEBUG:colcon.colcon_core.package_identification:Package 'src/my_robot' with type 'ros.ament_python' and name 'my_robot'
[5.443s] Level 1:colcon.colcon_core.package_identification:_identify(src/sllidar_ros2) by extensions ['ignore', 'ignore_ament_install']
[5.443s] Level 1:colcon.colcon_core.package_identification:_identify(src/sllidar_ros2) by extension 'ignore'
[5.444s] Level 1:colcon.colcon_core.package_identification:_identify(src/sllidar_ros2) by extension 'ignore_ament_install'
[5.444s] Level 1:colcon.colcon_core.package_identification:_identify(src/sllidar_ros2) by extensions ['colcon_pkg']
[5.444s] Level 1:colcon.colcon_core.package_identification:_identify(src/sllidar_ros2) by extension 'colcon_pkg'
[5.444s] Level 1:colcon.colcon_core.package_identification:_identify(src/sllidar_ros2) by extensions ['colcon_meta']
[5.444s] Level 1:colcon.colcon_core.package_identification:_identify(src/sllidar_ros2) by extension 'colcon_meta'
[5.444s] Level 1:colcon.colcon_core.package_identification:_identify(src/sllidar_ros2) by extensions ['ros']
[5.444s] Level 1:colcon.colcon_core.package_identification:_identify(src/sllidar_ros2) by extension 'ros'
[5.457s] DEBUG:colcon.colcon_core.package_identification:Package 'src/sllidar_ros2' with type 'ros.ament_cmake' and name 'sllidar_ros2'
[5.457s] Level 1:colcon.colcon_core.package_discovery:discover_packages(recursive) using defaults
[5.457s] Level 1:colcon.colcon_core.package_discovery:discover_packages(ignore) discover
[5.457s] Level 1:colcon.colcon_core.package_discovery:discover_packages(ignore) using defaults
[5.457s] Level 1:colcon.colcon_core.package_discovery:discover_packages(path) discover
[5.458s] Level 1:colcon.colcon_core.package_discovery:discover_packages(path) using defaults
[5.596s] Level 1:colcon.colcon_core.package_discovery:discover_packages(prefix_path) check parameters
[5.596s] Level 1:colcon.colcon_core.package_discovery:discover_packages(prefix_path) discover
[5.600s] DEBUG:colcon.colcon_installed_package_information.package_discovery:Found 4 installed packages in /home/saiubuntu/ros2_ws/install
[5.602s] DEBUG:colcon.colcon_installed_package_information.package_discovery:Found 372 installed packages in /opt/ros/foxy
[5.605s] Level 1:colcon.colcon_core.package_discovery:discover_packages(prefix_path) using defaults
[6.618s] Level 5:colcon.colcon_core.verb:set package 'bimu_rgbd_camera' build argument 'cmake_args' from command line to 'None'
[6.619s] Level 5:colcon.colcon_core.verb:set package 'bimu_rgbd_camera' build argument 'cmake_target' from command line to 'None'
[6.619s] Level 5:colcon.colcon_core.verb:set package 'bimu_rgbd_camera' build argument 'cmake_target_skip_unavailable' from command line to 'False'
[6.619s] Level 5:colcon.colcon_core.verb:set package 'bimu_rgbd_camera' build argument 'cmake_clean_cache' from command line to 'False'
[6.619s] Level 5:colcon.colcon_core.verb:set package 'bimu_rgbd_camera' build argument 'cmake_clean_first' from command line to 'False'
[6.619s] Level 5:colcon.colcon_core.verb:set package 'bimu_rgbd_camera' build argument 'cmake_force_configure' from command line to 'False'
[6.619s] Level 5:colcon.colcon_core.verb:set package 'bimu_rgbd_camera' build argument 'ament_cmake_args' from command line to 'None'
[6.619s] Level 5:colcon.colcon_core.verb:set package 'bimu_rgbd_camera' build argument 'catkin_cmake_args' from command line to 'None'
[6.619s] Level 5:colcon.colcon_core.verb:set package 'bimu_rgbd_camera' build argument 'catkin_skip_building_tests' from command line to 'False'
[6.619s] DEBUG:colcon.colcon_core.verb:Building package 'bimu_rgbd_camera' with the following arguments: {'ament_cmake_args': None, 'build_base': '/home/saiubuntu/ros2_ws/build/bimu_rgbd_camera', 'catkin_cmake_args': None, 'catkin_skip_building_tests': False, 'cmake_args': None, 'cmake_clean_cache': False, 'cmake_clean_first': False, 'cmake_force_configure': False, 'cmake_target': None, 'cmake_target_skip_unavailable': False, 'install_base': '/home/saiubuntu/ros2_ws/install/bimu_rgbd_camera', 'merge_install': False, 'path': '/home/saiubuntu/ros2_ws/src/bimu_rgbd_camera', 'symlink_install': False, 'test_result_base': None}
[6.620s] Level 5:colcon.colcon_core.verb:set package 'my_bot' build argument 'cmake_args' from command line to 'None'
[6.620s] Level 5:colcon.colcon_core.verb:set package 'my_bot' build argument 'cmake_target' from command line to 'None'
[6.620s] Level 5:colcon.colcon_core.verb:set package 'my_bot' build argument 'cmake_target_skip_unavailable' from command line to 'False'
[6.620s] Level 5:colcon.colcon_core.verb:set package 'my_bot' build argument 'cmake_clean_cache' from command line to 'False'
[6.620s] Level 5:colcon.colcon_core.verb:set package 'my_bot' build argument 'cmake_clean_first' from command line to 'False'
[6.620s] Level 5:colcon.colcon_core.verb:set package 'my_bot' build argument 'cmake_force_configure' from command line to 'False'
[6.620s] Level 5:colcon.colcon_core.verb:set package 'my_bot' build argument 'ament_cmake_args' from command line to 'None'
[6.620s] Level 5:colcon.colcon_core.verb:set package 'my_bot' build argument 'catkin_cmake_args' from command line to 'None'
[6.620s] Level 5:colcon.colcon_core.verb:set package 'my_bot' build argument 'catkin_skip_building_tests' from command line to 'False'
[6.620s] DEBUG:colcon.colcon_core.verb:Building package 'my_bot' with the following arguments: {'ament_cmake_args': None, 'build_base': '/home/saiubuntu/ros2_ws/build/my_bot', 'catkin_cmake_args': None, 'catkin_skip_building_tests': False, 'cmake_args': None, 'cmake_clean_cache': False, 'cmake_clean_first': False, 'cmake_force_configure': False, 'cmake_target': None, 'cmake_target_skip_unavailable': False, 'install_base': '/home/saiubuntu/ros2_ws/install/my_bot', 'merge_install': False, 'path': '/home/saiubuntu/ros2_ws/src/my_bot', 'symlink_install': False, 'test_result_base': None}
[6.621s] Level 5:colcon.colcon_core.verb:set package 'my_robot' build argument 'cmake_args' from command line to 'None'
[6.621s] Level 5:colcon.colcon_core.verb:set package 'my_robot' build argument 'cmake_target' from command line to 'None'
[6.621s] Level 5:colcon.colcon_core.verb:set package 'my_robot' build argument 'cmake_target_skip_unavailable' from command line to 'False'
[6.621s] Level 5:colcon.colcon_core.verb:set package 'my_robot' build argument 'cmake_clean_cache' from command line to 'False'
[6.621s] Level 5:colcon.colcon_core.verb:set package 'my_robot' build argument 'cmake_clean_first' from command line to 'False'
[6.621s] Level 5:colcon.colcon_core.verb:set package 'my_robot' build argument 'cmake_force_configure' from command line to 'False'
[6.621s] Level 5:colcon.colcon_core.verb:set package 'my_robot' build argument 'ament_cmake_args' from command line to 'None'
[6.621s] Level 5:colcon.colcon_core.verb:set package 'my_robot' build argument 'catkin_cmake_args' from command line to 'None'
[6.621s] Level 5:colcon.colcon_core.verb:set package 'my_robot' build argument 'catkin_skip_building_tests' from command line to 'False'
[6.622s] DEBUG:colcon.colcon_core.verb:Building package 'my_robot' with the following arguments: {'ament_cmake_args': None, 'build_base': '/home/saiubuntu/ros2_ws/build/my_robot', 'catkin_cmake_args': None, 'catkin_skip_building_tests': False, 'cmake_args': None, 'cmake_clean_cache': False, 'cmake_clean_first': False, 'cmake_force_configure': False, 'cmake_target': None, 'cmake_target_skip_unavailable': False, 'install_base': '/home/saiubuntu/ros2_ws/install/my_robot', 'merge_install': False, 'path': '/home/saiubuntu/ros2_ws/src/my_robot', 'symlink_install': False, 'test_result_base': None}
[6.622s] Level 5:colcon.colcon_core.verb:set package 'sllidar_ros2' build argument 'cmake_args' from command line to 'None'
[6.622s] Level 5:colcon.colcon_core.verb:set package 'sllidar_ros2' build argument 'cmake_target' from command line to 'None'
[6.622s] Level 5:colcon.colcon_core.verb:set package 'sllidar_ros2' build argument 'cmake_target_skip_unavailable' from command line to 'False'
[6.622s] Level 5:colcon.colcon_core.verb:set package 'sllidar_ros2' build argument 'cmake_clean_cache' from command line to 'False'
[6.622s] Level 5:colcon.colcon_core.verb:set package 'sllidar_ros2' build argument 'cmake_clean_first' from command line to 'False'
[6.622s] Level 5:colcon.colcon_core.verb:set package 'sllidar_ros2' build argument 'cmake_force_configure' from command line to 'False'
[6.622s] Level 5:colcon.colcon_core.verb:set package 'sllidar_ros2' build argument 'ament_cmake_args' from command line to 'None'
[6.622s] Level 5:colcon.colcon_core.verb:set package 'sllidar_ros2' build argument 'catkin_cmake_args' from command line to 'None'
[6.623s] Level 5:colcon.colcon_core.verb:set package 'sllidar_ros2' build argument 'catkin_skip_building_tests' from command line to 'False'
[6.623s] DEBUG:colcon.colcon_core.verb:Building package 'sllidar_ros2' with the following arguments: {'ament_cmake_args': None, 'build_base': '/home/saiubuntu/ros2_ws/build/sllidar_ros2', 'catkin_cmake_args': None, 'catkin_skip_building_tests': False, 'cmake_args': None, 'cmake_clean_cache': False, 'cmake_clean_first': False, 'cmake_force_configure': False, 'cmake_target': None, 'cmake_target_skip_unavailable': False, 'install_base': '/home/saiubuntu/ros2_ws/install/sllidar_ros2', 'merge_install': False, 'path': '/home/saiubuntu/ros2_ws/src/sllidar_ros2', 'symlink_install': False, 'test_result_base': None}
[6.623s] INFO:colcon.colcon_core.executor:Executing jobs using 'parallel' executor
[6.624s] DEBUG:colcon.colcon_parallel_executor.executor.parallel:run_until_complete
[6.624s] INFO:colcon.colcon_ros.task.catkin.build:Building ROS package in '/home/saiubuntu/ros2_ws/src/bimu_rgbd_camera' with build type 'catkin'
[6.625s] INFO:colcon.colcon_cmake.task.cmake.build:Building CMake package in '/home/saiubuntu/ros2_ws/src/bimu_rgbd_camera'
[6.631s] INFO:colcon.colcon_core.plugin_system:Skipping extension 'colcon_core.shell.bat': Not used on non-Windows systems
[6.631s] INFO:colcon.colcon_core.shell:Skip shell extension 'powershell' for command environment: Not usable outside of PowerShell
[6.631s] DEBUG:colcon.colcon_core.shell:Skip shell extension 'dsv' for command environment
[6.647s] INFO:colcon.colcon_ros.task.ament_cmake.build:Building ROS package in '/home/saiubuntu/ros2_ws/src/my_bot' with build type 'ament_cmake'
[6.648s] INFO:colcon.colcon_cmake.task.cmake.build:Building CMake package in '/home/saiubuntu/ros2_ws/src/my_bot'
[6.648s] INFO:colcon.colcon_core.shell:Skip shell extension 'powershell' for command environment: Not usable outside of PowerShell
[6.648s] DEBUG:colcon.colcon_core.shell:Skip shell extension 'dsv' for command environment
[6.654s] INFO:colcon.colcon_ros.task.ament_python.build:Building ROS package in '/home/saiubuntu/ros2_ws/src/my_robot' with build type 'ament_python'
[6.654s] Level 1:colcon.colcon_core.shell:create_environment_hook('my_robot', 'ament_prefix_path')
[6.655s] INFO:colcon.colcon_core.shell:Creating environment hook '/home/saiubuntu/ros2_ws/install/my_robot/share/my_robot/hook/ament_prefix_path.ps1'
[6.673s] INFO:colcon.colcon_core.shell:Creating environment descriptor '/home/saiubuntu/ros2_ws/install/my_robot/share/my_robot/hook/ament_prefix_path.dsv'
[6.676s] INFO:colcon.colcon_core.shell:Creating environment hook '/home/saiubuntu/ros2_ws/install/my_robot/share/my_robot/hook/ament_prefix_path.sh'
[6.680s] INFO:colcon.colcon_core.shell:Skip shell extension 'powershell' for command environment: Not usable outside of PowerShell
[6.681s] DEBUG:colcon.colcon_core.shell:Skip shell extension 'dsv' for command environment
[6.698s] INFO:colcon.colcon_ros.task.ament_cmake.build:Building ROS package in '/home/saiubuntu/ros2_ws/src/sllidar_ros2' with build type 'ament_cmake'
[6.698s] INFO:colcon.colcon_cmake.task.cmake.build:Building CMake package in '/home/saiubuntu/ros2_ws/src/sllidar_ros2'
[6.699s] INFO:colcon.colcon_core.shell:Skip shell extension 'powershell' for command environment: Not usable outside of PowerShell
[6.699s] DEBUG:colcon.colcon_core.shell:Skip shell extension 'dsv' for command environment
[6.774s] DEBUG:colcon.colcon_core.event_handler.log_command:Invoking command in '/home/saiubuntu/ros2_ws/build/bimu_rgbd_camera': /usr/bin/cmake /home/saiubuntu/ros2_ws/src/bimu_rgbd_camera -DCATKIN_INSTALL_INTO_PREFIX_ROOT=0 -DCMAKE_INSTALL_PREFIX=/home/saiubuntu/ros2_ws/install/bimu_rgbd_camera
[6.918s] DEBUG:colcon.colcon_core.event_handler.log_command:Invoking command in '/home/saiubuntu/ros2_ws/build/my_bot': CMAKE_PREFIX_PATH=${CMAKE_PREFIX_PATH}:/home/saiubuntu/ros2_ws/install/my_robot:/opt/ros/foxy /usr/bin/cmake --build /home/saiubuntu/ros2_ws/build/my_bot -- -j8 -l8
[7.191s] INFO:colcon.colcon_core.task.python.build:Building Python package in '/home/saiubuntu/ros2_ws/src/my_robot'
[7.192s] INFO:colcon.colcon_core.shell:Skip shell extension 'powershell' for command environment: Not usable outside of PowerShell
[7.192s] DEBUG:colcon.colcon_core.shell:Skip shell extension 'dsv' for command environment
[7.279s] DEBUG:colcon.colcon_core.event_handler.log_command:Invoking command in '/home/saiubuntu/ros2_ws/build/sllidar_ros2': CMAKE_PREFIX_PATH=${CMAKE_PREFIX_PATH}:/home/saiubuntu/ros2_ws/install/my_robot:/opt/ros/foxy /usr/bin/cmake --build /home/saiubuntu/ros2_ws/build/sllidar_ros2 -- -j8 -l8
[7.468s] DEBUG:colcon.colcon_core.event_handler.log_command:Invoked command in '/home/saiubuntu/ros2_ws/build/my_bot' returned '0': CMAKE_PREFIX_PATH=${CMAKE_PREFIX_PATH}:/home/saiubuntu/ros2_ws/install/my_robot:/opt/ros/foxy /usr/bin/cmake --build /home/saiubuntu/ros2_ws/build/my_bot -- -j8 -l8
[7.500s] DEBUG:colcon.colcon_core.event_handler.log_command:Invoking command in '/home/saiubuntu/ros2_ws/build/my_bot': CMAKE_PREFIX_PATH=${CMAKE_PREFIX_PATH}:/home/saiubuntu/ros2_ws/install/my_robot:/opt/ros/foxy /usr/bin/cmake --install /home/saiubuntu/ros2_ws/build/my_bot
[7.838s] DEBUG:colcon.colcon_core.event_handler.log_command:Invoked command in '/home/saiubuntu/ros2_ws/build/bimu_rgbd_camera' returned '1': /usr/bin/cmake /home/saiubuntu/ros2_ws/src/bimu_rgbd_camera -DCATKIN_INSTALL_INTO_PREFIX_ROOT=0 -DCMAKE_INSTALL_PREFIX=/home/saiubuntu/ros2_ws/install/bimu_rgbd_camera
[7.856s] Level 1:colcon.colcon_core.environment:create_environment_scripts_only(bimu_rgbd_camera)
[7.885s] Level 1:colcon.colcon_core.environment:checking '/home/saiubuntu/ros2_ws/install/bimu_rgbd_camera' for CMake module files
[7.885s] Level 1:colcon.colcon_core.environment:checking '/home/saiubuntu/ros2_ws/install/bimu_rgbd_camera' for CMake config files
[7.886s] Level 1:colcon.colcon_core.environment:checking '/home/saiubuntu/ros2_ws/install/bimu_rgbd_camera/bin'
[7.886s] Level 1:colcon.colcon_core.environment:checking '/home/saiubuntu/ros2_ws/install/bimu_rgbd_camera/lib/pkgconfig/bimu_rgbd_camera.pc'
[7.886s] Level 1:colcon.colcon_core.environment:checking '/home/saiubuntu/ros2_ws/install/bimu_rgbd_camera/lib/python3.8/site-packages'
[7.886s] Level 1:colcon.colcon_core.environment:checking '/home/saiubuntu/ros2_ws/install/bimu_rgbd_camera/bin'
[7.887s] INFO:colcon.colcon_core.shell:Creating package script '/home/saiubuntu/ros2_ws/install/bimu_rgbd_camera/share/bimu_rgbd_camera/package.ps1'
[7.888s] INFO:colcon.colcon_core.shell:Creating package descriptor '/home/saiubuntu/ros2_ws/install/bimu_rgbd_camera/share/bimu_rgbd_camera/package.dsv'
[7.888s] INFO:colcon.colcon_core.shell:Creating package script '/home/saiubuntu/ros2_ws/install/bimu_rgbd_camera/share/bimu_rgbd_camera/package.sh'
[7.890s] INFO:colcon.colcon_core.shell:Creating package script '/home/saiubuntu/ros2_ws/install/bimu_rgbd_camera/share/bimu_rgbd_camera/package.bash'
[7.909s] INFO:colcon.colcon_core.shell:Creating package script '/home/saiubuntu/ros2_ws/install/bimu_rgbd_camera/share/bimu_rgbd_camera/package.zsh'
[7.919s] Level 1:colcon.colcon_core.environment:create_file_with_runtime_dependencies(/home/saiubuntu/ros2_ws/install/bimu_rgbd_camera/share/colcon-core/packages/bimu_rgbd_camera)
[9.177s] DEBUG:colcon.colcon_parallel_executor.executor.parallel:closing loop
[9.177s] DEBUG:colcon.colcon_parallel_executor.executor.parallel:loop closed
[9.177s] DEBUG:colcon.colcon_parallel_executor.executor.parallel:run_until_complete finished with '1'
[9.178s] DEBUG:colcon.colcon_core.event_reactor:joining thread
[9.236s] INFO:colcon.colcon_core.plugin_system:Skipping extension 'colcon_notification.desktop_notification.terminal_notifier': Not used on non-Darwin systems
[9.236s] INFO:colcon.colcon_core.plugin_system:Skipping extension 'colcon_notification.desktop_notification.win32': Not used on non-Windows systems
[9.236s] INFO:colcon.colcon_notification.desktop_notification:Sending desktop notification using 'notify2'
[9.255s] DEBUG:colcon.colcon_core.event_reactor:joined thread
[9.255s] INFO:colcon.colcon_core.shell:Creating prefix script '/home/saiubuntu/ros2_ws/install/local_setup.ps1'
[9.256s] INFO:colcon.colcon_core.shell:Creating prefix util module '/home/saiubuntu/ros2_ws/install/_local_setup_util_ps1.py'
[9.258s] INFO:colcon.colcon_core.shell:Creating prefix chain script '/home/saiubuntu/ros2_ws/install/setup.ps1'
[9.260s] INFO:colcon.colcon_core.shell:Creating prefix script '/home/saiubuntu/ros2_ws/install/local_setup.sh'
[9.261s] INFO:colcon.colcon_core.shell:Creating prefix util module '/home/saiubuntu/ros2_ws/install/_local_setup_util_sh.py'
[9.262s] INFO:colcon.colcon_core.shell:Creating prefix chain script '/home/saiubuntu/ros2_ws/install/setup.sh'
[9.263s] INFO:colcon.colcon_core.shell:Creating prefix script '/home/saiubuntu/ros2_ws/install/local_setup.bash'
[9.264s] INFO:colcon.colcon_core.shell:Creating prefix chain script '/home/saiubuntu/ros2_ws/install/setup.bash'
[9.266s] INFO:colcon.colcon_core.shell:Creating prefix script '/home/saiubuntu/ros2_ws/install/local_setup.zsh'
[9.268s] INFO:colcon.colcon_core.shell:Creating prefix chain script '/home/saiubuntu/ros2_ws/install/setup.zsh'
