[0.236s] Invoking command in '/home/saiubuntu/ros2_ws/build/sllidar_ros2': CMAKE_PREFIX_PATH=${CMAKE_PREFIX_PATH}:/home/saiubuntu/ros2_ws/install/my_robot:/opt/ros/foxy /usr/bin/cmake --build /home/saiubuntu/ros2_ws/build/sllidar_ros2 -- -j8 -l8
[0.305s] [ 10%] Built target sllidar_client
[0.310s] [100%] Built target sllidar_node
[0.333s] Invoked command in '/home/saiubuntu/ros2_ws/build/sllidar_ros2' returned '0': CMAKE_PREFIX_PATH=${CMAKE_PREFIX_PATH}:/home/saiubuntu/ros2_ws/install/my_robot:/opt/ros/foxy /usr/bin/cmake --build /home/saiubuntu/ros2_ws/build/sllidar_ros2 -- -j8 -l8
[0.400s] Invoking command in '/home/saiubuntu/ros2_ws/build/sllidar_ros2': CMAKE_PREFIX_PATH=${CMAKE_PREFIX_PATH}:/home/saiubuntu/ros2_ws/install/my_robot:/opt/ros/foxy /usr/bin/cmake --install /home/saiubuntu/ros2_ws/build/sllidar_ros2
[0.412s] -- Install configuration: ""
[0.412s] -- Execute custom install script
[0.413s] -- Up-to-date symlink: /home/saiubuntu/ros2_ws/install/sllidar_ros2/share/sllidar_ros2/launch/sllidar_a1_launch.py
[0.413s] -- Up-to-date symlink: /home/saiubuntu/ros2_ws/install/sllidar_ros2/share/sllidar_ros2/launch/sllidar_a2m12_launch .py
[0.414s] -- Up-to-date symlink: /home/saiubuntu/ros2_ws/install/sllidar_ros2/share/sllidar_ros2/launch/sllidar_a2m7_launch.py
[0.414s] -- Up-to-date symlink: /home/saiubuntu/ros2_ws/install/sllidar_ros2/share/sllidar_ros2/launch/sllidar_a2m8_launch.py
[0.414s] -- Up-to-date symlink: /home/saiubuntu/ros2_ws/install/sllidar_ros2/share/sllidar_ros2/launch/sllidar_a3_launch.py
[0.414s] -- Up-to-date symlink: /home/saiubuntu/ros2_ws/install/sllidar_ros2/share/sllidar_ros2/launch/sllidar_c1_launch.py
[0.414s] -- Up-to-date symlink: /home/saiubuntu/ros2_ws/install/sllidar_ros2/share/sllidar_ros2/launch/sllidar_s1_launch.py
[0.415s] -- Up-to-date symlink: /home/saiubuntu/ros2_ws/install/sllidar_ros2/share/sllidar_ros2/launch/sllidar_s1_tcp_launch.py
[0.415s] -- Up-to-date symlink: /home/saiubuntu/ros2_ws/install/sllidar_ros2/share/sllidar_ros2/launch/sllidar_s2_launch.py
[0.415s] -- Up-to-date symlink: /home/saiubuntu/ros2_ws/install/sllidar_ros2/share/sllidar_ros2/launch/sllidar_s2e_launch.py
[0.415s] -- Up-to-date symlink: /home/saiubuntu/ros2_ws/install/sllidar_ros2/share/sllidar_ros2/launch/sllidar_s3_launch.py
[0.416s] -- Up-to-date symlink: /home/saiubuntu/ros2_ws/install/sllidar_ros2/share/sllidar_ros2/launch/sllidar_t1_launch.py
[0.416s] -- Up-to-date symlink: /home/saiubuntu/ros2_ws/install/sllidar_ros2/share/sllidar_ros2/launch/view_sllidar_a1_launch.py
[0.416s] -- Up-to-date symlink: /home/saiubuntu/ros2_ws/install/sllidar_ros2/share/sllidar_ros2/launch/view_sllidar_a2m12_launch.py
[0.417s] -- Up-to-date symlink: /home/saiubuntu/ros2_ws/install/sllidar_ros2/share/sllidar_ros2/launch/view_sllidar_a2m7_launch.py
[0.417s] -- Up-to-date symlink: /home/saiubuntu/ros2_ws/install/sllidar_ros2/share/sllidar_ros2/launch/view_sllidar_a2m8_launch.py
[0.417s] -- Up-to-date symlink: /home/saiubuntu/ros2_ws/install/sllidar_ros2/share/sllidar_ros2/launch/view_sllidar_a3_launch.py
[0.418s] -- Up-to-date symlink: /home/saiubuntu/ros2_ws/install/sllidar_ros2/share/sllidar_ros2/launch/view_sllidar_c1_launch.py
[0.418s] -- Up-to-date symlink: /home/saiubuntu/ros2_ws/install/sllidar_ros2/share/sllidar_ros2/launch/view_sllidar_s1_launch.py
[0.418s] -- Up-to-date symlink: /home/saiubuntu/ros2_ws/install/sllidar_ros2/share/sllidar_ros2/launch/view_sllidar_s1_tcp_launch.py
[0.418s] -- Up-to-date symlink: /home/saiubuntu/ros2_ws/install/sllidar_ros2/share/sllidar_ros2/launch/view_sllidar_s2_launch.py
[0.418s] -- Up-to-date symlink: /home/saiubuntu/ros2_ws/install/sllidar_ros2/share/sllidar_ros2/launch/view_sllidar_s2e_launch.py
[0.418s] -- Up-to-date symlink: /home/saiubuntu/ros2_ws/install/sllidar_ros2/share/sllidar_ros2/launch/view_sllidar_s3_launch.py
[0.419s] -- Up-to-date symlink: /home/saiubuntu/ros2_ws/install/sllidar_ros2/share/sllidar_ros2/launch/view_sllidar_t1_launch.py
[0.419s] -- Up-to-date symlink: /home/saiubuntu/ros2_ws/install/sllidar_ros2/share/sllidar_ros2/rviz/sllidar_ros2.rviz
[0.419s] -- Up-to-date symlink: /home/saiubuntu/ros2_ws/install/sllidar_ros2/lib/sllidar_ros2/sllidar_node
[0.420s] -- Up-to-date symlink: /home/saiubuntu/ros2_ws/install/sllidar_ros2/lib/sllidar_ros2/sllidar_client
[0.420s] -- Up-to-date symlink: /home/saiubuntu/ros2_ws/install/sllidar_ros2/share/ament_index/resource_index/package_run_dependencies/sllidar_ros2
[0.420s] -- Up-to-date symlink: /home/saiubuntu/ros2_ws/install/sllidar_ros2/share/ament_index/resource_index/parent_prefix_path/sllidar_ros2
[0.421s] -- Up-to-date symlink: /home/saiubuntu/ros2_ws/install/sllidar_ros2/share/sllidar_ros2/environment/ament_prefix_path.sh
[0.421s] -- Up-to-date symlink: /home/saiubuntu/ros2_ws/install/sllidar_ros2/share/sllidar_ros2/environment/ament_prefix_path.dsv
[0.421s] -- Up-to-date symlink: /home/saiubuntu/ros2_ws/install/sllidar_ros2/share/sllidar_ros2/environment/path.sh
[0.422s] -- Up-to-date symlink: /home/saiubuntu/ros2_ws/install/sllidar_ros2/share/sllidar_ros2/environment/path.dsv
[0.422s] -- Up-to-date symlink: /home/saiubuntu/ros2_ws/install/sllidar_ros2/share/sllidar_ros2/local_setup.bash
[0.422s] -- Up-to-date symlink: /home/saiubuntu/ros2_ws/install/sllidar_ros2/share/sllidar_ros2/local_setup.sh
[0.423s] -- Up-to-date symlink: /home/saiubuntu/ros2_ws/install/sllidar_ros2/share/sllidar_ros2/local_setup.zsh
[0.423s] -- Up-to-date symlink: /home/saiubuntu/ros2_ws/install/sllidar_ros2/share/sllidar_ros2/local_setup.dsv
[0.423s] -- Symlinking: /home/saiubuntu/ros2_ws/install/sllidar_ros2/share/sllidar_ros2/package.dsv
[0.433s] -- Up-to-date symlink: /home/saiubuntu/ros2_ws/install/sllidar_ros2/share/ament_index/resource_index/packages/sllidar_ros2
[0.433s] -- Up-to-date symlink: /home/saiubuntu/ros2_ws/install/sllidar_ros2/share/sllidar_ros2/cmake/ament_cmake_export_dependencies-extras.cmake
[0.434s] -- Up-to-date symlink: /home/saiubuntu/ros2_ws/install/sllidar_ros2/share/sllidar_ros2/cmake/ament_cmake_export_include_directories-extras.cmake
[0.434s] -- Up-to-date symlink: /home/saiubuntu/ros2_ws/install/sllidar_ros2/share/sllidar_ros2/cmake/sllidar_ros2Config.cmake
[0.434s] -- Up-to-date symlink: /home/saiubuntu/ros2_ws/install/sllidar_ros2/share/sllidar_ros2/cmake/sllidar_ros2Config-version.cmake
[0.435s] -- Up-to-date symlink: /home/saiubuntu/ros2_ws/install/sllidar_ros2/share/sllidar_ros2/package.xml
[0.438s] Invoked command in '/home/saiubuntu/ros2_ws/build/sllidar_ros2' returned '0': CMAKE_PREFIX_PATH=${CMAKE_PREFIX_PATH}:/home/saiubuntu/ros2_ws/install/my_robot:/opt/ros/foxy /usr/bin/cmake --install /home/saiubuntu/ros2_ws/build/sllidar_ros2
