[0.175s] DEBUG:colcon:Command line arguments: ['/usr/bin/colcon', 'build', '--symlink-install']
[0.176s] DEBUG:colcon:Parsed command line arguments: Namespace(allow_overriding=[], ament_cmake_args=None, base_paths=['.'], build_base='build', catkin_cmake_args=None, catkin_skip_building_tests=False, cmake_args=None, cmake_clean_cache=False, cmake_clean_first=False, cmake_force_configure=False, cmake_target=None, cmake_target_skip_unavailable=False, continue_on_error=False, event_handlers=None, executor='parallel', ignore_user_meta=False, install_base='install', log_base=None, log_level=None, main=<bound method BuildVerb.main of <colcon_core.verb.build.BuildVerb object at 0x7f099896a850>>, merge_install=False, metas=['./colcon.meta'], packages_above=None, packages_above_and_dependencies=None, packages_above_depth=None, packages_end=None, packages_ignore=None, packages_ignore_regex=None, packages_select=None, packages_select_build_failed=False, packages_select_by_dep=None, packages_select_regex=None, packages_select_test_failures=False, packages_skip=None, packages_skip_build_finished=False, packages_skip_by_dep=None, packages_skip_regex=None, packages_skip_test_passed=False, packages_skip_up_to=None, packages_start=None, packages_up_to=None, packages_up_to_regex=None, parallel_workers=8, paths=None, symlink_install=True, test_result_base=None, verb_extension=<colcon_core.verb.build.BuildVerb object at 0x7f099896a850>, verb_name='build', verb_parser=<colcon_defaults.argument_parser.defaults.DefaultArgumentsDecorator object at 0x7f09987eb7c0>)
[0.552s] Level 1:colcon.colcon_core.package_discovery:discover_packages(colcon_meta) check parameters
[0.552s] Level 1:colcon.colcon_core.package_discovery:discover_packages(recursive) check parameters
[0.552s] Level 1:colcon.colcon_core.package_discovery:discover_packages(ignore) check parameters
[0.553s] Level 1:colcon.colcon_core.package_discovery:discover_packages(path) check parameters
[0.553s] Level 1:colcon.colcon_core.package_discovery:discover_packages(colcon_meta) discover
[0.553s] Level 1:colcon.colcon_core.package_discovery:discover_packages(recursive) discover
[0.553s] INFO:colcon.colcon_core.package_discovery:Crawling recursively for packages in '/home/saiubuntu/ros2_ws'
[0.553s] Level 1:colcon.colcon_core.package_identification:_identify(.) by extensions ['ignore', 'ignore_ament_install']
[0.553s] Level 1:colcon.colcon_core.package_identification:_identify(.) by extension 'ignore'
[0.554s] Level 1:colcon.colcon_core.package_identification:_identify(.) by extension 'ignore_ament_install'
[0.554s] Level 1:colcon.colcon_core.package_identification:_identify(.) by extensions ['colcon_pkg']
[0.554s] Level 1:colcon.colcon_core.package_identification:_identify(.) by extension 'colcon_pkg'
[0.554s] Level 1:colcon.colcon_core.package_identification:_identify(.) by extensions ['colcon_meta']
[0.554s] Level 1:colcon.colcon_core.package_identification:_identify(.) by extension 'colcon_meta'
[0.554s] Level 1:colcon.colcon_core.package_identification:_identify(.) by extensions ['ros']
[0.555s] Level 1:colcon.colcon_core.package_identification:_identify(.) by extension 'ros'
[0.618s] Level 1:colcon.colcon_core.package_identification:_identify(.) by extensions ['cmake', 'python']
[0.618s] Level 1:colcon.colcon_core.package_identification:_identify(.) by extension 'cmake'
[0.618s] Level 1:colcon.colcon_core.package_identification:_identify(.) by extension 'python'
[0.618s] Level 1:colcon.colcon_core.package_identification:_identify(.) by extensions ['python_setup_py']
[0.618s] Level 1:colcon.colcon_core.package_identification:_identify(.) by extension 'python_setup_py'
[0.619s] Level 1:colcon.colcon_core.package_identification:_identify(build) by extensions ['ignore', 'ignore_ament_install']
[0.619s] Level 1:colcon.colcon_core.package_identification:_identify(build) by extension 'ignore'
[0.619s] Level 1:colcon.colcon_core.package_identification:_identify(build) ignored
[0.619s] Level 1:colcon.colcon_core.package_identification:_identify(install) by extensions ['ignore', 'ignore_ament_install']
[0.620s] Level 1:colcon.colcon_core.package_identification:_identify(install) by extension 'ignore'
[0.620s] Level 1:colcon.colcon_core.package_identification:_identify(install) ignored
[0.620s] Level 1:colcon.colcon_core.package_identification:_identify(log) by extensions ['ignore', 'ignore_ament_install']
[0.620s] Level 1:colcon.colcon_core.package_identification:_identify(log) by extension 'ignore'
[0.620s] Level 1:colcon.colcon_core.package_identification:_identify(log) ignored
[0.621s] Level 1:colcon.colcon_core.package_identification:_identify(src) by extensions ['ignore', 'ignore_ament_install']
[0.621s] Level 1:colcon.colcon_core.package_identification:_identify(src) by extension 'ignore'
[0.621s] Level 1:colcon.colcon_core.package_identification:_identify(src) by extension 'ignore_ament_install'
[0.621s] Level 1:colcon.colcon_core.package_identification:_identify(src) by extensions ['colcon_pkg']
[0.621s] Level 1:colcon.colcon_core.package_identification:_identify(src) by extension 'colcon_pkg'
[0.621s] Level 1:colcon.colcon_core.package_identification:_identify(src) by extensions ['colcon_meta']
[0.621s] Level 1:colcon.colcon_core.package_identification:_identify(src) by extension 'colcon_meta'
[0.621s] Level 1:colcon.colcon_core.package_identification:_identify(src) by extensions ['ros']
[0.622s] Level 1:colcon.colcon_core.package_identification:_identify(src) by extension 'ros'
[0.622s] Level 1:colcon.colcon_core.package_identification:_identify(src) by extensions ['cmake', 'python']
[0.622s] Level 1:colcon.colcon_core.package_identification:_identify(src) by extension 'cmake'
[0.622s] Level 1:colcon.colcon_core.package_identification:_identify(src) by extension 'python'
[0.622s] Level 1:colcon.colcon_core.package_identification:_identify(src) by extensions ['python_setup_py']
[0.622s] Level 1:colcon.colcon_core.package_identification:_identify(src) by extension 'python_setup_py'
[0.622s] Level 1:colcon.colcon_core.package_identification:_identify(src/my_bot) by extensions ['ignore', 'ignore_ament_install']
[0.623s] Level 1:colcon.colcon_core.package_identification:_identify(src/my_bot) by extension 'ignore'
[0.623s] Level 1:colcon.colcon_core.package_identification:_identify(src/my_bot) by extension 'ignore_ament_install'
[0.623s] Level 1:colcon.colcon_core.package_identification:_identify(src/my_bot) by extensions ['colcon_pkg']
[0.623s] Level 1:colcon.colcon_core.package_identification:_identify(src/my_bot) by extension 'colcon_pkg'
[0.623s] Level 1:colcon.colcon_core.package_identification:_identify(src/my_bot) by extensions ['colcon_meta']
[0.623s] Level 1:colcon.colcon_core.package_identification:_identify(src/my_bot) by extension 'colcon_meta'
[0.623s] Level 1:colcon.colcon_core.package_identification:_identify(src/my_bot) by extensions ['ros']
[0.623s] Level 1:colcon.colcon_core.package_identification:_identify(src/my_bot) by extension 'ros'
[0.642s] DEBUG:colcon.colcon_core.package_identification:Package 'src/my_bot' with type 'ros.ament_cmake' and name 'my_bot'
[0.643s] Level 1:colcon.colcon_core.package_identification:_identify(src/my_robot) by extensions ['ignore', 'ignore_ament_install']
[0.643s] Level 1:colcon.colcon_core.package_identification:_identify(src/my_robot) by extension 'ignore'
[0.643s] Level 1:colcon.colcon_core.package_identification:_identify(src/my_robot) by extension 'ignore_ament_install'
[0.643s] Level 1:colcon.colcon_core.package_identification:_identify(src/my_robot) by extensions ['colcon_pkg']
[0.643s] Level 1:colcon.colcon_core.package_identification:_identify(src/my_robot) by extension 'colcon_pkg'
[0.643s] Level 1:colcon.colcon_core.package_identification:_identify(src/my_robot) by extensions ['colcon_meta']
[0.643s] Level 1:colcon.colcon_core.package_identification:_identify(src/my_robot) by extension 'colcon_meta'
[0.643s] Level 1:colcon.colcon_core.package_identification:_identify(src/my_robot) by extensions ['ros']
[0.643s] Level 1:colcon.colcon_core.package_identification:_identify(src/my_robot) by extension 'ros'
[0.645s] DEBUG:colcon.colcon_core.package_identification:Package 'src/my_robot' with type 'ros.ament_python' and name 'my_robot'
[0.645s] Level 1:colcon.colcon_core.package_identification:_identify(src/sllidar_ros2) by extensions ['ignore', 'ignore_ament_install']
[0.645s] Level 1:colcon.colcon_core.package_identification:_identify(src/sllidar_ros2) by extension 'ignore'
[0.645s] Level 1:colcon.colcon_core.package_identification:_identify(src/sllidar_ros2) by extension 'ignore_ament_install'
[0.646s] Level 1:colcon.colcon_core.package_identification:_identify(src/sllidar_ros2) by extensions ['colcon_pkg']
[0.646s] Level 1:colcon.colcon_core.package_identification:_identify(src/sllidar_ros2) by extension 'colcon_pkg'
[0.646s] Level 1:colcon.colcon_core.package_identification:_identify(src/sllidar_ros2) by extensions ['colcon_meta']
[0.646s] Level 1:colcon.colcon_core.package_identification:_identify(src/sllidar_ros2) by extension 'colcon_meta'
[0.646s] Level 1:colcon.colcon_core.package_identification:_identify(src/sllidar_ros2) by extensions ['ros']
[0.646s] Level 1:colcon.colcon_core.package_identification:_identify(src/sllidar_ros2) by extension 'ros'
[0.658s] DEBUG:colcon.colcon_core.package_identification:Package 'src/sllidar_ros2' with type 'ros.ament_cmake' and name 'sllidar_ros2'
[0.658s] Level 1:colcon.colcon_core.package_discovery:discover_packages(recursive) using defaults
[0.658s] Level 1:colcon.colcon_core.package_discovery:discover_packages(ignore) discover
[0.658s] Level 1:colcon.colcon_core.package_discovery:discover_packages(ignore) using defaults
[0.658s] Level 1:colcon.colcon_core.package_discovery:discover_packages(path) discover
[0.658s] Level 1:colcon.colcon_core.package_discovery:discover_packages(path) using defaults
[0.791s] Level 1:colcon.colcon_core.package_discovery:discover_packages(prefix_path) check parameters
[0.791s] Level 1:colcon.colcon_core.package_discovery:discover_packages(prefix_path) discover
[0.795s] DEBUG:colcon.colcon_installed_package_information.package_discovery:Found 3 installed packages in /home/saiubuntu/ros2_ws/install
[0.796s] DEBUG:colcon.colcon_installed_package_information.package_discovery:Found 371 installed packages in /opt/ros/foxy
[0.798s] Level 1:colcon.colcon_core.package_discovery:discover_packages(prefix_path) using defaults
[1.770s] Level 5:colcon.colcon_core.verb:set package 'my_bot' build argument 'cmake_args' from command line to 'None'
[1.770s] Level 5:colcon.colcon_core.verb:set package 'my_bot' build argument 'cmake_target' from command line to 'None'
[1.770s] Level 5:colcon.colcon_core.verb:set package 'my_bot' build argument 'cmake_target_skip_unavailable' from command line to 'False'
[1.770s] Level 5:colcon.colcon_core.verb:set package 'my_bot' build argument 'cmake_clean_cache' from command line to 'False'
[1.770s] Level 5:colcon.colcon_core.verb:set package 'my_bot' build argument 'cmake_clean_first' from command line to 'False'
[1.770s] Level 5:colcon.colcon_core.verb:set package 'my_bot' build argument 'cmake_force_configure' from command line to 'False'
[1.771s] Level 5:colcon.colcon_core.verb:set package 'my_bot' build argument 'ament_cmake_args' from command line to 'None'
[1.771s] Level 5:colcon.colcon_core.verb:set package 'my_bot' build argument 'catkin_cmake_args' from command line to 'None'
[1.771s] Level 5:colcon.colcon_core.verb:set package 'my_bot' build argument 'catkin_skip_building_tests' from command line to 'False'
[1.771s] DEBUG:colcon.colcon_core.verb:Building package 'my_bot' with the following arguments: {'ament_cmake_args': None, 'build_base': '/home/saiubuntu/ros2_ws/build/my_bot', 'catkin_cmake_args': None, 'catkin_skip_building_tests': False, 'cmake_args': None, 'cmake_clean_cache': False, 'cmake_clean_first': False, 'cmake_force_configure': False, 'cmake_target': None, 'cmake_target_skip_unavailable': False, 'install_base': '/home/saiubuntu/ros2_ws/install/my_bot', 'merge_install': False, 'path': '/home/saiubuntu/ros2_ws/src/my_bot', 'symlink_install': True, 'test_result_base': None}
[1.772s] Level 5:colcon.colcon_core.verb:set package 'my_robot' build argument 'cmake_args' from command line to 'None'
[1.772s] Level 5:colcon.colcon_core.verb:set package 'my_robot' build argument 'cmake_target' from command line to 'None'
[1.772s] Level 5:colcon.colcon_core.verb:set package 'my_robot' build argument 'cmake_target_skip_unavailable' from command line to 'False'
[1.772s] Level 5:colcon.colcon_core.verb:set package 'my_robot' build argument 'cmake_clean_cache' from command line to 'False'
[1.772s] Level 5:colcon.colcon_core.verb:set package 'my_robot' build argument 'cmake_clean_first' from command line to 'False'
[1.772s] Level 5:colcon.colcon_core.verb:set package 'my_robot' build argument 'cmake_force_configure' from command line to 'False'
[1.772s] Level 5:colcon.colcon_core.verb:set package 'my_robot' build argument 'ament_cmake_args' from command line to 'None'
[1.772s] Level 5:colcon.colcon_core.verb:set package 'my_robot' build argument 'catkin_cmake_args' from command line to 'None'
[1.772s] Level 5:colcon.colcon_core.verb:set package 'my_robot' build argument 'catkin_skip_building_tests' from command line to 'False'
[1.772s] DEBUG:colcon.colcon_core.verb:Building package 'my_robot' with the following arguments: {'ament_cmake_args': None, 'build_base': '/home/saiubuntu/ros2_ws/build/my_robot', 'catkin_cmake_args': None, 'catkin_skip_building_tests': False, 'cmake_args': None, 'cmake_clean_cache': False, 'cmake_clean_first': False, 'cmake_force_configure': False, 'cmake_target': None, 'cmake_target_skip_unavailable': False, 'install_base': '/home/saiubuntu/ros2_ws/install/my_robot', 'merge_install': False, 'path': '/home/saiubuntu/ros2_ws/src/my_robot', 'symlink_install': True, 'test_result_base': None}
[1.773s] Level 5:colcon.colcon_core.verb:set package 'sllidar_ros2' build argument 'cmake_args' from command line to 'None'
[1.773s] Level 5:colcon.colcon_core.verb:set package 'sllidar_ros2' build argument 'cmake_target' from command line to 'None'
[1.773s] Level 5:colcon.colcon_core.verb:set package 'sllidar_ros2' build argument 'cmake_target_skip_unavailable' from command line to 'False'
[1.773s] Level 5:colcon.colcon_core.verb:set package 'sllidar_ros2' build argument 'cmake_clean_cache' from command line to 'False'
[1.773s] Level 5:colcon.colcon_core.verb:set package 'sllidar_ros2' build argument 'cmake_clean_first' from command line to 'False'
[1.773s] Level 5:colcon.colcon_core.verb:set package 'sllidar_ros2' build argument 'cmake_force_configure' from command line to 'False'
[1.773s] Level 5:colcon.colcon_core.verb:set package 'sllidar_ros2' build argument 'ament_cmake_args' from command line to 'None'
[1.773s] Level 5:colcon.colcon_core.verb:set package 'sllidar_ros2' build argument 'catkin_cmake_args' from command line to 'None'
[1.773s] Level 5:colcon.colcon_core.verb:set package 'sllidar_ros2' build argument 'catkin_skip_building_tests' from command line to 'False'
[1.773s] DEBUG:colcon.colcon_core.verb:Building package 'sllidar_ros2' with the following arguments: {'ament_cmake_args': None, 'build_base': '/home/saiubuntu/ros2_ws/build/sllidar_ros2', 'catkin_cmake_args': None, 'catkin_skip_building_tests': False, 'cmake_args': None, 'cmake_clean_cache': False, 'cmake_clean_first': False, 'cmake_force_configure': False, 'cmake_target': None, 'cmake_target_skip_unavailable': False, 'install_base': '/home/saiubuntu/ros2_ws/install/sllidar_ros2', 'merge_install': False, 'path': '/home/saiubuntu/ros2_ws/src/sllidar_ros2', 'symlink_install': True, 'test_result_base': None}
[1.774s] INFO:colcon.colcon_core.executor:Executing jobs using 'parallel' executor
[1.775s] DEBUG:colcon.colcon_parallel_executor.executor.parallel:run_until_complete
[1.775s] INFO:colcon.colcon_ros.task.ament_cmake.build:Building ROS package in '/home/saiubuntu/ros2_ws/src/my_bot' with build type 'ament_cmake'
[1.776s] INFO:colcon.colcon_cmake.task.cmake.build:Building CMake package in '/home/saiubuntu/ros2_ws/src/my_bot'
[1.782s] INFO:colcon.colcon_core.plugin_system:Skipping extension 'colcon_core.shell.bat': Not used on non-Windows systems
[1.782s] INFO:colcon.colcon_core.shell:Skip shell extension 'powershell' for command environment: Not usable outside of PowerShell
[1.782s] DEBUG:colcon.colcon_core.shell:Skip shell extension 'dsv' for command environment
[1.789s] INFO:colcon.colcon_ros.task.ament_python.build:Building ROS package in '/home/saiubuntu/ros2_ws/src/my_robot' with build type 'ament_python'
[1.790s] Level 1:colcon.colcon_core.shell:create_environment_hook('my_robot', 'ament_prefix_path')
[1.790s] INFO:colcon.colcon_core.shell:Creating environment hook '/home/saiubuntu/ros2_ws/install/my_robot/share/my_robot/hook/ament_prefix_path.ps1'
[1.846s] INFO:colcon.colcon_core.shell:Creating environment descriptor '/home/saiubuntu/ros2_ws/install/my_robot/share/my_robot/hook/ament_prefix_path.dsv'
[1.848s] INFO:colcon.colcon_core.shell:Creating environment hook '/home/saiubuntu/ros2_ws/install/my_robot/share/my_robot/hook/ament_prefix_path.sh'
[1.850s] INFO:colcon.colcon_core.shell:Skip shell extension 'powershell' for command environment: Not usable outside of PowerShell
[1.850s] DEBUG:colcon.colcon_core.shell:Skip shell extension 'dsv' for command environment
[1.859s] INFO:colcon.colcon_ros.task.ament_cmake.build:Building ROS package in '/home/saiubuntu/ros2_ws/src/sllidar_ros2' with build type 'ament_cmake'
[1.859s] INFO:colcon.colcon_cmake.task.cmake.build:Building CMake package in '/home/saiubuntu/ros2_ws/src/sllidar_ros2'
[1.860s] INFO:colcon.colcon_core.shell:Skip shell extension 'powershell' for command environment: Not usable outside of PowerShell
[1.861s] DEBUG:colcon.colcon_core.shell:Skip shell extension 'dsv' for command environment
[1.916s] DEBUG:colcon.colcon_core.event_handler.log_command:Invoking command in '/home/saiubuntu/ros2_ws/build/my_bot': CMAKE_PREFIX_PATH=${CMAKE_PREFIX_PATH}:/home/saiubuntu/ros2_ws/install/my_robot:/opt/ros/foxy /usr/bin/cmake --build /home/saiubuntu/ros2_ws/build/my_bot -- -j8 -l8
[2.222s] INFO:colcon.colcon_core.task.python.build:Building Python package in '/home/saiubuntu/ros2_ws/src/my_robot'
[2.222s] INFO:colcon.colcon_core.shell:Skip shell extension 'powershell' for command environment: Not usable outside of PowerShell
[2.222s] DEBUG:colcon.colcon_core.shell:Skip shell extension 'dsv' for command environment
[2.232s] DEBUG:colcon.colcon_core.event_handler.log_command:Invoking command in '/home/saiubuntu/ros2_ws/build/sllidar_ros2': CMAKE_PREFIX_PATH=${CMAKE_PREFIX_PATH}:/home/saiubuntu/ros2_ws/install/my_robot:/opt/ros/foxy /usr/bin/cmake --build /home/saiubuntu/ros2_ws/build/sllidar_ros2 -- -j8 -l8
[2.729s] DEBUG:colcon.colcon_core.event_handler.log_command:Invoked command in '/home/saiubuntu/ros2_ws/build/my_bot' returned '0': CMAKE_PREFIX_PATH=${CMAKE_PREFIX_PATH}:/home/saiubuntu/ros2_ws/install/my_robot:/opt/ros/foxy /usr/bin/cmake --build /home/saiubuntu/ros2_ws/build/my_bot -- -j8 -l8
[2.769s] DEBUG:colcon.colcon_core.event_handler.log_command:Invoking command in '/home/saiubuntu/ros2_ws/build/my_bot': CMAKE_PREFIX_PATH=${CMAKE_PREFIX_PATH}:/home/saiubuntu/ros2_ws/install/my_robot:/opt/ros/foxy /usr/bin/cmake --install /home/saiubuntu/ros2_ws/build/my_bot
[2.921s] Level 1:colcon.colcon_core.environment:create_environment_scripts_only(my_bot)
[2.922s] DEBUG:colcon.colcon_core.event_handler.log_command:Invoked command in '/home/saiubuntu/ros2_ws/build/my_bot' returned '0': CMAKE_PREFIX_PATH=${CMAKE_PREFIX_PATH}:/home/saiubuntu/ros2_ws/install/my_robot:/opt/ros/foxy /usr/bin/cmake --install /home/saiubuntu/ros2_ws/build/my_bot
[2.967s] Level 1:colcon.colcon_core.environment:checking '/home/saiubuntu/ros2_ws/install/my_bot' for CMake module files
[2.968s] Level 1:colcon.colcon_core.environment:checking '/home/saiubuntu/ros2_ws/install/my_bot' for CMake config files
[2.969s] Level 1:colcon.colcon_core.shell:create_environment_hook('my_bot', 'cmake_prefix_path')
[2.969s] INFO:colcon.colcon_core.shell:Creating environment hook '/home/saiubuntu/ros2_ws/install/my_bot/share/my_bot/hook/cmake_prefix_path.ps1'
[2.970s] INFO:colcon.colcon_core.shell:Creating environment descriptor '/home/saiubuntu/ros2_ws/install/my_bot/share/my_bot/hook/cmake_prefix_path.dsv'
[2.970s] INFO:colcon.colcon_core.shell:Creating environment hook '/home/saiubuntu/ros2_ws/install/my_bot/share/my_bot/hook/cmake_prefix_path.sh'
[2.971s] Level 1:colcon.colcon_core.environment:checking '/home/saiubuntu/ros2_ws/install/my_bot/bin'
[2.972s] Level 1:colcon.colcon_core.environment:checking '/home/saiubuntu/ros2_ws/install/my_bot/lib/pkgconfig/my_bot.pc'
[2.972s] Level 1:colcon.colcon_core.environment:checking '/home/saiubuntu/ros2_ws/install/my_bot/lib/python3.8/site-packages'
[2.972s] Level 1:colcon.colcon_core.environment:checking '/home/saiubuntu/ros2_ws/install/my_bot/bin'
[2.973s] INFO:colcon.colcon_core.shell:Creating package script '/home/saiubuntu/ros2_ws/install/my_bot/share/my_bot/package.ps1'
[2.974s] INFO:colcon.colcon_core.shell:Creating package descriptor '/home/saiubuntu/ros2_ws/install/my_bot/share/my_bot/package.dsv'
[2.975s] INFO:colcon.colcon_core.shell:Creating package script '/home/saiubuntu/ros2_ws/install/my_bot/share/my_bot/package.sh'
[2.976s] INFO:colcon.colcon_core.shell:Creating package script '/home/saiubuntu/ros2_ws/install/my_bot/share/my_bot/package.bash'
[2.996s] INFO:colcon.colcon_core.shell:Creating package script '/home/saiubuntu/ros2_ws/install/my_bot/share/my_bot/package.zsh'
[3.049s] Level 1:colcon.colcon_core.environment:create_file_with_runtime_dependencies(/home/saiubuntu/ros2_ws/install/my_bot/share/colcon-core/packages/my_bot)
[3.078s] Level 1:colcon.colcon_core.environment:create_environment_scripts_only(my_bot)
[3.079s] Level 1:colcon.colcon_core.environment:checking '/home/saiubuntu/ros2_ws/install/my_bot' for CMake module files
[3.079s] Level 1:colcon.colcon_core.environment:checking '/home/saiubuntu/ros2_ws/install/my_bot' for CMake config files
[3.080s] Level 1:colcon.colcon_core.shell:create_environment_hook('my_bot', 'cmake_prefix_path')
[3.081s] INFO:colcon.colcon_core.shell:Creating environment hook '/home/saiubuntu/ros2_ws/install/my_bot/share/my_bot/hook/cmake_prefix_path.ps1'
[3.082s] INFO:colcon.colcon_core.shell:Creating environment descriptor '/home/saiubuntu/ros2_ws/install/my_bot/share/my_bot/hook/cmake_prefix_path.dsv'
[3.082s] INFO:colcon.colcon_core.shell:Creating environment hook '/home/saiubuntu/ros2_ws/install/my_bot/share/my_bot/hook/cmake_prefix_path.sh'
[3.083s] Level 1:colcon.colcon_core.environment:checking '/home/saiubuntu/ros2_ws/install/my_bot/bin'
[3.083s] Level 1:colcon.colcon_core.environment:checking '/home/saiubuntu/ros2_ws/install/my_bot/lib/pkgconfig/my_bot.pc'
[3.083s] Level 1:colcon.colcon_core.environment:checking '/home/saiubuntu/ros2_ws/install/my_bot/lib/python3.8/site-packages'
[3.084s] Level 1:colcon.colcon_core.environment:checking '/home/saiubuntu/ros2_ws/install/my_bot/bin'
[3.084s] INFO:colcon.colcon_core.shell:Creating package script '/home/saiubuntu/ros2_ws/install/my_bot/share/my_bot/package.ps1'
[3.085s] INFO:colcon.colcon_core.shell:Creating package descriptor '/home/saiubuntu/ros2_ws/install/my_bot/share/my_bot/package.dsv'
[3.085s] INFO:colcon.colcon_core.shell:Creating package script '/home/saiubuntu/ros2_ws/install/my_bot/share/my_bot/package.sh'
[3.086s] INFO:colcon.colcon_core.shell:Creating package script '/home/saiubuntu/ros2_ws/install/my_bot/share/my_bot/package.bash'
[3.086s] INFO:colcon.colcon_core.shell:Creating package script '/home/saiubuntu/ros2_ws/install/my_bot/share/my_bot/package.zsh'
[3.087s] Level 1:colcon.colcon_core.environment:create_file_with_runtime_dependencies(/home/saiubuntu/ros2_ws/install/my_bot/share/colcon-core/packages/my_bot)
[3.162s] DEBUG:colcon.colcon_core.event_handler.log_command:Invoked command in '/home/saiubuntu/ros2_ws/build/sllidar_ros2' returned '0': CMAKE_PREFIX_PATH=${CMAKE_PREFIX_PATH}:/home/saiubuntu/ros2_ws/install/my_robot:/opt/ros/foxy /usr/bin/cmake --build /home/saiubuntu/ros2_ws/build/sllidar_ros2 -- -j8 -l8
[3.217s] DEBUG:colcon.colcon_core.event_handler.log_command:Invoking command in '/home/saiubuntu/ros2_ws/build/sllidar_ros2': CMAKE_PREFIX_PATH=${CMAKE_PREFIX_PATH}:/home/saiubuntu/ros2_ws/install/my_robot:/opt/ros/foxy /usr/bin/cmake --install /home/saiubuntu/ros2_ws/build/sllidar_ros2
[3.273s] Level 1:colcon.colcon_core.environment:create_environment_scripts_only(sllidar_ros2)
[3.274s] Level 1:colcon.colcon_core.environment:checking '/home/saiubuntu/ros2_ws/install/sllidar_ros2' for CMake module files
[3.274s] DEBUG:colcon.colcon_core.event_handler.log_command:Invoked command in '/home/saiubuntu/ros2_ws/build/sllidar_ros2' returned '0': CMAKE_PREFIX_PATH=${CMAKE_PREFIX_PATH}:/home/saiubuntu/ros2_ws/install/my_robot:/opt/ros/foxy /usr/bin/cmake --install /home/saiubuntu/ros2_ws/build/sllidar_ros2
[3.275s] Level 1:colcon.colcon_core.environment:checking '/home/saiubuntu/ros2_ws/install/sllidar_ros2' for CMake config files
[3.275s] Level 1:colcon.colcon_core.shell:create_environment_hook('sllidar_ros2', 'cmake_prefix_path')
[3.275s] INFO:colcon.colcon_core.shell:Creating environment hook '/home/saiubuntu/ros2_ws/install/sllidar_ros2/share/sllidar_ros2/hook/cmake_prefix_path.ps1'
[3.276s] INFO:colcon.colcon_core.shell:Creating environment descriptor '/home/saiubuntu/ros2_ws/install/sllidar_ros2/share/sllidar_ros2/hook/cmake_prefix_path.dsv'
[3.276s] INFO:colcon.colcon_core.shell:Creating environment hook '/home/saiubuntu/ros2_ws/install/sllidar_ros2/share/sllidar_ros2/hook/cmake_prefix_path.sh'
[3.277s] Level 1:colcon.colcon_core.environment:checking '/home/saiubuntu/ros2_ws/install/sllidar_ros2/lib'
[3.277s] Level 1:colcon.colcon_core.environment:checking '/home/saiubuntu/ros2_ws/install/sllidar_ros2/bin'
[3.277s] Level 1:colcon.colcon_core.environment:checking '/home/saiubuntu/ros2_ws/install/sllidar_ros2/lib/pkgconfig/sllidar_ros2.pc'
[3.277s] Level 1:colcon.colcon_core.environment:checking '/home/saiubuntu/ros2_ws/install/sllidar_ros2/lib/python3.8/site-packages'
[3.277s] Level 1:colcon.colcon_core.environment:checking '/home/saiubuntu/ros2_ws/install/sllidar_ros2/bin'
[3.278s] INFO:colcon.colcon_core.shell:Creating package script '/home/saiubuntu/ros2_ws/install/sllidar_ros2/share/sllidar_ros2/package.ps1'
[3.278s] INFO:colcon.colcon_core.shell:Creating package descriptor '/home/saiubuntu/ros2_ws/install/sllidar_ros2/share/sllidar_ros2/package.dsv'
[3.278s] INFO:colcon.colcon_core.shell:Creating package script '/home/saiubuntu/ros2_ws/install/sllidar_ros2/share/sllidar_ros2/package.sh'
[3.279s] INFO:colcon.colcon_core.shell:Creating package script '/home/saiubuntu/ros2_ws/install/sllidar_ros2/share/sllidar_ros2/package.bash'
[3.279s] INFO:colcon.colcon_core.shell:Creating package script '/home/saiubuntu/ros2_ws/install/sllidar_ros2/share/sllidar_ros2/package.zsh'
[3.279s] Level 1:colcon.colcon_core.environment:create_file_with_runtime_dependencies(/home/saiubuntu/ros2_ws/install/sllidar_ros2/share/colcon-core/packages/sllidar_ros2)
[3.328s] Level 1:colcon.colcon_core.environment:create_environment_scripts_only(sllidar_ros2)
[3.328s] Level 1:colcon.colcon_core.environment:checking '/home/saiubuntu/ros2_ws/install/sllidar_ros2' for CMake module files
[3.329s] Level 1:colcon.colcon_core.environment:checking '/home/saiubuntu/ros2_ws/install/sllidar_ros2' for CMake config files
[3.330s] Level 1:colcon.colcon_core.shell:create_environment_hook('sllidar_ros2', 'cmake_prefix_path')
[3.330s] INFO:colcon.colcon_core.shell:Creating environment hook '/home/saiubuntu/ros2_ws/install/sllidar_ros2/share/sllidar_ros2/hook/cmake_prefix_path.ps1'
[3.331s] INFO:colcon.colcon_core.shell:Creating environment descriptor '/home/saiubuntu/ros2_ws/install/sllidar_ros2/share/sllidar_ros2/hook/cmake_prefix_path.dsv'
[3.331s] INFO:colcon.colcon_core.shell:Creating environment hook '/home/saiubuntu/ros2_ws/install/sllidar_ros2/share/sllidar_ros2/hook/cmake_prefix_path.sh'
[3.332s] Level 1:colcon.colcon_core.environment:checking '/home/saiubuntu/ros2_ws/install/sllidar_ros2/lib'
[3.332s] Level 1:colcon.colcon_core.environment:checking '/home/saiubuntu/ros2_ws/install/sllidar_ros2/bin'
[3.332s] Level 1:colcon.colcon_core.environment:checking '/home/saiubuntu/ros2_ws/install/sllidar_ros2/lib/pkgconfig/sllidar_ros2.pc'
[3.332s] Level 1:colcon.colcon_core.environment:checking '/home/saiubuntu/ros2_ws/install/sllidar_ros2/lib/python3.8/site-packages'
[3.332s] Level 1:colcon.colcon_core.environment:checking '/home/saiubuntu/ros2_ws/install/sllidar_ros2/bin'
[3.332s] INFO:colcon.colcon_core.shell:Creating package script '/home/saiubuntu/ros2_ws/install/sllidar_ros2/share/sllidar_ros2/package.ps1'
[3.333s] INFO:colcon.colcon_core.shell:Creating package descriptor '/home/saiubuntu/ros2_ws/install/sllidar_ros2/share/sllidar_ros2/package.dsv'
[3.333s] INFO:colcon.colcon_core.shell:Creating package script '/home/saiubuntu/ros2_ws/install/sllidar_ros2/share/sllidar_ros2/package.sh'
[3.334s] INFO:colcon.colcon_core.shell:Creating package script '/home/saiubuntu/ros2_ws/install/sllidar_ros2/share/sllidar_ros2/package.bash'
[3.334s] INFO:colcon.colcon_core.shell:Creating package script '/home/saiubuntu/ros2_ws/install/sllidar_ros2/share/sllidar_ros2/package.zsh'
[3.334s] Level 1:colcon.colcon_core.environment:create_file_with_runtime_dependencies(/home/saiubuntu/ros2_ws/install/sllidar_ros2/share/colcon-core/packages/sllidar_ros2)
[3.690s] DEBUG:colcon.colcon_core.event_handler.log_command:Invoking command in '/home/saiubuntu/ros2_ws/build/my_robot': PYTHONPATH=/home/saiubuntu/ros2_ws/build/my_robot/prefix_override:/home/saiubuntu/ros2_ws/install/my_robot/lib/python3.8/site-packages:${PYTHONPATH} /usr/bin/python3 -W ignore:setup.py install is deprecated setup.py develop --editable --build-directory /home/saiubuntu/ros2_ws/build/my_robot/build --no-deps symlink_data
[4.238s] Level 1:colcon.colcon_core.shell:create_environment_hook('my_robot', 'pythonpath_develop')
[4.238s] INFO:colcon.colcon_core.shell:Creating environment hook '/home/saiubuntu/ros2_ws/build/my_robot/share/my_robot/hook/pythonpath_develop.ps1'
[4.239s] DEBUG:colcon.colcon_core.event_handler.log_command:Invoked command in '/home/saiubuntu/ros2_ws/build/my_robot' returned '0': PYTHONPATH=/home/saiubuntu/ros2_ws/build/my_robot/prefix_override:/home/saiubuntu/ros2_ws/install/my_robot/lib/python3.8/site-packages:${PYTHONPATH} /usr/bin/python3 -W ignore:setup.py install is deprecated setup.py develop --editable --build-directory /home/saiubuntu/ros2_ws/build/my_robot/build --no-deps symlink_data
[4.239s] INFO:colcon.colcon_core.shell:Creating environment descriptor '/home/saiubuntu/ros2_ws/build/my_robot/share/my_robot/hook/pythonpath_develop.dsv'
[4.240s] INFO:colcon.colcon_core.shell:Creating environment hook '/home/saiubuntu/ros2_ws/build/my_robot/share/my_robot/hook/pythonpath_develop.sh'
[4.240s] Level 1:colcon.colcon_core.environment:checking '/home/saiubuntu/ros2_ws/install/my_robot' for CMake module files
[4.241s] Level 1:colcon.colcon_core.environment:checking '/home/saiubuntu/ros2_ws/install/my_robot' for CMake config files
[4.241s] Level 1:colcon.colcon_core.environment:checking '/home/saiubuntu/ros2_ws/install/my_robot/lib'
[4.241s] Level 1:colcon.colcon_core.environment:checking '/home/saiubuntu/ros2_ws/install/my_robot/bin'
[4.241s] Level 1:colcon.colcon_core.environment:checking '/home/saiubuntu/ros2_ws/install/my_robot/lib/pkgconfig/my_robot.pc'
[4.242s] Level 1:colcon.colcon_core.environment:checking '/home/saiubuntu/ros2_ws/install/my_robot/lib/python3.8/site-packages'
[4.242s] Level 1:colcon.colcon_core.shell:create_environment_hook('my_robot', 'pythonpath')
[4.242s] INFO:colcon.colcon_core.shell:Creating environment hook '/home/saiubuntu/ros2_ws/install/my_robot/share/my_robot/hook/pythonpath.ps1'
[4.242s] INFO:colcon.colcon_core.shell:Creating environment descriptor '/home/saiubuntu/ros2_ws/install/my_robot/share/my_robot/hook/pythonpath.dsv'
[4.243s] INFO:colcon.colcon_core.shell:Creating environment hook '/home/saiubuntu/ros2_ws/install/my_robot/share/my_robot/hook/pythonpath.sh'
[4.243s] Level 1:colcon.colcon_core.environment:checking '/home/saiubuntu/ros2_ws/install/my_robot/bin'
[4.243s] Level 1:colcon.colcon_core.environment:create_environment_scripts_only(my_robot)
[4.244s] INFO:colcon.colcon_core.shell:Creating package script '/home/saiubuntu/ros2_ws/install/my_robot/share/my_robot/package.ps1'
[4.244s] INFO:colcon.colcon_core.shell:Creating package descriptor '/home/saiubuntu/ros2_ws/install/my_robot/share/my_robot/package.dsv'
[4.244s] INFO:colcon.colcon_core.shell:Creating package script '/home/saiubuntu/ros2_ws/install/my_robot/share/my_robot/package.sh'
[4.245s] INFO:colcon.colcon_core.shell:Creating package script '/home/saiubuntu/ros2_ws/install/my_robot/share/my_robot/package.bash'
[4.245s] INFO:colcon.colcon_core.shell:Creating package script '/home/saiubuntu/ros2_ws/install/my_robot/share/my_robot/package.zsh'
[4.246s] Level 1:colcon.colcon_core.environment:create_file_with_runtime_dependencies(/home/saiubuntu/ros2_ws/install/my_robot/share/colcon-core/packages/my_robot)
[4.246s] DEBUG:colcon.colcon_parallel_executor.executor.parallel:closing loop
[4.246s] DEBUG:colcon.colcon_parallel_executor.executor.parallel:loop closed
[4.246s] DEBUG:colcon.colcon_parallel_executor.executor.parallel:run_until_complete finished with '0'
[4.247s] DEBUG:colcon.colcon_core.event_reactor:joining thread
[4.301s] INFO:colcon.colcon_core.plugin_system:Skipping extension 'colcon_notification.desktop_notification.terminal_notifier': Not used on non-Darwin systems
[4.302s] INFO:colcon.colcon_core.plugin_system:Skipping extension 'colcon_notification.desktop_notification.win32': Not used on non-Windows systems
[4.302s] INFO:colcon.colcon_notification.desktop_notification:Sending desktop notification using 'notify2'
[4.351s] DEBUG:colcon.colcon_core.event_reactor:joined thread
[4.352s] INFO:colcon.colcon_core.shell:Creating prefix script '/home/saiubuntu/ros2_ws/install/local_setup.ps1'
[4.358s] INFO:colcon.colcon_core.shell:Creating prefix util module '/home/saiubuntu/ros2_ws/install/_local_setup_util_ps1.py'
[4.360s] INFO:colcon.colcon_core.shell:Creating prefix chain script '/home/saiubuntu/ros2_ws/install/setup.ps1'
[4.362s] INFO:colcon.colcon_core.shell:Creating prefix script '/home/saiubuntu/ros2_ws/install/local_setup.sh'
[4.362s] INFO:colcon.colcon_core.shell:Creating prefix util module '/home/saiubuntu/ros2_ws/install/_local_setup_util_sh.py'
[4.363s] INFO:colcon.colcon_core.shell:Creating prefix chain script '/home/saiubuntu/ros2_ws/install/setup.sh'
[4.365s] INFO:colcon.colcon_core.shell:Creating prefix script '/home/saiubuntu/ros2_ws/install/local_setup.bash'
[4.384s] INFO:colcon.colcon_core.shell:Creating prefix chain script '/home/saiubuntu/ros2_ws/install/setup.bash'
[4.386s] INFO:colcon.colcon_core.shell:Creating prefix script '/home/saiubuntu/ros2_ws/install/local_setup.zsh'
[4.392s] INFO:colcon.colcon_core.shell:Creating prefix chain script '/home/saiubuntu/ros2_ws/install/setup.zsh'
