[0.791s] Invoking command in '/home/saiubuntu/ros2_ws/build/serial_motor_demo': CMAKE_PREFIX_PATH=/home/saiubuntu/ros2_ws/install/serial_motor_demo_msgs:/home/saiubuntu/ros2_ws/install/sllidar_ros2:/home/saiubuntu/ros2_ws/install/my_bot PYTHONPATH=/home/saiubuntu/ros2_ws/build/serial_motor_demo/prefix_override:/home/saiubuntu/ros2_ws/install/serial_motor_demo/lib/python3.8/site-packages:/home/saiubuntu/ros2_ws/install/serial_motor_demo_msgs/lib/python3.8/site-packages:/home/saiubuntu/ros2_ws/install/serial_motor_demo/lib/python3.8/site-packages:/home/saiubuntu/ros2_ws/install/my_robot/lib/python3.8/site-packages:/home/saiubuntu/ros2_ws/install/joy_tester/lib/python3.8/site-packages:/opt/ros/foxy/lib/python3.8/site-packages /usr/bin/python3 -W ignore:setup.py install is deprecated setup.py develop --editable --build-directory /home/saiubuntu/ros2_ws/build/serial_motor_demo/build --no-deps symlink_data --force
[1.028s] running develop
[1.156s] running egg_info
[1.156s] writing serial_motor_demo.egg-info/PKG-INFO
[1.157s] writing dependency_links to serial_motor_demo.egg-info/dependency_links.txt
[1.157s] writing entry points to serial_motor_demo.egg-info/entry_points.txt
[1.157s] writing requirements to serial_motor_demo.egg-info/requires.txt
[1.157s] writing top-level names to serial_motor_demo.egg-info/top_level.txt
[1.189s] reading manifest file 'serial_motor_demo.egg-info/SOURCES.txt'
[1.190s] writing manifest file 'serial_motor_demo.egg-info/SOURCES.txt'
[1.223s] running build_ext
[1.223s] Creating /home/saiubuntu/ros2_ws/install/serial_motor_demo/lib/python3.8/site-packages/serial-motor-demo.egg-link (link to .)
[1.224s] Installing driver script to /home/saiubuntu/ros2_ws/install/serial_motor_demo/lib/serial_motor_demo
[1.224s] Installing gui script to /home/saiubuntu/ros2_ws/install/serial_motor_demo/lib/serial_motor_demo
[1.224s] 
[1.224s] Installed /home/saiubuntu/ros2_ws/build/serial_motor_demo
[1.225s] running symlink_data
[1.225s] symbolically linking /home/saiubuntu/ros2_ws/build/serial_motor_demo/resource/serial_motor_demo -> /home/saiubuntu/ros2_ws/install/serial_motor_demo/share/ament_index/resource_index/packages
[1.225s] symbolically linking /home/saiubuntu/ros2_ws/build/serial_motor_demo/package.xml -> /home/saiubuntu/ros2_ws/install/serial_motor_demo/share/serial_motor_demo
[1.253s] Invoked command in '/home/saiubuntu/ros2_ws/build/serial_motor_demo' returned '0': CMAKE_PREFIX_PATH=/home/saiubuntu/ros2_ws/install/serial_motor_demo_msgs:/home/saiubuntu/ros2_ws/install/sllidar_ros2:/home/saiubuntu/ros2_ws/install/my_bot PYTHONPATH=/home/saiubuntu/ros2_ws/build/serial_motor_demo/prefix_override:/home/saiubuntu/ros2_ws/install/serial_motor_demo/lib/python3.8/site-packages:/home/saiubuntu/ros2_ws/install/serial_motor_demo_msgs/lib/python3.8/site-packages:/home/saiubuntu/ros2_ws/install/serial_motor_demo/lib/python3.8/site-packages:/home/saiubuntu/ros2_ws/install/my_robot/lib/python3.8/site-packages:/home/saiubuntu/ros2_ws/install/joy_tester/lib/python3.8/site-packages:/opt/ros/foxy/lib/python3.8/site-packages /usr/bin/python3 -W ignore:setup.py install is deprecated setup.py develop --editable --build-directory /home/saiubuntu/ros2_ws/build/serial_motor_demo/build --no-deps symlink_data --force
