[0.059s] Invoking command in '/home/saiubuntu/ros2_ws/build/serial_motor_demo_msgs': CMAKE_PREFIX_PATH=${CMAKE_PREFIX_PATH}:/home/saiubuntu/ros2_ws/install/serial_motor_demo:/home/saiubuntu/ros2_ws/install/my_robot:/home/saiubuntu/ros2_ws/install/joy_tester:/opt/ros/foxy /usr/bin/cmake --build /home/saiubuntu/ros2_ws/build/serial_motor_demo_msgs -- -j8 -l8
[0.627s] [  8%] Built target serial_motor_demo_msgs__cpp
[0.628s] [ 12%] Built target serial_motor_demo_msgs__rosidl_generator_c
[0.629s] [ 44%] Built target serial_motor_demo_msgs__rosidl_typesupport_introspection_cpp
[0.629s] [ 44%] Built target serial_motor_demo_msgs__rosidl_typesupport_c
[0.630s] [ 44%] Built target serial_motor_demo_msgs__rosidl_typesupport_introspection_c
[0.630s] [ 55%] Built target serial_motor_demo_msgs__rosidl_typesupport_cpp
[0.630s] [ 65%] Built target serial_motor_demo_msgs__rosidl_typesupport_fastrtps_cpp
[0.630s] [ 76%] Built target serial_motor_demo_msgs__rosidl_typesupport_fastrtps_c
[0.632s] [ 76%] Built target serial_motor_demo_msgs
[0.633s] [ 78%] Built target serial_motor_demo_msgs__py
[0.634s] [ 87%] Built target serial_motor_demo_msgs__python
[0.635s] [100%] Built target serial_motor_demo_msgs__rosidl_typesupport_c__pyext
[0.635s] [100%] Built target serial_motor_demo_msgs__rosidl_typesupport_introspection_c__pyext
[0.636s] [100%] Built target serial_motor_demo_msgs__rosidl_typesupport_fastrtps_c__pyext
[0.647s] Invoked command in '/home/saiubuntu/ros2_ws/build/serial_motor_demo_msgs' returned '0': CMAKE_PREFIX_PATH=${CMAKE_PREFIX_PATH}:/home/saiubuntu/ros2_ws/install/serial_motor_demo:/home/saiubuntu/ros2_ws/install/my_robot:/home/saiubuntu/ros2_ws/install/joy_tester:/opt/ros/foxy /usr/bin/cmake --build /home/saiubuntu/ros2_ws/build/serial_motor_demo_msgs -- -j8 -l8
[0.783s] Invoking command in '/home/saiubuntu/ros2_ws/build/serial_motor_demo_msgs': CMAKE_PREFIX_PATH=${CMAKE_PREFIX_PATH}:/home/saiubuntu/ros2_ws/install/serial_motor_demo:/home/saiubuntu/ros2_ws/install/my_robot:/home/saiubuntu/ros2_ws/install/joy_tester:/opt/ros/foxy /usr/bin/cmake --install /home/saiubuntu/ros2_ws/build/serial_motor_demo_msgs
[0.794s] -- Install configuration: ""
[0.796s] -- Execute custom install script
[0.797s] -- Up-to-date symlink: /home/saiubuntu/ros2_ws/install/serial_motor_demo_msgs/share/ament_index/resource_index/rosidl_interfaces/serial_motor_demo_msgs
[0.799s] -- Up-to-date symlink: /home/saiubuntu/ros2_ws/install/serial_motor_demo_msgs/include/serial_motor_demo_msgs/msg/detail/encoder_vals__functions.h
[0.800s] -- Up-to-date symlink: /home/saiubuntu/ros2_ws/install/serial_motor_demo_msgs/include/serial_motor_demo_msgs/msg/detail/encoder_vals__struct.h
[0.800s] -- Up-to-date symlink: /home/saiubuntu/ros2_ws/install/serial_motor_demo_msgs/include/serial_motor_demo_msgs/msg/detail/encoder_vals__type_support.h
[0.800s] -- Up-to-date symlink: /home/saiubuntu/ros2_ws/install/serial_motor_demo_msgs/include/serial_motor_demo_msgs/msg/detail/motor_command__functions.h
[0.801s] -- Up-to-date symlink: /home/saiubuntu/ros2_ws/install/serial_motor_demo_msgs/include/serial_motor_demo_msgs/msg/detail/motor_command__struct.h
[0.801s] -- Up-to-date symlink: /home/saiubuntu/ros2_ws/install/serial_motor_demo_msgs/include/serial_motor_demo_msgs/msg/detail/motor_command__type_support.h
[0.801s] -- Up-to-date symlink: /home/saiubuntu/ros2_ws/install/serial_motor_demo_msgs/include/serial_motor_demo_msgs/msg/detail/motor_vels__functions.h
[0.802s] -- Up-to-date symlink: /home/saiubuntu/ros2_ws/install/serial_motor_demo_msgs/include/serial_motor_demo_msgs/msg/detail/motor_vels__struct.h
[0.802s] -- Up-to-date symlink: /home/saiubuntu/ros2_ws/install/serial_motor_demo_msgs/include/serial_motor_demo_msgs/msg/detail/motor_vels__type_support.h
[0.802s] -- Up-to-date symlink: /home/saiubuntu/ros2_ws/install/serial_motor_demo_msgs/include/serial_motor_demo_msgs/msg/encoder_vals.h
[0.802s] -- Up-to-date symlink: /home/saiubuntu/ros2_ws/install/serial_motor_demo_msgs/include/serial_motor_demo_msgs/msg/motor_command.h
[0.802s] -- Up-to-date symlink: /home/saiubuntu/ros2_ws/install/serial_motor_demo_msgs/include/serial_motor_demo_msgs/msg/motor_vels.h
[0.802s] -- Up-to-date symlink: /home/saiubuntu/ros2_ws/install/serial_motor_demo_msgs/include/serial_motor_demo_msgs/msg/rosidl_generator_c__visibility_control.h
[0.803s] -- Up-to-date symlink: /home/saiubuntu/ros2_ws/install/serial_motor_demo_msgs/share/serial_motor_demo_msgs/environment/library_path.sh
[0.804s] -- Up-to-date symlink: /home/saiubuntu/ros2_ws/install/serial_motor_demo_msgs/share/serial_motor_demo_msgs/environment/library_path.dsv
[0.805s] -- Up-to-date symlink: /home/saiubuntu/ros2_ws/install/serial_motor_demo_msgs/include/serial_motor_demo_msgs/msg/detail/encoder_vals__rosidl_typesupport_fastrtps_c.h
[0.806s] -- Up-to-date symlink: /home/saiubuntu/ros2_ws/install/serial_motor_demo_msgs/include/serial_motor_demo_msgs/msg/detail/motor_command__rosidl_typesupport_fastrtps_c.h
[0.807s] -- Up-to-date symlink: /home/saiubuntu/ros2_ws/install/serial_motor_demo_msgs/include/serial_motor_demo_msgs/msg/detail/motor_vels__rosidl_typesupport_fastrtps_c.h
[0.807s] -- Up-to-date symlink: /home/saiubuntu/ros2_ws/install/serial_motor_demo_msgs/include/serial_motor_demo_msgs/msg/rosidl_typesupport_fastrtps_c__visibility_control.h
[0.808s] -- Up-to-date symlink: /home/saiubuntu/ros2_ws/install/serial_motor_demo_msgs/lib/libserial_motor_demo_msgs__rosidl_typesupport_fastrtps_c.so
[0.810s] -- Up-to-date symlink: /home/saiubuntu/ros2_ws/install/serial_motor_demo_msgs/include/serial_motor_demo_msgs/msg/detail/encoder_vals__rosidl_typesupport_fastrtps_cpp.hpp
[0.811s] -- Up-to-date symlink: /home/saiubuntu/ros2_ws/install/serial_motor_demo_msgs/include/serial_motor_demo_msgs/msg/detail/motor_command__rosidl_typesupport_fastrtps_cpp.hpp
[0.811s] -- Up-to-date symlink: /home/saiubuntu/ros2_ws/install/serial_motor_demo_msgs/include/serial_motor_demo_msgs/msg/detail/motor_vels__rosidl_typesupport_fastrtps_cpp.hpp
[0.812s] -- Up-to-date symlink: /home/saiubuntu/ros2_ws/install/serial_motor_demo_msgs/include/serial_motor_demo_msgs/msg/rosidl_typesupport_fastrtps_cpp__visibility_control.h
[0.812s] -- Up-to-date symlink: /home/saiubuntu/ros2_ws/install/serial_motor_demo_msgs/lib/libserial_motor_demo_msgs__rosidl_typesupport_fastrtps_cpp.so
[0.813s] -- Up-to-date symlink: /home/saiubuntu/ros2_ws/install/serial_motor_demo_msgs/include/serial_motor_demo_msgs/msg/detail/encoder_vals__rosidl_typesupport_introspection_c.h
[0.813s] -- Up-to-date symlink: /home/saiubuntu/ros2_ws/install/serial_motor_demo_msgs/include/serial_motor_demo_msgs/msg/detail/motor_command__rosidl_typesupport_introspection_c.h
[0.813s] -- Up-to-date symlink: /home/saiubuntu/ros2_ws/install/serial_motor_demo_msgs/include/serial_motor_demo_msgs/msg/detail/motor_vels__rosidl_typesupport_introspection_c.h
[0.813s] -- Up-to-date symlink: /home/saiubuntu/ros2_ws/install/serial_motor_demo_msgs/include/serial_motor_demo_msgs/msg/rosidl_typesupport_introspection_c__visibility_control.h
[0.814s] -- Up-to-date symlink: /home/saiubuntu/ros2_ws/install/serial_motor_demo_msgs/include/serial_motor_demo_msgs/msg/detail/encoder_vals__builder.hpp
[0.815s] -- Up-to-date symlink: /home/saiubuntu/ros2_ws/install/serial_motor_demo_msgs/include/serial_motor_demo_msgs/msg/detail/encoder_vals__struct.hpp
[0.816s] -- Up-to-date symlink: /home/saiubuntu/ros2_ws/install/serial_motor_demo_msgs/include/serial_motor_demo_msgs/msg/detail/encoder_vals__traits.hpp
[0.816s] -- Up-to-date symlink: /home/saiubuntu/ros2_ws/install/serial_motor_demo_msgs/include/serial_motor_demo_msgs/msg/detail/encoder_vals__type_support.hpp
[0.817s] -- Up-to-date symlink: /home/saiubuntu/ros2_ws/install/serial_motor_demo_msgs/include/serial_motor_demo_msgs/msg/detail/motor_command__builder.hpp
[0.817s] -- Up-to-date symlink: /home/saiubuntu/ros2_ws/install/serial_motor_demo_msgs/include/serial_motor_demo_msgs/msg/detail/motor_command__struct.hpp
[0.818s] -- Up-to-date symlink: /home/saiubuntu/ros2_ws/install/serial_motor_demo_msgs/include/serial_motor_demo_msgs/msg/detail/motor_command__traits.hpp
[0.818s] -- Up-to-date symlink: /home/saiubuntu/ros2_ws/install/serial_motor_demo_msgs/include/serial_motor_demo_msgs/msg/detail/motor_command__type_support.hpp
[0.818s] -- Up-to-date symlink: /home/saiubuntu/ros2_ws/install/serial_motor_demo_msgs/include/serial_motor_demo_msgs/msg/detail/motor_vels__builder.hpp
[0.819s] -- Up-to-date symlink: /home/saiubuntu/ros2_ws/install/serial_motor_demo_msgs/include/serial_motor_demo_msgs/msg/detail/motor_vels__struct.hpp
[0.819s] -- Up-to-date symlink: /home/saiubuntu/ros2_ws/install/serial_motor_demo_msgs/include/serial_motor_demo_msgs/msg/detail/motor_vels__traits.hpp
[0.819s] -- Up-to-date symlink: /home/saiubuntu/ros2_ws/install/serial_motor_demo_msgs/include/serial_motor_demo_msgs/msg/detail/motor_vels__type_support.hpp
[0.819s] -- Up-to-date symlink: /home/saiubuntu/ros2_ws/install/serial_motor_demo_msgs/include/serial_motor_demo_msgs/msg/encoder_vals.hpp
[0.819s] -- Up-to-date symlink: /home/saiubuntu/ros2_ws/install/serial_motor_demo_msgs/include/serial_motor_demo_msgs/msg/motor_command.hpp
[0.819s] -- Up-to-date symlink: /home/saiubuntu/ros2_ws/install/serial_motor_demo_msgs/include/serial_motor_demo_msgs/msg/motor_vels.hpp
[0.819s] -- Up-to-date symlink: /home/saiubuntu/ros2_ws/install/serial_motor_demo_msgs/include/serial_motor_demo_msgs/msg/rosidl_generator_cpp__visibility_control.hpp
[0.820s] -- Up-to-date symlink: /home/saiubuntu/ros2_ws/install/serial_motor_demo_msgs/include/serial_motor_demo_msgs/msg/detail/encoder_vals__rosidl_typesupport_introspection_cpp.hpp
[0.821s] -- Up-to-date symlink: /home/saiubuntu/ros2_ws/install/serial_motor_demo_msgs/include/serial_motor_demo_msgs/msg/detail/motor_command__rosidl_typesupport_introspection_cpp.hpp
[0.821s] -- Up-to-date symlink: /home/saiubuntu/ros2_ws/install/serial_motor_demo_msgs/include/serial_motor_demo_msgs/msg/detail/motor_vels__rosidl_typesupport_introspection_cpp.hpp
[0.822s] -- Up-to-date symlink: /home/saiubuntu/ros2_ws/install/serial_motor_demo_msgs/share/serial_motor_demo_msgs/environment/pythonpath.sh
[0.822s] -- Up-to-date symlink: /home/saiubuntu/ros2_ws/install/serial_motor_demo_msgs/share/serial_motor_demo_msgs/environment/pythonpath.dsv
[0.822s] -- Up-to-date symlink: /home/saiubuntu/ros2_ws/install/serial_motor_demo_msgs/lib/python3.8/site-packages/serial_motor_demo_msgs/__init__.py
[0.823s] -- Up-to-date symlink: /home/saiubuntu/ros2_ws/install/serial_motor_demo_msgs/lib/python3.8/site-packages/serial_motor_demo_msgs/msg/__init__.py
[0.824s] -- Up-to-date symlink: /home/saiubuntu/ros2_ws/install/serial_motor_demo_msgs/lib/python3.8/site-packages/serial_motor_demo_msgs/msg/_encoder_vals.py
[0.824s] -- Up-to-date symlink: /home/saiubuntu/ros2_ws/install/serial_motor_demo_msgs/lib/python3.8/site-packages/serial_motor_demo_msgs/msg/_motor_command.py
[0.824s] -- Up-to-date symlink: /home/saiubuntu/ros2_ws/install/serial_motor_demo_msgs/lib/python3.8/site-packages/serial_motor_demo_msgs/msg/_motor_vels.py
[0.825s] -- Up-to-date symlink: /home/saiubuntu/ros2_ws/install/serial_motor_demo_msgs/lib/python3.8/site-packages/serial_motor_demo_msgs/serial_motor_demo_msgs_s__rosidl_typesupport_fastrtps_c.cpython-38-x86_64-linux-gnu.so
[0.826s] -- Up-to-date symlink: /home/saiubuntu/ros2_ws/install/serial_motor_demo_msgs/lib/python3.8/site-packages/serial_motor_demo_msgs/serial_motor_demo_msgs_s__rosidl_typesupport_introspection_c.cpython-38-x86_64-linux-gnu.so
[0.826s] -- Up-to-date symlink: /home/saiubuntu/ros2_ws/install/serial_motor_demo_msgs/lib/python3.8/site-packages/serial_motor_demo_msgs/serial_motor_demo_msgs_s__rosidl_typesupport_c.cpython-38-x86_64-linux-gnu.so
[0.827s] -- Up-to-date symlink: /home/saiubuntu/ros2_ws/install/serial_motor_demo_msgs/lib/libserial_motor_demo_msgs__python.so
[0.828s] -- Up-to-date symlink: /home/saiubuntu/ros2_ws/install/serial_motor_demo_msgs/share/serial_motor_demo_msgs/msg/MotorCommand.idl
[0.830s] -- Up-to-date symlink: /home/saiubuntu/ros2_ws/install/serial_motor_demo_msgs/share/serial_motor_demo_msgs/msg/MotorVels.idl
[0.831s] -- Up-to-date symlink: /home/saiubuntu/ros2_ws/install/serial_motor_demo_msgs/share/serial_motor_demo_msgs/msg/EncoderVals.idl
[0.831s] -- Up-to-date symlink: /home/saiubuntu/ros2_ws/install/serial_motor_demo_msgs/share/serial_motor_demo_msgs/msg/MotorCommand.msg
[0.831s] -- Up-to-date symlink: /home/saiubuntu/ros2_ws/install/serial_motor_demo_msgs/share/serial_motor_demo_msgs/msg/MotorVels.msg
[0.831s] -- Up-to-date symlink: /home/saiubuntu/ros2_ws/install/serial_motor_demo_msgs/share/serial_motor_demo_msgs/msg/EncoderVals.msg
[0.832s] -- Up-to-date symlink: /home/saiubuntu/ros2_ws/install/serial_motor_demo_msgs/share/ament_index/resource_index/package_run_dependencies/serial_motor_demo_msgs
[0.832s] -- Up-to-date symlink: /home/saiubuntu/ros2_ws/install/serial_motor_demo_msgs/share/ament_index/resource_index/parent_prefix_path/serial_motor_demo_msgs
[0.834s] -- Up-to-date symlink: /home/saiubuntu/ros2_ws/install/serial_motor_demo_msgs/share/serial_motor_demo_msgs/environment/ament_prefix_path.sh
[0.834s] -- Up-to-date symlink: /home/saiubuntu/ros2_ws/install/serial_motor_demo_msgs/share/serial_motor_demo_msgs/environment/ament_prefix_path.dsv
[0.834s] -- Up-to-date symlink: /home/saiubuntu/ros2_ws/install/serial_motor_demo_msgs/share/serial_motor_demo_msgs/environment/path.sh
[0.834s] -- Up-to-date symlink: /home/saiubuntu/ros2_ws/install/serial_motor_demo_msgs/share/serial_motor_demo_msgs/environment/path.dsv
[0.835s] -- Up-to-date symlink: /home/saiubuntu/ros2_ws/install/serial_motor_demo_msgs/share/serial_motor_demo_msgs/local_setup.bash
[0.838s] -- Up-to-date symlink: /home/saiubuntu/ros2_ws/install/serial_motor_demo_msgs/share/serial_motor_demo_msgs/local_setup.sh
[0.838s] -- Up-to-date symlink: /home/saiubuntu/ros2_ws/install/serial_motor_demo_msgs/share/serial_motor_demo_msgs/local_setup.zsh
[0.839s] -- Up-to-date symlink: /home/saiubuntu/ros2_ws/install/serial_motor_demo_msgs/share/serial_motor_demo_msgs/local_setup.dsv
[0.839s] -- Symlinking: /home/saiubuntu/ros2_ws/install/serial_motor_demo_msgs/share/serial_motor_demo_msgs/package.dsv
[0.850s] -- Up-to-date symlink: /home/saiubuntu/ros2_ws/install/serial_motor_demo_msgs/share/ament_index/resource_index/packages/serial_motor_demo_msgs
[0.851s] -- Up-to-date symlink: /home/saiubuntu/ros2_ws/install/serial_motor_demo_msgs/share/serial_motor_demo_msgs/cmake/rosidl_cmake-extras.cmake
[0.851s] -- Up-to-date symlink: /home/saiubuntu/ros2_ws/install/serial_motor_demo_msgs/share/serial_motor_demo_msgs/cmake/ament_cmake_export_dependencies-extras.cmake
[0.852s] -- Up-to-date symlink: /home/saiubuntu/ros2_ws/install/serial_motor_demo_msgs/share/serial_motor_demo_msgs/cmake/ament_cmake_export_libraries-extras.cmake
[0.855s] -- Up-to-date symlink: /home/saiubuntu/ros2_ws/install/serial_motor_demo_msgs/share/serial_motor_demo_msgs/cmake/ament_cmake_export_targets-extras.cmake
[0.856s] -- Up-to-date symlink: /home/saiubuntu/ros2_ws/install/serial_motor_demo_msgs/share/serial_motor_demo_msgs/cmake/ament_cmake_export_include_directories-extras.cmake
[0.858s] -- Up-to-date symlink: /home/saiubuntu/ros2_ws/install/serial_motor_demo_msgs/share/serial_motor_demo_msgs/cmake/rosidl_cmake_export_typesupport_libraries-extras.cmake
[0.858s] -- Up-to-date symlink: /home/saiubuntu/ros2_ws/install/serial_motor_demo_msgs/share/serial_motor_demo_msgs/cmake/rosidl_cmake_export_typesupport_targets-extras.cmake
[0.859s] -- Up-to-date symlink: /home/saiubuntu/ros2_ws/install/serial_motor_demo_msgs/share/serial_motor_demo_msgs/cmake/serial_motor_demo_msgsConfig.cmake
[0.859s] -- Up-to-date symlink: /home/saiubuntu/ros2_ws/install/serial_motor_demo_msgs/share/serial_motor_demo_msgs/cmake/serial_motor_demo_msgsConfig-version.cmake
[0.859s] -- Up-to-date symlink: /home/saiubuntu/ros2_ws/install/serial_motor_demo_msgs/share/serial_motor_demo_msgs/package.xml
[0.859s] -- Up-to-date: /home/saiubuntu/ros2_ws/install/serial_motor_demo_msgs/lib/libserial_motor_demo_msgs__rosidl_generator_c.so
[0.859s] -- Up-to-date: /home/saiubuntu/ros2_ws/install/serial_motor_demo_msgs/lib/libserial_motor_demo_msgs__rosidl_typesupport_introspection_c.so
[0.859s] -- Up-to-date: /home/saiubuntu/ros2_ws/install/serial_motor_demo_msgs/lib/libserial_motor_demo_msgs__rosidl_typesupport_c.so
[0.859s] -- Up-to-date: /home/saiubuntu/ros2_ws/install/serial_motor_demo_msgs/lib/libserial_motor_demo_msgs__rosidl_typesupport_introspection_cpp.so
[0.859s] -- Up-to-date: /home/saiubuntu/ros2_ws/install/serial_motor_demo_msgs/lib/libserial_motor_demo_msgs__rosidl_typesupport_cpp.so
[0.918s] -- Up-to-date: /home/saiubuntu/ros2_ws/install/serial_motor_demo_msgs/share/serial_motor_demo_msgs/cmake/serial_motor_demo_msgs__rosidl_generator_cExport.cmake
[0.918s] -- Up-to-date: /home/saiubuntu/ros2_ws/install/serial_motor_demo_msgs/share/serial_motor_demo_msgs/cmake/serial_motor_demo_msgs__rosidl_generator_cExport-noconfig.cmake
[0.918s] -- Up-to-date: /home/saiubuntu/ros2_ws/install/serial_motor_demo_msgs/share/serial_motor_demo_msgs/cmake/serial_motor_demo_msgs__rosidl_typesupport_introspection_cExport.cmake
[0.918s] -- Up-to-date: /home/saiubuntu/ros2_ws/install/serial_motor_demo_msgs/share/serial_motor_demo_msgs/cmake/serial_motor_demo_msgs__rosidl_typesupport_introspection_cExport-noconfig.cmake
[0.918s] -- Up-to-date: /home/saiubuntu/ros2_ws/install/serial_motor_demo_msgs/share/serial_motor_demo_msgs/cmake/serial_motor_demo_msgs__rosidl_typesupport_cExport.cmake
[0.919s] -- Up-to-date: /home/saiubuntu/ros2_ws/install/serial_motor_demo_msgs/share/serial_motor_demo_msgs/cmake/serial_motor_demo_msgs__rosidl_typesupport_cExport-noconfig.cmake
[0.929s] -- Up-to-date: /home/saiubuntu/ros2_ws/install/serial_motor_demo_msgs/share/serial_motor_demo_msgs/cmake/serial_motor_demo_msgs__rosidl_generator_cppExport.cmake
[0.930s] -- Up-to-date: /home/saiubuntu/ros2_ws/install/serial_motor_demo_msgs/share/serial_motor_demo_msgs/cmake/serial_motor_demo_msgs__rosidl_typesupport_introspection_cppExport.cmake
[0.930s] -- Up-to-date: /home/saiubuntu/ros2_ws/install/serial_motor_demo_msgs/share/serial_motor_demo_msgs/cmake/serial_motor_demo_msgs__rosidl_typesupport_introspection_cppExport-noconfig.cmake
[0.930s] -- Up-to-date: /home/saiubuntu/ros2_ws/install/serial_motor_demo_msgs/share/serial_motor_demo_msgs/cmake/serial_motor_demo_msgs__rosidl_typesupport_cppExport.cmake
[0.930s] -- Up-to-date: /home/saiubuntu/ros2_ws/install/serial_motor_demo_msgs/share/serial_motor_demo_msgs/cmake/serial_motor_demo_msgs__rosidl_typesupport_cppExport-noconfig.cmake
[0.931s] Invoked command in '/home/saiubuntu/ros2_ws/build/serial_motor_demo_msgs' returned '0': CMAKE_PREFIX_PATH=${CMAKE_PREFIX_PATH}:/home/saiubuntu/ros2_ws/install/serial_motor_demo:/home/saiubuntu/ros2_ws/install/my_robot:/home/saiubuntu/ros2_ws/install/joy_tester:/opt/ros/foxy /usr/bin/cmake --install /home/saiubuntu/ros2_ws/build/serial_motor_demo_msgs
