[0.185s] DEBUG:colcon:Command line arguments: ['/usr/bin/colcon', 'build', '--symlink-install']
[0.185s] DEBUG:colcon:Parsed command line arguments: Namespace(allow_overriding=[], ament_cmake_args=None, base_paths=['.'], build_base='build', catkin_cmake_args=None, catkin_skip_building_tests=False, cmake_args=None, cmake_clean_cache=False, cmake_clean_first=False, cmake_force_configure=False, cmake_target=None, cmake_target_skip_unavailable=False, continue_on_error=False, event_handlers=None, executor='parallel', ignore_user_meta=False, install_base='install', log_base=None, log_level=None, main=<bound method BuildVerb.main of <colcon_core.verb.build.BuildVerb object at 0x7f08a5035850>>, merge_install=False, metas=['./colcon.meta'], packages_above=None, packages_above_and_dependencies=None, packages_above_depth=None, packages_end=None, packages_ignore=None, packages_ignore_regex=None, packages_select=None, packages_select_build_failed=False, packages_select_by_dep=None, packages_select_regex=None, packages_select_test_failures=False, packages_skip=None, packages_skip_build_finished=False, packages_skip_by_dep=None, packages_skip_regex=None, packages_skip_test_passed=False, packages_skip_up_to=None, packages_start=None, packages_up_to=None, packages_up_to_regex=None, parallel_workers=8, paths=None, symlink_install=True, test_result_base=None, verb_extension=<colcon_core.verb.build.BuildVerb object at 0x7f08a5035850>, verb_name='build', verb_parser=<colcon_defaults.argument_parser.defaults.DefaultArgumentsDecorator object at 0x7f08a4eb27c0>)
[0.324s] Level 1:colcon.colcon_core.package_discovery:discover_packages(colcon_meta) check parameters
[0.324s] Level 1:colcon.colcon_core.package_discovery:discover_packages(recursive) check parameters
[0.324s] Level 1:colcon.colcon_core.package_discovery:discover_packages(ignore) check parameters
[0.324s] Level 1:colcon.colcon_core.package_discovery:discover_packages(path) check parameters
[0.324s] Level 1:colcon.colcon_core.package_discovery:discover_packages(colcon_meta) discover
[0.324s] Level 1:colcon.colcon_core.package_discovery:discover_packages(recursive) discover
[0.324s] INFO:colcon.colcon_core.package_discovery:Crawling recursively for packages in '/home/saiubuntu/ros2_ws'
[0.324s] Level 1:colcon.colcon_core.package_identification:_identify(.) by extensions ['ignore', 'ignore_ament_install']
[0.324s] Level 1:colcon.colcon_core.package_identification:_identify(.) by extension 'ignore'
[0.325s] Level 1:colcon.colcon_core.package_identification:_identify(.) by extension 'ignore_ament_install'
[0.325s] Level 1:colcon.colcon_core.package_identification:_identify(.) by extensions ['colcon_pkg']
[0.325s] Level 1:colcon.colcon_core.package_identification:_identify(.) by extension 'colcon_pkg'
[0.325s] Level 1:colcon.colcon_core.package_identification:_identify(.) by extensions ['colcon_meta']
[0.325s] Level 1:colcon.colcon_core.package_identification:_identify(.) by extension 'colcon_meta'
[0.325s] Level 1:colcon.colcon_core.package_identification:_identify(.) by extensions ['ros']
[0.325s] Level 1:colcon.colcon_core.package_identification:_identify(.) by extension 'ros'
[0.334s] Level 1:colcon.colcon_core.package_identification:_identify(.) by extensions ['cmake', 'python']
[0.334s] Level 1:colcon.colcon_core.package_identification:_identify(.) by extension 'cmake'
[0.334s] Level 1:colcon.colcon_core.package_identification:_identify(.) by extension 'python'
[0.335s] Level 1:colcon.colcon_core.package_identification:_identify(.) by extensions ['python_setup_py']
[0.335s] Level 1:colcon.colcon_core.package_identification:_identify(.) by extension 'python_setup_py'
[0.335s] Level 1:colcon.colcon_core.package_identification:_identify(build) by extensions ['ignore', 'ignore_ament_install']
[0.335s] Level 1:colcon.colcon_core.package_identification:_identify(build) by extension 'ignore'
[0.335s] Level 1:colcon.colcon_core.package_identification:_identify(build) ignored
[0.335s] Level 1:colcon.colcon_core.package_identification:_identify(install) by extensions ['ignore', 'ignore_ament_install']
[0.335s] Level 1:colcon.colcon_core.package_identification:_identify(install) by extension 'ignore'
[0.335s] Level 1:colcon.colcon_core.package_identification:_identify(install) ignored
[0.335s] Level 1:colcon.colcon_core.package_identification:_identify(log) by extensions ['ignore', 'ignore_ament_install']
[0.336s] Level 1:colcon.colcon_core.package_identification:_identify(log) by extension 'ignore'
[0.336s] Level 1:colcon.colcon_core.package_identification:_identify(log) ignored
[0.336s] Level 1:colcon.colcon_core.package_identification:_identify(src) by extensions ['ignore', 'ignore_ament_install']
[0.336s] Level 1:colcon.colcon_core.package_identification:_identify(src) by extension 'ignore'
[0.336s] Level 1:colcon.colcon_core.package_identification:_identify(src) by extension 'ignore_ament_install'
[0.336s] Level 1:colcon.colcon_core.package_identification:_identify(src) by extensions ['colcon_pkg']
[0.336s] Level 1:colcon.colcon_core.package_identification:_identify(src) by extension 'colcon_pkg'
[0.336s] Level 1:colcon.colcon_core.package_identification:_identify(src) by extensions ['colcon_meta']
[0.336s] Level 1:colcon.colcon_core.package_identification:_identify(src) by extension 'colcon_meta'
[0.336s] Level 1:colcon.colcon_core.package_identification:_identify(src) by extensions ['ros']
[0.336s] Level 1:colcon.colcon_core.package_identification:_identify(src) by extension 'ros'
[0.336s] Level 1:colcon.colcon_core.package_identification:_identify(src) by extensions ['cmake', 'python']
[0.336s] Level 1:colcon.colcon_core.package_identification:_identify(src) by extension 'cmake'
[0.336s] Level 1:colcon.colcon_core.package_identification:_identify(src) by extension 'python'
[0.336s] Level 1:colcon.colcon_core.package_identification:_identify(src) by extensions ['python_setup_py']
[0.336s] Level 1:colcon.colcon_core.package_identification:_identify(src) by extension 'python_setup_py'
[0.336s] Level 1:colcon.colcon_core.package_identification:_identify(src/my_bot) by extensions ['ignore', 'ignore_ament_install']
[0.337s] Level 1:colcon.colcon_core.package_identification:_identify(src/my_bot) by extension 'ignore'
[0.337s] Level 1:colcon.colcon_core.package_identification:_identify(src/my_bot) by extension 'ignore_ament_install'
[0.337s] Level 1:colcon.colcon_core.package_identification:_identify(src/my_bot) by extensions ['colcon_pkg']
[0.337s] Level 1:colcon.colcon_core.package_identification:_identify(src/my_bot) by extension 'colcon_pkg'
[0.337s] Level 1:colcon.colcon_core.package_identification:_identify(src/my_bot) by extensions ['colcon_meta']
[0.337s] Level 1:colcon.colcon_core.package_identification:_identify(src/my_bot) by extension 'colcon_meta'
[0.337s] Level 1:colcon.colcon_core.package_identification:_identify(src/my_bot) by extensions ['ros']
[0.337s] Level 1:colcon.colcon_core.package_identification:_identify(src/my_bot) by extension 'ros'
[0.340s] DEBUG:colcon.colcon_core.package_identification:Package 'src/my_bot' with type 'ros.ament_cmake' and name 'my_bot'
[0.340s] Level 1:colcon.colcon_core.package_identification:_identify(src/my_robot) by extensions ['ignore', 'ignore_ament_install']
[0.340s] Level 1:colcon.colcon_core.package_identification:_identify(src/my_robot) by extension 'ignore'
[0.340s] Level 1:colcon.colcon_core.package_identification:_identify(src/my_robot) by extension 'ignore_ament_install'
[0.340s] Level 1:colcon.colcon_core.package_identification:_identify(src/my_robot) by extensions ['colcon_pkg']
[0.340s] Level 1:colcon.colcon_core.package_identification:_identify(src/my_robot) by extension 'colcon_pkg'
[0.340s] Level 1:colcon.colcon_core.package_identification:_identify(src/my_robot) by extensions ['colcon_meta']
[0.340s] Level 1:colcon.colcon_core.package_identification:_identify(src/my_robot) by extension 'colcon_meta'
[0.341s] Level 1:colcon.colcon_core.package_identification:_identify(src/my_robot) by extensions ['ros']
[0.341s] Level 1:colcon.colcon_core.package_identification:_identify(src/my_robot) by extension 'ros'
[0.341s] DEBUG:colcon.colcon_core.package_identification:Package 'src/my_robot' with type 'ros.ament_python' and name 'my_robot'
[0.341s] Level 1:colcon.colcon_core.package_identification:_identify(src/sllidar_ros2) by extensions ['ignore', 'ignore_ament_install']
[0.341s] Level 1:colcon.colcon_core.package_identification:_identify(src/sllidar_ros2) by extension 'ignore'
[0.341s] Level 1:colcon.colcon_core.package_identification:_identify(src/sllidar_ros2) by extension 'ignore_ament_install'
[0.341s] Level 1:colcon.colcon_core.package_identification:_identify(src/sllidar_ros2) by extensions ['colcon_pkg']
[0.341s] Level 1:colcon.colcon_core.package_identification:_identify(src/sllidar_ros2) by extension 'colcon_pkg'
[0.342s] Level 1:colcon.colcon_core.package_identification:_identify(src/sllidar_ros2) by extensions ['colcon_meta']
[0.342s] Level 1:colcon.colcon_core.package_identification:_identify(src/sllidar_ros2) by extension 'colcon_meta'
[0.342s] Level 1:colcon.colcon_core.package_identification:_identify(src/sllidar_ros2) by extensions ['ros']
[0.342s] Level 1:colcon.colcon_core.package_identification:_identify(src/sllidar_ros2) by extension 'ros'
[0.342s] DEBUG:colcon.colcon_core.package_identification:Package 'src/sllidar_ros2' with type 'ros.ament_cmake' and name 'sllidar_ros2'
[0.342s] Level 1:colcon.colcon_core.package_discovery:discover_packages(recursive) using defaults
[0.342s] Level 1:colcon.colcon_core.package_discovery:discover_packages(ignore) discover
[0.342s] Level 1:colcon.colcon_core.package_discovery:discover_packages(ignore) using defaults
[0.342s] Level 1:colcon.colcon_core.package_discovery:discover_packages(path) discover
[0.342s] Level 1:colcon.colcon_core.package_discovery:discover_packages(path) using defaults
[0.357s] Level 1:colcon.colcon_core.package_discovery:discover_packages(prefix_path) check parameters
[0.357s] Level 1:colcon.colcon_core.package_discovery:discover_packages(prefix_path) discover
[0.358s] DEBUG:colcon.colcon_installed_package_information.package_discovery:Found 4 installed packages in /home/saiubuntu/ros2_ws/install
[0.360s] DEBUG:colcon.colcon_installed_package_information.package_discovery:Found 372 installed packages in /opt/ros/foxy
[0.362s] Level 1:colcon.colcon_core.package_discovery:discover_packages(prefix_path) using defaults
[0.440s] Level 5:colcon.colcon_core.verb:set package 'my_bot' build argument 'cmake_args' from command line to 'None'
[0.440s] Level 5:colcon.colcon_core.verb:set package 'my_bot' build argument 'cmake_target' from command line to 'None'
[0.440s] Level 5:colcon.colcon_core.verb:set package 'my_bot' build argument 'cmake_target_skip_unavailable' from command line to 'False'
[0.440s] Level 5:colcon.colcon_core.verb:set package 'my_bot' build argument 'cmake_clean_cache' from command line to 'False'
[0.440s] Level 5:colcon.colcon_core.verb:set package 'my_bot' build argument 'cmake_clean_first' from command line to 'False'
[0.441s] Level 5:colcon.colcon_core.verb:set package 'my_bot' build argument 'cmake_force_configure' from command line to 'False'
[0.441s] Level 5:colcon.colcon_core.verb:set package 'my_bot' build argument 'ament_cmake_args' from command line to 'None'
[0.441s] Level 5:colcon.colcon_core.verb:set package 'my_bot' build argument 'catkin_cmake_args' from command line to 'None'
[0.441s] Level 5:colcon.colcon_core.verb:set package 'my_bot' build argument 'catkin_skip_building_tests' from command line to 'False'
[0.441s] DEBUG:colcon.colcon_core.verb:Building package 'my_bot' with the following arguments: {'ament_cmake_args': None, 'build_base': '/home/saiubuntu/ros2_ws/build/my_bot', 'catkin_cmake_args': None, 'catkin_skip_building_tests': False, 'cmake_args': None, 'cmake_clean_cache': False, 'cmake_clean_first': False, 'cmake_force_configure': False, 'cmake_target': None, 'cmake_target_skip_unavailable': False, 'install_base': '/home/saiubuntu/ros2_ws/install/my_bot', 'merge_install': False, 'path': '/home/saiubuntu/ros2_ws/src/my_bot', 'symlink_install': True, 'test_result_base': None}
[0.441s] Level 5:colcon.colcon_core.verb:set package 'my_robot' build argument 'cmake_args' from command line to 'None'
[0.441s] Level 5:colcon.colcon_core.verb:set package 'my_robot' build argument 'cmake_target' from command line to 'None'
[0.441s] Level 5:colcon.colcon_core.verb:set package 'my_robot' build argument 'cmake_target_skip_unavailable' from command line to 'False'
[0.441s] Level 5:colcon.colcon_core.verb:set package 'my_robot' build argument 'cmake_clean_cache' from command line to 'False'
[0.441s] Level 5:colcon.colcon_core.verb:set package 'my_robot' build argument 'cmake_clean_first' from command line to 'False'
[0.441s] Level 5:colcon.colcon_core.verb:set package 'my_robot' build argument 'cmake_force_configure' from command line to 'False'
[0.441s] Level 5:colcon.colcon_core.verb:set package 'my_robot' build argument 'ament_cmake_args' from command line to 'None'
[0.441s] Level 5:colcon.colcon_core.verb:set package 'my_robot' build argument 'catkin_cmake_args' from command line to 'None'
[0.441s] Level 5:colcon.colcon_core.verb:set package 'my_robot' build argument 'catkin_skip_building_tests' from command line to 'False'
[0.441s] DEBUG:colcon.colcon_core.verb:Building package 'my_robot' with the following arguments: {'ament_cmake_args': None, 'build_base': '/home/saiubuntu/ros2_ws/build/my_robot', 'catkin_cmake_args': None, 'catkin_skip_building_tests': False, 'cmake_args': None, 'cmake_clean_cache': False, 'cmake_clean_first': False, 'cmake_force_configure': False, 'cmake_target': None, 'cmake_target_skip_unavailable': False, 'install_base': '/home/saiubuntu/ros2_ws/install/my_robot', 'merge_install': False, 'path': '/home/saiubuntu/ros2_ws/src/my_robot', 'symlink_install': True, 'test_result_base': None}
[0.442s] Level 5:colcon.colcon_core.verb:set package 'sllidar_ros2' build argument 'cmake_args' from command line to 'None'
[0.442s] Level 5:colcon.colcon_core.verb:set package 'sllidar_ros2' build argument 'cmake_target' from command line to 'None'
[0.442s] Level 5:colcon.colcon_core.verb:set package 'sllidar_ros2' build argument 'cmake_target_skip_unavailable' from command line to 'False'
[0.442s] Level 5:colcon.colcon_core.verb:set package 'sllidar_ros2' build argument 'cmake_clean_cache' from command line to 'False'
[0.442s] Level 5:colcon.colcon_core.verb:set package 'sllidar_ros2' build argument 'cmake_clean_first' from command line to 'False'
[0.442s] Level 5:colcon.colcon_core.verb:set package 'sllidar_ros2' build argument 'cmake_force_configure' from command line to 'False'
[0.442s] Level 5:colcon.colcon_core.verb:set package 'sllidar_ros2' build argument 'ament_cmake_args' from command line to 'None'
[0.442s] Level 5:colcon.colcon_core.verb:set package 'sllidar_ros2' build argument 'catkin_cmake_args' from command line to 'None'
[0.442s] Level 5:colcon.colcon_core.verb:set package 'sllidar_ros2' build argument 'catkin_skip_building_tests' from command line to 'False'
[0.442s] DEBUG:colcon.colcon_core.verb:Building package 'sllidar_ros2' with the following arguments: {'ament_cmake_args': None, 'build_base': '/home/saiubuntu/ros2_ws/build/sllidar_ros2', 'catkin_cmake_args': None, 'catkin_skip_building_tests': False, 'cmake_args': None, 'cmake_clean_cache': False, 'cmake_clean_first': False, 'cmake_force_configure': False, 'cmake_target': None, 'cmake_target_skip_unavailable': False, 'install_base': '/home/saiubuntu/ros2_ws/install/sllidar_ros2', 'merge_install': False, 'path': '/home/saiubuntu/ros2_ws/src/sllidar_ros2', 'symlink_install': True, 'test_result_base': None}
[0.442s] INFO:colcon.colcon_core.executor:Executing jobs using 'parallel' executor
[0.443s] DEBUG:colcon.colcon_parallel_executor.executor.parallel:run_until_complete
[0.443s] INFO:colcon.colcon_ros.task.ament_cmake.build:Building ROS package in '/home/saiubuntu/ros2_ws/src/my_bot' with build type 'ament_cmake'
[0.444s] INFO:colcon.colcon_cmake.task.cmake.build:Building CMake package in '/home/saiubuntu/ros2_ws/src/my_bot'
[0.446s] INFO:colcon.colcon_core.plugin_system:Skipping extension 'colcon_core.shell.bat': Not used on non-Windows systems
[0.446s] INFO:colcon.colcon_core.shell:Skip shell extension 'powershell' for command environment: Not usable outside of PowerShell
[0.446s] DEBUG:colcon.colcon_core.shell:Skip shell extension 'dsv' for command environment
[0.451s] INFO:colcon.colcon_ros.task.ament_python.build:Building ROS package in '/home/saiubuntu/ros2_ws/src/my_robot' with build type 'ament_python'
[0.452s] Level 1:colcon.colcon_core.shell:create_environment_hook('my_robot', 'ament_prefix_path')
[0.452s] INFO:colcon.colcon_core.shell:Creating environment hook '/home/saiubuntu/ros2_ws/install/my_robot/share/my_robot/hook/ament_prefix_path.ps1'
[0.454s] INFO:colcon.colcon_core.shell:Creating environment descriptor '/home/saiubuntu/ros2_ws/install/my_robot/share/my_robot/hook/ament_prefix_path.dsv'
[0.454s] INFO:colcon.colcon_core.shell:Creating environment hook '/home/saiubuntu/ros2_ws/install/my_robot/share/my_robot/hook/ament_prefix_path.sh'
[0.455s] INFO:colcon.colcon_core.shell:Skip shell extension 'powershell' for command environment: Not usable outside of PowerShell
[0.455s] DEBUG:colcon.colcon_core.shell:Skip shell extension 'dsv' for command environment
[0.460s] INFO:colcon.colcon_ros.task.ament_cmake.build:Building ROS package in '/home/saiubuntu/ros2_ws/src/sllidar_ros2' with build type 'ament_cmake'
[0.461s] INFO:colcon.colcon_cmake.task.cmake.build:Building CMake package in '/home/saiubuntu/ros2_ws/src/sllidar_ros2'
[0.462s] INFO:colcon.colcon_core.shell:Skip shell extension 'powershell' for command environment: Not usable outside of PowerShell
[0.462s] DEBUG:colcon.colcon_core.shell:Skip shell extension 'dsv' for command environment
[0.476s] DEBUG:colcon.colcon_core.event_handler.log_command:Invoking command in '/home/saiubuntu/ros2_ws/build/my_bot': CMAKE_PREFIX_PATH=${CMAKE_PREFIX_PATH}:/home/saiubuntu/ros2_ws/install/my_robot:/opt/ros/foxy /usr/bin/cmake --build /home/saiubuntu/ros2_ws/build/my_bot -- -j8 -l8
[0.687s] INFO:colcon.colcon_core.task.python.build:Building Python package in '/home/saiubuntu/ros2_ws/src/my_robot'
[0.688s] INFO:colcon.colcon_core.shell:Skip shell extension 'powershell' for command environment: Not usable outside of PowerShell
[0.688s] DEBUG:colcon.colcon_core.shell:Skip shell extension 'dsv' for command environment
[0.699s] DEBUG:colcon.colcon_core.event_handler.log_command:Invoking command in '/home/saiubuntu/ros2_ws/build/sllidar_ros2': CMAKE_PREFIX_PATH=${CMAKE_PREFIX_PATH}:/home/saiubuntu/ros2_ws/install/my_robot:/opt/ros/foxy /usr/bin/cmake --build /home/saiubuntu/ros2_ws/build/sllidar_ros2 -- -j8 -l8
[0.701s] DEBUG:colcon.colcon_core.event_handler.log_command:Invoked command in '/home/saiubuntu/ros2_ws/build/my_bot' returned '0': CMAKE_PREFIX_PATH=${CMAKE_PREFIX_PATH}:/home/saiubuntu/ros2_ws/install/my_robot:/opt/ros/foxy /usr/bin/cmake --build /home/saiubuntu/ros2_ws/build/my_bot -- -j8 -l8
[0.734s] DEBUG:colcon.colcon_core.event_handler.log_command:Invoking command in '/home/saiubuntu/ros2_ws/build/my_bot': CMAKE_PREFIX_PATH=${CMAKE_PREFIX_PATH}:/home/saiubuntu/ros2_ws/install/my_robot:/opt/ros/foxy /usr/bin/cmake --install /home/saiubuntu/ros2_ws/build/my_bot
[0.765s] Level 1:colcon.colcon_core.environment:create_environment_scripts_only(my_bot)
[0.766s] DEBUG:colcon.colcon_core.event_handler.log_command:Invoked command in '/home/saiubuntu/ros2_ws/build/my_bot' returned '0': CMAKE_PREFIX_PATH=${CMAKE_PREFIX_PATH}:/home/saiubuntu/ros2_ws/install/my_robot:/opt/ros/foxy /usr/bin/cmake --install /home/saiubuntu/ros2_ws/build/my_bot
[0.769s] Level 1:colcon.colcon_core.environment:checking '/home/saiubuntu/ros2_ws/install/my_bot' for CMake module files
[0.770s] Level 1:colcon.colcon_core.environment:checking '/home/saiubuntu/ros2_ws/install/my_bot' for CMake config files
[0.771s] Level 1:colcon.colcon_core.shell:create_environment_hook('my_bot', 'cmake_prefix_path')
[0.771s] INFO:colcon.colcon_core.shell:Creating environment hook '/home/saiubuntu/ros2_ws/install/my_bot/share/my_bot/hook/cmake_prefix_path.ps1'
[0.772s] INFO:colcon.colcon_core.shell:Creating environment descriptor '/home/saiubuntu/ros2_ws/install/my_bot/share/my_bot/hook/cmake_prefix_path.dsv'
[0.772s] INFO:colcon.colcon_core.shell:Creating environment hook '/home/saiubuntu/ros2_ws/install/my_bot/share/my_bot/hook/cmake_prefix_path.sh'
[0.773s] Level 1:colcon.colcon_core.environment:checking '/home/saiubuntu/ros2_ws/install/my_bot/bin'
[0.773s] Level 1:colcon.colcon_core.environment:checking '/home/saiubuntu/ros2_ws/install/my_bot/lib/pkgconfig/my_bot.pc'
[0.773s] Level 1:colcon.colcon_core.environment:checking '/home/saiubuntu/ros2_ws/install/my_bot/lib/python3.8/site-packages'
[0.773s] Level 1:colcon.colcon_core.environment:checking '/home/saiubuntu/ros2_ws/install/my_bot/bin'
[0.773s] INFO:colcon.colcon_core.shell:Creating package script '/home/saiubuntu/ros2_ws/install/my_bot/share/my_bot/package.ps1'
[0.774s] INFO:colcon.colcon_core.shell:Creating package descriptor '/home/saiubuntu/ros2_ws/install/my_bot/share/my_bot/package.dsv'
[0.775s] INFO:colcon.colcon_core.shell:Creating package script '/home/saiubuntu/ros2_ws/install/my_bot/share/my_bot/package.sh'
[0.775s] INFO:colcon.colcon_core.shell:Creating package script '/home/saiubuntu/ros2_ws/install/my_bot/share/my_bot/package.bash'
[0.776s] INFO:colcon.colcon_core.shell:Creating package script '/home/saiubuntu/ros2_ws/install/my_bot/share/my_bot/package.zsh'
[0.776s] Level 1:colcon.colcon_core.environment:create_file_with_runtime_dependencies(/home/saiubuntu/ros2_ws/install/my_bot/share/colcon-core/packages/my_bot)
[0.782s] DEBUG:colcon.colcon_core.event_handler.log_command:Invoked command in '/home/saiubuntu/ros2_ws/build/sllidar_ros2' returned '0': CMAKE_PREFIX_PATH=${CMAKE_PREFIX_PATH}:/home/saiubuntu/ros2_ws/install/my_robot:/opt/ros/foxy /usr/bin/cmake --build /home/saiubuntu/ros2_ws/build/sllidar_ros2 -- -j8 -l8
[0.798s] Level 1:colcon.colcon_core.environment:create_environment_scripts_only(my_bot)
[0.798s] Level 1:colcon.colcon_core.environment:checking '/home/saiubuntu/ros2_ws/install/my_bot' for CMake module files
[0.798s] Level 1:colcon.colcon_core.environment:checking '/home/saiubuntu/ros2_ws/install/my_bot' for CMake config files
[0.799s] Level 1:colcon.colcon_core.shell:create_environment_hook('my_bot', 'cmake_prefix_path')
[0.799s] INFO:colcon.colcon_core.shell:Creating environment hook '/home/saiubuntu/ros2_ws/install/my_bot/share/my_bot/hook/cmake_prefix_path.ps1'
[0.800s] INFO:colcon.colcon_core.shell:Creating environment descriptor '/home/saiubuntu/ros2_ws/install/my_bot/share/my_bot/hook/cmake_prefix_path.dsv'
[0.800s] INFO:colcon.colcon_core.shell:Creating environment hook '/home/saiubuntu/ros2_ws/install/my_bot/share/my_bot/hook/cmake_prefix_path.sh'
[0.800s] Level 1:colcon.colcon_core.environment:checking '/home/saiubuntu/ros2_ws/install/my_bot/bin'
[0.800s] Level 1:colcon.colcon_core.environment:checking '/home/saiubuntu/ros2_ws/install/my_bot/lib/pkgconfig/my_bot.pc'
[0.801s] Level 1:colcon.colcon_core.environment:checking '/home/saiubuntu/ros2_ws/install/my_bot/lib/python3.8/site-packages'
[0.801s] Level 1:colcon.colcon_core.environment:checking '/home/saiubuntu/ros2_ws/install/my_bot/bin'
[0.801s] INFO:colcon.colcon_core.shell:Creating package script '/home/saiubuntu/ros2_ws/install/my_bot/share/my_bot/package.ps1'
[0.802s] INFO:colcon.colcon_core.shell:Creating package descriptor '/home/saiubuntu/ros2_ws/install/my_bot/share/my_bot/package.dsv'
[0.802s] INFO:colcon.colcon_core.shell:Creating package script '/home/saiubuntu/ros2_ws/install/my_bot/share/my_bot/package.sh'
[0.802s] INFO:colcon.colcon_core.shell:Creating package script '/home/saiubuntu/ros2_ws/install/my_bot/share/my_bot/package.bash'
[0.803s] INFO:colcon.colcon_core.shell:Creating package script '/home/saiubuntu/ros2_ws/install/my_bot/share/my_bot/package.zsh'
[0.803s] Level 1:colcon.colcon_core.environment:create_file_with_runtime_dependencies(/home/saiubuntu/ros2_ws/install/my_bot/share/colcon-core/packages/my_bot)
[0.836s] DEBUG:colcon.colcon_core.event_handler.log_command:Invoking command in '/home/saiubuntu/ros2_ws/build/sllidar_ros2': CMAKE_PREFIX_PATH=${CMAKE_PREFIX_PATH}:/home/saiubuntu/ros2_ws/install/my_robot:/opt/ros/foxy /usr/bin/cmake --install /home/saiubuntu/ros2_ws/build/sllidar_ros2
[0.865s] Level 1:colcon.colcon_core.environment:create_environment_scripts_only(sllidar_ros2)
[0.866s] Level 1:colcon.colcon_core.environment:checking '/home/saiubuntu/ros2_ws/install/sllidar_ros2' for CMake module files
[0.867s] DEBUG:colcon.colcon_core.event_handler.log_command:Invoked command in '/home/saiubuntu/ros2_ws/build/sllidar_ros2' returned '0': CMAKE_PREFIX_PATH=${CMAKE_PREFIX_PATH}:/home/saiubuntu/ros2_ws/install/my_robot:/opt/ros/foxy /usr/bin/cmake --install /home/saiubuntu/ros2_ws/build/sllidar_ros2
[0.867s] Level 1:colcon.colcon_core.environment:checking '/home/saiubuntu/ros2_ws/install/sllidar_ros2' for CMake config files
[0.868s] Level 1:colcon.colcon_core.shell:create_environment_hook('sllidar_ros2', 'cmake_prefix_path')
[0.868s] INFO:colcon.colcon_core.shell:Creating environment hook '/home/saiubuntu/ros2_ws/install/sllidar_ros2/share/sllidar_ros2/hook/cmake_prefix_path.ps1'
[0.869s] INFO:colcon.colcon_core.shell:Creating environment descriptor '/home/saiubuntu/ros2_ws/install/sllidar_ros2/share/sllidar_ros2/hook/cmake_prefix_path.dsv'
[0.869s] INFO:colcon.colcon_core.shell:Creating environment hook '/home/saiubuntu/ros2_ws/install/sllidar_ros2/share/sllidar_ros2/hook/cmake_prefix_path.sh'
[0.870s] Level 1:colcon.colcon_core.environment:checking '/home/saiubuntu/ros2_ws/install/sllidar_ros2/lib'
[0.870s] Level 1:colcon.colcon_core.environment:checking '/home/saiubuntu/ros2_ws/install/sllidar_ros2/bin'
[0.870s] Level 1:colcon.colcon_core.environment:checking '/home/saiubuntu/ros2_ws/install/sllidar_ros2/lib/pkgconfig/sllidar_ros2.pc'
[0.871s] Level 1:colcon.colcon_core.environment:checking '/home/saiubuntu/ros2_ws/install/sllidar_ros2/lib/python3.8/site-packages'
[0.871s] Level 1:colcon.colcon_core.environment:checking '/home/saiubuntu/ros2_ws/install/sllidar_ros2/bin'
[0.872s] INFO:colcon.colcon_core.shell:Creating package script '/home/saiubuntu/ros2_ws/install/sllidar_ros2/share/sllidar_ros2/package.ps1'
[0.872s] INFO:colcon.colcon_core.shell:Creating package descriptor '/home/saiubuntu/ros2_ws/install/sllidar_ros2/share/sllidar_ros2/package.dsv'
[0.873s] INFO:colcon.colcon_core.shell:Creating package script '/home/saiubuntu/ros2_ws/install/sllidar_ros2/share/sllidar_ros2/package.sh'
[0.873s] INFO:colcon.colcon_core.shell:Creating package script '/home/saiubuntu/ros2_ws/install/sllidar_ros2/share/sllidar_ros2/package.bash'
[0.873s] INFO:colcon.colcon_core.shell:Creating package script '/home/saiubuntu/ros2_ws/install/sllidar_ros2/share/sllidar_ros2/package.zsh'
[0.874s] Level 1:colcon.colcon_core.environment:create_file_with_runtime_dependencies(/home/saiubuntu/ros2_ws/install/sllidar_ros2/share/colcon-core/packages/sllidar_ros2)
[0.924s] Level 1:colcon.colcon_core.environment:create_environment_scripts_only(sllidar_ros2)
[0.925s] Level 1:colcon.colcon_core.environment:checking '/home/saiubuntu/ros2_ws/install/sllidar_ros2' for CMake module files
[0.925s] Level 1:colcon.colcon_core.environment:checking '/home/saiubuntu/ros2_ws/install/sllidar_ros2' for CMake config files
[0.925s] Level 1:colcon.colcon_core.shell:create_environment_hook('sllidar_ros2', 'cmake_prefix_path')
[0.926s] INFO:colcon.colcon_core.shell:Creating environment hook '/home/saiubuntu/ros2_ws/install/sllidar_ros2/share/sllidar_ros2/hook/cmake_prefix_path.ps1'
[0.926s] INFO:colcon.colcon_core.shell:Creating environment descriptor '/home/saiubuntu/ros2_ws/install/sllidar_ros2/share/sllidar_ros2/hook/cmake_prefix_path.dsv'
[0.926s] INFO:colcon.colcon_core.shell:Creating environment hook '/home/saiubuntu/ros2_ws/install/sllidar_ros2/share/sllidar_ros2/hook/cmake_prefix_path.sh'
[0.927s] Level 1:colcon.colcon_core.environment:checking '/home/saiubuntu/ros2_ws/install/sllidar_ros2/lib'
[0.927s] Level 1:colcon.colcon_core.environment:checking '/home/saiubuntu/ros2_ws/install/sllidar_ros2/bin'
[0.927s] Level 1:colcon.colcon_core.environment:checking '/home/saiubuntu/ros2_ws/install/sllidar_ros2/lib/pkgconfig/sllidar_ros2.pc'
[0.927s] Level 1:colcon.colcon_core.environment:checking '/home/saiubuntu/ros2_ws/install/sllidar_ros2/lib/python3.8/site-packages'
[0.928s] Level 1:colcon.colcon_core.environment:checking '/home/saiubuntu/ros2_ws/install/sllidar_ros2/bin'
[0.928s] INFO:colcon.colcon_core.shell:Creating package script '/home/saiubuntu/ros2_ws/install/sllidar_ros2/share/sllidar_ros2/package.ps1'
[0.928s] INFO:colcon.colcon_core.shell:Creating package descriptor '/home/saiubuntu/ros2_ws/install/sllidar_ros2/share/sllidar_ros2/package.dsv'
[0.929s] INFO:colcon.colcon_core.shell:Creating package script '/home/saiubuntu/ros2_ws/install/sllidar_ros2/share/sllidar_ros2/package.sh'
[0.929s] INFO:colcon.colcon_core.shell:Creating package script '/home/saiubuntu/ros2_ws/install/sllidar_ros2/share/sllidar_ros2/package.bash'
[0.929s] INFO:colcon.colcon_core.shell:Creating package script '/home/saiubuntu/ros2_ws/install/sllidar_ros2/share/sllidar_ros2/package.zsh'
[0.930s] Level 1:colcon.colcon_core.environment:create_file_with_runtime_dependencies(/home/saiubuntu/ros2_ws/install/sllidar_ros2/share/colcon-core/packages/sllidar_ros2)
[1.082s] DEBUG:colcon.colcon_core.event_handler.log_command:Invoking command in '/home/saiubuntu/ros2_ws/build/my_robot': PYTHONPATH=/home/saiubuntu/ros2_ws/build/my_robot/prefix_override:/home/saiubuntu/ros2_ws/install/my_robot/lib/python3.8/site-packages:${PYTHONPATH} /usr/bin/python3 -W ignore:setup.py install is deprecated setup.py develop --editable --build-directory /home/saiubuntu/ros2_ws/build/my_robot/build --no-deps symlink_data
[1.515s] Level 1:colcon.colcon_core.shell:create_environment_hook('my_robot', 'pythonpath_develop')
[1.516s] INFO:colcon.colcon_core.shell:Creating environment hook '/home/saiubuntu/ros2_ws/build/my_robot/share/my_robot/hook/pythonpath_develop.ps1'
[1.516s] DEBUG:colcon.colcon_core.event_handler.log_command:Invoked command in '/home/saiubuntu/ros2_ws/build/my_robot' returned '0': PYTHONPATH=/home/saiubuntu/ros2_ws/build/my_robot/prefix_override:/home/saiubuntu/ros2_ws/install/my_robot/lib/python3.8/site-packages:${PYTHONPATH} /usr/bin/python3 -W ignore:setup.py install is deprecated setup.py develop --editable --build-directory /home/saiubuntu/ros2_ws/build/my_robot/build --no-deps symlink_data
[1.517s] INFO:colcon.colcon_core.shell:Creating environment descriptor '/home/saiubuntu/ros2_ws/build/my_robot/share/my_robot/hook/pythonpath_develop.dsv'
[1.517s] INFO:colcon.colcon_core.shell:Creating environment hook '/home/saiubuntu/ros2_ws/build/my_robot/share/my_robot/hook/pythonpath_develop.sh'
[1.518s] Level 1:colcon.colcon_core.environment:checking '/home/saiubuntu/ros2_ws/install/my_robot' for CMake module files
[1.518s] Level 1:colcon.colcon_core.environment:checking '/home/saiubuntu/ros2_ws/install/my_robot' for CMake config files
[1.519s] Level 1:colcon.colcon_core.environment:checking '/home/saiubuntu/ros2_ws/install/my_robot/lib'
[1.519s] Level 1:colcon.colcon_core.environment:checking '/home/saiubuntu/ros2_ws/install/my_robot/bin'
[1.519s] Level 1:colcon.colcon_core.environment:checking '/home/saiubuntu/ros2_ws/install/my_robot/lib/pkgconfig/my_robot.pc'
[1.519s] Level 1:colcon.colcon_core.environment:checking '/home/saiubuntu/ros2_ws/install/my_robot/lib/python3.8/site-packages'
[1.519s] Level 1:colcon.colcon_core.shell:create_environment_hook('my_robot', 'pythonpath')
[1.519s] INFO:colcon.colcon_core.shell:Creating environment hook '/home/saiubuntu/ros2_ws/install/my_robot/share/my_robot/hook/pythonpath.ps1'
[1.520s] INFO:colcon.colcon_core.shell:Creating environment descriptor '/home/saiubuntu/ros2_ws/install/my_robot/share/my_robot/hook/pythonpath.dsv'
[1.520s] INFO:colcon.colcon_core.shell:Creating environment hook '/home/saiubuntu/ros2_ws/install/my_robot/share/my_robot/hook/pythonpath.sh'
[1.520s] Level 1:colcon.colcon_core.environment:checking '/home/saiubuntu/ros2_ws/install/my_robot/bin'
[1.520s] Level 1:colcon.colcon_core.environment:create_environment_scripts_only(my_robot)
[1.521s] INFO:colcon.colcon_core.shell:Creating package script '/home/saiubuntu/ros2_ws/install/my_robot/share/my_robot/package.ps1'
[1.521s] INFO:colcon.colcon_core.shell:Creating package descriptor '/home/saiubuntu/ros2_ws/install/my_robot/share/my_robot/package.dsv'
[1.522s] INFO:colcon.colcon_core.shell:Creating package script '/home/saiubuntu/ros2_ws/install/my_robot/share/my_robot/package.sh'
[1.522s] INFO:colcon.colcon_core.shell:Creating package script '/home/saiubuntu/ros2_ws/install/my_robot/share/my_robot/package.bash'
[1.522s] INFO:colcon.colcon_core.shell:Creating package script '/home/saiubuntu/ros2_ws/install/my_robot/share/my_robot/package.zsh'
[1.523s] Level 1:colcon.colcon_core.environment:create_file_with_runtime_dependencies(/home/saiubuntu/ros2_ws/install/my_robot/share/colcon-core/packages/my_robot)
[1.523s] DEBUG:colcon.colcon_parallel_executor.executor.parallel:closing loop
[1.523s] DEBUG:colcon.colcon_parallel_executor.executor.parallel:loop closed
[1.523s] DEBUG:colcon.colcon_parallel_executor.executor.parallel:run_until_complete finished with '0'
[1.523s] DEBUG:colcon.colcon_core.event_reactor:joining thread
[1.529s] INFO:colcon.colcon_core.plugin_system:Skipping extension 'colcon_notification.desktop_notification.terminal_notifier': Not used on non-Darwin systems
[1.529s] INFO:colcon.colcon_core.plugin_system:Skipping extension 'colcon_notification.desktop_notification.win32': Not used on non-Windows systems
[1.529s] INFO:colcon.colcon_notification.desktop_notification:Sending desktop notification using 'notify2'
[1.544s] DEBUG:colcon.colcon_core.event_reactor:joined thread
[1.545s] INFO:colcon.colcon_core.shell:Creating prefix script '/home/saiubuntu/ros2_ws/install/local_setup.ps1'
[1.545s] INFO:colcon.colcon_core.shell:Creating prefix util module '/home/saiubuntu/ros2_ws/install/_local_setup_util_ps1.py'
[1.547s] INFO:colcon.colcon_core.shell:Creating prefix chain script '/home/saiubuntu/ros2_ws/install/setup.ps1'
[1.548s] INFO:colcon.colcon_core.shell:Creating prefix script '/home/saiubuntu/ros2_ws/install/local_setup.sh'
[1.549s] INFO:colcon.colcon_core.shell:Creating prefix util module '/home/saiubuntu/ros2_ws/install/_local_setup_util_sh.py'
[1.550s] INFO:colcon.colcon_core.shell:Creating prefix chain script '/home/saiubuntu/ros2_ws/install/setup.sh'
[1.551s] INFO:colcon.colcon_core.shell:Creating prefix script '/home/saiubuntu/ros2_ws/install/local_setup.bash'
[1.552s] INFO:colcon.colcon_core.shell:Creating prefix chain script '/home/saiubuntu/ros2_ws/install/setup.bash'
[1.553s] INFO:colcon.colcon_core.shell:Creating prefix script '/home/saiubuntu/ros2_ws/install/local_setup.zsh'
[1.553s] INFO:colcon.colcon_core.shell:Creating prefix chain script '/home/saiubuntu/ros2_ws/install/setup.zsh'
