[0.683s] Invoking command in '/home/saiubuntu/ros2_ws/build/serial_motor_demo': CMAKE_PREFIX_PATH=/home/saiubuntu/ros2_ws/install/serial_motor_demo_msgs:/home/saiubuntu/ros2_ws/install/sllidar_ros2:/home/saiubuntu/ros2_ws/install/my_bot PYTHONPATH=/home/saiubuntu/ros2_ws/build/serial_motor_demo/prefix_override:/home/saiubuntu/ros2_ws/install/serial_motor_demo/lib/python3.8/site-packages:/home/saiubuntu/ros2_ws/install/serial_motor_demo_msgs/lib/python3.8/site-packages:/home/saiubuntu/ros2_ws/build/serial_motor_demo:/home/saiubuntu/ros2_ws/install/serial_motor_demo/lib/python3.8/site-packages:/home/saiubuntu/ros2_ws/build/my_robot:/home/saiubuntu/ros2_ws/install/my_robot/lib/python3.8/site-packages:/home/saiubuntu/ros2_ws/build/joy_tester:/home/saiubuntu/ros2_ws/install/joy_tester/lib/python3.8/site-packages:/opt/ros/foxy/lib/python3.8/site-packages /usr/bin/python3 -W ignore:setup.py install is deprecated setup.py develop --uninstall --editable --build-directory /home/saiubuntu/ros2_ws/build/serial_motor_demo/build
[0.941s] running develop
[1.078s] Removing /home/saiubuntu/ros2_ws/install/serial_motor_demo/lib/python3.8/site-packages/serial-motor-demo.egg-link (link to .)
[1.106s] Invoked command in '/home/saiubuntu/ros2_ws/build/serial_motor_demo' returned '0': CMAKE_PREFIX_PATH=/home/saiubuntu/ros2_ws/install/serial_motor_demo_msgs:/home/saiubuntu/ros2_ws/install/sllidar_ros2:/home/saiubuntu/ros2_ws/install/my_bot PYTHONPATH=/home/saiubuntu/ros2_ws/build/serial_motor_demo/prefix_override:/home/saiubuntu/ros2_ws/install/serial_motor_demo/lib/python3.8/site-packages:/home/saiubuntu/ros2_ws/install/serial_motor_demo_msgs/lib/python3.8/site-packages:/home/saiubuntu/ros2_ws/build/serial_motor_demo:/home/saiubuntu/ros2_ws/install/serial_motor_demo/lib/python3.8/site-packages:/home/saiubuntu/ros2_ws/build/my_robot:/home/saiubuntu/ros2_ws/install/my_robot/lib/python3.8/site-packages:/home/saiubuntu/ros2_ws/build/joy_tester:/home/saiubuntu/ros2_ws/install/joy_tester/lib/python3.8/site-packages:/opt/ros/foxy/lib/python3.8/site-packages /usr/bin/python3 -W ignore:setup.py install is deprecated setup.py develop --uninstall --editable --build-directory /home/saiubuntu/ros2_ws/build/serial_motor_demo/build
[1.107s] Invoking command in '/home/saiubuntu/ros2_ws/src/serial_motor_demo/serial_motor_demo': CMAKE_PREFIX_PATH=/home/saiubuntu/ros2_ws/install/serial_motor_demo_msgs:/home/saiubuntu/ros2_ws/install/sllidar_ros2:/home/saiubuntu/ros2_ws/install/my_bot PYTHONPATH=/home/saiubuntu/ros2_ws/build/serial_motor_demo/prefix_override:/home/saiubuntu/ros2_ws/install/serial_motor_demo/lib/python3.8/site-packages:/home/saiubuntu/ros2_ws/install/serial_motor_demo_msgs/lib/python3.8/site-packages:/home/saiubuntu/ros2_ws/build/serial_motor_demo:/home/saiubuntu/ros2_ws/install/serial_motor_demo/lib/python3.8/site-packages:/home/saiubuntu/ros2_ws/build/my_robot:/home/saiubuntu/ros2_ws/install/my_robot/lib/python3.8/site-packages:/home/saiubuntu/ros2_ws/build/joy_tester:/home/saiubuntu/ros2_ws/install/joy_tester/lib/python3.8/site-packages:/opt/ros/foxy/lib/python3.8/site-packages /usr/bin/python3 -W ignore:setup.py install is deprecated setup.py egg_info --egg-base ../../../build/serial_motor_demo build --build-base /home/saiubuntu/ros2_ws/build/serial_motor_demo/build install --record /home/saiubuntu/ros2_ws/build/serial_motor_demo/install.log --install-scripts $base/lib/serial_motor_demo --single-version-externally-managed install_data --force
[1.339s] running egg_info
[1.340s] writing ../../../build/serial_motor_demo/serial_motor_demo.egg-info/PKG-INFO
[1.340s] writing dependency_links to ../../../build/serial_motor_demo/serial_motor_demo.egg-info/dependency_links.txt
[1.340s] writing entry points to ../../../build/serial_motor_demo/serial_motor_demo.egg-info/entry_points.txt
[1.340s] writing requirements to ../../../build/serial_motor_demo/serial_motor_demo.egg-info/requires.txt
[1.340s] writing top-level names to ../../../build/serial_motor_demo/serial_motor_demo.egg-info/top_level.txt
[1.378s] reading manifest file '../../../build/serial_motor_demo/serial_motor_demo.egg-info/SOURCES.txt'
[1.378s] writing manifest file '../../../build/serial_motor_demo/serial_motor_demo.egg-info/SOURCES.txt'
[1.378s] running build
[1.379s] running build_py
[1.379s] creating /home/saiubuntu/ros2_ws/build/serial_motor_demo/build
[1.379s] creating /home/saiubuntu/ros2_ws/build/serial_motor_demo/build/lib
[1.379s] creating /home/saiubuntu/ros2_ws/build/serial_motor_demo/build/lib/serial_motor_demo
[1.379s] copying serial_motor_demo/__init__.py -> /home/saiubuntu/ros2_ws/build/serial_motor_demo/build/lib/serial_motor_demo
[1.379s] copying serial_motor_demo/gui.py -> /home/saiubuntu/ros2_ws/build/serial_motor_demo/build/lib/serial_motor_demo
[1.379s] copying serial_motor_demo/driver.py -> /home/saiubuntu/ros2_ws/build/serial_motor_demo/build/lib/serial_motor_demo
[1.379s] running install
[1.380s] running install_lib
[1.381s] creating /home/saiubuntu/ros2_ws/install/serial_motor_demo/lib/python3.8/site-packages/serial_motor_demo
[1.381s] copying /home/saiubuntu/ros2_ws/build/serial_motor_demo/build/lib/serial_motor_demo/__init__.py -> /home/saiubuntu/ros2_ws/install/serial_motor_demo/lib/python3.8/site-packages/serial_motor_demo
[1.381s] copying /home/saiubuntu/ros2_ws/build/serial_motor_demo/build/lib/serial_motor_demo/gui.py -> /home/saiubuntu/ros2_ws/install/serial_motor_demo/lib/python3.8/site-packages/serial_motor_demo
[1.381s] copying /home/saiubuntu/ros2_ws/build/serial_motor_demo/build/lib/serial_motor_demo/driver.py -> /home/saiubuntu/ros2_ws/install/serial_motor_demo/lib/python3.8/site-packages/serial_motor_demo
[1.381s] byte-compiling /home/saiubuntu/ros2_ws/install/serial_motor_demo/lib/python3.8/site-packages/serial_motor_demo/__init__.py to __init__.cpython-38.pyc
[1.382s] byte-compiling /home/saiubuntu/ros2_ws/install/serial_motor_demo/lib/python3.8/site-packages/serial_motor_demo/gui.py to gui.cpython-38.pyc
[1.384s] byte-compiling /home/saiubuntu/ros2_ws/install/serial_motor_demo/lib/python3.8/site-packages/serial_motor_demo/driver.py to driver.cpython-38.pyc
[1.385s] running install_data
[1.385s] copying resource/serial_motor_demo -> /home/saiubuntu/ros2_ws/install/serial_motor_demo/share/ament_index/resource_index/packages
[1.385s] copying package.xml -> /home/saiubuntu/ros2_ws/install/serial_motor_demo/share/serial_motor_demo
[1.385s] running install_egg_info
[1.386s] Copying ../../../build/serial_motor_demo/serial_motor_demo.egg-info to /home/saiubuntu/ros2_ws/install/serial_motor_demo/lib/python3.8/site-packages/serial_motor_demo-0.0.0-py3.8.egg-info
[1.423s] running install_scripts
[1.440s] Installing driver script to /home/saiubuntu/ros2_ws/install/serial_motor_demo/lib/serial_motor_demo
[1.441s] Installing gui script to /home/saiubuntu/ros2_ws/install/serial_motor_demo/lib/serial_motor_demo
[1.441s] writing list of installed files to '/home/saiubuntu/ros2_ws/build/serial_motor_demo/install.log'
[1.476s] Invoked command in '/home/saiubuntu/ros2_ws/src/serial_motor_demo/serial_motor_demo' returned '0': CMAKE_PREFIX_PATH=/home/saiubuntu/ros2_ws/install/serial_motor_demo_msgs:/home/saiubuntu/ros2_ws/install/sllidar_ros2:/home/saiubuntu/ros2_ws/install/my_bot PYTHONPATH=/home/saiubuntu/ros2_ws/build/serial_motor_demo/prefix_override:/home/saiubuntu/ros2_ws/install/serial_motor_demo/lib/python3.8/site-packages:/home/saiubuntu/ros2_ws/install/serial_motor_demo_msgs/lib/python3.8/site-packages:/home/saiubuntu/ros2_ws/build/serial_motor_demo:/home/saiubuntu/ros2_ws/install/serial_motor_demo/lib/python3.8/site-packages:/home/saiubuntu/ros2_ws/build/my_robot:/home/saiubuntu/ros2_ws/install/my_robot/lib/python3.8/site-packages:/home/saiubuntu/ros2_ws/build/joy_tester:/home/saiubuntu/ros2_ws/install/joy_tester/lib/python3.8/site-packages:/opt/ros/foxy/lib/python3.8/site-packages /usr/bin/python3 -W ignore:setup.py install is deprecated setup.py egg_info --egg-base ../../../build/serial_motor_demo build --build-base /home/saiubuntu/ros2_ws/build/serial_motor_demo/build install --record /home/saiubuntu/ros2_ws/build/serial_motor_demo/install.log --install-scripts $base/lib/serial_motor_demo --single-version-externally-managed install_data --force
