[0.198s] DEBUG:colcon:Command line arguments: ['/usr/bin/colcon', 'build', '--symlink-install']
[0.198s] DEBUG:colcon:Parsed command line arguments: Namespace(allow_overriding=[], ament_cmake_args=None, base_paths=['.'], build_base='build', catkin_cmake_args=None, catkin_skip_building_tests=False, cmake_args=None, cmake_clean_cache=False, cmake_clean_first=False, cmake_force_configure=False, cmake_target=None, cmake_target_skip_unavailable=False, continue_on_error=False, event_handlers=None, executor='parallel', ignore_user_meta=False, install_base='install', log_base=None, log_level=None, main=<bound method BuildVerb.main of <colcon_core.verb.build.BuildVerb object at 0x7f8ff2f761c0>>, merge_install=False, metas=['./colcon.meta'], packages_above=None, packages_above_and_dependencies=None, packages_above_depth=None, packages_end=None, packages_ignore=None, packages_ignore_regex=None, packages_select=None, packages_select_build_failed=False, packages_select_by_dep=None, packages_select_regex=None, packages_select_test_failures=False, packages_skip=None, packages_skip_build_finished=False, packages_skip_by_dep=None, packages_skip_regex=None, packages_skip_test_passed=False, packages_skip_up_to=None, packages_start=None, packages_up_to=None, packages_up_to_regex=None, parallel_workers=8, paths=None, symlink_install=True, test_result_base=None, verb_extension=<colcon_core.verb.build.BuildVerb object at 0x7f8ff2f761c0>, verb_name='build', verb_parser=<colcon_defaults.argument_parser.defaults.DefaultArgumentsDecorator object at 0x7f8ff2ea7b20>)
[0.352s] Level 1:colcon.colcon_core.package_discovery:discover_packages(colcon_meta) check parameters
[0.352s] Level 1:colcon.colcon_core.package_discovery:discover_packages(recursive) check parameters
[0.352s] Level 1:colcon.colcon_core.package_discovery:discover_packages(ignore) check parameters
[0.352s] Level 1:colcon.colcon_core.package_discovery:discover_packages(path) check parameters
[0.352s] Level 1:colcon.colcon_core.package_discovery:discover_packages(colcon_meta) discover
[0.352s] Level 1:colcon.colcon_core.package_discovery:discover_packages(recursive) discover
[0.352s] INFO:colcon.colcon_core.package_discovery:Crawling recursively for packages in '/home/saiubuntu/ros2_ws'
[0.352s] Level 1:colcon.colcon_core.package_identification:_identify(.) by extensions ['ignore', 'ignore_ament_install']
[0.352s] Level 1:colcon.colcon_core.package_identification:_identify(.) by extension 'ignore'
[0.352s] Level 1:colcon.colcon_core.package_identification:_identify(.) by extension 'ignore_ament_install'
[0.353s] Level 1:colcon.colcon_core.package_identification:_identify(.) by extensions ['colcon_pkg']
[0.353s] Level 1:colcon.colcon_core.package_identification:_identify(.) by extension 'colcon_pkg'
[0.353s] Level 1:colcon.colcon_core.package_identification:_identify(.) by extensions ['colcon_meta']
[0.353s] Level 1:colcon.colcon_core.package_identification:_identify(.) by extension 'colcon_meta'
[0.353s] Level 1:colcon.colcon_core.package_identification:_identify(.) by extensions ['ros']
[0.353s] Level 1:colcon.colcon_core.package_identification:_identify(.) by extension 'ros'
[0.364s] Level 1:colcon.colcon_core.package_identification:_identify(.) by extensions ['cmake', 'python']
[0.364s] Level 1:colcon.colcon_core.package_identification:_identify(.) by extension 'cmake'
[0.365s] Level 1:colcon.colcon_core.package_identification:_identify(.) by extension 'python'
[0.365s] Level 1:colcon.colcon_core.package_identification:_identify(.) by extensions ['python_setup_py']
[0.365s] Level 1:colcon.colcon_core.package_identification:_identify(.) by extension 'python_setup_py'
[0.365s] Level 1:colcon.colcon_core.package_identification:_identify(build) by extensions ['ignore', 'ignore_ament_install']
[0.365s] Level 1:colcon.colcon_core.package_identification:_identify(build) by extension 'ignore'
[0.365s] Level 1:colcon.colcon_core.package_identification:_identify(build) ignored
[0.365s] Level 1:colcon.colcon_core.package_identification:_identify(install) by extensions ['ignore', 'ignore_ament_install']
[0.365s] Level 1:colcon.colcon_core.package_identification:_identify(install) by extension 'ignore'
[0.365s] Level 1:colcon.colcon_core.package_identification:_identify(install) ignored
[0.365s] Level 1:colcon.colcon_core.package_identification:_identify(joy_tester) by extensions ['ignore', 'ignore_ament_install']
[0.366s] Level 1:colcon.colcon_core.package_identification:_identify(joy_tester) by extension 'ignore'
[0.366s] Level 1:colcon.colcon_core.package_identification:_identify(joy_tester) by extension 'ignore_ament_install'
[0.366s] Level 1:colcon.colcon_core.package_identification:_identify(joy_tester) by extensions ['colcon_pkg']
[0.366s] Level 1:colcon.colcon_core.package_identification:_identify(joy_tester) by extension 'colcon_pkg'
[0.366s] Level 1:colcon.colcon_core.package_identification:_identify(joy_tester) by extensions ['colcon_meta']
[0.366s] Level 1:colcon.colcon_core.package_identification:_identify(joy_tester) by extension 'colcon_meta'
[0.366s] Level 1:colcon.colcon_core.package_identification:_identify(joy_tester) by extensions ['ros']
[0.366s] Level 1:colcon.colcon_core.package_identification:_identify(joy_tester) by extension 'ros'
[0.369s] DEBUG:colcon.colcon_core.package_identification:Package 'joy_tester' with type 'ros.ament_python' and name 'joy_tester'
[0.369s] Level 1:colcon.colcon_core.package_identification:_identify(log) by extensions ['ignore', 'ignore_ament_install']
[0.370s] Level 1:colcon.colcon_core.package_identification:_identify(log) by extension 'ignore'
[0.370s] Level 1:colcon.colcon_core.package_identification:_identify(log) ignored
[0.370s] Level 1:colcon.colcon_core.package_identification:_identify(src) by extensions ['ignore', 'ignore_ament_install']
[0.370s] Level 1:colcon.colcon_core.package_identification:_identify(src) by extension 'ignore'
[0.370s] Level 1:colcon.colcon_core.package_identification:_identify(src) by extension 'ignore_ament_install'
[0.370s] Level 1:colcon.colcon_core.package_identification:_identify(src) by extensions ['colcon_pkg']
[0.370s] Level 1:colcon.colcon_core.package_identification:_identify(src) by extension 'colcon_pkg'
[0.370s] Level 1:colcon.colcon_core.package_identification:_identify(src) by extensions ['colcon_meta']
[0.370s] Level 1:colcon.colcon_core.package_identification:_identify(src) by extension 'colcon_meta'
[0.370s] Level 1:colcon.colcon_core.package_identification:_identify(src) by extensions ['ros']
[0.370s] Level 1:colcon.colcon_core.package_identification:_identify(src) by extension 'ros'
[0.370s] Level 1:colcon.colcon_core.package_identification:_identify(src) by extensions ['cmake', 'python']
[0.370s] Level 1:colcon.colcon_core.package_identification:_identify(src) by extension 'cmake'
[0.370s] Level 1:colcon.colcon_core.package_identification:_identify(src) by extension 'python'
[0.370s] Level 1:colcon.colcon_core.package_identification:_identify(src) by extensions ['python_setup_py']
[0.370s] Level 1:colcon.colcon_core.package_identification:_identify(src) by extension 'python_setup_py'
[0.371s] Level 1:colcon.colcon_core.package_identification:_identify(src/my_bot) by extensions ['ignore', 'ignore_ament_install']
[0.371s] Level 1:colcon.colcon_core.package_identification:_identify(src/my_bot) by extension 'ignore'
[0.371s] Level 1:colcon.colcon_core.package_identification:_identify(src/my_bot) by extension 'ignore_ament_install'
[0.371s] Level 1:colcon.colcon_core.package_identification:_identify(src/my_bot) by extensions ['colcon_pkg']
[0.371s] Level 1:colcon.colcon_core.package_identification:_identify(src/my_bot) by extension 'colcon_pkg'
[0.371s] Level 1:colcon.colcon_core.package_identification:_identify(src/my_bot) by extensions ['colcon_meta']
[0.371s] Level 1:colcon.colcon_core.package_identification:_identify(src/my_bot) by extension 'colcon_meta'
[0.371s] Level 1:colcon.colcon_core.package_identification:_identify(src/my_bot) by extensions ['ros']
[0.371s] Level 1:colcon.colcon_core.package_identification:_identify(src/my_bot) by extension 'ros'
[0.371s] DEBUG:colcon.colcon_core.package_identification:Package 'src/my_bot' with type 'ros.ament_cmake' and name 'my_bot'
[0.372s] Level 1:colcon.colcon_core.package_identification:_identify(src/my_robot) by extensions ['ignore', 'ignore_ament_install']
[0.372s] Level 1:colcon.colcon_core.package_identification:_identify(src/my_robot) by extension 'ignore'
[0.372s] Level 1:colcon.colcon_core.package_identification:_identify(src/my_robot) by extension 'ignore_ament_install'
[0.372s] Level 1:colcon.colcon_core.package_identification:_identify(src/my_robot) by extensions ['colcon_pkg']
[0.372s] Level 1:colcon.colcon_core.package_identification:_identify(src/my_robot) by extension 'colcon_pkg'
[0.372s] Level 1:colcon.colcon_core.package_identification:_identify(src/my_robot) by extensions ['colcon_meta']
[0.372s] Level 1:colcon.colcon_core.package_identification:_identify(src/my_robot) by extension 'colcon_meta'
[0.372s] Level 1:colcon.colcon_core.package_identification:_identify(src/my_robot) by extensions ['ros']
[0.372s] Level 1:colcon.colcon_core.package_identification:_identify(src/my_robot) by extension 'ros'
[0.373s] DEBUG:colcon.colcon_core.package_identification:Package 'src/my_robot' with type 'ros.ament_python' and name 'my_robot'
[0.373s] Level 1:colcon.colcon_core.package_identification:_identify(src/serial_motor_demo) by extensions ['ignore', 'ignore_ament_install']
[0.373s] Level 1:colcon.colcon_core.package_identification:_identify(src/serial_motor_demo) by extension 'ignore'
[0.373s] Level 1:colcon.colcon_core.package_identification:_identify(src/serial_motor_demo) by extension 'ignore_ament_install'
[0.373s] Level 1:colcon.colcon_core.package_identification:_identify(src/serial_motor_demo) by extensions ['colcon_pkg']
[0.373s] Level 1:colcon.colcon_core.package_identification:_identify(src/serial_motor_demo) by extension 'colcon_pkg'
[0.373s] Level 1:colcon.colcon_core.package_identification:_identify(src/serial_motor_demo) by extensions ['colcon_meta']
[0.373s] Level 1:colcon.colcon_core.package_identification:_identify(src/serial_motor_demo) by extension 'colcon_meta'
[0.373s] Level 1:colcon.colcon_core.package_identification:_identify(src/serial_motor_demo) by extensions ['ros']
[0.373s] Level 1:colcon.colcon_core.package_identification:_identify(src/serial_motor_demo) by extension 'ros'
[0.373s] Level 1:colcon.colcon_core.package_identification:_identify(src/serial_motor_demo) by extensions ['cmake', 'python']
[0.373s] Level 1:colcon.colcon_core.package_identification:_identify(src/serial_motor_demo) by extension 'cmake'
[0.373s] Level 1:colcon.colcon_core.package_identification:_identify(src/serial_motor_demo) by extension 'python'
[0.373s] Level 1:colcon.colcon_core.package_identification:_identify(src/serial_motor_demo) by extensions ['python_setup_py']
[0.373s] Level 1:colcon.colcon_core.package_identification:_identify(src/serial_motor_demo) by extension 'python_setup_py'
[0.374s] Level 1:colcon.colcon_core.package_identification:_identify(src/serial_motor_demo/serial_motor_demo) by extensions ['ignore', 'ignore_ament_install']
[0.374s] Level 1:colcon.colcon_core.package_identification:_identify(src/serial_motor_demo/serial_motor_demo) by extension 'ignore'
[0.374s] Level 1:colcon.colcon_core.package_identification:_identify(src/serial_motor_demo/serial_motor_demo) by extension 'ignore_ament_install'
[0.374s] Level 1:colcon.colcon_core.package_identification:_identify(src/serial_motor_demo/serial_motor_demo) by extensions ['colcon_pkg']
[0.374s] Level 1:colcon.colcon_core.package_identification:_identify(src/serial_motor_demo/serial_motor_demo) by extension 'colcon_pkg'
[0.374s] Level 1:colcon.colcon_core.package_identification:_identify(src/serial_motor_demo/serial_motor_demo) by extensions ['colcon_meta']
[0.374s] Level 1:colcon.colcon_core.package_identification:_identify(src/serial_motor_demo/serial_motor_demo) by extension 'colcon_meta'
[0.374s] Level 1:colcon.colcon_core.package_identification:_identify(src/serial_motor_demo/serial_motor_demo) by extensions ['ros']
[0.374s] Level 1:colcon.colcon_core.package_identification:_identify(src/serial_motor_demo/serial_motor_demo) by extension 'ros'
[0.375s] DEBUG:colcon.colcon_core.package_identification:Package 'src/serial_motor_demo/serial_motor_demo' with type 'ros.ament_python' and name 'serial_motor_demo'
[0.375s] Level 1:colcon.colcon_core.package_identification:_identify(src/serial_motor_demo/serial_motor_demo_msgs) by extensions ['ignore', 'ignore_ament_install']
[0.375s] Level 1:colcon.colcon_core.package_identification:_identify(src/serial_motor_demo/serial_motor_demo_msgs) by extension 'ignore'
[0.375s] Level 1:colcon.colcon_core.package_identification:_identify(src/serial_motor_demo/serial_motor_demo_msgs) by extension 'ignore_ament_install'
[0.375s] Level 1:colcon.colcon_core.package_identification:_identify(src/serial_motor_demo/serial_motor_demo_msgs) by extensions ['colcon_pkg']
[0.375s] Level 1:colcon.colcon_core.package_identification:_identify(src/serial_motor_demo/serial_motor_demo_msgs) by extension 'colcon_pkg'
[0.375s] Level 1:colcon.colcon_core.package_identification:_identify(src/serial_motor_demo/serial_motor_demo_msgs) by extensions ['colcon_meta']
[0.375s] Level 1:colcon.colcon_core.package_identification:_identify(src/serial_motor_demo/serial_motor_demo_msgs) by extension 'colcon_meta'
[0.375s] Level 1:colcon.colcon_core.package_identification:_identify(src/serial_motor_demo/serial_motor_demo_msgs) by extensions ['ros']
[0.375s] Level 1:colcon.colcon_core.package_identification:_identify(src/serial_motor_demo/serial_motor_demo_msgs) by extension 'ros'
[0.376s] DEBUG:colcon.colcon_core.package_identification:Package 'src/serial_motor_demo/serial_motor_demo_msgs' with type 'ros.ament_cmake' and name 'serial_motor_demo_msgs'
[0.376s] Level 1:colcon.colcon_core.package_identification:_identify(src/sllidar_ros2) by extensions ['ignore', 'ignore_ament_install']
[0.376s] Level 1:colcon.colcon_core.package_identification:_identify(src/sllidar_ros2) by extension 'ignore'
[0.376s] Level 1:colcon.colcon_core.package_identification:_identify(src/sllidar_ros2) by extension 'ignore_ament_install'
[0.376s] Level 1:colcon.colcon_core.package_identification:_identify(src/sllidar_ros2) by extensions ['colcon_pkg']
[0.376s] Level 1:colcon.colcon_core.package_identification:_identify(src/sllidar_ros2) by extension 'colcon_pkg'
[0.376s] Level 1:colcon.colcon_core.package_identification:_identify(src/sllidar_ros2) by extensions ['colcon_meta']
[0.376s] Level 1:colcon.colcon_core.package_identification:_identify(src/sllidar_ros2) by extension 'colcon_meta'
[0.376s] Level 1:colcon.colcon_core.package_identification:_identify(src/sllidar_ros2) by extensions ['ros']
[0.376s] Level 1:colcon.colcon_core.package_identification:_identify(src/sllidar_ros2) by extension 'ros'
[0.377s] DEBUG:colcon.colcon_core.package_identification:Package 'src/sllidar_ros2' with type 'ros.ament_cmake' and name 'sllidar_ros2'
[0.377s] Level 1:colcon.colcon_core.package_discovery:discover_packages(recursive) using defaults
[0.377s] Level 1:colcon.colcon_core.package_discovery:discover_packages(ignore) discover
[0.377s] Level 1:colcon.colcon_core.package_discovery:discover_packages(ignore) using defaults
[0.377s] Level 1:colcon.colcon_core.package_discovery:discover_packages(path) discover
[0.377s] Level 1:colcon.colcon_core.package_discovery:discover_packages(path) using defaults
[0.394s] Level 1:colcon.colcon_core.package_discovery:discover_packages(prefix_path) check parameters
[0.395s] Level 1:colcon.colcon_core.package_discovery:discover_packages(prefix_path) discover
[0.397s] DEBUG:colcon.colcon_installed_package_information.package_discovery:Found 7 installed packages in /home/saiubuntu/ros2_ws/install
[0.399s] DEBUG:colcon.colcon_installed_package_information.package_discovery:Found 374 installed packages in /opt/ros/foxy
[0.401s] Level 1:colcon.colcon_core.package_discovery:discover_packages(prefix_path) using defaults
[0.486s] Level 5:colcon.colcon_core.verb:set package 'joy_tester' build argument 'cmake_args' from command line to 'None'
[0.486s] Level 5:colcon.colcon_core.verb:set package 'joy_tester' build argument 'cmake_target' from command line to 'None'
[0.486s] Level 5:colcon.colcon_core.verb:set package 'joy_tester' build argument 'cmake_target_skip_unavailable' from command line to 'False'
[0.486s] Level 5:colcon.colcon_core.verb:set package 'joy_tester' build argument 'cmake_clean_cache' from command line to 'False'
[0.486s] Level 5:colcon.colcon_core.verb:set package 'joy_tester' build argument 'cmake_clean_first' from command line to 'False'
[0.486s] Level 5:colcon.colcon_core.verb:set package 'joy_tester' build argument 'cmake_force_configure' from command line to 'False'
[0.486s] Level 5:colcon.colcon_core.verb:set package 'joy_tester' build argument 'ament_cmake_args' from command line to 'None'
[0.486s] Level 5:colcon.colcon_core.verb:set package 'joy_tester' build argument 'catkin_cmake_args' from command line to 'None'
[0.486s] Level 5:colcon.colcon_core.verb:set package 'joy_tester' build argument 'catkin_skip_building_tests' from command line to 'False'
[0.486s] DEBUG:colcon.colcon_core.verb:Building package 'joy_tester' with the following arguments: {'ament_cmake_args': None, 'build_base': '/home/saiubuntu/ros2_ws/build/joy_tester', 'catkin_cmake_args': None, 'catkin_skip_building_tests': False, 'cmake_args': None, 'cmake_clean_cache': False, 'cmake_clean_first': False, 'cmake_force_configure': False, 'cmake_target': None, 'cmake_target_skip_unavailable': False, 'install_base': '/home/saiubuntu/ros2_ws/install/joy_tester', 'merge_install': False, 'path': '/home/saiubuntu/ros2_ws/joy_tester', 'symlink_install': True, 'test_result_base': None}
[0.486s] Level 5:colcon.colcon_core.verb:set package 'my_bot' build argument 'cmake_args' from command line to 'None'
[0.486s] Level 5:colcon.colcon_core.verb:set package 'my_bot' build argument 'cmake_target' from command line to 'None'
[0.486s] Level 5:colcon.colcon_core.verb:set package 'my_bot' build argument 'cmake_target_skip_unavailable' from command line to 'False'
[0.486s] Level 5:colcon.colcon_core.verb:set package 'my_bot' build argument 'cmake_clean_cache' from command line to 'False'
[0.486s] Level 5:colcon.colcon_core.verb:set package 'my_bot' build argument 'cmake_clean_first' from command line to 'False'
[0.486s] Level 5:colcon.colcon_core.verb:set package 'my_bot' build argument 'cmake_force_configure' from command line to 'False'
[0.486s] Level 5:colcon.colcon_core.verb:set package 'my_bot' build argument 'ament_cmake_args' from command line to 'None'
[0.486s] Level 5:colcon.colcon_core.verb:set package 'my_bot' build argument 'catkin_cmake_args' from command line to 'None'
[0.486s] Level 5:colcon.colcon_core.verb:set package 'my_bot' build argument 'catkin_skip_building_tests' from command line to 'False'
[0.487s] DEBUG:colcon.colcon_core.verb:Building package 'my_bot' with the following arguments: {'ament_cmake_args': None, 'build_base': '/home/saiubuntu/ros2_ws/build/my_bot', 'catkin_cmake_args': None, 'catkin_skip_building_tests': False, 'cmake_args': None, 'cmake_clean_cache': False, 'cmake_clean_first': False, 'cmake_force_configure': False, 'cmake_target': None, 'cmake_target_skip_unavailable': False, 'install_base': '/home/saiubuntu/ros2_ws/install/my_bot', 'merge_install': False, 'path': '/home/saiubuntu/ros2_ws/src/my_bot', 'symlink_install': True, 'test_result_base': None}
[0.487s] Level 5:colcon.colcon_core.verb:set package 'my_robot' build argument 'cmake_args' from command line to 'None'
[0.487s] Level 5:colcon.colcon_core.verb:set package 'my_robot' build argument 'cmake_target' from command line to 'None'
[0.487s] Level 5:colcon.colcon_core.verb:set package 'my_robot' build argument 'cmake_target_skip_unavailable' from command line to 'False'
[0.487s] Level 5:colcon.colcon_core.verb:set package 'my_robot' build argument 'cmake_clean_cache' from command line to 'False'
[0.487s] Level 5:colcon.colcon_core.verb:set package 'my_robot' build argument 'cmake_clean_first' from command line to 'False'
[0.487s] Level 5:colcon.colcon_core.verb:set package 'my_robot' build argument 'cmake_force_configure' from command line to 'False'
[0.487s] Level 5:colcon.colcon_core.verb:set package 'my_robot' build argument 'ament_cmake_args' from command line to 'None'
[0.487s] Level 5:colcon.colcon_core.verb:set package 'my_robot' build argument 'catkin_cmake_args' from command line to 'None'
[0.487s] Level 5:colcon.colcon_core.verb:set package 'my_robot' build argument 'catkin_skip_building_tests' from command line to 'False'
[0.487s] DEBUG:colcon.colcon_core.verb:Building package 'my_robot' with the following arguments: {'ament_cmake_args': None, 'build_base': '/home/saiubuntu/ros2_ws/build/my_robot', 'catkin_cmake_args': None, 'catkin_skip_building_tests': False, 'cmake_args': None, 'cmake_clean_cache': False, 'cmake_clean_first': False, 'cmake_force_configure': False, 'cmake_target': None, 'cmake_target_skip_unavailable': False, 'install_base': '/home/saiubuntu/ros2_ws/install/my_robot', 'merge_install': False, 'path': '/home/saiubuntu/ros2_ws/src/my_robot', 'symlink_install': True, 'test_result_base': None}
[0.488s] Level 5:colcon.colcon_core.verb:set package 'serial_motor_demo_msgs' build argument 'cmake_args' from command line to 'None'
[0.488s] Level 5:colcon.colcon_core.verb:set package 'serial_motor_demo_msgs' build argument 'cmake_target' from command line to 'None'
[0.488s] Level 5:colcon.colcon_core.verb:set package 'serial_motor_demo_msgs' build argument 'cmake_target_skip_unavailable' from command line to 'False'
[0.488s] Level 5:colcon.colcon_core.verb:set package 'serial_motor_demo_msgs' build argument 'cmake_clean_cache' from command line to 'False'
[0.488s] Level 5:colcon.colcon_core.verb:set package 'serial_motor_demo_msgs' build argument 'cmake_clean_first' from command line to 'False'
[0.488s] Level 5:colcon.colcon_core.verb:set package 'serial_motor_demo_msgs' build argument 'cmake_force_configure' from command line to 'False'
[0.488s] Level 5:colcon.colcon_core.verb:set package 'serial_motor_demo_msgs' build argument 'ament_cmake_args' from command line to 'None'
[0.488s] Level 5:colcon.colcon_core.verb:set package 'serial_motor_demo_msgs' build argument 'catkin_cmake_args' from command line to 'None'
[0.488s] Level 5:colcon.colcon_core.verb:set package 'serial_motor_demo_msgs' build argument 'catkin_skip_building_tests' from command line to 'False'
[0.488s] DEBUG:colcon.colcon_core.verb:Building package 'serial_motor_demo_msgs' with the following arguments: {'ament_cmake_args': None, 'build_base': '/home/saiubuntu/ros2_ws/build/serial_motor_demo_msgs', 'catkin_cmake_args': None, 'catkin_skip_building_tests': False, 'cmake_args': None, 'cmake_clean_cache': False, 'cmake_clean_first': False, 'cmake_force_configure': False, 'cmake_target': None, 'cmake_target_skip_unavailable': False, 'install_base': '/home/saiubuntu/ros2_ws/install/serial_motor_demo_msgs', 'merge_install': False, 'path': '/home/saiubuntu/ros2_ws/src/serial_motor_demo/serial_motor_demo_msgs', 'symlink_install': True, 'test_result_base': None}
[0.488s] Level 5:colcon.colcon_core.verb:set package 'sllidar_ros2' build argument 'cmake_args' from command line to 'None'
[0.488s] Level 5:colcon.colcon_core.verb:set package 'sllidar_ros2' build argument 'cmake_target' from command line to 'None'
[0.489s] Level 5:colcon.colcon_core.verb:set package 'sllidar_ros2' build argument 'cmake_target_skip_unavailable' from command line to 'False'
[0.489s] Level 5:colcon.colcon_core.verb:set package 'sllidar_ros2' build argument 'cmake_clean_cache' from command line to 'False'
[0.489s] Level 5:colcon.colcon_core.verb:set package 'sllidar_ros2' build argument 'cmake_clean_first' from command line to 'False'
[0.489s] Level 5:colcon.colcon_core.verb:set package 'sllidar_ros2' build argument 'cmake_force_configure' from command line to 'False'
[0.489s] Level 5:colcon.colcon_core.verb:set package 'sllidar_ros2' build argument 'ament_cmake_args' from command line to 'None'
[0.489s] Level 5:colcon.colcon_core.verb:set package 'sllidar_ros2' build argument 'catkin_cmake_args' from command line to 'None'
[0.489s] Level 5:colcon.colcon_core.verb:set package 'sllidar_ros2' build argument 'catkin_skip_building_tests' from command line to 'False'
[0.489s] DEBUG:colcon.colcon_core.verb:Building package 'sllidar_ros2' with the following arguments: {'ament_cmake_args': None, 'build_base': '/home/saiubuntu/ros2_ws/build/sllidar_ros2', 'catkin_cmake_args': None, 'catkin_skip_building_tests': False, 'cmake_args': None, 'cmake_clean_cache': False, 'cmake_clean_first': False, 'cmake_force_configure': False, 'cmake_target': None, 'cmake_target_skip_unavailable': False, 'install_base': '/home/saiubuntu/ros2_ws/install/sllidar_ros2', 'merge_install': False, 'path': '/home/saiubuntu/ros2_ws/src/sllidar_ros2', 'symlink_install': True, 'test_result_base': None}
[0.489s] Level 5:colcon.colcon_core.verb:set package 'serial_motor_demo' build argument 'cmake_args' from command line to 'None'
[0.489s] Level 5:colcon.colcon_core.verb:set package 'serial_motor_demo' build argument 'cmake_target' from command line to 'None'
[0.489s] Level 5:colcon.colcon_core.verb:set package 'serial_motor_demo' build argument 'cmake_target_skip_unavailable' from command line to 'False'
[0.489s] Level 5:colcon.colcon_core.verb:set package 'serial_motor_demo' build argument 'cmake_clean_cache' from command line to 'False'
[0.490s] Level 5:colcon.colcon_core.verb:set package 'serial_motor_demo' build argument 'cmake_clean_first' from command line to 'False'
[0.490s] Level 5:colcon.colcon_core.verb:set package 'serial_motor_demo' build argument 'cmake_force_configure' from command line to 'False'
[0.490s] Level 5:colcon.colcon_core.verb:set package 'serial_motor_demo' build argument 'ament_cmake_args' from command line to 'None'
[0.490s] Level 5:colcon.colcon_core.verb:set package 'serial_motor_demo' build argument 'catkin_cmake_args' from command line to 'None'
[0.490s] Level 5:colcon.colcon_core.verb:set package 'serial_motor_demo' build argument 'catkin_skip_building_tests' from command line to 'False'
[0.490s] DEBUG:colcon.colcon_core.verb:Building package 'serial_motor_demo' with the following arguments: {'ament_cmake_args': None, 'build_base': '/home/saiubuntu/ros2_ws/build/serial_motor_demo', 'catkin_cmake_args': None, 'catkin_skip_building_tests': False, 'cmake_args': None, 'cmake_clean_cache': False, 'cmake_clean_first': False, 'cmake_force_configure': False, 'cmake_target': None, 'cmake_target_skip_unavailable': False, 'install_base': '/home/saiubuntu/ros2_ws/install/serial_motor_demo', 'merge_install': False, 'path': '/home/saiubuntu/ros2_ws/src/serial_motor_demo/serial_motor_demo', 'symlink_install': True, 'test_result_base': None}
[0.491s] INFO:colcon.colcon_core.executor:Executing jobs using 'parallel' executor
[0.493s] DEBUG:colcon.colcon_parallel_executor.executor.parallel:run_until_complete
[0.494s] INFO:colcon.colcon_ros.task.ament_cmake.build:Building ROS package in '/home/saiubuntu/ros2_ws/src/serial_motor_demo/serial_motor_demo_msgs' with build type 'ament_cmake'
[0.494s] INFO:colcon.colcon_cmake.task.cmake.build:Building CMake package in '/home/saiubuntu/ros2_ws/src/serial_motor_demo/serial_motor_demo_msgs'
[0.496s] INFO:colcon.colcon_core.plugin_system:Skipping extension 'colcon_core.shell.bat': Not used on non-Windows systems
[0.496s] INFO:colcon.colcon_core.shell:Skip shell extension 'powershell' for command environment: Not usable outside of PowerShell
[0.496s] DEBUG:colcon.colcon_core.shell:Skip shell extension 'dsv' for command environment
[0.502s] INFO:colcon.colcon_ros.task.ament_python.build:Building ROS package in '/home/saiubuntu/ros2_ws/joy_tester' with build type 'ament_python'
[0.502s] Level 1:colcon.colcon_core.shell:create_environment_hook('joy_tester', 'ament_prefix_path')
[0.502s] INFO:colcon.colcon_core.shell:Creating environment hook '/home/saiubuntu/ros2_ws/install/joy_tester/share/joy_tester/hook/ament_prefix_path.ps1'
[0.504s] INFO:colcon.colcon_core.shell:Creating environment descriptor '/home/saiubuntu/ros2_ws/install/joy_tester/share/joy_tester/hook/ament_prefix_path.dsv'
[0.504s] INFO:colcon.colcon_core.shell:Creating environment hook '/home/saiubuntu/ros2_ws/install/joy_tester/share/joy_tester/hook/ament_prefix_path.sh'
[0.505s] INFO:colcon.colcon_core.shell:Skip shell extension 'powershell' for command environment: Not usable outside of PowerShell
[0.505s] DEBUG:colcon.colcon_core.shell:Skip shell extension 'dsv' for command environment
[0.512s] INFO:colcon.colcon_ros.task.ament_cmake.build:Building ROS package in '/home/saiubuntu/ros2_ws/src/my_bot' with build type 'ament_cmake'
[0.513s] INFO:colcon.colcon_cmake.task.cmake.build:Building CMake package in '/home/saiubuntu/ros2_ws/src/my_bot'
[0.514s] INFO:colcon.colcon_core.shell:Skip shell extension 'powershell' for command environment: Not usable outside of PowerShell
[0.514s] DEBUG:colcon.colcon_core.shell:Skip shell extension 'dsv' for command environment
[0.521s] INFO:colcon.colcon_ros.task.ament_python.build:Building ROS package in '/home/saiubuntu/ros2_ws/src/my_robot' with build type 'ament_python'
[0.523s] Level 1:colcon.colcon_core.shell:create_environment_hook('my_robot', 'ament_prefix_path')
[0.524s] INFO:colcon.colcon_core.shell:Creating environment hook '/home/saiubuntu/ros2_ws/install/my_robot/share/my_robot/hook/ament_prefix_path.ps1'
[0.526s] INFO:colcon.colcon_core.shell:Creating environment descriptor '/home/saiubuntu/ros2_ws/install/my_robot/share/my_robot/hook/ament_prefix_path.dsv'
[0.527s] INFO:colcon.colcon_core.shell:Creating environment hook '/home/saiubuntu/ros2_ws/install/my_robot/share/my_robot/hook/ament_prefix_path.sh'
[0.528s] INFO:colcon.colcon_core.shell:Skip shell extension 'powershell' for command environment: Not usable outside of PowerShell
[0.528s] DEBUG:colcon.colcon_core.shell:Skip shell extension 'dsv' for command environment
[0.537s] INFO:colcon.colcon_ros.task.ament_cmake.build:Building ROS package in '/home/saiubuntu/ros2_ws/src/sllidar_ros2' with build type 'ament_cmake'
[0.537s] INFO:colcon.colcon_cmake.task.cmake.build:Building CMake package in '/home/saiubuntu/ros2_ws/src/sllidar_ros2'
[0.538s] INFO:colcon.colcon_core.shell:Skip shell extension 'powershell' for command environment: Not usable outside of PowerShell
[0.538s] DEBUG:colcon.colcon_core.shell:Skip shell extension 'dsv' for command environment
[0.554s] DEBUG:colcon.colcon_core.event_handler.log_command:Invoking command in '/home/saiubuntu/ros2_ws/build/serial_motor_demo_msgs': CMAKE_PREFIX_PATH=${CMAKE_PREFIX_PATH}:/home/saiubuntu/ros2_ws/install/serial_motor_demo:/home/saiubuntu/ros2_ws/install/my_robot:/home/saiubuntu/ros2_ws/install/joy_tester:/opt/ros/foxy /usr/bin/cmake --build /home/saiubuntu/ros2_ws/build/serial_motor_demo_msgs -- -j8 -l8
[0.855s] INFO:colcon.colcon_core.task.python.build:Building Python package in '/home/saiubuntu/ros2_ws/joy_tester'
[0.856s] INFO:colcon.colcon_core.shell:Skip shell extension 'powershell' for command environment: Not usable outside of PowerShell
[0.856s] DEBUG:colcon.colcon_core.shell:Skip shell extension 'dsv' for command environment
[0.868s] DEBUG:colcon.colcon_core.event_handler.log_command:Invoking command in '/home/saiubuntu/ros2_ws/build/my_bot': CMAKE_PREFIX_PATH=${CMAKE_PREFIX_PATH}:/home/saiubuntu/ros2_ws/install/serial_motor_demo:/home/saiubuntu/ros2_ws/install/my_robot:/home/saiubuntu/ros2_ws/install/joy_tester:/opt/ros/foxy /usr/bin/cmake --build /home/saiubuntu/ros2_ws/build/my_bot -- -j8 -l8
[1.135s] INFO:colcon.colcon_core.task.python.build:Building Python package in '/home/saiubuntu/ros2_ws/src/my_robot'
[1.135s] INFO:colcon.colcon_core.shell:Skip shell extension 'powershell' for command environment: Not usable outside of PowerShell
[1.135s] DEBUG:colcon.colcon_core.shell:Skip shell extension 'dsv' for command environment
[1.147s] DEBUG:colcon.colcon_core.event_handler.log_command:Invoking command in '/home/saiubuntu/ros2_ws/build/sllidar_ros2': CMAKE_PREFIX_PATH=${CMAKE_PREFIX_PATH}:/home/saiubuntu/ros2_ws/install/serial_motor_demo:/home/saiubuntu/ros2_ws/install/my_robot:/home/saiubuntu/ros2_ws/install/joy_tester:/opt/ros/foxy /usr/bin/cmake --build /home/saiubuntu/ros2_ws/build/sllidar_ros2 -- -j8 -l8
[1.161s] DEBUG:colcon.colcon_core.event_handler.log_command:Invoked command in '/home/saiubuntu/ros2_ws/build/serial_motor_demo_msgs' returned '0': CMAKE_PREFIX_PATH=${CMAKE_PREFIX_PATH}:/home/saiubuntu/ros2_ws/install/serial_motor_demo:/home/saiubuntu/ros2_ws/install/my_robot:/home/saiubuntu/ros2_ws/install/joy_tester:/opt/ros/foxy /usr/bin/cmake --build /home/saiubuntu/ros2_ws/build/serial_motor_demo_msgs -- -j8 -l8
[1.164s] DEBUG:colcon.colcon_core.event_handler.log_command:Invoked command in '/home/saiubuntu/ros2_ws/build/my_bot' returned '0': CMAKE_PREFIX_PATH=${CMAKE_PREFIX_PATH}:/home/saiubuntu/ros2_ws/install/serial_motor_demo:/home/saiubuntu/ros2_ws/install/my_robot:/home/saiubuntu/ros2_ws/install/joy_tester:/opt/ros/foxy /usr/bin/cmake --build /home/saiubuntu/ros2_ws/build/my_bot -- -j8 -l8
[1.205s] DEBUG:colcon.colcon_core.event_handler.log_command:Invoking command in '/home/saiubuntu/ros2_ws/build/my_bot': CMAKE_PREFIX_PATH=${CMAKE_PREFIX_PATH}:/home/saiubuntu/ros2_ws/install/serial_motor_demo:/home/saiubuntu/ros2_ws/install/my_robot:/home/saiubuntu/ros2_ws/install/joy_tester:/opt/ros/foxy /usr/bin/cmake --install /home/saiubuntu/ros2_ws/build/my_bot
[1.273s] DEBUG:colcon.colcon_core.event_handler.log_command:Invoked command in '/home/saiubuntu/ros2_ws/build/sllidar_ros2' returned '0': CMAKE_PREFIX_PATH=${CMAKE_PREFIX_PATH}:/home/saiubuntu/ros2_ws/install/serial_motor_demo:/home/saiubuntu/ros2_ws/install/my_robot:/home/saiubuntu/ros2_ws/install/joy_tester:/opt/ros/foxy /usr/bin/cmake --build /home/saiubuntu/ros2_ws/build/sllidar_ros2 -- -j8 -l8
[1.281s] DEBUG:colcon.colcon_core.event_handler.log_command:Invoking command in '/home/saiubuntu/ros2_ws/build/serial_motor_demo_msgs': CMAKE_PREFIX_PATH=${CMAKE_PREFIX_PATH}:/home/saiubuntu/ros2_ws/install/serial_motor_demo:/home/saiubuntu/ros2_ws/install/my_robot:/home/saiubuntu/ros2_ws/install/joy_tester:/opt/ros/foxy /usr/bin/cmake --install /home/saiubuntu/ros2_ws/build/serial_motor_demo_msgs
[1.283s] Level 1:colcon.colcon_core.environment:create_environment_scripts_only(my_bot)
[1.285s] DEBUG:colcon.colcon_core.event_handler.log_command:Invoked command in '/home/saiubuntu/ros2_ws/build/my_bot' returned '0': CMAKE_PREFIX_PATH=${CMAKE_PREFIX_PATH}:/home/saiubuntu/ros2_ws/install/serial_motor_demo:/home/saiubuntu/ros2_ws/install/my_robot:/home/saiubuntu/ros2_ws/install/joy_tester:/opt/ros/foxy /usr/bin/cmake --install /home/saiubuntu/ros2_ws/build/my_bot
[1.289s] Level 1:colcon.colcon_core.environment:checking '/home/saiubuntu/ros2_ws/install/my_bot' for CMake module files
[1.291s] Level 1:colcon.colcon_core.environment:checking '/home/saiubuntu/ros2_ws/install/my_bot' for CMake config files
[1.293s] Level 1:colcon.colcon_core.shell:create_environment_hook('my_bot', 'cmake_prefix_path')
[1.294s] INFO:colcon.colcon_core.shell:Creating environment hook '/home/saiubuntu/ros2_ws/install/my_bot/share/my_bot/hook/cmake_prefix_path.ps1'
[1.294s] INFO:colcon.colcon_core.shell:Creating environment descriptor '/home/saiubuntu/ros2_ws/install/my_bot/share/my_bot/hook/cmake_prefix_path.dsv'
[1.295s] INFO:colcon.colcon_core.shell:Creating environment hook '/home/saiubuntu/ros2_ws/install/my_bot/share/my_bot/hook/cmake_prefix_path.sh'
[1.297s] Level 1:colcon.colcon_core.environment:checking '/home/saiubuntu/ros2_ws/install/my_bot/bin'
[1.297s] Level 1:colcon.colcon_core.environment:checking '/home/saiubuntu/ros2_ws/install/my_bot/lib/pkgconfig/my_bot.pc'
[1.298s] Level 1:colcon.colcon_core.environment:checking '/home/saiubuntu/ros2_ws/install/my_bot/lib/python3.8/site-packages'
[1.298s] Level 1:colcon.colcon_core.environment:checking '/home/saiubuntu/ros2_ws/install/my_bot/bin'
[1.299s] INFO:colcon.colcon_core.shell:Creating package script '/home/saiubuntu/ros2_ws/install/my_bot/share/my_bot/package.ps1'
[1.301s] INFO:colcon.colcon_core.shell:Creating package descriptor '/home/saiubuntu/ros2_ws/install/my_bot/share/my_bot/package.dsv'
[1.305s] INFO:colcon.colcon_core.shell:Creating package script '/home/saiubuntu/ros2_ws/install/my_bot/share/my_bot/package.sh'
[1.307s] INFO:colcon.colcon_core.shell:Creating package script '/home/saiubuntu/ros2_ws/install/my_bot/share/my_bot/package.bash'
[1.309s] INFO:colcon.colcon_core.shell:Creating package script '/home/saiubuntu/ros2_ws/install/my_bot/share/my_bot/package.zsh'
[1.312s] Level 1:colcon.colcon_core.environment:create_file_with_runtime_dependencies(/home/saiubuntu/ros2_ws/install/my_bot/share/colcon-core/packages/my_bot)
[1.352s] Level 1:colcon.colcon_core.environment:create_environment_scripts_only(my_bot)
[1.353s] Level 1:colcon.colcon_core.environment:checking '/home/saiubuntu/ros2_ws/install/my_bot' for CMake module files
[1.354s] Level 1:colcon.colcon_core.environment:checking '/home/saiubuntu/ros2_ws/install/my_bot' for CMake config files
[1.355s] Level 1:colcon.colcon_core.shell:create_environment_hook('my_bot', 'cmake_prefix_path')
[1.356s] INFO:colcon.colcon_core.shell:Creating environment hook '/home/saiubuntu/ros2_ws/install/my_bot/share/my_bot/hook/cmake_prefix_path.ps1'
[1.358s] INFO:colcon.colcon_core.shell:Creating environment descriptor '/home/saiubuntu/ros2_ws/install/my_bot/share/my_bot/hook/cmake_prefix_path.dsv'
[1.358s] INFO:colcon.colcon_core.shell:Creating environment hook '/home/saiubuntu/ros2_ws/install/my_bot/share/my_bot/hook/cmake_prefix_path.sh'
[1.360s] Level 1:colcon.colcon_core.environment:checking '/home/saiubuntu/ros2_ws/install/my_bot/bin'
[1.360s] Level 1:colcon.colcon_core.environment:checking '/home/saiubuntu/ros2_ws/install/my_bot/lib/pkgconfig/my_bot.pc'
[1.361s] Level 1:colcon.colcon_core.environment:checking '/home/saiubuntu/ros2_ws/install/my_bot/lib/python3.8/site-packages'
[1.361s] Level 1:colcon.colcon_core.environment:checking '/home/saiubuntu/ros2_ws/install/my_bot/bin'
[1.362s] INFO:colcon.colcon_core.shell:Creating package script '/home/saiubuntu/ros2_ws/install/my_bot/share/my_bot/package.ps1'
[1.364s] INFO:colcon.colcon_core.shell:Creating package descriptor '/home/saiubuntu/ros2_ws/install/my_bot/share/my_bot/package.dsv'
[1.365s] INFO:colcon.colcon_core.shell:Creating package script '/home/saiubuntu/ros2_ws/install/my_bot/share/my_bot/package.sh'
[1.365s] INFO:colcon.colcon_core.shell:Creating package script '/home/saiubuntu/ros2_ws/install/my_bot/share/my_bot/package.bash'
[1.367s] INFO:colcon.colcon_core.shell:Creating package script '/home/saiubuntu/ros2_ws/install/my_bot/share/my_bot/package.zsh'
[1.367s] Level 1:colcon.colcon_core.environment:create_file_with_runtime_dependencies(/home/saiubuntu/ros2_ws/install/my_bot/share/colcon-core/packages/my_bot)
[1.373s] DEBUG:colcon.colcon_core.event_handler.log_command:Invoking command in '/home/saiubuntu/ros2_ws/build/sllidar_ros2': CMAKE_PREFIX_PATH=${CMAKE_PREFIX_PATH}:/home/saiubuntu/ros2_ws/install/serial_motor_demo:/home/saiubuntu/ros2_ws/install/my_robot:/home/saiubuntu/ros2_ws/install/joy_tester:/opt/ros/foxy /usr/bin/cmake --install /home/saiubuntu/ros2_ws/build/sllidar_ros2
[1.429s] Level 1:colcon.colcon_core.environment:create_environment_scripts_only(sllidar_ros2)
[1.430s] Level 1:colcon.colcon_core.environment:checking '/home/saiubuntu/ros2_ws/install/sllidar_ros2' for CMake module files
[1.431s] DEBUG:colcon.colcon_core.event_handler.log_command:Invoked command in '/home/saiubuntu/ros2_ws/build/sllidar_ros2' returned '0': CMAKE_PREFIX_PATH=${CMAKE_PREFIX_PATH}:/home/saiubuntu/ros2_ws/install/serial_motor_demo:/home/saiubuntu/ros2_ws/install/my_robot:/home/saiubuntu/ros2_ws/install/joy_tester:/opt/ros/foxy /usr/bin/cmake --install /home/saiubuntu/ros2_ws/build/sllidar_ros2
[1.432s] Level 1:colcon.colcon_core.environment:checking '/home/saiubuntu/ros2_ws/install/sllidar_ros2' for CMake config files
[1.433s] Level 1:colcon.colcon_core.shell:create_environment_hook('sllidar_ros2', 'cmake_prefix_path')
[1.433s] INFO:colcon.colcon_core.shell:Creating environment hook '/home/saiubuntu/ros2_ws/install/sllidar_ros2/share/sllidar_ros2/hook/cmake_prefix_path.ps1'
[1.434s] INFO:colcon.colcon_core.shell:Creating environment descriptor '/home/saiubuntu/ros2_ws/install/sllidar_ros2/share/sllidar_ros2/hook/cmake_prefix_path.dsv'
[1.435s] INFO:colcon.colcon_core.shell:Creating environment hook '/home/saiubuntu/ros2_ws/install/sllidar_ros2/share/sllidar_ros2/hook/cmake_prefix_path.sh'
[1.437s] Level 1:colcon.colcon_core.environment:checking '/home/saiubuntu/ros2_ws/install/sllidar_ros2/lib'
[1.438s] Level 1:colcon.colcon_core.environment:checking '/home/saiubuntu/ros2_ws/install/sllidar_ros2/bin'
[1.438s] Level 1:colcon.colcon_core.environment:checking '/home/saiubuntu/ros2_ws/install/sllidar_ros2/lib/pkgconfig/sllidar_ros2.pc'
[1.439s] Level 1:colcon.colcon_core.environment:checking '/home/saiubuntu/ros2_ws/install/sllidar_ros2/lib/python3.8/site-packages'
[1.439s] Level 1:colcon.colcon_core.environment:checking '/home/saiubuntu/ros2_ws/install/sllidar_ros2/bin'
[1.440s] INFO:colcon.colcon_core.shell:Creating package script '/home/saiubuntu/ros2_ws/install/sllidar_ros2/share/sllidar_ros2/package.ps1'
[1.441s] INFO:colcon.colcon_core.shell:Creating package descriptor '/home/saiubuntu/ros2_ws/install/sllidar_ros2/share/sllidar_ros2/package.dsv'
[1.441s] INFO:colcon.colcon_core.shell:Creating package script '/home/saiubuntu/ros2_ws/install/sllidar_ros2/share/sllidar_ros2/package.sh'
[1.442s] INFO:colcon.colcon_core.shell:Creating package script '/home/saiubuntu/ros2_ws/install/sllidar_ros2/share/sllidar_ros2/package.bash'
[1.442s] INFO:colcon.colcon_core.shell:Creating package script '/home/saiubuntu/ros2_ws/install/sllidar_ros2/share/sllidar_ros2/package.zsh'
[1.443s] Level 1:colcon.colcon_core.environment:create_file_with_runtime_dependencies(/home/saiubuntu/ros2_ws/install/sllidar_ros2/share/colcon-core/packages/sllidar_ros2)
[1.450s] Level 1:colcon.colcon_core.environment:create_environment_scripts_only(serial_motor_demo_msgs)
[1.451s] Level 1:colcon.colcon_core.environment:checking '/home/saiubuntu/ros2_ws/install/serial_motor_demo_msgs' for CMake module files
[1.454s] DEBUG:colcon.colcon_core.event_handler.log_command:Invoked command in '/home/saiubuntu/ros2_ws/build/serial_motor_demo_msgs' returned '0': CMAKE_PREFIX_PATH=${CMAKE_PREFIX_PATH}:/home/saiubuntu/ros2_ws/install/serial_motor_demo:/home/saiubuntu/ros2_ws/install/my_robot:/home/saiubuntu/ros2_ws/install/joy_tester:/opt/ros/foxy /usr/bin/cmake --install /home/saiubuntu/ros2_ws/build/serial_motor_demo_msgs
[1.454s] Level 1:colcon.colcon_core.environment:checking '/home/saiubuntu/ros2_ws/install/serial_motor_demo_msgs' for CMake config files
[1.455s] Level 1:colcon.colcon_core.shell:create_environment_hook('serial_motor_demo_msgs', 'cmake_prefix_path')
[1.455s] INFO:colcon.colcon_core.shell:Creating environment hook '/home/saiubuntu/ros2_ws/install/serial_motor_demo_msgs/share/serial_motor_demo_msgs/hook/cmake_prefix_path.ps1'
[1.456s] INFO:colcon.colcon_core.shell:Creating environment descriptor '/home/saiubuntu/ros2_ws/install/serial_motor_demo_msgs/share/serial_motor_demo_msgs/hook/cmake_prefix_path.dsv'
[1.456s] INFO:colcon.colcon_core.shell:Creating environment hook '/home/saiubuntu/ros2_ws/install/serial_motor_demo_msgs/share/serial_motor_demo_msgs/hook/cmake_prefix_path.sh'
[1.457s] Level 1:colcon.colcon_core.environment:checking '/home/saiubuntu/ros2_ws/install/serial_motor_demo_msgs/lib'
[1.457s] Level 1:colcon.colcon_core.shell:create_environment_hook('serial_motor_demo_msgs', 'ld_library_path_lib')
[1.458s] INFO:colcon.colcon_core.shell:Creating environment hook '/home/saiubuntu/ros2_ws/install/serial_motor_demo_msgs/share/serial_motor_demo_msgs/hook/ld_library_path_lib.ps1'
[1.458s] INFO:colcon.colcon_core.shell:Creating environment descriptor '/home/saiubuntu/ros2_ws/install/serial_motor_demo_msgs/share/serial_motor_demo_msgs/hook/ld_library_path_lib.dsv'
[1.459s] INFO:colcon.colcon_core.shell:Creating environment hook '/home/saiubuntu/ros2_ws/install/serial_motor_demo_msgs/share/serial_motor_demo_msgs/hook/ld_library_path_lib.sh'
[1.459s] Level 1:colcon.colcon_core.environment:checking '/home/saiubuntu/ros2_ws/install/serial_motor_demo_msgs/bin'
[1.459s] Level 1:colcon.colcon_core.environment:checking '/home/saiubuntu/ros2_ws/install/serial_motor_demo_msgs/lib/pkgconfig/serial_motor_demo_msgs.pc'
[1.460s] Level 1:colcon.colcon_core.environment:checking '/home/saiubuntu/ros2_ws/install/serial_motor_demo_msgs/lib/python3.8/site-packages'
[1.460s] Level 1:colcon.colcon_core.shell:create_environment_hook('serial_motor_demo_msgs', 'pythonpath')
[1.460s] INFO:colcon.colcon_core.shell:Creating environment hook '/home/saiubuntu/ros2_ws/install/serial_motor_demo_msgs/share/serial_motor_demo_msgs/hook/pythonpath.ps1'
[1.460s] INFO:colcon.colcon_core.shell:Creating environment descriptor '/home/saiubuntu/ros2_ws/install/serial_motor_demo_msgs/share/serial_motor_demo_msgs/hook/pythonpath.dsv'
[1.461s] INFO:colcon.colcon_core.shell:Creating environment hook '/home/saiubuntu/ros2_ws/install/serial_motor_demo_msgs/share/serial_motor_demo_msgs/hook/pythonpath.sh'
[1.461s] Level 1:colcon.colcon_core.environment:checking '/home/saiubuntu/ros2_ws/install/serial_motor_demo_msgs/bin'
[1.462s] INFO:colcon.colcon_core.shell:Creating package script '/home/saiubuntu/ros2_ws/install/serial_motor_demo_msgs/share/serial_motor_demo_msgs/package.ps1'
[1.462s] INFO:colcon.colcon_core.shell:Creating package descriptor '/home/saiubuntu/ros2_ws/install/serial_motor_demo_msgs/share/serial_motor_demo_msgs/package.dsv'
[1.463s] INFO:colcon.colcon_core.shell:Creating package script '/home/saiubuntu/ros2_ws/install/serial_motor_demo_msgs/share/serial_motor_demo_msgs/package.sh'
[1.463s] INFO:colcon.colcon_core.shell:Creating package script '/home/saiubuntu/ros2_ws/install/serial_motor_demo_msgs/share/serial_motor_demo_msgs/package.bash'
[1.464s] INFO:colcon.colcon_core.shell:Creating package script '/home/saiubuntu/ros2_ws/install/serial_motor_demo_msgs/share/serial_motor_demo_msgs/package.zsh'
[1.464s] Level 1:colcon.colcon_core.environment:create_file_with_runtime_dependencies(/home/saiubuntu/ros2_ws/install/serial_motor_demo_msgs/share/colcon-core/packages/serial_motor_demo_msgs)
[1.511s] Level 1:colcon.colcon_core.environment:create_environment_scripts_only(sllidar_ros2)
[1.512s] Level 1:colcon.colcon_core.environment:checking '/home/saiubuntu/ros2_ws/install/sllidar_ros2' for CMake module files
[1.513s] Level 1:colcon.colcon_core.environment:checking '/home/saiubuntu/ros2_ws/install/sllidar_ros2' for CMake config files
[1.514s] Level 1:colcon.colcon_core.shell:create_environment_hook('sllidar_ros2', 'cmake_prefix_path')
[1.516s] INFO:colcon.colcon_core.shell:Creating environment hook '/home/saiubuntu/ros2_ws/install/sllidar_ros2/share/sllidar_ros2/hook/cmake_prefix_path.ps1'
[1.517s] INFO:colcon.colcon_core.shell:Creating environment descriptor '/home/saiubuntu/ros2_ws/install/sllidar_ros2/share/sllidar_ros2/hook/cmake_prefix_path.dsv'
[1.518s] INFO:colcon.colcon_core.shell:Creating environment hook '/home/saiubuntu/ros2_ws/install/sllidar_ros2/share/sllidar_ros2/hook/cmake_prefix_path.sh'
[1.519s] Level 1:colcon.colcon_core.environment:checking '/home/saiubuntu/ros2_ws/install/sllidar_ros2/lib'
[1.519s] Level 1:colcon.colcon_core.environment:checking '/home/saiubuntu/ros2_ws/install/sllidar_ros2/bin'
[1.519s] Level 1:colcon.colcon_core.environment:checking '/home/saiubuntu/ros2_ws/install/sllidar_ros2/lib/pkgconfig/sllidar_ros2.pc'
[1.519s] Level 1:colcon.colcon_core.environment:checking '/home/saiubuntu/ros2_ws/install/sllidar_ros2/lib/python3.8/site-packages'
[1.520s] Level 1:colcon.colcon_core.environment:checking '/home/saiubuntu/ros2_ws/install/sllidar_ros2/bin'
[1.520s] INFO:colcon.colcon_core.shell:Creating package script '/home/saiubuntu/ros2_ws/install/sllidar_ros2/share/sllidar_ros2/package.ps1'
[1.521s] INFO:colcon.colcon_core.shell:Creating package descriptor '/home/saiubuntu/ros2_ws/install/sllidar_ros2/share/sllidar_ros2/package.dsv'
[1.522s] INFO:colcon.colcon_core.shell:Creating package script '/home/saiubuntu/ros2_ws/install/sllidar_ros2/share/sllidar_ros2/package.sh'
[1.523s] INFO:colcon.colcon_core.shell:Creating package script '/home/saiubuntu/ros2_ws/install/sllidar_ros2/share/sllidar_ros2/package.bash'
[1.524s] INFO:colcon.colcon_core.shell:Creating package script '/home/saiubuntu/ros2_ws/install/sllidar_ros2/share/sllidar_ros2/package.zsh'
[1.525s] Level 1:colcon.colcon_core.environment:create_file_with_runtime_dependencies(/home/saiubuntu/ros2_ws/install/sllidar_ros2/share/colcon-core/packages/sllidar_ros2)
[1.561s] Level 1:colcon.colcon_core.environment:create_environment_scripts_only(serial_motor_demo_msgs)
[1.562s] Level 1:colcon.colcon_core.environment:checking '/home/saiubuntu/ros2_ws/install/serial_motor_demo_msgs' for CMake module files
[1.563s] Level 1:colcon.colcon_core.environment:checking '/home/saiubuntu/ros2_ws/install/serial_motor_demo_msgs' for CMake config files
[1.564s] Level 1:colcon.colcon_core.shell:create_environment_hook('serial_motor_demo_msgs', 'cmake_prefix_path')
[1.564s] INFO:colcon.colcon_core.shell:Creating environment hook '/home/saiubuntu/ros2_ws/install/serial_motor_demo_msgs/share/serial_motor_demo_msgs/hook/cmake_prefix_path.ps1'
[1.565s] INFO:colcon.colcon_core.shell:Creating environment descriptor '/home/saiubuntu/ros2_ws/install/serial_motor_demo_msgs/share/serial_motor_demo_msgs/hook/cmake_prefix_path.dsv'
[1.565s] INFO:colcon.colcon_core.shell:Creating environment hook '/home/saiubuntu/ros2_ws/install/serial_motor_demo_msgs/share/serial_motor_demo_msgs/hook/cmake_prefix_path.sh'
[1.566s] Level 1:colcon.colcon_core.environment:checking '/home/saiubuntu/ros2_ws/install/serial_motor_demo_msgs/lib'
[1.566s] Level 1:colcon.colcon_core.shell:create_environment_hook('serial_motor_demo_msgs', 'ld_library_path_lib')
[1.567s] INFO:colcon.colcon_core.shell:Creating environment hook '/home/saiubuntu/ros2_ws/install/serial_motor_demo_msgs/share/serial_motor_demo_msgs/hook/ld_library_path_lib.ps1'
[1.567s] INFO:colcon.colcon_core.shell:Creating environment descriptor '/home/saiubuntu/ros2_ws/install/serial_motor_demo_msgs/share/serial_motor_demo_msgs/hook/ld_library_path_lib.dsv'
[1.567s] INFO:colcon.colcon_core.shell:Creating environment hook '/home/saiubuntu/ros2_ws/install/serial_motor_demo_msgs/share/serial_motor_demo_msgs/hook/ld_library_path_lib.sh'
[1.568s] Level 1:colcon.colcon_core.environment:checking '/home/saiubuntu/ros2_ws/install/serial_motor_demo_msgs/bin'
[1.568s] Level 1:colcon.colcon_core.environment:checking '/home/saiubuntu/ros2_ws/install/serial_motor_demo_msgs/lib/pkgconfig/serial_motor_demo_msgs.pc'
[1.568s] Level 1:colcon.colcon_core.environment:checking '/home/saiubuntu/ros2_ws/install/serial_motor_demo_msgs/lib/python3.8/site-packages'
[1.568s] Level 1:colcon.colcon_core.shell:create_environment_hook('serial_motor_demo_msgs', 'pythonpath')
[1.569s] INFO:colcon.colcon_core.shell:Creating environment hook '/home/saiubuntu/ros2_ws/install/serial_motor_demo_msgs/share/serial_motor_demo_msgs/hook/pythonpath.ps1'
[1.569s] INFO:colcon.colcon_core.shell:Creating environment descriptor '/home/saiubuntu/ros2_ws/install/serial_motor_demo_msgs/share/serial_motor_demo_msgs/hook/pythonpath.dsv'
[1.570s] INFO:colcon.colcon_core.shell:Creating environment hook '/home/saiubuntu/ros2_ws/install/serial_motor_demo_msgs/share/serial_motor_demo_msgs/hook/pythonpath.sh'
[1.571s] Level 1:colcon.colcon_core.environment:checking '/home/saiubuntu/ros2_ws/install/serial_motor_demo_msgs/bin'
[1.571s] INFO:colcon.colcon_core.shell:Creating package script '/home/saiubuntu/ros2_ws/install/serial_motor_demo_msgs/share/serial_motor_demo_msgs/package.ps1'
[1.572s] INFO:colcon.colcon_core.shell:Creating package descriptor '/home/saiubuntu/ros2_ws/install/serial_motor_demo_msgs/share/serial_motor_demo_msgs/package.dsv'
[1.573s] INFO:colcon.colcon_core.shell:Creating package script '/home/saiubuntu/ros2_ws/install/serial_motor_demo_msgs/share/serial_motor_demo_msgs/package.sh'
[1.574s] INFO:colcon.colcon_core.shell:Creating package script '/home/saiubuntu/ros2_ws/install/serial_motor_demo_msgs/share/serial_motor_demo_msgs/package.bash'
[1.574s] INFO:colcon.colcon_core.shell:Creating package script '/home/saiubuntu/ros2_ws/install/serial_motor_demo_msgs/share/serial_motor_demo_msgs/package.zsh'
[1.575s] Level 1:colcon.colcon_core.environment:create_file_with_runtime_dependencies(/home/saiubuntu/ros2_ws/install/serial_motor_demo_msgs/share/colcon-core/packages/serial_motor_demo_msgs)
[1.576s] INFO:colcon.colcon_ros.task.ament_python.build:Building ROS package in '/home/saiubuntu/ros2_ws/src/serial_motor_demo/serial_motor_demo' with build type 'ament_python'
[1.576s] Level 1:colcon.colcon_core.shell:create_environment_hook('serial_motor_demo', 'ament_prefix_path')
[1.577s] INFO:colcon.colcon_core.shell:Creating environment hook '/home/saiubuntu/ros2_ws/install/serial_motor_demo/share/serial_motor_demo/hook/ament_prefix_path.ps1'
[1.579s] INFO:colcon.colcon_core.shell:Creating environment descriptor '/home/saiubuntu/ros2_ws/install/serial_motor_demo/share/serial_motor_demo/hook/ament_prefix_path.dsv'
[1.581s] INFO:colcon.colcon_core.shell:Creating environment hook '/home/saiubuntu/ros2_ws/install/serial_motor_demo/share/serial_motor_demo/hook/ament_prefix_path.sh'
[1.582s] INFO:colcon.colcon_core.shell:Skip shell extension 'powershell' for command environment: Not usable outside of PowerShell
[1.582s] DEBUG:colcon.colcon_core.shell:Skip shell extension 'dsv' for command environment
[1.864s] INFO:colcon.colcon_core.task.python.build:Building Python package in '/home/saiubuntu/ros2_ws/src/serial_motor_demo/serial_motor_demo'
[1.865s] INFO:colcon.colcon_core.shell:Skip shell extension 'powershell' for command environment: Not usable outside of PowerShell
[1.865s] DEBUG:colcon.colcon_core.shell:Skip shell extension 'dsv' for command environment
[1.877s] DEBUG:colcon.colcon_core.event_handler.log_command:Invoking command in '/home/saiubuntu/ros2_ws/build/my_robot': PYTHONPATH=/home/saiubuntu/ros2_ws/build/my_robot/prefix_override:/home/saiubuntu/ros2_ws/install/my_robot/lib/python3.8/site-packages:${PYTHONPATH} /usr/bin/python3 -W ignore:setup.py install is deprecated setup.py develop --editable --build-directory /home/saiubuntu/ros2_ws/build/my_robot/build --no-deps symlink_data
[1.880s] DEBUG:colcon.colcon_core.event_handler.log_command:Invoking command in '/home/saiubuntu/ros2_ws/build/joy_tester': PYTHONPATH=/home/saiubuntu/ros2_ws/build/joy_tester/prefix_override:/home/saiubuntu/ros2_ws/install/joy_tester/lib/python3.8/site-packages:${PYTHONPATH} /usr/bin/python3 -W ignore:setup.py install is deprecated setup.py develop --editable --build-directory /home/saiubuntu/ros2_ws/build/joy_tester/build --no-deps symlink_data
[2.332s] DEBUG:colcon.colcon_core.event_handler.log_command:Invoking command in '/home/saiubuntu/ros2_ws/build/serial_motor_demo': CMAKE_PREFIX_PATH=/home/saiubuntu/ros2_ws/install/serial_motor_demo_msgs:/home/saiubuntu/ros2_ws/install/sllidar_ros2:/home/saiubuntu/ros2_ws/install/my_bot PYTHONPATH=/home/saiubuntu/ros2_ws/build/serial_motor_demo/prefix_override:/home/saiubuntu/ros2_ws/install/serial_motor_demo/lib/python3.8/site-packages:/home/saiubuntu/ros2_ws/install/serial_motor_demo_msgs/lib/python3.8/site-packages:/home/saiubuntu/ros2_ws/build/serial_motor_demo:/home/saiubuntu/ros2_ws/install/serial_motor_demo/lib/python3.8/site-packages:/home/saiubuntu/ros2_ws/build/my_robot:/home/saiubuntu/ros2_ws/install/my_robot/lib/python3.8/site-packages:/home/saiubuntu/ros2_ws/build/joy_tester:/home/saiubuntu/ros2_ws/install/joy_tester/lib/python3.8/site-packages:/opt/ros/foxy/lib/python3.8/site-packages /usr/bin/python3 -W ignore:setup.py install is deprecated setup.py develop --editable --build-directory /home/saiubuntu/ros2_ws/build/serial_motor_demo/build --no-deps symlink_data
[2.456s] Level 1:colcon.colcon_core.shell:create_environment_hook('my_robot', 'pythonpath_develop')
[2.456s] INFO:colcon.colcon_core.shell:Creating environment hook '/home/saiubuntu/ros2_ws/build/my_robot/share/my_robot/hook/pythonpath_develop.ps1'
[2.457s] DEBUG:colcon.colcon_core.event_handler.log_command:Invoked command in '/home/saiubuntu/ros2_ws/build/my_robot' returned '0': PYTHONPATH=/home/saiubuntu/ros2_ws/build/my_robot/prefix_override:/home/saiubuntu/ros2_ws/install/my_robot/lib/python3.8/site-packages:${PYTHONPATH} /usr/bin/python3 -W ignore:setup.py install is deprecated setup.py develop --editable --build-directory /home/saiubuntu/ros2_ws/build/my_robot/build --no-deps symlink_data
[2.458s] INFO:colcon.colcon_core.shell:Creating environment descriptor '/home/saiubuntu/ros2_ws/build/my_robot/share/my_robot/hook/pythonpath_develop.dsv'
[2.458s] INFO:colcon.colcon_core.shell:Creating environment hook '/home/saiubuntu/ros2_ws/build/my_robot/share/my_robot/hook/pythonpath_develop.sh'
[2.459s] Level 1:colcon.colcon_core.environment:checking '/home/saiubuntu/ros2_ws/install/my_robot' for CMake module files
[2.459s] Level 1:colcon.colcon_core.environment:checking '/home/saiubuntu/ros2_ws/install/my_robot' for CMake config files
[2.460s] Level 1:colcon.colcon_core.environment:checking '/home/saiubuntu/ros2_ws/install/my_robot/lib'
[2.460s] Level 1:colcon.colcon_core.environment:checking '/home/saiubuntu/ros2_ws/install/my_robot/bin'
[2.460s] Level 1:colcon.colcon_core.environment:checking '/home/saiubuntu/ros2_ws/install/my_robot/lib/pkgconfig/my_robot.pc'
[2.460s] Level 1:colcon.colcon_core.environment:checking '/home/saiubuntu/ros2_ws/install/my_robot/lib/python3.8/site-packages'
[2.461s] Level 1:colcon.colcon_core.shell:create_environment_hook('my_robot', 'pythonpath')
[2.461s] INFO:colcon.colcon_core.shell:Creating environment hook '/home/saiubuntu/ros2_ws/install/my_robot/share/my_robot/hook/pythonpath.ps1'
[2.461s] INFO:colcon.colcon_core.shell:Creating environment descriptor '/home/saiubuntu/ros2_ws/install/my_robot/share/my_robot/hook/pythonpath.dsv'
[2.462s] INFO:colcon.colcon_core.shell:Creating environment hook '/home/saiubuntu/ros2_ws/install/my_robot/share/my_robot/hook/pythonpath.sh'
[2.462s] Level 1:colcon.colcon_core.environment:checking '/home/saiubuntu/ros2_ws/install/my_robot/bin'
[2.462s] Level 1:colcon.colcon_core.environment:create_environment_scripts_only(my_robot)
[2.463s] INFO:colcon.colcon_core.shell:Creating package script '/home/saiubuntu/ros2_ws/install/my_robot/share/my_robot/package.ps1'
[2.463s] INFO:colcon.colcon_core.shell:Creating package descriptor '/home/saiubuntu/ros2_ws/install/my_robot/share/my_robot/package.dsv'
[2.464s] INFO:colcon.colcon_core.shell:Creating package script '/home/saiubuntu/ros2_ws/install/my_robot/share/my_robot/package.sh'
[2.464s] INFO:colcon.colcon_core.shell:Creating package script '/home/saiubuntu/ros2_ws/install/my_robot/share/my_robot/package.bash'
[2.465s] INFO:colcon.colcon_core.shell:Creating package script '/home/saiubuntu/ros2_ws/install/my_robot/share/my_robot/package.zsh'
[2.465s] Level 1:colcon.colcon_core.environment:create_file_with_runtime_dependencies(/home/saiubuntu/ros2_ws/install/my_robot/share/colcon-core/packages/my_robot)
[2.466s] Level 1:colcon.colcon_core.shell:create_environment_hook('joy_tester', 'pythonpath_develop')
[2.466s] INFO:colcon.colcon_core.shell:Creating environment hook '/home/saiubuntu/ros2_ws/build/joy_tester/share/joy_tester/hook/pythonpath_develop.ps1'
[2.467s] INFO:colcon.colcon_core.shell:Creating environment descriptor '/home/saiubuntu/ros2_ws/build/joy_tester/share/joy_tester/hook/pythonpath_develop.dsv'
[2.467s] DEBUG:colcon.colcon_core.event_handler.log_command:Invoked command in '/home/saiubuntu/ros2_ws/build/joy_tester' returned '0': PYTHONPATH=/home/saiubuntu/ros2_ws/build/joy_tester/prefix_override:/home/saiubuntu/ros2_ws/install/joy_tester/lib/python3.8/site-packages:${PYTHONPATH} /usr/bin/python3 -W ignore:setup.py install is deprecated setup.py develop --editable --build-directory /home/saiubuntu/ros2_ws/build/joy_tester/build --no-deps symlink_data
[2.468s] INFO:colcon.colcon_core.shell:Creating environment hook '/home/saiubuntu/ros2_ws/build/joy_tester/share/joy_tester/hook/pythonpath_develop.sh'
[2.468s] Level 1:colcon.colcon_core.environment:checking '/home/saiubuntu/ros2_ws/install/joy_tester' for CMake module files
[2.469s] Level 1:colcon.colcon_core.environment:checking '/home/saiubuntu/ros2_ws/install/joy_tester' for CMake config files
[2.469s] Level 1:colcon.colcon_core.environment:checking '/home/saiubuntu/ros2_ws/install/joy_tester/lib'
[2.469s] Level 1:colcon.colcon_core.environment:checking '/home/saiubuntu/ros2_ws/install/joy_tester/bin'
[2.469s] Level 1:colcon.colcon_core.environment:checking '/home/saiubuntu/ros2_ws/install/joy_tester/lib/pkgconfig/joy_tester.pc'
[2.470s] Level 1:colcon.colcon_core.environment:checking '/home/saiubuntu/ros2_ws/install/joy_tester/lib/python3.8/site-packages'
[2.470s] Level 1:colcon.colcon_core.shell:create_environment_hook('joy_tester', 'pythonpath')
[2.470s] INFO:colcon.colcon_core.shell:Creating environment hook '/home/saiubuntu/ros2_ws/install/joy_tester/share/joy_tester/hook/pythonpath.ps1'
[2.470s] INFO:colcon.colcon_core.shell:Creating environment descriptor '/home/saiubuntu/ros2_ws/install/joy_tester/share/joy_tester/hook/pythonpath.dsv'
[2.471s] INFO:colcon.colcon_core.shell:Creating environment hook '/home/saiubuntu/ros2_ws/install/joy_tester/share/joy_tester/hook/pythonpath.sh'
[2.471s] Level 1:colcon.colcon_core.environment:checking '/home/saiubuntu/ros2_ws/install/joy_tester/bin'
[2.471s] Level 1:colcon.colcon_core.environment:create_environment_scripts_only(joy_tester)
[2.472s] INFO:colcon.colcon_core.shell:Creating package script '/home/saiubuntu/ros2_ws/install/joy_tester/share/joy_tester/package.ps1'
[2.472s] INFO:colcon.colcon_core.shell:Creating package descriptor '/home/saiubuntu/ros2_ws/install/joy_tester/share/joy_tester/package.dsv'
[2.473s] INFO:colcon.colcon_core.shell:Creating package script '/home/saiubuntu/ros2_ws/install/joy_tester/share/joy_tester/package.sh'
[2.475s] INFO:colcon.colcon_core.shell:Creating package script '/home/saiubuntu/ros2_ws/install/joy_tester/share/joy_tester/package.bash'
[2.476s] INFO:colcon.colcon_core.shell:Creating package script '/home/saiubuntu/ros2_ws/install/joy_tester/share/joy_tester/package.zsh'
[2.477s] Level 1:colcon.colcon_core.environment:create_file_with_runtime_dependencies(/home/saiubuntu/ros2_ws/install/joy_tester/share/colcon-core/packages/joy_tester)
[2.854s] Level 1:colcon.colcon_core.shell:create_environment_hook('serial_motor_demo', 'pythonpath_develop')
[2.854s] INFO:colcon.colcon_core.shell:Creating environment hook '/home/saiubuntu/ros2_ws/build/serial_motor_demo/share/serial_motor_demo/hook/pythonpath_develop.ps1'
[2.854s] DEBUG:colcon.colcon_core.event_handler.log_command:Invoked command in '/home/saiubuntu/ros2_ws/build/serial_motor_demo' returned '0': CMAKE_PREFIX_PATH=/home/saiubuntu/ros2_ws/install/serial_motor_demo_msgs:/home/saiubuntu/ros2_ws/install/sllidar_ros2:/home/saiubuntu/ros2_ws/install/my_bot PYTHONPATH=/home/saiubuntu/ros2_ws/build/serial_motor_demo/prefix_override:/home/saiubuntu/ros2_ws/install/serial_motor_demo/lib/python3.8/site-packages:/home/saiubuntu/ros2_ws/install/serial_motor_demo_msgs/lib/python3.8/site-packages:/home/saiubuntu/ros2_ws/build/serial_motor_demo:/home/saiubuntu/ros2_ws/install/serial_motor_demo/lib/python3.8/site-packages:/home/saiubuntu/ros2_ws/build/my_robot:/home/saiubuntu/ros2_ws/install/my_robot/lib/python3.8/site-packages:/home/saiubuntu/ros2_ws/build/joy_tester:/home/saiubuntu/ros2_ws/install/joy_tester/lib/python3.8/site-packages:/opt/ros/foxy/lib/python3.8/site-packages /usr/bin/python3 -W ignore:setup.py install is deprecated setup.py develop --editable --build-directory /home/saiubuntu/ros2_ws/build/serial_motor_demo/build --no-deps symlink_data
[2.855s] INFO:colcon.colcon_core.shell:Creating environment descriptor '/home/saiubuntu/ros2_ws/build/serial_motor_demo/share/serial_motor_demo/hook/pythonpath_develop.dsv'
[2.855s] INFO:colcon.colcon_core.shell:Creating environment hook '/home/saiubuntu/ros2_ws/build/serial_motor_demo/share/serial_motor_demo/hook/pythonpath_develop.sh'
[2.856s] Level 1:colcon.colcon_core.environment:checking '/home/saiubuntu/ros2_ws/install/serial_motor_demo' for CMake module files
[2.856s] Level 1:colcon.colcon_core.environment:checking '/home/saiubuntu/ros2_ws/install/serial_motor_demo' for CMake config files
[2.857s] Level 1:colcon.colcon_core.environment:checking '/home/saiubuntu/ros2_ws/install/serial_motor_demo/lib'
[2.857s] Level 1:colcon.colcon_core.environment:checking '/home/saiubuntu/ros2_ws/install/serial_motor_demo/bin'
[2.857s] Level 1:colcon.colcon_core.environment:checking '/home/saiubuntu/ros2_ws/install/serial_motor_demo/lib/pkgconfig/serial_motor_demo.pc'
[2.857s] Level 1:colcon.colcon_core.environment:checking '/home/saiubuntu/ros2_ws/install/serial_motor_demo/lib/python3.8/site-packages'
[2.857s] Level 1:colcon.colcon_core.shell:create_environment_hook('serial_motor_demo', 'pythonpath')
[2.858s] INFO:colcon.colcon_core.shell:Creating environment hook '/home/saiubuntu/ros2_ws/install/serial_motor_demo/share/serial_motor_demo/hook/pythonpath.ps1'
[2.859s] INFO:colcon.colcon_core.shell:Creating environment descriptor '/home/saiubuntu/ros2_ws/install/serial_motor_demo/share/serial_motor_demo/hook/pythonpath.dsv'
[2.860s] INFO:colcon.colcon_core.shell:Creating environment hook '/home/saiubuntu/ros2_ws/install/serial_motor_demo/share/serial_motor_demo/hook/pythonpath.sh'
[2.860s] Level 1:colcon.colcon_core.environment:checking '/home/saiubuntu/ros2_ws/install/serial_motor_demo/bin'
[2.860s] Level 1:colcon.colcon_core.environment:create_environment_scripts_only(serial_motor_demo)
[2.861s] INFO:colcon.colcon_core.shell:Creating package script '/home/saiubuntu/ros2_ws/install/serial_motor_demo/share/serial_motor_demo/package.ps1'
[2.861s] INFO:colcon.colcon_core.shell:Creating package descriptor '/home/saiubuntu/ros2_ws/install/serial_motor_demo/share/serial_motor_demo/package.dsv'
[2.862s] INFO:colcon.colcon_core.shell:Creating package script '/home/saiubuntu/ros2_ws/install/serial_motor_demo/share/serial_motor_demo/package.sh'
[2.862s] INFO:colcon.colcon_core.shell:Creating package script '/home/saiubuntu/ros2_ws/install/serial_motor_demo/share/serial_motor_demo/package.bash'
[2.862s] INFO:colcon.colcon_core.shell:Creating package script '/home/saiubuntu/ros2_ws/install/serial_motor_demo/share/serial_motor_demo/package.zsh'
[2.863s] Level 1:colcon.colcon_core.environment:create_file_with_runtime_dependencies(/home/saiubuntu/ros2_ws/install/serial_motor_demo/share/colcon-core/packages/serial_motor_demo)
[2.863s] DEBUG:colcon.colcon_parallel_executor.executor.parallel:closing loop
[2.863s] DEBUG:colcon.colcon_parallel_executor.executor.parallel:loop closed
[2.863s] DEBUG:colcon.colcon_parallel_executor.executor.parallel:run_until_complete finished with '0'
[2.864s] DEBUG:colcon.colcon_core.event_reactor:joining thread
[2.871s] INFO:colcon.colcon_core.plugin_system:Skipping extension 'colcon_notification.desktop_notification.terminal_notifier': Not used on non-Darwin systems
[2.871s] INFO:colcon.colcon_core.plugin_system:Skipping extension 'colcon_notification.desktop_notification.win32': Not used on non-Windows systems
[2.871s] INFO:colcon.colcon_notification.desktop_notification:Sending desktop notification using 'notify2'
[2.888s] DEBUG:colcon.colcon_core.event_reactor:joined thread
[2.888s] INFO:colcon.colcon_core.shell:Creating prefix script '/home/saiubuntu/ros2_ws/install/local_setup.ps1'
[2.889s] INFO:colcon.colcon_core.shell:Creating prefix util module '/home/saiubuntu/ros2_ws/install/_local_setup_util_ps1.py'
[2.892s] INFO:colcon.colcon_core.shell:Creating prefix chain script '/home/saiubuntu/ros2_ws/install/setup.ps1'
[2.894s] INFO:colcon.colcon_core.shell:Creating prefix script '/home/saiubuntu/ros2_ws/install/local_setup.sh'
[2.894s] INFO:colcon.colcon_core.shell:Creating prefix util module '/home/saiubuntu/ros2_ws/install/_local_setup_util_sh.py'
[2.895s] INFO:colcon.colcon_core.shell:Creating prefix chain script '/home/saiubuntu/ros2_ws/install/setup.sh'
[2.897s] INFO:colcon.colcon_core.shell:Creating prefix script '/home/saiubuntu/ros2_ws/install/local_setup.bash'
[2.897s] INFO:colcon.colcon_core.shell:Creating prefix chain script '/home/saiubuntu/ros2_ws/install/setup.bash'
[2.898s] INFO:colcon.colcon_core.shell:Creating prefix script '/home/saiubuntu/ros2_ws/install/local_setup.zsh'
[2.899s] INFO:colcon.colcon_core.shell:Creating prefix chain script '/home/saiubuntu/ros2_ws/install/setup.zsh'
