[0.487s] DEBUG:colcon:Command line arguments: ['/usr/bin/colcon', 'build', '--symlink-install']
[0.487s] DEBUG:colcon:Parsed command line arguments: Namespace(allow_overriding=[], ament_cmake_args=None, base_paths=['.'], build_base='build', catkin_cmake_args=None, catkin_skip_building_tests=False, cmake_args=None, cmake_clean_cache=False, cmake_clean_first=False, cmake_force_configure=False, cmake_target=None, cmake_target_skip_unavailable=False, continue_on_error=False, event_handlers=None, executor='parallel', ignore_user_meta=False, install_base='install', log_base=None, log_level=None, main=<bound method BuildVerb.main of <colcon_core.verb.build.BuildVerb object at 0x7fb9e7437160>>, merge_install=False, metas=['./colcon.meta'], packages_above=None, packages_above_and_dependencies=None, packages_above_depth=None, packages_end=None, packages_ignore=None, packages_ignore_regex=None, packages_select=None, packages_select_build_failed=False, packages_select_by_dep=None, packages_select_regex=None, packages_select_test_failures=False, packages_skip=None, packages_skip_build_finished=False, packages_skip_by_dep=None, packages_skip_regex=None, packages_skip_test_passed=False, packages_skip_up_to=None, packages_start=None, packages_up_to=None, packages_up_to_regex=None, parallel_workers=8, paths=None, symlink_install=True, test_result_base=None, verb_extension=<colcon_core.verb.build.BuildVerb object at 0x7fb9e7437160>, verb_name='build', verb_parser=<colcon_defaults.argument_parser.defaults.DefaultArgumentsDecorator object at 0x7fb9e7371ac0>)
[0.993s] Level 1:colcon.colcon_core.package_discovery:discover_packages(colcon_meta) check parameters
[0.993s] Level 1:colcon.colcon_core.package_discovery:discover_packages(recursive) check parameters
[0.993s] Level 1:colcon.colcon_core.package_discovery:discover_packages(ignore) check parameters
[0.993s] Level 1:colcon.colcon_core.package_discovery:discover_packages(path) check parameters
[0.994s] Level 1:colcon.colcon_core.package_discovery:discover_packages(colcon_meta) discover
[0.994s] Level 1:colcon.colcon_core.package_discovery:discover_packages(recursive) discover
[0.994s] INFO:colcon.colcon_core.package_discovery:Crawling recursively for packages in '/home/saiubuntu/ros2_ws'
[0.994s] Level 1:colcon.colcon_core.package_identification:_identify(.) by extensions ['ignore', 'ignore_ament_install']
[0.994s] Level 1:colcon.colcon_core.package_identification:_identify(.) by extension 'ignore'
[0.994s] Level 1:colcon.colcon_core.package_identification:_identify(.) by extension 'ignore_ament_install'
[0.994s] Level 1:colcon.colcon_core.package_identification:_identify(.) by extensions ['colcon_pkg']
[0.994s] Level 1:colcon.colcon_core.package_identification:_identify(.) by extension 'colcon_pkg'
[0.994s] Level 1:colcon.colcon_core.package_identification:_identify(.) by extensions ['colcon_meta']
[0.994s] Level 1:colcon.colcon_core.package_identification:_identify(.) by extension 'colcon_meta'
[0.994s] Level 1:colcon.colcon_core.package_identification:_identify(.) by extensions ['ros']
[0.994s] Level 1:colcon.colcon_core.package_identification:_identify(.) by extension 'ros'
[1.030s] Level 1:colcon.colcon_core.package_identification:_identify(.) by extensions ['cmake', 'python']
[1.030s] Level 1:colcon.colcon_core.package_identification:_identify(.) by extension 'cmake'
[1.030s] Level 1:colcon.colcon_core.package_identification:_identify(.) by extension 'python'
[1.030s] Level 1:colcon.colcon_core.package_identification:_identify(.) by extensions ['python_setup_py']
[1.030s] Level 1:colcon.colcon_core.package_identification:_identify(.) by extension 'python_setup_py'
[1.030s] Level 1:colcon.colcon_core.package_identification:_identify(build) by extensions ['ignore', 'ignore_ament_install']
[1.030s] Level 1:colcon.colcon_core.package_identification:_identify(build) by extension 'ignore'
[1.030s] Level 1:colcon.colcon_core.package_identification:_identify(build) ignored
[1.030s] Level 1:colcon.colcon_core.package_identification:_identify(install) by extensions ['ignore', 'ignore_ament_install']
[1.030s] Level 1:colcon.colcon_core.package_identification:_identify(install) by extension 'ignore'
[1.030s] Level 1:colcon.colcon_core.package_identification:_identify(install) ignored
[1.048s] Level 1:colcon.colcon_core.package_identification:_identify(joy_tester) by extensions ['ignore', 'ignore_ament_install']
[1.049s] Level 1:colcon.colcon_core.package_identification:_identify(joy_tester) by extension 'ignore'
[1.049s] Level 1:colcon.colcon_core.package_identification:_identify(joy_tester) by extension 'ignore_ament_install'
[1.049s] Level 1:colcon.colcon_core.package_identification:_identify(joy_tester) by extensions ['colcon_pkg']
[1.049s] Level 1:colcon.colcon_core.package_identification:_identify(joy_tester) by extension 'colcon_pkg'
[1.049s] Level 1:colcon.colcon_core.package_identification:_identify(joy_tester) by extensions ['colcon_meta']
[1.049s] Level 1:colcon.colcon_core.package_identification:_identify(joy_tester) by extension 'colcon_meta'
[1.049s] Level 1:colcon.colcon_core.package_identification:_identify(joy_tester) by extensions ['ros']
[1.049s] Level 1:colcon.colcon_core.package_identification:_identify(joy_tester) by extension 'ros'
[1.079s] DEBUG:colcon.colcon_core.package_identification:Package 'joy_tester' with type 'ros.ament_python' and name 'joy_tester'
[1.080s] Level 1:colcon.colcon_core.package_identification:_identify(log) by extensions ['ignore', 'ignore_ament_install']
[1.080s] Level 1:colcon.colcon_core.package_identification:_identify(log) by extension 'ignore'
[1.080s] Level 1:colcon.colcon_core.package_identification:_identify(log) ignored
[1.080s] Level 1:colcon.colcon_core.package_identification:_identify(src) by extensions ['ignore', 'ignore_ament_install']
[1.081s] Level 1:colcon.colcon_core.package_identification:_identify(src) by extension 'ignore'
[1.081s] Level 1:colcon.colcon_core.package_identification:_identify(src) by extension 'ignore_ament_install'
[1.081s] Level 1:colcon.colcon_core.package_identification:_identify(src) by extensions ['colcon_pkg']
[1.081s] Level 1:colcon.colcon_core.package_identification:_identify(src) by extension 'colcon_pkg'
[1.081s] Level 1:colcon.colcon_core.package_identification:_identify(src) by extensions ['colcon_meta']
[1.081s] Level 1:colcon.colcon_core.package_identification:_identify(src) by extension 'colcon_meta'
[1.081s] Level 1:colcon.colcon_core.package_identification:_identify(src) by extensions ['ros']
[1.081s] Level 1:colcon.colcon_core.package_identification:_identify(src) by extension 'ros'
[1.081s] Level 1:colcon.colcon_core.package_identification:_identify(src) by extensions ['cmake', 'python']
[1.081s] Level 1:colcon.colcon_core.package_identification:_identify(src) by extension 'cmake'
[1.081s] Level 1:colcon.colcon_core.package_identification:_identify(src) by extension 'python'
[1.081s] Level 1:colcon.colcon_core.package_identification:_identify(src) by extensions ['python_setup_py']
[1.081s] Level 1:colcon.colcon_core.package_identification:_identify(src) by extension 'python_setup_py'
[1.082s] Level 1:colcon.colcon_core.package_identification:_identify(src/my_bot) by extensions ['ignore', 'ignore_ament_install']
[1.082s] Level 1:colcon.colcon_core.package_identification:_identify(src/my_bot) by extension 'ignore'
[1.082s] Level 1:colcon.colcon_core.package_identification:_identify(src/my_bot) by extension 'ignore_ament_install'
[1.082s] Level 1:colcon.colcon_core.package_identification:_identify(src/my_bot) by extensions ['colcon_pkg']
[1.082s] Level 1:colcon.colcon_core.package_identification:_identify(src/my_bot) by extension 'colcon_pkg'
[1.082s] Level 1:colcon.colcon_core.package_identification:_identify(src/my_bot) by extensions ['colcon_meta']
[1.082s] Level 1:colcon.colcon_core.package_identification:_identify(src/my_bot) by extension 'colcon_meta'
[1.082s] Level 1:colcon.colcon_core.package_identification:_identify(src/my_bot) by extensions ['ros']
[1.082s] Level 1:colcon.colcon_core.package_identification:_identify(src/my_bot) by extension 'ros'
[1.083s] DEBUG:colcon.colcon_core.package_identification:Package 'src/my_bot' with type 'ros.ament_cmake' and name 'my_bot'
[1.094s] Level 1:colcon.colcon_core.package_identification:_identify(src/my_robot) by extensions ['ignore', 'ignore_ament_install']
[1.094s] Level 1:colcon.colcon_core.package_identification:_identify(src/my_robot) by extension 'ignore'
[1.094s] Level 1:colcon.colcon_core.package_identification:_identify(src/my_robot) by extension 'ignore_ament_install'
[1.094s] Level 1:colcon.colcon_core.package_identification:_identify(src/my_robot) by extensions ['colcon_pkg']
[1.094s] Level 1:colcon.colcon_core.package_identification:_identify(src/my_robot) by extension 'colcon_pkg'
[1.094s] Level 1:colcon.colcon_core.package_identification:_identify(src/my_robot) by extensions ['colcon_meta']
[1.094s] Level 1:colcon.colcon_core.package_identification:_identify(src/my_robot) by extension 'colcon_meta'
[1.094s] Level 1:colcon.colcon_core.package_identification:_identify(src/my_robot) by extensions ['ros']
[1.094s] Level 1:colcon.colcon_core.package_identification:_identify(src/my_robot) by extension 'ros'
[1.095s] DEBUG:colcon.colcon_core.package_identification:Package 'src/my_robot' with type 'ros.ament_python' and name 'my_robot'
[1.112s] Level 1:colcon.colcon_core.package_identification:_identify(src/serial_motor_demo) by extensions ['ignore', 'ignore_ament_install']
[1.112s] Level 1:colcon.colcon_core.package_identification:_identify(src/serial_motor_demo) by extension 'ignore'
[1.113s] Level 1:colcon.colcon_core.package_identification:_identify(src/serial_motor_demo) by extension 'ignore_ament_install'
[1.113s] Level 1:colcon.colcon_core.package_identification:_identify(src/serial_motor_demo) by extensions ['colcon_pkg']
[1.113s] Level 1:colcon.colcon_core.package_identification:_identify(src/serial_motor_demo) by extension 'colcon_pkg'
[1.113s] Level 1:colcon.colcon_core.package_identification:_identify(src/serial_motor_demo) by extensions ['colcon_meta']
[1.113s] Level 1:colcon.colcon_core.package_identification:_identify(src/serial_motor_demo) by extension 'colcon_meta'
[1.113s] Level 1:colcon.colcon_core.package_identification:_identify(src/serial_motor_demo) by extensions ['ros']
[1.113s] Level 1:colcon.colcon_core.package_identification:_identify(src/serial_motor_demo) by extension 'ros'
[1.113s] Level 1:colcon.colcon_core.package_identification:_identify(src/serial_motor_demo) by extensions ['cmake', 'python']
[1.114s] Level 1:colcon.colcon_core.package_identification:_identify(src/serial_motor_demo) by extension 'cmake'
[1.114s] Level 1:colcon.colcon_core.package_identification:_identify(src/serial_motor_demo) by extension 'python'
[1.114s] Level 1:colcon.colcon_core.package_identification:_identify(src/serial_motor_demo) by extensions ['python_setup_py']
[1.114s] Level 1:colcon.colcon_core.package_identification:_identify(src/serial_motor_demo) by extension 'python_setup_py'
[1.125s] Level 1:colcon.colcon_core.package_identification:_identify(src/serial_motor_demo/serial_motor_demo) by extensions ['ignore', 'ignore_ament_install']
[1.125s] Level 1:colcon.colcon_core.package_identification:_identify(src/serial_motor_demo/serial_motor_demo) by extension 'ignore'
[1.126s] Level 1:colcon.colcon_core.package_identification:_identify(src/serial_motor_demo/serial_motor_demo) by extension 'ignore_ament_install'
[1.126s] Level 1:colcon.colcon_core.package_identification:_identify(src/serial_motor_demo/serial_motor_demo) by extensions ['colcon_pkg']
[1.126s] Level 1:colcon.colcon_core.package_identification:_identify(src/serial_motor_demo/serial_motor_demo) by extension 'colcon_pkg'
[1.126s] Level 1:colcon.colcon_core.package_identification:_identify(src/serial_motor_demo/serial_motor_demo) by extensions ['colcon_meta']
[1.126s] Level 1:colcon.colcon_core.package_identification:_identify(src/serial_motor_demo/serial_motor_demo) by extension 'colcon_meta'
[1.126s] Level 1:colcon.colcon_core.package_identification:_identify(src/serial_motor_demo/serial_motor_demo) by extensions ['ros']
[1.126s] Level 1:colcon.colcon_core.package_identification:_identify(src/serial_motor_demo/serial_motor_demo) by extension 'ros'
[1.141s] DEBUG:colcon.colcon_core.package_identification:Package 'src/serial_motor_demo/serial_motor_demo' with type 'ros.ament_python' and name 'serial_motor_demo'
[1.141s] Level 1:colcon.colcon_core.package_identification:_identify(src/serial_motor_demo/serial_motor_demo_msgs) by extensions ['ignore', 'ignore_ament_install']
[1.141s] Level 1:colcon.colcon_core.package_identification:_identify(src/serial_motor_demo/serial_motor_demo_msgs) by extension 'ignore'
[1.141s] Level 1:colcon.colcon_core.package_identification:_identify(src/serial_motor_demo/serial_motor_demo_msgs) by extension 'ignore_ament_install'
[1.142s] Level 1:colcon.colcon_core.package_identification:_identify(src/serial_motor_demo/serial_motor_demo_msgs) by extensions ['colcon_pkg']
[1.142s] Level 1:colcon.colcon_core.package_identification:_identify(src/serial_motor_demo/serial_motor_demo_msgs) by extension 'colcon_pkg'
[1.142s] Level 1:colcon.colcon_core.package_identification:_identify(src/serial_motor_demo/serial_motor_demo_msgs) by extensions ['colcon_meta']
[1.142s] Level 1:colcon.colcon_core.package_identification:_identify(src/serial_motor_demo/serial_motor_demo_msgs) by extension 'colcon_meta'
[1.142s] Level 1:colcon.colcon_core.package_identification:_identify(src/serial_motor_demo/serial_motor_demo_msgs) by extensions ['ros']
[1.142s] Level 1:colcon.colcon_core.package_identification:_identify(src/serial_motor_demo/serial_motor_demo_msgs) by extension 'ros'
[1.143s] DEBUG:colcon.colcon_core.package_identification:Package 'src/serial_motor_demo/serial_motor_demo_msgs' with type 'ros.ament_cmake' and name 'serial_motor_demo_msgs'
[1.160s] Level 1:colcon.colcon_core.package_identification:_identify(src/sllidar_ros2) by extensions ['ignore', 'ignore_ament_install']
[1.160s] Level 1:colcon.colcon_core.package_identification:_identify(src/sllidar_ros2) by extension 'ignore'
[1.160s] Level 1:colcon.colcon_core.package_identification:_identify(src/sllidar_ros2) by extension 'ignore_ament_install'
[1.161s] Level 1:colcon.colcon_core.package_identification:_identify(src/sllidar_ros2) by extensions ['colcon_pkg']
[1.161s] Level 1:colcon.colcon_core.package_identification:_identify(src/sllidar_ros2) by extension 'colcon_pkg'
[1.161s] Level 1:colcon.colcon_core.package_identification:_identify(src/sllidar_ros2) by extensions ['colcon_meta']
[1.161s] Level 1:colcon.colcon_core.package_identification:_identify(src/sllidar_ros2) by extension 'colcon_meta'
[1.161s] Level 1:colcon.colcon_core.package_identification:_identify(src/sllidar_ros2) by extensions ['ros']
[1.161s] Level 1:colcon.colcon_core.package_identification:_identify(src/sllidar_ros2) by extension 'ros'
[1.180s] DEBUG:colcon.colcon_core.package_identification:Package 'src/sllidar_ros2' with type 'ros.ament_cmake' and name 'sllidar_ros2'
[1.180s] Level 1:colcon.colcon_core.package_discovery:discover_packages(recursive) using defaults
[1.180s] Level 1:colcon.colcon_core.package_discovery:discover_packages(ignore) discover
[1.180s] Level 1:colcon.colcon_core.package_discovery:discover_packages(ignore) using defaults
[1.180s] Level 1:colcon.colcon_core.package_discovery:discover_packages(path) discover
[1.180s] Level 1:colcon.colcon_core.package_discovery:discover_packages(path) using defaults
[1.295s] Level 1:colcon.colcon_core.package_discovery:discover_packages(prefix_path) check parameters
[1.295s] Level 1:colcon.colcon_core.package_discovery:discover_packages(prefix_path) discover
[1.298s] DEBUG:colcon.colcon_installed_package_information.package_discovery:Found 7 installed packages in /home/saiubuntu/ros2_ws/install
[1.300s] DEBUG:colcon.colcon_installed_package_information.package_discovery:Found 374 installed packages in /opt/ros/foxy
[1.303s] Level 1:colcon.colcon_core.package_discovery:discover_packages(prefix_path) using defaults
[2.170s] Level 5:colcon.colcon_core.verb:set package 'joy_tester' build argument 'cmake_args' from command line to 'None'
[2.170s] Level 5:colcon.colcon_core.verb:set package 'joy_tester' build argument 'cmake_target' from command line to 'None'
[2.170s] Level 5:colcon.colcon_core.verb:set package 'joy_tester' build argument 'cmake_target_skip_unavailable' from command line to 'False'
[2.170s] Level 5:colcon.colcon_core.verb:set package 'joy_tester' build argument 'cmake_clean_cache' from command line to 'False'
[2.170s] Level 5:colcon.colcon_core.verb:set package 'joy_tester' build argument 'cmake_clean_first' from command line to 'False'
[2.170s] Level 5:colcon.colcon_core.verb:set package 'joy_tester' build argument 'cmake_force_configure' from command line to 'False'
[2.170s] Level 5:colcon.colcon_core.verb:set package 'joy_tester' build argument 'ament_cmake_args' from command line to 'None'
[2.170s] Level 5:colcon.colcon_core.verb:set package 'joy_tester' build argument 'catkin_cmake_args' from command line to 'None'
[2.170s] Level 5:colcon.colcon_core.verb:set package 'joy_tester' build argument 'catkin_skip_building_tests' from command line to 'False'
[2.170s] DEBUG:colcon.colcon_core.verb:Building package 'joy_tester' with the following arguments: {'ament_cmake_args': None, 'build_base': '/home/saiubuntu/ros2_ws/build/joy_tester', 'catkin_cmake_args': None, 'catkin_skip_building_tests': False, 'cmake_args': None, 'cmake_clean_cache': False, 'cmake_clean_first': False, 'cmake_force_configure': False, 'cmake_target': None, 'cmake_target_skip_unavailable': False, 'install_base': '/home/saiubuntu/ros2_ws/install/joy_tester', 'merge_install': False, 'path': '/home/saiubuntu/ros2_ws/joy_tester', 'symlink_install': True, 'test_result_base': None}
[2.171s] Level 5:colcon.colcon_core.verb:set package 'my_bot' build argument 'cmake_args' from command line to 'None'
[2.171s] Level 5:colcon.colcon_core.verb:set package 'my_bot' build argument 'cmake_target' from command line to 'None'
[2.171s] Level 5:colcon.colcon_core.verb:set package 'my_bot' build argument 'cmake_target_skip_unavailable' from command line to 'False'
[2.171s] Level 5:colcon.colcon_core.verb:set package 'my_bot' build argument 'cmake_clean_cache' from command line to 'False'
[2.171s] Level 5:colcon.colcon_core.verb:set package 'my_bot' build argument 'cmake_clean_first' from command line to 'False'
[2.171s] Level 5:colcon.colcon_core.verb:set package 'my_bot' build argument 'cmake_force_configure' from command line to 'False'
[2.171s] Level 5:colcon.colcon_core.verb:set package 'my_bot' build argument 'ament_cmake_args' from command line to 'None'
[2.171s] Level 5:colcon.colcon_core.verb:set package 'my_bot' build argument 'catkin_cmake_args' from command line to 'None'
[2.171s] Level 5:colcon.colcon_core.verb:set package 'my_bot' build argument 'catkin_skip_building_tests' from command line to 'False'
[2.171s] DEBUG:colcon.colcon_core.verb:Building package 'my_bot' with the following arguments: {'ament_cmake_args': None, 'build_base': '/home/saiubuntu/ros2_ws/build/my_bot', 'catkin_cmake_args': None, 'catkin_skip_building_tests': False, 'cmake_args': None, 'cmake_clean_cache': False, 'cmake_clean_first': False, 'cmake_force_configure': False, 'cmake_target': None, 'cmake_target_skip_unavailable': False, 'install_base': '/home/saiubuntu/ros2_ws/install/my_bot', 'merge_install': False, 'path': '/home/saiubuntu/ros2_ws/src/my_bot', 'symlink_install': True, 'test_result_base': None}
[2.171s] Level 5:colcon.colcon_core.verb:set package 'my_robot' build argument 'cmake_args' from command line to 'None'
[2.172s] Level 5:colcon.colcon_core.verb:set package 'my_robot' build argument 'cmake_target' from command line to 'None'
[2.172s] Level 5:colcon.colcon_core.verb:set package 'my_robot' build argument 'cmake_target_skip_unavailable' from command line to 'False'
[2.172s] Level 5:colcon.colcon_core.verb:set package 'my_robot' build argument 'cmake_clean_cache' from command line to 'False'
[2.172s] Level 5:colcon.colcon_core.verb:set package 'my_robot' build argument 'cmake_clean_first' from command line to 'False'
[2.172s] Level 5:colcon.colcon_core.verb:set package 'my_robot' build argument 'cmake_force_configure' from command line to 'False'
[2.172s] Level 5:colcon.colcon_core.verb:set package 'my_robot' build argument 'ament_cmake_args' from command line to 'None'
[2.172s] Level 5:colcon.colcon_core.verb:set package 'my_robot' build argument 'catkin_cmake_args' from command line to 'None'
[2.172s] Level 5:colcon.colcon_core.verb:set package 'my_robot' build argument 'catkin_skip_building_tests' from command line to 'False'
[2.172s] DEBUG:colcon.colcon_core.verb:Building package 'my_robot' with the following arguments: {'ament_cmake_args': None, 'build_base': '/home/saiubuntu/ros2_ws/build/my_robot', 'catkin_cmake_args': None, 'catkin_skip_building_tests': False, 'cmake_args': None, 'cmake_clean_cache': False, 'cmake_clean_first': False, 'cmake_force_configure': False, 'cmake_target': None, 'cmake_target_skip_unavailable': False, 'install_base': '/home/saiubuntu/ros2_ws/install/my_robot', 'merge_install': False, 'path': '/home/saiubuntu/ros2_ws/src/my_robot', 'symlink_install': True, 'test_result_base': None}
[2.172s] Level 5:colcon.colcon_core.verb:set package 'serial_motor_demo_msgs' build argument 'cmake_args' from command line to 'None'
[2.172s] Level 5:colcon.colcon_core.verb:set package 'serial_motor_demo_msgs' build argument 'cmake_target' from command line to 'None'
[2.172s] Level 5:colcon.colcon_core.verb:set package 'serial_motor_demo_msgs' build argument 'cmake_target_skip_unavailable' from command line to 'False'
[2.172s] Level 5:colcon.colcon_core.verb:set package 'serial_motor_demo_msgs' build argument 'cmake_clean_cache' from command line to 'False'
[2.172s] Level 5:colcon.colcon_core.verb:set package 'serial_motor_demo_msgs' build argument 'cmake_clean_first' from command line to 'False'
[2.172s] Level 5:colcon.colcon_core.verb:set package 'serial_motor_demo_msgs' build argument 'cmake_force_configure' from command line to 'False'
[2.172s] Level 5:colcon.colcon_core.verb:set package 'serial_motor_demo_msgs' build argument 'ament_cmake_args' from command line to 'None'
[2.172s] Level 5:colcon.colcon_core.verb:set package 'serial_motor_demo_msgs' build argument 'catkin_cmake_args' from command line to 'None'
[2.172s] Level 5:colcon.colcon_core.verb:set package 'serial_motor_demo_msgs' build argument 'catkin_skip_building_tests' from command line to 'False'
[2.172s] DEBUG:colcon.colcon_core.verb:Building package 'serial_motor_demo_msgs' with the following arguments: {'ament_cmake_args': None, 'build_base': '/home/saiubuntu/ros2_ws/build/serial_motor_demo_msgs', 'catkin_cmake_args': None, 'catkin_skip_building_tests': False, 'cmake_args': None, 'cmake_clean_cache': False, 'cmake_clean_first': False, 'cmake_force_configure': False, 'cmake_target': None, 'cmake_target_skip_unavailable': False, 'install_base': '/home/saiubuntu/ros2_ws/install/serial_motor_demo_msgs', 'merge_install': False, 'path': '/home/saiubuntu/ros2_ws/src/serial_motor_demo/serial_motor_demo_msgs', 'symlink_install': True, 'test_result_base': None}
[2.173s] Level 5:colcon.colcon_core.verb:set package 'sllidar_ros2' build argument 'cmake_args' from command line to 'None'
[2.173s] Level 5:colcon.colcon_core.verb:set package 'sllidar_ros2' build argument 'cmake_target' from command line to 'None'
[2.173s] Level 5:colcon.colcon_core.verb:set package 'sllidar_ros2' build argument 'cmake_target_skip_unavailable' from command line to 'False'
[2.173s] Level 5:colcon.colcon_core.verb:set package 'sllidar_ros2' build argument 'cmake_clean_cache' from command line to 'False'
[2.173s] Level 5:colcon.colcon_core.verb:set package 'sllidar_ros2' build argument 'cmake_clean_first' from command line to 'False'
[2.173s] Level 5:colcon.colcon_core.verb:set package 'sllidar_ros2' build argument 'cmake_force_configure' from command line to 'False'
[2.173s] Level 5:colcon.colcon_core.verb:set package 'sllidar_ros2' build argument 'ament_cmake_args' from command line to 'None'
[2.173s] Level 5:colcon.colcon_core.verb:set package 'sllidar_ros2' build argument 'catkin_cmake_args' from command line to 'None'
[2.173s] Level 5:colcon.colcon_core.verb:set package 'sllidar_ros2' build argument 'catkin_skip_building_tests' from command line to 'False'
[2.173s] DEBUG:colcon.colcon_core.verb:Building package 'sllidar_ros2' with the following arguments: {'ament_cmake_args': None, 'build_base': '/home/saiubuntu/ros2_ws/build/sllidar_ros2', 'catkin_cmake_args': None, 'catkin_skip_building_tests': False, 'cmake_args': None, 'cmake_clean_cache': False, 'cmake_clean_first': False, 'cmake_force_configure': False, 'cmake_target': None, 'cmake_target_skip_unavailable': False, 'install_base': '/home/saiubuntu/ros2_ws/install/sllidar_ros2', 'merge_install': False, 'path': '/home/saiubuntu/ros2_ws/src/sllidar_ros2', 'symlink_install': True, 'test_result_base': None}
[2.173s] Level 5:colcon.colcon_core.verb:set package 'serial_motor_demo' build argument 'cmake_args' from command line to 'None'
[2.174s] Level 5:colcon.colcon_core.verb:set package 'serial_motor_demo' build argument 'cmake_target' from command line to 'None'
[2.174s] Level 5:colcon.colcon_core.verb:set package 'serial_motor_demo' build argument 'cmake_target_skip_unavailable' from command line to 'False'
[2.174s] Level 5:colcon.colcon_core.verb:set package 'serial_motor_demo' build argument 'cmake_clean_cache' from command line to 'False'
[2.174s] Level 5:colcon.colcon_core.verb:set package 'serial_motor_demo' build argument 'cmake_clean_first' from command line to 'False'
[2.174s] Level 5:colcon.colcon_core.verb:set package 'serial_motor_demo' build argument 'cmake_force_configure' from command line to 'False'
[2.174s] Level 5:colcon.colcon_core.verb:set package 'serial_motor_demo' build argument 'ament_cmake_args' from command line to 'None'
[2.174s] Level 5:colcon.colcon_core.verb:set package 'serial_motor_demo' build argument 'catkin_cmake_args' from command line to 'None'
[2.174s] Level 5:colcon.colcon_core.verb:set package 'serial_motor_demo' build argument 'catkin_skip_building_tests' from command line to 'False'
[2.174s] DEBUG:colcon.colcon_core.verb:Building package 'serial_motor_demo' with the following arguments: {'ament_cmake_args': None, 'build_base': '/home/saiubuntu/ros2_ws/build/serial_motor_demo', 'catkin_cmake_args': None, 'catkin_skip_building_tests': False, 'cmake_args': None, 'cmake_clean_cache': False, 'cmake_clean_first': False, 'cmake_force_configure': False, 'cmake_target': None, 'cmake_target_skip_unavailable': False, 'install_base': '/home/saiubuntu/ros2_ws/install/serial_motor_demo', 'merge_install': False, 'path': '/home/saiubuntu/ros2_ws/src/serial_motor_demo/serial_motor_demo', 'symlink_install': True, 'test_result_base': None}
[2.174s] INFO:colcon.colcon_core.executor:Executing jobs using 'parallel' executor
[2.175s] DEBUG:colcon.colcon_parallel_executor.executor.parallel:run_until_complete
[2.176s] INFO:colcon.colcon_ros.task.ament_cmake.build:Building ROS package in '/home/saiubuntu/ros2_ws/src/serial_motor_demo/serial_motor_demo_msgs' with build type 'ament_cmake'
[2.176s] INFO:colcon.colcon_cmake.task.cmake.build:Building CMake package in '/home/saiubuntu/ros2_ws/src/serial_motor_demo/serial_motor_demo_msgs'
[2.181s] INFO:colcon.colcon_core.plugin_system:Skipping extension 'colcon_core.shell.bat': Not used on non-Windows systems
[2.181s] INFO:colcon.colcon_core.shell:Skip shell extension 'powershell' for command environment: Not usable outside of PowerShell
[2.182s] DEBUG:colcon.colcon_core.shell:Skip shell extension 'dsv' for command environment
[2.188s] INFO:colcon.colcon_ros.task.ament_python.build:Building ROS package in '/home/saiubuntu/ros2_ws/joy_tester' with build type 'ament_python'
[2.188s] Level 1:colcon.colcon_core.shell:create_environment_hook('joy_tester', 'ament_prefix_path')
[2.189s] INFO:colcon.colcon_core.shell:Creating environment hook '/home/saiubuntu/ros2_ws/install/joy_tester/share/joy_tester/hook/ament_prefix_path.ps1'
[2.222s] INFO:colcon.colcon_core.shell:Creating environment descriptor '/home/saiubuntu/ros2_ws/install/joy_tester/share/joy_tester/hook/ament_prefix_path.dsv'
[2.223s] INFO:colcon.colcon_core.shell:Creating environment hook '/home/saiubuntu/ros2_ws/install/joy_tester/share/joy_tester/hook/ament_prefix_path.sh'
[2.225s] INFO:colcon.colcon_core.shell:Skip shell extension 'powershell' for command environment: Not usable outside of PowerShell
[2.225s] DEBUG:colcon.colcon_core.shell:Skip shell extension 'dsv' for command environment
[2.231s] INFO:colcon.colcon_ros.task.ament_cmake.build:Building ROS package in '/home/saiubuntu/ros2_ws/src/my_bot' with build type 'ament_cmake'
[2.233s] INFO:colcon.colcon_cmake.task.cmake.build:Building CMake package in '/home/saiubuntu/ros2_ws/src/my_bot'
[2.234s] INFO:colcon.colcon_core.shell:Skip shell extension 'powershell' for command environment: Not usable outside of PowerShell
[2.235s] DEBUG:colcon.colcon_core.shell:Skip shell extension 'dsv' for command environment
[2.242s] INFO:colcon.colcon_ros.task.ament_python.build:Building ROS package in '/home/saiubuntu/ros2_ws/src/my_robot' with build type 'ament_python'
[2.242s] Level 1:colcon.colcon_core.shell:create_environment_hook('my_robot', 'ament_prefix_path')
[2.243s] INFO:colcon.colcon_core.shell:Creating environment hook '/home/saiubuntu/ros2_ws/install/my_robot/share/my_robot/hook/ament_prefix_path.ps1'
[2.244s] INFO:colcon.colcon_core.shell:Creating environment descriptor '/home/saiubuntu/ros2_ws/install/my_robot/share/my_robot/hook/ament_prefix_path.dsv'
[2.245s] INFO:colcon.colcon_core.shell:Creating environment hook '/home/saiubuntu/ros2_ws/install/my_robot/share/my_robot/hook/ament_prefix_path.sh'
[2.246s] INFO:colcon.colcon_core.shell:Skip shell extension 'powershell' for command environment: Not usable outside of PowerShell
[2.246s] DEBUG:colcon.colcon_core.shell:Skip shell extension 'dsv' for command environment
[2.252s] INFO:colcon.colcon_ros.task.ament_cmake.build:Building ROS package in '/home/saiubuntu/ros2_ws/src/sllidar_ros2' with build type 'ament_cmake'
[2.253s] INFO:colcon.colcon_cmake.task.cmake.build:Building CMake package in '/home/saiubuntu/ros2_ws/src/sllidar_ros2'
[2.253s] INFO:colcon.colcon_core.shell:Skip shell extension 'powershell' for command environment: Not usable outside of PowerShell
[2.253s] DEBUG:colcon.colcon_core.shell:Skip shell extension 'dsv' for command environment
[2.336s] DEBUG:colcon.colcon_core.event_handler.log_command:Invoking command in '/home/saiubuntu/ros2_ws/build/serial_motor_demo_msgs': CMAKE_PREFIX_PATH=${CMAKE_PREFIX_PATH}:/home/saiubuntu/ros2_ws/install/serial_motor_demo:/home/saiubuntu/ros2_ws/install/my_robot:/home/saiubuntu/ros2_ws/install/joy_tester:/opt/ros/foxy /usr/bin/cmake --build /home/saiubuntu/ros2_ws/build/serial_motor_demo_msgs -- -j8 -l8
[2.754s] INFO:colcon.colcon_core.task.python.build:Building Python package in '/home/saiubuntu/ros2_ws/joy_tester'
[2.755s] INFO:colcon.colcon_core.shell:Skip shell extension 'powershell' for command environment: Not usable outside of PowerShell
[2.755s] DEBUG:colcon.colcon_core.shell:Skip shell extension 'dsv' for command environment
[2.814s] DEBUG:colcon.colcon_core.event_handler.log_command:Invoking command in '/home/saiubuntu/ros2_ws/build/my_bot': CMAKE_PREFIX_PATH=${CMAKE_PREFIX_PATH}:/home/saiubuntu/ros2_ws/install/serial_motor_demo:/home/saiubuntu/ros2_ws/install/my_robot:/home/saiubuntu/ros2_ws/install/joy_tester:/opt/ros/foxy /usr/bin/cmake --build /home/saiubuntu/ros2_ws/build/my_bot -- -j8 -l8
[3.134s] INFO:colcon.colcon_core.task.python.build:Building Python package in '/home/saiubuntu/ros2_ws/src/my_robot'
[3.135s] INFO:colcon.colcon_core.shell:Skip shell extension 'powershell' for command environment: Not usable outside of PowerShell
[3.135s] DEBUG:colcon.colcon_core.shell:Skip shell extension 'dsv' for command environment
[3.229s] DEBUG:colcon.colcon_core.event_handler.log_command:Invoking command in '/home/saiubuntu/ros2_ws/build/sllidar_ros2': CMAKE_PREFIX_PATH=${CMAKE_PREFIX_PATH}:/home/saiubuntu/ros2_ws/install/serial_motor_demo:/home/saiubuntu/ros2_ws/install/my_robot:/home/saiubuntu/ros2_ws/install/joy_tester:/opt/ros/foxy /usr/bin/cmake --build /home/saiubuntu/ros2_ws/build/sllidar_ros2 -- -j8 -l8
[3.234s] DEBUG:colcon.colcon_core.event_handler.log_command:Invoked command in '/home/saiubuntu/ros2_ws/build/my_bot' returned '0': CMAKE_PREFIX_PATH=${CMAKE_PREFIX_PATH}:/home/saiubuntu/ros2_ws/install/serial_motor_demo:/home/saiubuntu/ros2_ws/install/my_robot:/home/saiubuntu/ros2_ws/install/joy_tester:/opt/ros/foxy /usr/bin/cmake --build /home/saiubuntu/ros2_ws/build/my_bot -- -j8 -l8
[3.342s] DEBUG:colcon.colcon_core.event_handler.log_command:Invoking command in '/home/saiubuntu/ros2_ws/build/my_bot': CMAKE_PREFIX_PATH=${CMAKE_PREFIX_PATH}:/home/saiubuntu/ros2_ws/install/serial_motor_demo:/home/saiubuntu/ros2_ws/install/my_robot:/home/saiubuntu/ros2_ws/install/joy_tester:/opt/ros/foxy /usr/bin/cmake --install /home/saiubuntu/ros2_ws/build/my_bot
[3.505s] Level 1:colcon.colcon_core.environment:create_environment_scripts_only(my_bot)
[3.507s] DEBUG:colcon.colcon_core.event_handler.log_command:Invoked command in '/home/saiubuntu/ros2_ws/build/my_bot' returned '0': CMAKE_PREFIX_PATH=${CMAKE_PREFIX_PATH}:/home/saiubuntu/ros2_ws/install/serial_motor_demo:/home/saiubuntu/ros2_ws/install/my_robot:/home/saiubuntu/ros2_ws/install/joy_tester:/opt/ros/foxy /usr/bin/cmake --install /home/saiubuntu/ros2_ws/build/my_bot
[3.547s] Level 1:colcon.colcon_core.environment:checking '/home/saiubuntu/ros2_ws/install/my_bot' for CMake module files
[3.548s] Level 1:colcon.colcon_core.environment:checking '/home/saiubuntu/ros2_ws/install/my_bot' for CMake config files
[3.548s] Level 1:colcon.colcon_core.shell:create_environment_hook('my_bot', 'cmake_prefix_path')
[3.549s] INFO:colcon.colcon_core.shell:Creating environment hook '/home/saiubuntu/ros2_ws/install/my_bot/share/my_bot/hook/cmake_prefix_path.ps1'
[3.549s] INFO:colcon.colcon_core.shell:Creating environment descriptor '/home/saiubuntu/ros2_ws/install/my_bot/share/my_bot/hook/cmake_prefix_path.dsv'
[3.550s] INFO:colcon.colcon_core.shell:Creating environment hook '/home/saiubuntu/ros2_ws/install/my_bot/share/my_bot/hook/cmake_prefix_path.sh'
[3.551s] Level 1:colcon.colcon_core.environment:checking '/home/saiubuntu/ros2_ws/install/my_bot/bin'
[3.551s] Level 1:colcon.colcon_core.environment:checking '/home/saiubuntu/ros2_ws/install/my_bot/lib/pkgconfig/my_bot.pc'
[3.551s] Level 1:colcon.colcon_core.environment:checking '/home/saiubuntu/ros2_ws/install/my_bot/lib/python3.8/site-packages'
[3.552s] Level 1:colcon.colcon_core.environment:checking '/home/saiubuntu/ros2_ws/install/my_bot/bin'
[3.552s] INFO:colcon.colcon_core.shell:Creating package script '/home/saiubuntu/ros2_ws/install/my_bot/share/my_bot/package.ps1'
[3.553s] INFO:colcon.colcon_core.shell:Creating package descriptor '/home/saiubuntu/ros2_ws/install/my_bot/share/my_bot/package.dsv'
[3.554s] INFO:colcon.colcon_core.shell:Creating package script '/home/saiubuntu/ros2_ws/install/my_bot/share/my_bot/package.sh'
[3.555s] INFO:colcon.colcon_core.shell:Creating package script '/home/saiubuntu/ros2_ws/install/my_bot/share/my_bot/package.bash'
[3.571s] INFO:colcon.colcon_core.shell:Creating package script '/home/saiubuntu/ros2_ws/install/my_bot/share/my_bot/package.zsh'
[3.580s] Level 1:colcon.colcon_core.environment:create_file_with_runtime_dependencies(/home/saiubuntu/ros2_ws/install/my_bot/share/colcon-core/packages/my_bot)
[3.607s] Level 1:colcon.colcon_core.environment:create_environment_scripts_only(my_bot)
[3.608s] Level 1:colcon.colcon_core.environment:checking '/home/saiubuntu/ros2_ws/install/my_bot' for CMake module files
[3.609s] Level 1:colcon.colcon_core.environment:checking '/home/saiubuntu/ros2_ws/install/my_bot' for CMake config files
[3.610s] Level 1:colcon.colcon_core.shell:create_environment_hook('my_bot', 'cmake_prefix_path')
[3.610s] INFO:colcon.colcon_core.shell:Creating environment hook '/home/saiubuntu/ros2_ws/install/my_bot/share/my_bot/hook/cmake_prefix_path.ps1'
[3.612s] INFO:colcon.colcon_core.shell:Creating environment descriptor '/home/saiubuntu/ros2_ws/install/my_bot/share/my_bot/hook/cmake_prefix_path.dsv'
[3.614s] INFO:colcon.colcon_core.shell:Creating environment hook '/home/saiubuntu/ros2_ws/install/my_bot/share/my_bot/hook/cmake_prefix_path.sh'
[3.615s] Level 1:colcon.colcon_core.environment:checking '/home/saiubuntu/ros2_ws/install/my_bot/bin'
[3.615s] Level 1:colcon.colcon_core.environment:checking '/home/saiubuntu/ros2_ws/install/my_bot/lib/pkgconfig/my_bot.pc'
[3.616s] Level 1:colcon.colcon_core.environment:checking '/home/saiubuntu/ros2_ws/install/my_bot/lib/python3.8/site-packages'
[3.616s] Level 1:colcon.colcon_core.environment:checking '/home/saiubuntu/ros2_ws/install/my_bot/bin'
[3.617s] INFO:colcon.colcon_core.shell:Creating package script '/home/saiubuntu/ros2_ws/install/my_bot/share/my_bot/package.ps1'
[3.618s] INFO:colcon.colcon_core.shell:Creating package descriptor '/home/saiubuntu/ros2_ws/install/my_bot/share/my_bot/package.dsv'
[3.619s] INFO:colcon.colcon_core.shell:Creating package script '/home/saiubuntu/ros2_ws/install/my_bot/share/my_bot/package.sh'
[3.620s] INFO:colcon.colcon_core.shell:Creating package script '/home/saiubuntu/ros2_ws/install/my_bot/share/my_bot/package.bash'
[3.620s] INFO:colcon.colcon_core.shell:Creating package script '/home/saiubuntu/ros2_ws/install/my_bot/share/my_bot/package.zsh'
[3.621s] Level 1:colcon.colcon_core.environment:create_file_with_runtime_dependencies(/home/saiubuntu/ros2_ws/install/my_bot/share/colcon-core/packages/my_bot)
[3.819s] DEBUG:colcon.colcon_core.event_handler.log_command:Invoked command in '/home/saiubuntu/ros2_ws/build/serial_motor_demo_msgs' returned '0': CMAKE_PREFIX_PATH=${CMAKE_PREFIX_PATH}:/home/saiubuntu/ros2_ws/install/serial_motor_demo:/home/saiubuntu/ros2_ws/install/my_robot:/home/saiubuntu/ros2_ws/install/joy_tester:/opt/ros/foxy /usr/bin/cmake --build /home/saiubuntu/ros2_ws/build/serial_motor_demo_msgs -- -j8 -l8
[3.934s] DEBUG:colcon.colcon_core.event_handler.log_command:Invoking command in '/home/saiubuntu/ros2_ws/build/serial_motor_demo_msgs': CMAKE_PREFIX_PATH=${CMAKE_PREFIX_PATH}:/home/saiubuntu/ros2_ws/install/serial_motor_demo:/home/saiubuntu/ros2_ws/install/my_robot:/home/saiubuntu/ros2_ws/install/joy_tester:/opt/ros/foxy /usr/bin/cmake --install /home/saiubuntu/ros2_ws/build/serial_motor_demo_msgs
[4.163s] DEBUG:colcon.colcon_core.event_handler.log_command:Invoked command in '/home/saiubuntu/ros2_ws/build/sllidar_ros2' returned '0': CMAKE_PREFIX_PATH=${CMAKE_PREFIX_PATH}:/home/saiubuntu/ros2_ws/install/serial_motor_demo:/home/saiubuntu/ros2_ws/install/my_robot:/home/saiubuntu/ros2_ws/install/joy_tester:/opt/ros/foxy /usr/bin/cmake --build /home/saiubuntu/ros2_ws/build/sllidar_ros2 -- -j8 -l8
[4.237s] DEBUG:colcon.colcon_core.event_handler.log_command:Invoking command in '/home/saiubuntu/ros2_ws/build/sllidar_ros2': CMAKE_PREFIX_PATH=${CMAKE_PREFIX_PATH}:/home/saiubuntu/ros2_ws/install/serial_motor_demo:/home/saiubuntu/ros2_ws/install/my_robot:/home/saiubuntu/ros2_ws/install/joy_tester:/opt/ros/foxy /usr/bin/cmake --install /home/saiubuntu/ros2_ws/build/sllidar_ros2
[4.501s] Level 1:colcon.colcon_core.environment:create_environment_scripts_only(sllidar_ros2)
[4.501s] Level 1:colcon.colcon_core.environment:checking '/home/saiubuntu/ros2_ws/install/sllidar_ros2' for CMake module files
[4.502s] DEBUG:colcon.colcon_core.event_handler.log_command:Invoked command in '/home/saiubuntu/ros2_ws/build/sllidar_ros2' returned '0': CMAKE_PREFIX_PATH=${CMAKE_PREFIX_PATH}:/home/saiubuntu/ros2_ws/install/serial_motor_demo:/home/saiubuntu/ros2_ws/install/my_robot:/home/saiubuntu/ros2_ws/install/joy_tester:/opt/ros/foxy /usr/bin/cmake --install /home/saiubuntu/ros2_ws/build/sllidar_ros2
[4.504s] Level 1:colcon.colcon_core.environment:checking '/home/saiubuntu/ros2_ws/install/sllidar_ros2' for CMake config files
[4.506s] Level 1:colcon.colcon_core.shell:create_environment_hook('sllidar_ros2', 'cmake_prefix_path')
[4.507s] INFO:colcon.colcon_core.shell:Creating environment hook '/home/saiubuntu/ros2_ws/install/sllidar_ros2/share/sllidar_ros2/hook/cmake_prefix_path.ps1'
[4.507s] INFO:colcon.colcon_core.shell:Creating environment descriptor '/home/saiubuntu/ros2_ws/install/sllidar_ros2/share/sllidar_ros2/hook/cmake_prefix_path.dsv'
[4.508s] INFO:colcon.colcon_core.shell:Creating environment hook '/home/saiubuntu/ros2_ws/install/sllidar_ros2/share/sllidar_ros2/hook/cmake_prefix_path.sh'
[4.508s] Level 1:colcon.colcon_core.environment:checking '/home/saiubuntu/ros2_ws/install/sllidar_ros2/lib'
[4.508s] Level 1:colcon.colcon_core.environment:checking '/home/saiubuntu/ros2_ws/install/sllidar_ros2/bin'
[4.509s] Level 1:colcon.colcon_core.environment:checking '/home/saiubuntu/ros2_ws/install/sllidar_ros2/lib/pkgconfig/sllidar_ros2.pc'
[4.509s] Level 1:colcon.colcon_core.environment:checking '/home/saiubuntu/ros2_ws/install/sllidar_ros2/lib/python3.8/site-packages'
[4.509s] Level 1:colcon.colcon_core.environment:checking '/home/saiubuntu/ros2_ws/install/sllidar_ros2/bin'
[4.509s] INFO:colcon.colcon_core.shell:Creating package script '/home/saiubuntu/ros2_ws/install/sllidar_ros2/share/sllidar_ros2/package.ps1'
[4.510s] INFO:colcon.colcon_core.shell:Creating package descriptor '/home/saiubuntu/ros2_ws/install/sllidar_ros2/share/sllidar_ros2/package.dsv'
[4.510s] INFO:colcon.colcon_core.shell:Creating package script '/home/saiubuntu/ros2_ws/install/sllidar_ros2/share/sllidar_ros2/package.sh'
[4.511s] INFO:colcon.colcon_core.shell:Creating package script '/home/saiubuntu/ros2_ws/install/sllidar_ros2/share/sllidar_ros2/package.bash'
[4.511s] INFO:colcon.colcon_core.shell:Creating package script '/home/saiubuntu/ros2_ws/install/sllidar_ros2/share/sllidar_ros2/package.zsh'
[4.512s] Level 1:colcon.colcon_core.environment:create_file_with_runtime_dependencies(/home/saiubuntu/ros2_ws/install/sllidar_ros2/share/colcon-core/packages/sllidar_ros2)
[4.579s] Level 1:colcon.colcon_core.environment:create_environment_scripts_only(serial_motor_demo_msgs)
[4.580s] Level 1:colcon.colcon_core.environment:checking '/home/saiubuntu/ros2_ws/install/serial_motor_demo_msgs' for CMake module files
[4.581s] DEBUG:colcon.colcon_core.event_handler.log_command:Invoked command in '/home/saiubuntu/ros2_ws/build/serial_motor_demo_msgs' returned '0': CMAKE_PREFIX_PATH=${CMAKE_PREFIX_PATH}:/home/saiubuntu/ros2_ws/install/serial_motor_demo:/home/saiubuntu/ros2_ws/install/my_robot:/home/saiubuntu/ros2_ws/install/joy_tester:/opt/ros/foxy /usr/bin/cmake --install /home/saiubuntu/ros2_ws/build/serial_motor_demo_msgs
[4.582s] Level 1:colcon.colcon_core.environment:checking '/home/saiubuntu/ros2_ws/install/serial_motor_demo_msgs' for CMake config files
[4.582s] Level 1:colcon.colcon_core.shell:create_environment_hook('serial_motor_demo_msgs', 'cmake_prefix_path')
[4.583s] INFO:colcon.colcon_core.shell:Creating environment hook '/home/saiubuntu/ros2_ws/install/serial_motor_demo_msgs/share/serial_motor_demo_msgs/hook/cmake_prefix_path.ps1'
[4.584s] INFO:colcon.colcon_core.shell:Creating environment descriptor '/home/saiubuntu/ros2_ws/install/serial_motor_demo_msgs/share/serial_motor_demo_msgs/hook/cmake_prefix_path.dsv'
[4.584s] INFO:colcon.colcon_core.shell:Creating environment hook '/home/saiubuntu/ros2_ws/install/serial_motor_demo_msgs/share/serial_motor_demo_msgs/hook/cmake_prefix_path.sh'
[4.585s] Level 1:colcon.colcon_core.environment:checking '/home/saiubuntu/ros2_ws/install/serial_motor_demo_msgs/lib'
[4.585s] Level 1:colcon.colcon_core.shell:create_environment_hook('serial_motor_demo_msgs', 'ld_library_path_lib')
[4.585s] INFO:colcon.colcon_core.shell:Creating environment hook '/home/saiubuntu/ros2_ws/install/serial_motor_demo_msgs/share/serial_motor_demo_msgs/hook/ld_library_path_lib.ps1'
[4.586s] INFO:colcon.colcon_core.shell:Creating environment descriptor '/home/saiubuntu/ros2_ws/install/serial_motor_demo_msgs/share/serial_motor_demo_msgs/hook/ld_library_path_lib.dsv'
[4.586s] INFO:colcon.colcon_core.shell:Creating environment hook '/home/saiubuntu/ros2_ws/install/serial_motor_demo_msgs/share/serial_motor_demo_msgs/hook/ld_library_path_lib.sh'
[4.587s] Level 1:colcon.colcon_core.environment:checking '/home/saiubuntu/ros2_ws/install/serial_motor_demo_msgs/bin'
[4.587s] Level 1:colcon.colcon_core.environment:checking '/home/saiubuntu/ros2_ws/install/serial_motor_demo_msgs/lib/pkgconfig/serial_motor_demo_msgs.pc'
[4.588s] Level 1:colcon.colcon_core.environment:checking '/home/saiubuntu/ros2_ws/install/serial_motor_demo_msgs/lib/python3.8/site-packages'
[4.588s] Level 1:colcon.colcon_core.shell:create_environment_hook('serial_motor_demo_msgs', 'pythonpath')
[4.588s] INFO:colcon.colcon_core.shell:Creating environment hook '/home/saiubuntu/ros2_ws/install/serial_motor_demo_msgs/share/serial_motor_demo_msgs/hook/pythonpath.ps1'
[4.589s] INFO:colcon.colcon_core.shell:Creating environment descriptor '/home/saiubuntu/ros2_ws/install/serial_motor_demo_msgs/share/serial_motor_demo_msgs/hook/pythonpath.dsv'
[4.589s] INFO:colcon.colcon_core.shell:Creating environment hook '/home/saiubuntu/ros2_ws/install/serial_motor_demo_msgs/share/serial_motor_demo_msgs/hook/pythonpath.sh'
[4.590s] Level 1:colcon.colcon_core.environment:checking '/home/saiubuntu/ros2_ws/install/serial_motor_demo_msgs/bin'
[4.591s] INFO:colcon.colcon_core.shell:Creating package script '/home/saiubuntu/ros2_ws/install/serial_motor_demo_msgs/share/serial_motor_demo_msgs/package.ps1'
[4.591s] INFO:colcon.colcon_core.shell:Creating package descriptor '/home/saiubuntu/ros2_ws/install/serial_motor_demo_msgs/share/serial_motor_demo_msgs/package.dsv'
[4.592s] INFO:colcon.colcon_core.shell:Creating package script '/home/saiubuntu/ros2_ws/install/serial_motor_demo_msgs/share/serial_motor_demo_msgs/package.sh'
[4.592s] INFO:colcon.colcon_core.shell:Creating package script '/home/saiubuntu/ros2_ws/install/serial_motor_demo_msgs/share/serial_motor_demo_msgs/package.bash'
[4.593s] INFO:colcon.colcon_core.shell:Creating package script '/home/saiubuntu/ros2_ws/install/serial_motor_demo_msgs/share/serial_motor_demo_msgs/package.zsh'
[4.593s] Level 1:colcon.colcon_core.environment:create_file_with_runtime_dependencies(/home/saiubuntu/ros2_ws/install/serial_motor_demo_msgs/share/colcon-core/packages/serial_motor_demo_msgs)
[4.597s] Level 1:colcon.colcon_core.environment:create_environment_scripts_only(sllidar_ros2)
[4.597s] Level 1:colcon.colcon_core.environment:checking '/home/saiubuntu/ros2_ws/install/sllidar_ros2' for CMake module files
[4.599s] Level 1:colcon.colcon_core.environment:checking '/home/saiubuntu/ros2_ws/install/sllidar_ros2' for CMake config files
[4.600s] Level 1:colcon.colcon_core.shell:create_environment_hook('sllidar_ros2', 'cmake_prefix_path')
[4.600s] INFO:colcon.colcon_core.shell:Creating environment hook '/home/saiubuntu/ros2_ws/install/sllidar_ros2/share/sllidar_ros2/hook/cmake_prefix_path.ps1'
[4.602s] INFO:colcon.colcon_core.shell:Creating environment descriptor '/home/saiubuntu/ros2_ws/install/sllidar_ros2/share/sllidar_ros2/hook/cmake_prefix_path.dsv'
[4.603s] INFO:colcon.colcon_core.shell:Creating environment hook '/home/saiubuntu/ros2_ws/install/sllidar_ros2/share/sllidar_ros2/hook/cmake_prefix_path.sh'
[4.604s] Level 1:colcon.colcon_core.environment:checking '/home/saiubuntu/ros2_ws/install/sllidar_ros2/lib'
[4.604s] Level 1:colcon.colcon_core.environment:checking '/home/saiubuntu/ros2_ws/install/sllidar_ros2/bin'
[4.604s] Level 1:colcon.colcon_core.environment:checking '/home/saiubuntu/ros2_ws/install/sllidar_ros2/lib/pkgconfig/sllidar_ros2.pc'
[4.604s] Level 1:colcon.colcon_core.environment:checking '/home/saiubuntu/ros2_ws/install/sllidar_ros2/lib/python3.8/site-packages'
[4.604s] Level 1:colcon.colcon_core.environment:checking '/home/saiubuntu/ros2_ws/install/sllidar_ros2/bin'
[4.605s] INFO:colcon.colcon_core.shell:Creating package script '/home/saiubuntu/ros2_ws/install/sllidar_ros2/share/sllidar_ros2/package.ps1'
[4.605s] INFO:colcon.colcon_core.shell:Creating package descriptor '/home/saiubuntu/ros2_ws/install/sllidar_ros2/share/sllidar_ros2/package.dsv'
[4.606s] INFO:colcon.colcon_core.shell:Creating package script '/home/saiubuntu/ros2_ws/install/sllidar_ros2/share/sllidar_ros2/package.sh'
[4.606s] INFO:colcon.colcon_core.shell:Creating package script '/home/saiubuntu/ros2_ws/install/sllidar_ros2/share/sllidar_ros2/package.bash'
[4.607s] INFO:colcon.colcon_core.shell:Creating package script '/home/saiubuntu/ros2_ws/install/sllidar_ros2/share/sllidar_ros2/package.zsh'
[4.608s] Level 1:colcon.colcon_core.environment:create_file_with_runtime_dependencies(/home/saiubuntu/ros2_ws/install/sllidar_ros2/share/colcon-core/packages/sllidar_ros2)
[4.696s] Level 1:colcon.colcon_core.environment:create_environment_scripts_only(serial_motor_demo_msgs)
[4.697s] Level 1:colcon.colcon_core.environment:checking '/home/saiubuntu/ros2_ws/install/serial_motor_demo_msgs' for CMake module files
[4.698s] Level 1:colcon.colcon_core.environment:checking '/home/saiubuntu/ros2_ws/install/serial_motor_demo_msgs' for CMake config files
[4.698s] Level 1:colcon.colcon_core.shell:create_environment_hook('serial_motor_demo_msgs', 'cmake_prefix_path')
[4.698s] INFO:colcon.colcon_core.shell:Creating environment hook '/home/saiubuntu/ros2_ws/install/serial_motor_demo_msgs/share/serial_motor_demo_msgs/hook/cmake_prefix_path.ps1'
[4.699s] INFO:colcon.colcon_core.shell:Creating environment descriptor '/home/saiubuntu/ros2_ws/install/serial_motor_demo_msgs/share/serial_motor_demo_msgs/hook/cmake_prefix_path.dsv'
[4.699s] INFO:colcon.colcon_core.shell:Creating environment hook '/home/saiubuntu/ros2_ws/install/serial_motor_demo_msgs/share/serial_motor_demo_msgs/hook/cmake_prefix_path.sh'
[4.700s] Level 1:colcon.colcon_core.environment:checking '/home/saiubuntu/ros2_ws/install/serial_motor_demo_msgs/lib'
[4.700s] Level 1:colcon.colcon_core.shell:create_environment_hook('serial_motor_demo_msgs', 'ld_library_path_lib')
[4.700s] INFO:colcon.colcon_core.shell:Creating environment hook '/home/saiubuntu/ros2_ws/install/serial_motor_demo_msgs/share/serial_motor_demo_msgs/hook/ld_library_path_lib.ps1'
[4.701s] INFO:colcon.colcon_core.shell:Creating environment descriptor '/home/saiubuntu/ros2_ws/install/serial_motor_demo_msgs/share/serial_motor_demo_msgs/hook/ld_library_path_lib.dsv'
[4.701s] INFO:colcon.colcon_core.shell:Creating environment hook '/home/saiubuntu/ros2_ws/install/serial_motor_demo_msgs/share/serial_motor_demo_msgs/hook/ld_library_path_lib.sh'
[4.701s] Level 1:colcon.colcon_core.environment:checking '/home/saiubuntu/ros2_ws/install/serial_motor_demo_msgs/bin'
[4.702s] Level 1:colcon.colcon_core.environment:checking '/home/saiubuntu/ros2_ws/install/serial_motor_demo_msgs/lib/pkgconfig/serial_motor_demo_msgs.pc'
[4.702s] Level 1:colcon.colcon_core.environment:checking '/home/saiubuntu/ros2_ws/install/serial_motor_demo_msgs/lib/python3.8/site-packages'
[4.702s] Level 1:colcon.colcon_core.shell:create_environment_hook('serial_motor_demo_msgs', 'pythonpath')
[4.702s] INFO:colcon.colcon_core.shell:Creating environment hook '/home/saiubuntu/ros2_ws/install/serial_motor_demo_msgs/share/serial_motor_demo_msgs/hook/pythonpath.ps1'
[4.703s] INFO:colcon.colcon_core.shell:Creating environment descriptor '/home/saiubuntu/ros2_ws/install/serial_motor_demo_msgs/share/serial_motor_demo_msgs/hook/pythonpath.dsv'
[4.703s] INFO:colcon.colcon_core.shell:Creating environment hook '/home/saiubuntu/ros2_ws/install/serial_motor_demo_msgs/share/serial_motor_demo_msgs/hook/pythonpath.sh'
[4.704s] Level 1:colcon.colcon_core.environment:checking '/home/saiubuntu/ros2_ws/install/serial_motor_demo_msgs/bin'
[4.705s] INFO:colcon.colcon_core.shell:Creating package script '/home/saiubuntu/ros2_ws/install/serial_motor_demo_msgs/share/serial_motor_demo_msgs/package.ps1'
[4.706s] INFO:colcon.colcon_core.shell:Creating package descriptor '/home/saiubuntu/ros2_ws/install/serial_motor_demo_msgs/share/serial_motor_demo_msgs/package.dsv'
[4.708s] INFO:colcon.colcon_core.shell:Creating package script '/home/saiubuntu/ros2_ws/install/serial_motor_demo_msgs/share/serial_motor_demo_msgs/package.sh'
[4.709s] INFO:colcon.colcon_core.shell:Creating package script '/home/saiubuntu/ros2_ws/install/serial_motor_demo_msgs/share/serial_motor_demo_msgs/package.bash'
[4.709s] INFO:colcon.colcon_core.shell:Creating package script '/home/saiubuntu/ros2_ws/install/serial_motor_demo_msgs/share/serial_motor_demo_msgs/package.zsh'
[4.710s] Level 1:colcon.colcon_core.environment:create_file_with_runtime_dependencies(/home/saiubuntu/ros2_ws/install/serial_motor_demo_msgs/share/colcon-core/packages/serial_motor_demo_msgs)
[4.710s] INFO:colcon.colcon_ros.task.ament_python.build:Building ROS package in '/home/saiubuntu/ros2_ws/src/serial_motor_demo/serial_motor_demo' with build type 'ament_python'
[4.711s] Level 1:colcon.colcon_core.shell:create_environment_hook('serial_motor_demo', 'ament_prefix_path')
[4.711s] INFO:colcon.colcon_core.shell:Creating environment hook '/home/saiubuntu/ros2_ws/install/serial_motor_demo/share/serial_motor_demo/hook/ament_prefix_path.ps1'
[4.712s] INFO:colcon.colcon_core.shell:Creating environment descriptor '/home/saiubuntu/ros2_ws/install/serial_motor_demo/share/serial_motor_demo/hook/ament_prefix_path.dsv'
[4.713s] INFO:colcon.colcon_core.shell:Creating environment hook '/home/saiubuntu/ros2_ws/install/serial_motor_demo/share/serial_motor_demo/hook/ament_prefix_path.sh'
[4.714s] INFO:colcon.colcon_core.shell:Skip shell extension 'powershell' for command environment: Not usable outside of PowerShell
[4.714s] DEBUG:colcon.colcon_core.shell:Skip shell extension 'dsv' for command environment
[5.126s] INFO:colcon.colcon_core.task.python.build:Building Python package in '/home/saiubuntu/ros2_ws/src/serial_motor_demo/serial_motor_demo'
[5.127s] INFO:colcon.colcon_core.shell:Skip shell extension 'powershell' for command environment: Not usable outside of PowerShell
[5.127s] DEBUG:colcon.colcon_core.shell:Skip shell extension 'dsv' for command environment
[5.245s] DEBUG:colcon.colcon_core.event_handler.log_command:Invoking command in '/home/saiubuntu/ros2_ws/build/my_robot': PYTHONPATH=/home/saiubuntu/ros2_ws/build/my_robot/prefix_override:/home/saiubuntu/ros2_ws/install/my_robot/lib/python3.8/site-packages:${PYTHONPATH} /usr/bin/python3 -W ignore:setup.py install is deprecated setup.py develop --editable --build-directory /home/saiubuntu/ros2_ws/build/my_robot/build --no-deps symlink_data
[5.312s] DEBUG:colcon.colcon_core.event_handler.log_command:Invoking command in '/home/saiubuntu/ros2_ws/build/joy_tester': PYTHONPATH=/home/saiubuntu/ros2_ws/build/joy_tester/prefix_override:/home/saiubuntu/ros2_ws/install/joy_tester/lib/python3.8/site-packages:${PYTHONPATH} /usr/bin/python3 -W ignore:setup.py install is deprecated setup.py develop --editable --build-directory /home/saiubuntu/ros2_ws/build/joy_tester/build --no-deps symlink_data
[5.887s] DEBUG:colcon.colcon_core.event_handler.log_command:Invoking command in '/home/saiubuntu/ros2_ws/build/serial_motor_demo': CMAKE_PREFIX_PATH=/home/saiubuntu/ros2_ws/install/serial_motor_demo_msgs:/home/saiubuntu/ros2_ws/install/sllidar_ros2:/home/saiubuntu/ros2_ws/install/my_bot PYTHONPATH=/home/saiubuntu/ros2_ws/build/serial_motor_demo/prefix_override:/home/saiubuntu/ros2_ws/install/serial_motor_demo/lib/python3.8/site-packages:/home/saiubuntu/ros2_ws/install/serial_motor_demo_msgs/lib/python3.8/site-packages:/home/saiubuntu/ros2_ws/build/serial_motor_demo:/home/saiubuntu/ros2_ws/install/serial_motor_demo/lib/python3.8/site-packages:/home/saiubuntu/ros2_ws/build/my_robot:/home/saiubuntu/ros2_ws/install/my_robot/lib/python3.8/site-packages:/home/saiubuntu/ros2_ws/build/joy_tester:/home/saiubuntu/ros2_ws/install/joy_tester/lib/python3.8/site-packages:/opt/ros/foxy/lib/python3.8/site-packages /usr/bin/python3 -W ignore:setup.py install is deprecated setup.py develop --editable --build-directory /home/saiubuntu/ros2_ws/build/serial_motor_demo/build --no-deps symlink_data
[6.446s] Level 1:colcon.colcon_core.shell:create_environment_hook('my_robot', 'pythonpath_develop')
[6.447s] INFO:colcon.colcon_core.shell:Creating environment hook '/home/saiubuntu/ros2_ws/build/my_robot/share/my_robot/hook/pythonpath_develop.ps1'
[6.448s] DEBUG:colcon.colcon_core.event_handler.log_command:Invoked command in '/home/saiubuntu/ros2_ws/build/my_robot' returned '0': PYTHONPATH=/home/saiubuntu/ros2_ws/build/my_robot/prefix_override:/home/saiubuntu/ros2_ws/install/my_robot/lib/python3.8/site-packages:${PYTHONPATH} /usr/bin/python3 -W ignore:setup.py install is deprecated setup.py develop --editable --build-directory /home/saiubuntu/ros2_ws/build/my_robot/build --no-deps symlink_data
[6.448s] INFO:colcon.colcon_core.shell:Creating environment descriptor '/home/saiubuntu/ros2_ws/build/my_robot/share/my_robot/hook/pythonpath_develop.dsv'
[6.449s] INFO:colcon.colcon_core.shell:Creating environment hook '/home/saiubuntu/ros2_ws/build/my_robot/share/my_robot/hook/pythonpath_develop.sh'
[6.450s] Level 1:colcon.colcon_core.environment:checking '/home/saiubuntu/ros2_ws/install/my_robot' for CMake module files
[6.451s] Level 1:colcon.colcon_core.environment:checking '/home/saiubuntu/ros2_ws/install/my_robot' for CMake config files
[6.452s] Level 1:colcon.colcon_core.environment:checking '/home/saiubuntu/ros2_ws/install/my_robot/lib'
[6.452s] Level 1:colcon.colcon_core.environment:checking '/home/saiubuntu/ros2_ws/install/my_robot/bin'
[6.453s] Level 1:colcon.colcon_core.environment:checking '/home/saiubuntu/ros2_ws/install/my_robot/lib/pkgconfig/my_robot.pc'
[6.453s] Level 1:colcon.colcon_core.environment:checking '/home/saiubuntu/ros2_ws/install/my_robot/lib/python3.8/site-packages'
[6.453s] Level 1:colcon.colcon_core.shell:create_environment_hook('my_robot', 'pythonpath')
[6.454s] INFO:colcon.colcon_core.shell:Creating environment hook '/home/saiubuntu/ros2_ws/install/my_robot/share/my_robot/hook/pythonpath.ps1'
[6.454s] INFO:colcon.colcon_core.shell:Creating environment descriptor '/home/saiubuntu/ros2_ws/install/my_robot/share/my_robot/hook/pythonpath.dsv'
[6.455s] INFO:colcon.colcon_core.shell:Creating environment hook '/home/saiubuntu/ros2_ws/install/my_robot/share/my_robot/hook/pythonpath.sh'
[6.457s] Level 1:colcon.colcon_core.environment:checking '/home/saiubuntu/ros2_ws/install/my_robot/bin'
[6.458s] Level 1:colcon.colcon_core.environment:create_environment_scripts_only(my_robot)
[6.459s] INFO:colcon.colcon_core.shell:Creating package script '/home/saiubuntu/ros2_ws/install/my_robot/share/my_robot/package.ps1'
[6.460s] INFO:colcon.colcon_core.shell:Creating package descriptor '/home/saiubuntu/ros2_ws/install/my_robot/share/my_robot/package.dsv'
[6.461s] INFO:colcon.colcon_core.shell:Creating package script '/home/saiubuntu/ros2_ws/install/my_robot/share/my_robot/package.sh'
[6.462s] INFO:colcon.colcon_core.shell:Creating package script '/home/saiubuntu/ros2_ws/install/my_robot/share/my_robot/package.bash'
[6.462s] INFO:colcon.colcon_core.shell:Creating package script '/home/saiubuntu/ros2_ws/install/my_robot/share/my_robot/package.zsh'
[6.463s] Level 1:colcon.colcon_core.environment:create_file_with_runtime_dependencies(/home/saiubuntu/ros2_ws/install/my_robot/share/colcon-core/packages/my_robot)
[6.465s] Level 1:colcon.colcon_core.shell:create_environment_hook('joy_tester', 'pythonpath_develop')
[6.466s] INFO:colcon.colcon_core.shell:Creating environment hook '/home/saiubuntu/ros2_ws/build/joy_tester/share/joy_tester/hook/pythonpath_develop.ps1'
[6.467s] INFO:colcon.colcon_core.shell:Creating environment descriptor '/home/saiubuntu/ros2_ws/build/joy_tester/share/joy_tester/hook/pythonpath_develop.dsv'
[6.467s] DEBUG:colcon.colcon_core.event_handler.log_command:Invoked command in '/home/saiubuntu/ros2_ws/build/joy_tester' returned '0': PYTHONPATH=/home/saiubuntu/ros2_ws/build/joy_tester/prefix_override:/home/saiubuntu/ros2_ws/install/joy_tester/lib/python3.8/site-packages:${PYTHONPATH} /usr/bin/python3 -W ignore:setup.py install is deprecated setup.py develop --editable --build-directory /home/saiubuntu/ros2_ws/build/joy_tester/build --no-deps symlink_data
[6.468s] INFO:colcon.colcon_core.shell:Creating environment hook '/home/saiubuntu/ros2_ws/build/joy_tester/share/joy_tester/hook/pythonpath_develop.sh'
[6.469s] Level 1:colcon.colcon_core.environment:checking '/home/saiubuntu/ros2_ws/install/joy_tester' for CMake module files
[6.470s] Level 1:colcon.colcon_core.environment:checking '/home/saiubuntu/ros2_ws/install/joy_tester' for CMake config files
[6.471s] Level 1:colcon.colcon_core.environment:checking '/home/saiubuntu/ros2_ws/install/joy_tester/lib'
[6.471s] Level 1:colcon.colcon_core.environment:checking '/home/saiubuntu/ros2_ws/install/joy_tester/bin'
[6.471s] Level 1:colcon.colcon_core.environment:checking '/home/saiubuntu/ros2_ws/install/joy_tester/lib/pkgconfig/joy_tester.pc'
[6.471s] Level 1:colcon.colcon_core.environment:checking '/home/saiubuntu/ros2_ws/install/joy_tester/lib/python3.8/site-packages'
[6.471s] Level 1:colcon.colcon_core.shell:create_environment_hook('joy_tester', 'pythonpath')
[6.472s] INFO:colcon.colcon_core.shell:Creating environment hook '/home/saiubuntu/ros2_ws/install/joy_tester/share/joy_tester/hook/pythonpath.ps1'
[6.472s] INFO:colcon.colcon_core.shell:Creating environment descriptor '/home/saiubuntu/ros2_ws/install/joy_tester/share/joy_tester/hook/pythonpath.dsv'
[6.473s] INFO:colcon.colcon_core.shell:Creating environment hook '/home/saiubuntu/ros2_ws/install/joy_tester/share/joy_tester/hook/pythonpath.sh'
[6.474s] Level 1:colcon.colcon_core.environment:checking '/home/saiubuntu/ros2_ws/install/joy_tester/bin'
[6.474s] Level 1:colcon.colcon_core.environment:create_environment_scripts_only(joy_tester)
[6.475s] INFO:colcon.colcon_core.shell:Creating package script '/home/saiubuntu/ros2_ws/install/joy_tester/share/joy_tester/package.ps1'
[6.476s] INFO:colcon.colcon_core.shell:Creating package descriptor '/home/saiubuntu/ros2_ws/install/joy_tester/share/joy_tester/package.dsv'
[6.477s] INFO:colcon.colcon_core.shell:Creating package script '/home/saiubuntu/ros2_ws/install/joy_tester/share/joy_tester/package.sh'
[6.477s] INFO:colcon.colcon_core.shell:Creating package script '/home/saiubuntu/ros2_ws/install/joy_tester/share/joy_tester/package.bash'
[6.478s] INFO:colcon.colcon_core.shell:Creating package script '/home/saiubuntu/ros2_ws/install/joy_tester/share/joy_tester/package.zsh'
[6.479s] Level 1:colcon.colcon_core.environment:create_file_with_runtime_dependencies(/home/saiubuntu/ros2_ws/install/joy_tester/share/colcon-core/packages/joy_tester)
[6.638s] Level 1:colcon.colcon_core.shell:create_environment_hook('serial_motor_demo', 'pythonpath_develop')
[6.638s] INFO:colcon.colcon_core.shell:Creating environment hook '/home/saiubuntu/ros2_ws/build/serial_motor_demo/share/serial_motor_demo/hook/pythonpath_develop.ps1'
[6.639s] DEBUG:colcon.colcon_core.event_handler.log_command:Invoked command in '/home/saiubuntu/ros2_ws/build/serial_motor_demo' returned '0': CMAKE_PREFIX_PATH=/home/saiubuntu/ros2_ws/install/serial_motor_demo_msgs:/home/saiubuntu/ros2_ws/install/sllidar_ros2:/home/saiubuntu/ros2_ws/install/my_bot PYTHONPATH=/home/saiubuntu/ros2_ws/build/serial_motor_demo/prefix_override:/home/saiubuntu/ros2_ws/install/serial_motor_demo/lib/python3.8/site-packages:/home/saiubuntu/ros2_ws/install/serial_motor_demo_msgs/lib/python3.8/site-packages:/home/saiubuntu/ros2_ws/build/serial_motor_demo:/home/saiubuntu/ros2_ws/install/serial_motor_demo/lib/python3.8/site-packages:/home/saiubuntu/ros2_ws/build/my_robot:/home/saiubuntu/ros2_ws/install/my_robot/lib/python3.8/site-packages:/home/saiubuntu/ros2_ws/build/joy_tester:/home/saiubuntu/ros2_ws/install/joy_tester/lib/python3.8/site-packages:/opt/ros/foxy/lib/python3.8/site-packages /usr/bin/python3 -W ignore:setup.py install is deprecated setup.py develop --editable --build-directory /home/saiubuntu/ros2_ws/build/serial_motor_demo/build --no-deps symlink_data
[6.639s] INFO:colcon.colcon_core.shell:Creating environment descriptor '/home/saiubuntu/ros2_ws/build/serial_motor_demo/share/serial_motor_demo/hook/pythonpath_develop.dsv'
[6.640s] INFO:colcon.colcon_core.shell:Creating environment hook '/home/saiubuntu/ros2_ws/build/serial_motor_demo/share/serial_motor_demo/hook/pythonpath_develop.sh'
[6.641s] Level 1:colcon.colcon_core.environment:checking '/home/saiubuntu/ros2_ws/install/serial_motor_demo' for CMake module files
[6.642s] Level 1:colcon.colcon_core.environment:checking '/home/saiubuntu/ros2_ws/install/serial_motor_demo' for CMake config files
[6.642s] Level 1:colcon.colcon_core.environment:checking '/home/saiubuntu/ros2_ws/install/serial_motor_demo/lib'
[6.643s] Level 1:colcon.colcon_core.environment:checking '/home/saiubuntu/ros2_ws/install/serial_motor_demo/bin'
[6.643s] Level 1:colcon.colcon_core.environment:checking '/home/saiubuntu/ros2_ws/install/serial_motor_demo/lib/pkgconfig/serial_motor_demo.pc'
[6.643s] Level 1:colcon.colcon_core.environment:checking '/home/saiubuntu/ros2_ws/install/serial_motor_demo/lib/python3.8/site-packages'
[6.643s] Level 1:colcon.colcon_core.shell:create_environment_hook('serial_motor_demo', 'pythonpath')
[6.644s] INFO:colcon.colcon_core.shell:Creating environment hook '/home/saiubuntu/ros2_ws/install/serial_motor_demo/share/serial_motor_demo/hook/pythonpath.ps1'
[6.644s] INFO:colcon.colcon_core.shell:Creating environment descriptor '/home/saiubuntu/ros2_ws/install/serial_motor_demo/share/serial_motor_demo/hook/pythonpath.dsv'
[6.645s] INFO:colcon.colcon_core.shell:Creating environment hook '/home/saiubuntu/ros2_ws/install/serial_motor_demo/share/serial_motor_demo/hook/pythonpath.sh'
[6.647s] Level 1:colcon.colcon_core.environment:checking '/home/saiubuntu/ros2_ws/install/serial_motor_demo/bin'
[6.647s] Level 1:colcon.colcon_core.environment:create_environment_scripts_only(serial_motor_demo)
[6.648s] INFO:colcon.colcon_core.shell:Creating package script '/home/saiubuntu/ros2_ws/install/serial_motor_demo/share/serial_motor_demo/package.ps1'
[6.650s] INFO:colcon.colcon_core.shell:Creating package descriptor '/home/saiubuntu/ros2_ws/install/serial_motor_demo/share/serial_motor_demo/package.dsv'
[6.650s] INFO:colcon.colcon_core.shell:Creating package script '/home/saiubuntu/ros2_ws/install/serial_motor_demo/share/serial_motor_demo/package.sh'
[6.651s] INFO:colcon.colcon_core.shell:Creating package script '/home/saiubuntu/ros2_ws/install/serial_motor_demo/share/serial_motor_demo/package.bash'
[6.652s] INFO:colcon.colcon_core.shell:Creating package script '/home/saiubuntu/ros2_ws/install/serial_motor_demo/share/serial_motor_demo/package.zsh'
[6.652s] Level 1:colcon.colcon_core.environment:create_file_with_runtime_dependencies(/home/saiubuntu/ros2_ws/install/serial_motor_demo/share/colcon-core/packages/serial_motor_demo)
[6.652s] DEBUG:colcon.colcon_parallel_executor.executor.parallel:closing loop
[6.653s] DEBUG:colcon.colcon_parallel_executor.executor.parallel:loop closed
[6.653s] DEBUG:colcon.colcon_parallel_executor.executor.parallel:run_until_complete finished with '0'
[6.653s] DEBUG:colcon.colcon_core.event_reactor:joining thread
[6.727s] INFO:colcon.colcon_core.plugin_system:Skipping extension 'colcon_notification.desktop_notification.terminal_notifier': Not used on non-Darwin systems
[6.727s] INFO:colcon.colcon_core.plugin_system:Skipping extension 'colcon_notification.desktop_notification.win32': Not used on non-Windows systems
[6.727s] INFO:colcon.colcon_notification.desktop_notification:Sending desktop notification using 'notify2'
[6.748s] DEBUG:colcon.colcon_core.event_reactor:joined thread
[6.748s] INFO:colcon.colcon_core.shell:Creating prefix script '/home/saiubuntu/ros2_ws/install/local_setup.ps1'
[6.767s] INFO:colcon.colcon_core.shell:Creating prefix util module '/home/saiubuntu/ros2_ws/install/_local_setup_util_ps1.py'
[6.796s] INFO:colcon.colcon_core.shell:Creating prefix chain script '/home/saiubuntu/ros2_ws/install/setup.ps1'
[6.798s] INFO:colcon.colcon_core.shell:Creating prefix script '/home/saiubuntu/ros2_ws/install/local_setup.sh'
[6.799s] INFO:colcon.colcon_core.shell:Creating prefix util module '/home/saiubuntu/ros2_ws/install/_local_setup_util_sh.py'
[6.800s] INFO:colcon.colcon_core.shell:Creating prefix chain script '/home/saiubuntu/ros2_ws/install/setup.sh'
[6.801s] INFO:colcon.colcon_core.shell:Creating prefix script '/home/saiubuntu/ros2_ws/install/local_setup.bash'
[6.815s] INFO:colcon.colcon_core.shell:Creating prefix chain script '/home/saiubuntu/ros2_ws/install/setup.bash'
[6.817s] INFO:colcon.colcon_core.shell:Creating prefix script '/home/saiubuntu/ros2_ws/install/local_setup.zsh'
[6.823s] INFO:colcon.colcon_core.shell:Creating prefix chain script '/home/saiubuntu/ros2_ws/install/setup.zsh'
