[0.870s] Invoking command in '/home/saiubuntu/ros2_ws/build/sllidar_ros2': CMAKE_PREFIX_PATH=${CMAKE_PREFIX_PATH}:/home/saiubuntu/ros2_ws/install/serial_motor_demo:/home/saiubuntu/ros2_ws/install/my_robot:/home/saiubuntu/ros2_ws/install/joy_tester:/opt/ros/foxy /usr/bin/cmake --build /home/saiubuntu/ros2_ws/build/sllidar_ros2 -- -j8 -l8
[1.886s] [ 10%] Built target sllidar_client
[1.887s] [100%] Built target sllidar_node
[1.898s] Invoked command in '/home/saiubuntu/ros2_ws/build/sllidar_ros2' returned '0': CMAKE_PREFIX_PATH=${CMAKE_PREFIX_PATH}:/home/saiubuntu/ros2_ws/install/serial_motor_demo:/home/saiubuntu/ros2_ws/install/my_robot:/home/saiubuntu/ros2_ws/install/joy_tester:/opt/ros/foxy /usr/bin/cmake --build /home/saiubuntu/ros2_ws/build/sllidar_ros2 -- -j8 -l8
[1.952s] Invoking command in '/home/saiubuntu/ros2_ws/build/sllidar_ros2': CMAKE_PREFIX_PATH=${CMAKE_PREFIX_PATH}:/home/saiubuntu/ros2_ws/install/serial_motor_demo:/home/saiubuntu/ros2_ws/install/my_robot:/home/saiubuntu/ros2_ws/install/joy_tester:/opt/ros/foxy /usr/bin/cmake --install /home/saiubuntu/ros2_ws/build/sllidar_ros2
[1.968s] -- Install configuration: ""
[1.970s] -- Execute custom install script
[1.973s] -- Up-to-date symlink: /home/saiubuntu/ros2_ws/install/sllidar_ros2/share/sllidar_ros2/launch/sllidar_a1_launch.py
[1.973s] -- Up-to-date symlink: /home/saiubuntu/ros2_ws/install/sllidar_ros2/share/sllidar_ros2/launch/sllidar_a2m12_launch .py
[1.973s] -- Up-to-date symlink: /home/saiubuntu/ros2_ws/install/sllidar_ros2/share/sllidar_ros2/launch/sllidar_a2m7_launch.py
[1.974s] -- Up-to-date symlink: /home/saiubuntu/ros2_ws/install/sllidar_ros2/share/sllidar_ros2/launch/sllidar_a2m8_launch.py
[1.975s] -- Up-to-date symlink: /home/saiubuntu/ros2_ws/install/sllidar_ros2/share/sllidar_ros2/launch/sllidar_a3_launch.py
[1.975s] -- Up-to-date symlink: /home/saiubuntu/ros2_ws/install/sllidar_ros2/share/sllidar_ros2/launch/sllidar_c1_launch.py
[1.975s] -- Up-to-date symlink: /home/saiubuntu/ros2_ws/install/sllidar_ros2/share/sllidar_ros2/launch/sllidar_s1_launch.py
[1.976s] -- Up-to-date symlink: /home/saiubuntu/ros2_ws/install/sllidar_ros2/share/sllidar_ros2/launch/sllidar_s1_tcp_launch.py
[1.977s] -- Up-to-date symlink: /home/saiubuntu/ros2_ws/install/sllidar_ros2/share/sllidar_ros2/launch/sllidar_s2_launch.py
[1.977s] -- Up-to-date symlink: /home/saiubuntu/ros2_ws/install/sllidar_ros2/share/sllidar_ros2/launch/sllidar_s2e_launch.py
[1.977s] -- Up-to-date symlink: /home/saiubuntu/ros2_ws/install/sllidar_ros2/share/sllidar_ros2/launch/sllidar_s3_launch.py
[1.978s] -- Up-to-date symlink: /home/saiubuntu/ros2_ws/install/sllidar_ros2/share/sllidar_ros2/launch/sllidar_t1_launch.py
[1.979s] -- Up-to-date symlink: /home/saiubuntu/ros2_ws/install/sllidar_ros2/share/sllidar_ros2/launch/view_sllidar_a1_launch.py
[1.979s] -- Up-to-date symlink: /home/saiubuntu/ros2_ws/install/sllidar_ros2/share/sllidar_ros2/launch/view_sllidar_a2m12_launch.py
[1.979s] -- Up-to-date symlink: /home/saiubuntu/ros2_ws/install/sllidar_ros2/share/sllidar_ros2/launch/view_sllidar_a2m7_launch.py
[1.980s] -- Up-to-date symlink: /home/saiubuntu/ros2_ws/install/sllidar_ros2/share/sllidar_ros2/launch/view_sllidar_a2m8_launch.py
[1.980s] -- Up-to-date symlink: /home/saiubuntu/ros2_ws/install/sllidar_ros2/share/sllidar_ros2/launch/view_sllidar_a3_launch.py
[1.980s] -- Up-to-date symlink: /home/saiubuntu/ros2_ws/install/sllidar_ros2/share/sllidar_ros2/launch/view_sllidar_c1_launch.py
[1.981s] -- Up-to-date symlink: /home/saiubuntu/ros2_ws/install/sllidar_ros2/share/sllidar_ros2/launch/view_sllidar_s1_launch.py
[1.981s] -- Up-to-date symlink: /home/saiubuntu/ros2_ws/install/sllidar_ros2/share/sllidar_ros2/launch/view_sllidar_s1_tcp_launch.py
[1.982s] -- Up-to-date symlink: /home/saiubuntu/ros2_ws/install/sllidar_ros2/share/sllidar_ros2/launch/view_sllidar_s2_launch.py
[1.982s] -- Up-to-date symlink: /home/saiubuntu/ros2_ws/install/sllidar_ros2/share/sllidar_ros2/launch/view_sllidar_s2e_launch.py
[1.982s] -- Up-to-date symlink: /home/saiubuntu/ros2_ws/install/sllidar_ros2/share/sllidar_ros2/launch/view_sllidar_s3_launch.py
[1.983s] -- Up-to-date symlink: /home/saiubuntu/ros2_ws/install/sllidar_ros2/share/sllidar_ros2/launch/view_sllidar_t1_launch.py
[1.984s] -- Up-to-date symlink: /home/saiubuntu/ros2_ws/install/sllidar_ros2/share/sllidar_ros2/rviz/sllidar_ros2.rviz
[1.985s] -- Up-to-date symlink: /home/saiubuntu/ros2_ws/install/sllidar_ros2/lib/sllidar_ros2/sllidar_node
[1.985s] -- Up-to-date symlink: /home/saiubuntu/ros2_ws/install/sllidar_ros2/lib/sllidar_ros2/sllidar_client
[1.986s] -- Up-to-date symlink: /home/saiubuntu/ros2_ws/install/sllidar_ros2/share/ament_index/resource_index/package_run_dependencies/sllidar_ros2
[1.987s] -- Up-to-date symlink: /home/saiubuntu/ros2_ws/install/sllidar_ros2/share/ament_index/resource_index/parent_prefix_path/sllidar_ros2
[1.987s] -- Up-to-date symlink: /home/saiubuntu/ros2_ws/install/sllidar_ros2/share/sllidar_ros2/environment/ament_prefix_path.sh
[1.988s] -- Up-to-date symlink: /home/saiubuntu/ros2_ws/install/sllidar_ros2/share/sllidar_ros2/environment/ament_prefix_path.dsv
[1.988s] -- Up-to-date symlink: /home/saiubuntu/ros2_ws/install/sllidar_ros2/share/sllidar_ros2/environment/path.sh
[1.989s] -- Up-to-date symlink: /home/saiubuntu/ros2_ws/install/sllidar_ros2/share/sllidar_ros2/environment/path.dsv
[1.989s] -- Up-to-date symlink: /home/saiubuntu/ros2_ws/install/sllidar_ros2/share/sllidar_ros2/local_setup.bash
[1.990s] -- Up-to-date symlink: /home/saiubuntu/ros2_ws/install/sllidar_ros2/share/sllidar_ros2/local_setup.sh
[1.990s] -- Up-to-date symlink: /home/saiubuntu/ros2_ws/install/sllidar_ros2/share/sllidar_ros2/local_setup.zsh
[1.991s] -- Up-to-date symlink: /home/saiubuntu/ros2_ws/install/sllidar_ros2/share/sllidar_ros2/local_setup.dsv
[1.991s] -- Symlinking: /home/saiubuntu/ros2_ws/install/sllidar_ros2/share/sllidar_ros2/package.dsv
[2.004s] -- Up-to-date symlink: /home/saiubuntu/ros2_ws/install/sllidar_ros2/share/ament_index/resource_index/packages/sllidar_ros2
[2.004s] -- Up-to-date symlink: /home/saiubuntu/ros2_ws/install/sllidar_ros2/share/sllidar_ros2/cmake/ament_cmake_export_dependencies-extras.cmake
[2.005s] -- Up-to-date symlink: /home/saiubuntu/ros2_ws/install/sllidar_ros2/share/sllidar_ros2/cmake/ament_cmake_export_include_directories-extras.cmake
[2.005s] -- Up-to-date symlink: /home/saiubuntu/ros2_ws/install/sllidar_ros2/share/sllidar_ros2/cmake/sllidar_ros2Config.cmake
[2.005s] -- Up-to-date symlink: /home/saiubuntu/ros2_ws/install/sllidar_ros2/share/sllidar_ros2/cmake/sllidar_ros2Config-version.cmake
[2.006s] -- Up-to-date symlink: /home/saiubuntu/ros2_ws/install/sllidar_ros2/share/sllidar_ros2/package.xml
[2.009s] Invoked command in '/home/saiubuntu/ros2_ws/build/sllidar_ros2' returned '0': CMAKE_PREFIX_PATH=${CMAKE_PREFIX_PATH}:/home/saiubuntu/ros2_ws/install/serial_motor_demo:/home/saiubuntu/ros2_ws/install/my_robot:/home/saiubuntu/ros2_ws/install/joy_tester:/opt/ros/foxy /usr/bin/cmake --install /home/saiubuntu/ros2_ws/build/sllidar_ros2
