[0.610s] Invoking command in '/home/saiubuntu/ros2_ws/src/my_robot': PYTHONPATH=/home/saiubuntu/ros2_ws/build/my_robot/prefix_override:/home/saiubuntu/ros2_ws/install/my_robot/lib/python3.8/site-packages:${PYTHONPATH} /usr/bin/python3 -W ignore:setup.py install is deprecated setup.py egg_info --egg-base ../../build/my_robot build --build-base /home/saiubuntu/ros2_ws/build/my_robot/build install --record /home/saiubuntu/ros2_ws/build/my_robot/install.log --install-scripts $base/lib/my_robot --single-version-externally-managed install_data
[0.805s] running egg_info
[0.806s] writing ../../build/my_robot/my_robot.egg-info/PKG-INFO
[0.806s] writing dependency_links to ../../build/my_robot/my_robot.egg-info/dependency_links.txt
[0.806s] writing entry points to ../../build/my_robot/my_robot.egg-info/entry_points.txt
[0.806s] writing requirements to ../../build/my_robot/my_robot.egg-info/requires.txt
[0.806s] writing top-level names to ../../build/my_robot/my_robot.egg-info/top_level.txt
[0.840s] reading manifest file '../../build/my_robot/my_robot.egg-info/SOURCES.txt'
[0.841s] writing manifest file '../../build/my_robot/my_robot.egg-info/SOURCES.txt'
[0.841s] running build
[0.841s] running build_py
[0.841s] running install
[0.842s] running install_lib
[0.843s] running install_data
[0.843s] running install_egg_info
[0.845s] removing '/home/saiubuntu/ros2_ws/install/my_robot/lib/python3.8/site-packages/my_robot-0.0.0-py3.8.egg-info' (and everything under it)
[0.845s] Copying ../../build/my_robot/my_robot.egg-info to /home/saiubuntu/ros2_ws/install/my_robot/lib/python3.8/site-packages/my_robot-0.0.0-py3.8.egg-info
[0.846s] running install_scripts
[0.861s] writing list of installed files to '/home/saiubuntu/ros2_ws/build/my_robot/install.log'
[0.882s] Invoked command in '/home/saiubuntu/ros2_ws/src/my_robot' returned '0': PYTHONPATH=/home/saiubuntu/ros2_ws/build/my_robot/prefix_override:/home/saiubuntu/ros2_ws/install/my_robot/lib/python3.8/site-packages:${PYTHONPATH} /usr/bin/python3 -W ignore:setup.py install is deprecated setup.py egg_info --egg-base ../../build/my_robot build --build-base /home/saiubuntu/ros2_ws/build/my_robot/build install --record /home/saiubuntu/ros2_ws/build/my_robot/install.log --install-scripts $base/lib/my_robot --single-version-externally-managed install_data
