[0.302s] Invoking command in '/home/saiubuntu/ros2_ws/build/my_bot': CMAKE_PREFIX_PATH=${CMAKE_PREFIX_PATH}:/home/saiubuntu/ros2_ws/install/serial_motor_demo:/home/saiubuntu/ros2_ws/install/my_robot:/home/saiubuntu/ros2_ws/install/joy_tester:/opt/ros/foxy /usr/bin/cmake /home/saiubuntu/ros2_ws/src/my_bot -DCMAKE_INSTALL_PREFIX=/home/saiubuntu/ros2_ws/install/my_bot
[0.611s] -- Found ament_cmake: 0.9.12 (/opt/ros/foxy/share/ament_cmake/cmake)
[0.611s] -- Using PYTHON_EXECUTABLE: /usr/bin/python3
[0.639s] -- Override CMake install command with custom implementation using symlinks instead of copying resources
[0.792s] -- Found ament_lint_auto: 0.9.8 (/opt/ros/foxy/share/ament_lint_auto/cmake)
[1.066s] -- Added test 'copyright' to check source files copyright and LICENSE
[1.417s] -- Added test 'flake8' to check Python code syntax and style conventions
[1.420s] -- Added test 'lint_cmake' to check CMake code style
[1.422s] -- Added test 'pep257' to check Python code against some of the style conventions in PEP 257
[1.435s] -- Added test 'xmllint' to check XML markup files
[1.439s] -- Configuring done
[1.517s] -- Generating done
[1.518s] -- Build files have been written to: /home/saiubuntu/ros2_ws/build/my_bot
[1.521s] Invoked command in '/home/saiubuntu/ros2_ws/build/my_bot' returned '0': CMAKE_PREFIX_PATH=${CMAKE_PREFIX_PATH}:/home/saiubuntu/ros2_ws/install/serial_motor_demo:/home/saiubuntu/ros2_ws/install/my_robot:/home/saiubuntu/ros2_ws/install/joy_tester:/opt/ros/foxy /usr/bin/cmake /home/saiubuntu/ros2_ws/src/my_bot -DCMAKE_INSTALL_PREFIX=/home/saiubuntu/ros2_ws/install/my_bot
[1.526s] Invoking command in '/home/saiubuntu/ros2_ws/build/my_bot': CMAKE_PREFIX_PATH=${CMAKE_PREFIX_PATH}:/home/saiubuntu/ros2_ws/install/serial_motor_demo:/home/saiubuntu/ros2_ws/install/my_robot:/home/saiubuntu/ros2_ws/install/joy_tester:/opt/ros/foxy /usr/bin/cmake --build /home/saiubuntu/ros2_ws/build/my_bot -- -j8 -l8
[1.583s] Invoked command in '/home/saiubuntu/ros2_ws/build/my_bot' returned '0': CMAKE_PREFIX_PATH=${CMAKE_PREFIX_PATH}:/home/saiubuntu/ros2_ws/install/serial_motor_demo:/home/saiubuntu/ros2_ws/install/my_robot:/home/saiubuntu/ros2_ws/install/joy_tester:/opt/ros/foxy /usr/bin/cmake --build /home/saiubuntu/ros2_ws/build/my_bot -- -j8 -l8
[1.646s] Invoking command in '/home/saiubuntu/ros2_ws/build/my_bot': CMAKE_PREFIX_PATH=${CMAKE_PREFIX_PATH}:/home/saiubuntu/ros2_ws/install/serial_motor_demo:/home/saiubuntu/ros2_ws/install/my_robot:/home/saiubuntu/ros2_ws/install/joy_tester:/opt/ros/foxy /usr/bin/cmake --install /home/saiubuntu/ros2_ws/build/my_bot
[1.663s] -- Install configuration: ""
[1.664s] -- Execute custom install script
[1.666s] -- Up-to-date symlink: /home/saiubuntu/ros2_ws/install/my_bot/share/my_bot/config/drive_bot.rviz
[1.666s] -- Up-to-date symlink: /home/saiubuntu/ros2_ws/install/my_bot/share/my_bot/config/empty.yaml
[1.666s] -- Up-to-date symlink: /home/saiubuntu/ros2_ws/install/my_bot/share/my_bot/config/gaz_ros2_ctl_use_sim.yaml
[1.666s] -- Up-to-date symlink: /home/saiubuntu/ros2_ws/install/my_bot/share/my_bot/config/gazebo_params.yaml
[1.667s] -- Up-to-date symlink: /home/saiubuntu/ros2_ws/install/my_bot/share/my_bot/config/joystick.yaml
[1.667s] -- Up-to-date symlink: /home/saiubuntu/ros2_ws/install/my_bot/share/my_bot/config/mapper_params_online_async.yaml
[1.667s] -- Up-to-date symlink: /home/saiubuntu/ros2_ws/install/my_bot/share/my_bot/config/my_controllers.yaml
[1.668s] -- Up-to-date symlink: /home/saiubuntu/ros2_ws/install/my_bot/share/my_bot/config/nav2_params.yaml
[1.668s] -- Up-to-date symlink: /home/saiubuntu/ros2_ws/install/my_bot/share/my_bot/config/obstacles_setup.rviz
[1.668s] -- Up-to-date symlink: /home/saiubuntu/ros2_ws/install/my_bot/share/my_bot/config/twist_mux.yaml
[1.669s] -- Up-to-date symlink: /home/saiubuntu/ros2_ws/install/my_bot/share/my_bot/config/view_bot.rviz
[1.669s] -- Up-to-date symlink: /home/saiubuntu/ros2_ws/install/my_bot/share/my_bot/description/camera.xacro
[1.670s] -- Up-to-date symlink: /home/saiubuntu/ros2_ws/install/my_bot/share/my_bot/description/camera2.xacro
[1.670s] -- Up-to-date symlink: /home/saiubuntu/ros2_ws/install/my_bot/share/my_bot/description/depth_camera.xacro
[1.670s] -- Up-to-date symlink: /home/saiubuntu/ros2_ws/install/my_bot/share/my_bot/description/gazebo_control.xacro
[1.670s] -- Up-to-date symlink: /home/saiubuntu/ros2_ws/install/my_bot/share/my_bot/description/inertial_macros.xacro
[1.671s] -- Up-to-date symlink: /home/saiubuntu/ros2_ws/install/my_bot/share/my_bot/description/inertial_macros2.xacro
[1.671s] -- Up-to-date symlink: /home/saiubuntu/ros2_ws/install/my_bot/share/my_bot/description/lidar.xacro
[1.671s] -- Up-to-date symlink: /home/saiubuntu/ros2_ws/install/my_bot/share/my_bot/description/lidar2.xacro
[1.671s] -- Up-to-date symlink: /home/saiubuntu/ros2_ws/install/my_bot/share/my_bot/description/robot.urdf.xacro
[1.672s] -- Up-to-date symlink: /home/saiubuntu/ros2_ws/install/my_bot/share/my_bot/description/robot_core.xacro
[1.672s] -- Up-to-date symlink: /home/saiubuntu/ros2_ws/install/my_bot/share/my_bot/description/robot_core2.xacro
[1.672s] -- Up-to-date symlink: /home/saiubuntu/ros2_ws/install/my_bot/share/my_bot/description/ros2_control.xacro
[1.673s] -- Up-to-date symlink: /home/saiubuntu/ros2_ws/install/my_bot/share/my_bot/launch/joystick.launch.py
[1.674s] -- Up-to-date symlink: /home/saiubuntu/ros2_ws/install/my_bot/share/my_bot/launch/launch_robot.launch.py
[1.674s] -- Up-to-date symlink: /home/saiubuntu/ros2_ws/install/my_bot/share/my_bot/launch/launch_sim.launch.py
[1.674s] -- Up-to-date symlink: /home/saiubuntu/ros2_ws/install/my_bot/share/my_bot/launch/navigation_launch.py
[1.674s] -- Up-to-date symlink: /home/saiubuntu/ros2_ws/install/my_bot/share/my_bot/launch/online_async_launch.py
[1.675s] -- Up-to-date symlink: /home/saiubuntu/ros2_ws/install/my_bot/share/my_bot/launch/rplidar.launch.py
[1.675s] -- Up-to-date symlink: /home/saiubuntu/ros2_ws/install/my_bot/share/my_bot/launch/rsp.launch.py
[1.676s] -- Up-to-date symlink: /home/saiubuntu/ros2_ws/install/my_bot/share/my_bot/worlds/box_table_obstacles.world
[1.676s] -- Up-to-date symlink: /home/saiubuntu/ros2_ws/install/my_bot/share/my_bot/worlds/closed_environment/model.config
[1.676s] -- Up-to-date symlink: /home/saiubuntu/ros2_ws/install/my_bot/share/my_bot/worlds/closed_environment/model.sdf
[1.677s] -- Up-to-date symlink: /home/saiubuntu/ros2_ws/install/my_bot/share/my_bot/worlds/empty.world
[1.677s] -- Up-to-date symlink: /home/saiubuntu/ros2_ws/install/my_bot/share/my_bot/worlds/obstacles.world
[1.677s] -- Up-to-date symlink: /home/saiubuntu/ros2_ws/install/my_bot/share/my_bot/worlds/sample_model.sdf
[1.677s] -- Up-to-date symlink: /home/saiubuntu/ros2_ws/install/my_bot/share/my_bot/worlds/sample_model.world
[1.678s] -- Up-to-date symlink: /home/saiubuntu/ros2_ws/install/my_bot/share/my_bot/worlds/trail_environment/Untitled/model.config
[1.678s] -- Up-to-date symlink: /home/saiubuntu/ros2_ws/install/my_bot/share/my_bot/worlds/trail_environment/Untitled/model.sdf
[1.678s] -- Up-to-date symlink: /home/saiubuntu/ros2_ws/install/my_bot/share/my_bot/worlds/trail_environment/model.config
[1.678s] -- Up-to-date symlink: /home/saiubuntu/ros2_ws/install/my_bot/share/my_bot/worlds/trail_environment/sample_model.sdf
[1.679s] -- Up-to-date symlink: /home/saiubuntu/ros2_ws/install/my_bot/share/ament_index/resource_index/package_run_dependencies/my_bot
[1.679s] -- Up-to-date symlink: /home/saiubuntu/ros2_ws/install/my_bot/share/ament_index/resource_index/parent_prefix_path/my_bot
[1.680s] -- Up-to-date symlink: /home/saiubuntu/ros2_ws/install/my_bot/share/my_bot/environment/ament_prefix_path.sh
[1.680s] -- Up-to-date symlink: /home/saiubuntu/ros2_ws/install/my_bot/share/my_bot/environment/ament_prefix_path.dsv
[1.680s] -- Up-to-date symlink: /home/saiubuntu/ros2_ws/install/my_bot/share/my_bot/environment/path.sh
[1.681s] -- Up-to-date symlink: /home/saiubuntu/ros2_ws/install/my_bot/share/my_bot/environment/path.dsv
[1.681s] -- Up-to-date symlink: /home/saiubuntu/ros2_ws/install/my_bot/share/my_bot/local_setup.bash
[1.682s] -- Up-to-date symlink: /home/saiubuntu/ros2_ws/install/my_bot/share/my_bot/local_setup.sh
[1.682s] -- Up-to-date symlink: /home/saiubuntu/ros2_ws/install/my_bot/share/my_bot/local_setup.zsh
[1.682s] -- Up-to-date symlink: /home/saiubuntu/ros2_ws/install/my_bot/share/my_bot/local_setup.dsv
[1.683s] -- Symlinking: /home/saiubuntu/ros2_ws/install/my_bot/share/my_bot/package.dsv
[1.702s] -- Up-to-date symlink: /home/saiubuntu/ros2_ws/install/my_bot/share/ament_index/resource_index/packages/my_bot
[1.702s] -- Up-to-date symlink: /home/saiubuntu/ros2_ws/install/my_bot/share/my_bot/cmake/my_botConfig.cmake
[1.703s] -- Up-to-date symlink: /home/saiubuntu/ros2_ws/install/my_bot/share/my_bot/cmake/my_botConfig-version.cmake
[1.703s] -- Up-to-date symlink: /home/saiubuntu/ros2_ws/install/my_bot/share/my_bot/package.xml
[1.706s] Invoked command in '/home/saiubuntu/ros2_ws/build/my_bot' returned '0': CMAKE_PREFIX_PATH=${CMAKE_PREFIX_PATH}:/home/saiubuntu/ros2_ws/install/serial_motor_demo:/home/saiubuntu/ros2_ws/install/my_robot:/home/saiubuntu/ros2_ws/install/joy_tester:/opt/ros/foxy /usr/bin/cmake --install /home/saiubuntu/ros2_ws/build/my_bot
