[0.138s] Invoking command in '/home/saiubuntu/ros2_ws/build/serial_motor_demo_msgs': CMAKE_PREFIX_PATH=${CMAKE_PREFIX_PATH}:/home/saiubuntu/ros2_ws/install/serial_motor_demo:/home/saiubuntu/ros2_ws/install/my_robot:/home/saiubuntu/ros2_ws/install/joy_tester:/opt/ros/foxy /usr/bin/cmake --build /home/saiubuntu/ros2_ws/build/serial_motor_demo_msgs -- -j8 -l8
[1.179s] [  2%] Built target serial_motor_demo_msgs__cpp
[1.236s] [ 12%] Built target serial_motor_demo_msgs__rosidl_typesupport_cpp
[1.238s] [ 23%] Built target serial_motor_demo_msgs__rosidl_generator_c
[1.310s] [ 34%] Built target serial_motor_demo_msgs__rosidl_typesupport_introspection_c
[1.353s] [ 44%] Built target serial_motor_demo_msgs__rosidl_typesupport_introspection_cpp
[1.356s] [ 55%] Built target serial_motor_demo_msgs__rosidl_typesupport_fastrtps_cpp
[1.398s] [ 65%] Built target serial_motor_demo_msgs__rosidl_typesupport_c
[1.523s] [ 76%] Built target serial_motor_demo_msgs__rosidl_typesupport_fastrtps_c
[1.613s] [ 76%] Built target serial_motor_demo_msgs
[1.696s] [ 78%] Built target serial_motor_demo_msgs__py
[2.048s] [ 87%] Built target serial_motor_demo_msgs__python
[2.193s] [ 91%] Built target serial_motor_demo_msgs__rosidl_typesupport_fastrtps_c__pyext
[2.205s] [ 95%] Built target serial_motor_demo_msgs__rosidl_typesupport_introspection_c__pyext
[2.209s] [100%] Built target serial_motor_demo_msgs__rosidl_typesupport_c__pyext
[2.223s] Invoked command in '/home/saiubuntu/ros2_ws/build/serial_motor_demo_msgs' returned '0': CMAKE_PREFIX_PATH=${CMAKE_PREFIX_PATH}:/home/saiubuntu/ros2_ws/install/serial_motor_demo:/home/saiubuntu/ros2_ws/install/my_robot:/home/saiubuntu/ros2_ws/install/joy_tester:/opt/ros/foxy /usr/bin/cmake --build /home/saiubuntu/ros2_ws/build/serial_motor_demo_msgs -- -j8 -l8
[2.298s] Invoking command in '/home/saiubuntu/ros2_ws/build/serial_motor_demo_msgs': CMAKE_PREFIX_PATH=${CMAKE_PREFIX_PATH}:/home/saiubuntu/ros2_ws/install/serial_motor_demo:/home/saiubuntu/ros2_ws/install/my_robot:/home/saiubuntu/ros2_ws/install/joy_tester:/opt/ros/foxy /usr/bin/cmake --install /home/saiubuntu/ros2_ws/build/serial_motor_demo_msgs
[2.311s] -- Install configuration: ""
[2.347s] -- Execute custom install script
[2.350s] -- Up-to-date symlink: /home/saiubuntu/ros2_ws/install/serial_motor_demo_msgs/share/ament_index/resource_index/rosidl_interfaces/serial_motor_demo_msgs
[2.354s] -- Up-to-date symlink: /home/saiubuntu/ros2_ws/install/serial_motor_demo_msgs/include/serial_motor_demo_msgs/msg/detail/encoder_vals__functions.h
[2.355s] -- Up-to-date symlink: /home/saiubuntu/ros2_ws/install/serial_motor_demo_msgs/include/serial_motor_demo_msgs/msg/detail/encoder_vals__struct.h
[2.356s] -- Up-to-date symlink: /home/saiubuntu/ros2_ws/install/serial_motor_demo_msgs/include/serial_motor_demo_msgs/msg/detail/encoder_vals__type_support.h
[2.357s] -- Up-to-date symlink: /home/saiubuntu/ros2_ws/install/serial_motor_demo_msgs/include/serial_motor_demo_msgs/msg/detail/motor_command__functions.h
[2.359s] -- Up-to-date symlink: /home/saiubuntu/ros2_ws/install/serial_motor_demo_msgs/include/serial_motor_demo_msgs/msg/detail/motor_command__struct.h
[2.360s] -- Up-to-date symlink: /home/saiubuntu/ros2_ws/install/serial_motor_demo_msgs/include/serial_motor_demo_msgs/msg/detail/motor_command__type_support.h
[2.362s] -- Up-to-date symlink: /home/saiubuntu/ros2_ws/install/serial_motor_demo_msgs/include/serial_motor_demo_msgs/msg/detail/motor_vels__functions.h
[2.363s] -- Up-to-date symlink: /home/saiubuntu/ros2_ws/install/serial_motor_demo_msgs/include/serial_motor_demo_msgs/msg/detail/motor_vels__struct.h
[2.365s] -- Up-to-date symlink: /home/saiubuntu/ros2_ws/install/serial_motor_demo_msgs/include/serial_motor_demo_msgs/msg/detail/motor_vels__type_support.h
[2.366s] -- Up-to-date symlink: /home/saiubuntu/ros2_ws/install/serial_motor_demo_msgs/include/serial_motor_demo_msgs/msg/encoder_vals.h
[2.367s] -- Up-to-date symlink: /home/saiubuntu/ros2_ws/install/serial_motor_demo_msgs/include/serial_motor_demo_msgs/msg/motor_command.h
[2.367s] -- Up-to-date symlink: /home/saiubuntu/ros2_ws/install/serial_motor_demo_msgs/include/serial_motor_demo_msgs/msg/motor_vels.h
[2.368s] -- Up-to-date symlink: /home/saiubuntu/ros2_ws/install/serial_motor_demo_msgs/include/serial_motor_demo_msgs/msg/rosidl_generator_c__visibility_control.h
[2.369s] -- Up-to-date symlink: /home/saiubuntu/ros2_ws/install/serial_motor_demo_msgs/share/serial_motor_demo_msgs/environment/library_path.sh
[2.370s] -- Up-to-date symlink: /home/saiubuntu/ros2_ws/install/serial_motor_demo_msgs/share/serial_motor_demo_msgs/environment/library_path.dsv
[2.371s] -- Up-to-date symlink: /home/saiubuntu/ros2_ws/install/serial_motor_demo_msgs/include/serial_motor_demo_msgs/msg/detail/encoder_vals__rosidl_typesupport_fastrtps_c.h
[2.372s] -- Up-to-date symlink: /home/saiubuntu/ros2_ws/install/serial_motor_demo_msgs/include/serial_motor_demo_msgs/msg/detail/motor_command__rosidl_typesupport_fastrtps_c.h
[2.372s] -- Up-to-date symlink: /home/saiubuntu/ros2_ws/install/serial_motor_demo_msgs/include/serial_motor_demo_msgs/msg/detail/motor_vels__rosidl_typesupport_fastrtps_c.h
[2.373s] -- Up-to-date symlink: /home/saiubuntu/ros2_ws/install/serial_motor_demo_msgs/include/serial_motor_demo_msgs/msg/rosidl_typesupport_fastrtps_c__visibility_control.h
[2.374s] -- Up-to-date symlink: /home/saiubuntu/ros2_ws/install/serial_motor_demo_msgs/lib/libserial_motor_demo_msgs__rosidl_typesupport_fastrtps_c.so
[2.376s] -- Up-to-date symlink: /home/saiubuntu/ros2_ws/install/serial_motor_demo_msgs/include/serial_motor_demo_msgs/msg/detail/encoder_vals__rosidl_typesupport_fastrtps_cpp.hpp
[2.376s] -- Up-to-date symlink: /home/saiubuntu/ros2_ws/install/serial_motor_demo_msgs/include/serial_motor_demo_msgs/msg/detail/motor_command__rosidl_typesupport_fastrtps_cpp.hpp
[2.377s] -- Up-to-date symlink: /home/saiubuntu/ros2_ws/install/serial_motor_demo_msgs/include/serial_motor_demo_msgs/msg/detail/motor_vels__rosidl_typesupport_fastrtps_cpp.hpp
[2.377s] -- Up-to-date symlink: /home/saiubuntu/ros2_ws/install/serial_motor_demo_msgs/include/serial_motor_demo_msgs/msg/rosidl_typesupport_fastrtps_cpp__visibility_control.h
[2.378s] -- Up-to-date symlink: /home/saiubuntu/ros2_ws/install/serial_motor_demo_msgs/lib/libserial_motor_demo_msgs__rosidl_typesupport_fastrtps_cpp.so
[2.379s] -- Up-to-date symlink: /home/saiubuntu/ros2_ws/install/serial_motor_demo_msgs/include/serial_motor_demo_msgs/msg/detail/encoder_vals__rosidl_typesupport_introspection_c.h
[2.380s] -- Up-to-date symlink: /home/saiubuntu/ros2_ws/install/serial_motor_demo_msgs/include/serial_motor_demo_msgs/msg/detail/motor_command__rosidl_typesupport_introspection_c.h
[2.381s] -- Up-to-date symlink: /home/saiubuntu/ros2_ws/install/serial_motor_demo_msgs/include/serial_motor_demo_msgs/msg/detail/motor_vels__rosidl_typesupport_introspection_c.h
[2.382s] -- Up-to-date symlink: /home/saiubuntu/ros2_ws/install/serial_motor_demo_msgs/include/serial_motor_demo_msgs/msg/rosidl_typesupport_introspection_c__visibility_control.h
[2.383s] -- Up-to-date symlink: /home/saiubuntu/ros2_ws/install/serial_motor_demo_msgs/include/serial_motor_demo_msgs/msg/detail/encoder_vals__builder.hpp
[2.383s] -- Up-to-date symlink: /home/saiubuntu/ros2_ws/install/serial_motor_demo_msgs/include/serial_motor_demo_msgs/msg/detail/encoder_vals__struct.hpp
[2.384s] -- Up-to-date symlink: /home/saiubuntu/ros2_ws/install/serial_motor_demo_msgs/include/serial_motor_demo_msgs/msg/detail/encoder_vals__traits.hpp
[2.384s] -- Up-to-date symlink: /home/saiubuntu/ros2_ws/install/serial_motor_demo_msgs/include/serial_motor_demo_msgs/msg/detail/encoder_vals__type_support.hpp
[2.384s] -- Up-to-date symlink: /home/saiubuntu/ros2_ws/install/serial_motor_demo_msgs/include/serial_motor_demo_msgs/msg/detail/motor_command__builder.hpp
[2.385s] -- Up-to-date symlink: /home/saiubuntu/ros2_ws/install/serial_motor_demo_msgs/include/serial_motor_demo_msgs/msg/detail/motor_command__struct.hpp
[2.385s] -- Up-to-date symlink: /home/saiubuntu/ros2_ws/install/serial_motor_demo_msgs/include/serial_motor_demo_msgs/msg/detail/motor_command__traits.hpp
[2.386s] -- Up-to-date symlink: /home/saiubuntu/ros2_ws/install/serial_motor_demo_msgs/include/serial_motor_demo_msgs/msg/detail/motor_command__type_support.hpp
[2.386s] -- Up-to-date symlink: /home/saiubuntu/ros2_ws/install/serial_motor_demo_msgs/include/serial_motor_demo_msgs/msg/detail/motor_vels__builder.hpp
[2.386s] -- Up-to-date symlink: /home/saiubuntu/ros2_ws/install/serial_motor_demo_msgs/include/serial_motor_demo_msgs/msg/detail/motor_vels__struct.hpp
[2.387s] -- Up-to-date symlink: /home/saiubuntu/ros2_ws/install/serial_motor_demo_msgs/include/serial_motor_demo_msgs/msg/detail/motor_vels__traits.hpp
[2.387s] -- Up-to-date symlink: /home/saiubuntu/ros2_ws/install/serial_motor_demo_msgs/include/serial_motor_demo_msgs/msg/detail/motor_vels__type_support.hpp
[2.388s] -- Up-to-date symlink: /home/saiubuntu/ros2_ws/install/serial_motor_demo_msgs/include/serial_motor_demo_msgs/msg/encoder_vals.hpp
[2.388s] -- Up-to-date symlink: /home/saiubuntu/ros2_ws/install/serial_motor_demo_msgs/include/serial_motor_demo_msgs/msg/motor_command.hpp
[2.388s] -- Up-to-date symlink: /home/saiubuntu/ros2_ws/install/serial_motor_demo_msgs/include/serial_motor_demo_msgs/msg/motor_vels.hpp
[2.389s] -- Up-to-date symlink: /home/saiubuntu/ros2_ws/install/serial_motor_demo_msgs/include/serial_motor_demo_msgs/msg/rosidl_generator_cpp__visibility_control.hpp
[2.389s] -- Up-to-date symlink: /home/saiubuntu/ros2_ws/install/serial_motor_demo_msgs/include/serial_motor_demo_msgs/msg/detail/encoder_vals__rosidl_typesupport_introspection_cpp.hpp
[2.403s] -- Up-to-date symlink: /home/saiubuntu/ros2_ws/install/serial_motor_demo_msgs/include/serial_motor_demo_msgs/msg/detail/motor_command__rosidl_typesupport_introspection_cpp.hpp
[2.403s] -- Up-to-date symlink: /home/saiubuntu/ros2_ws/install/serial_motor_demo_msgs/include/serial_motor_demo_msgs/msg/detail/motor_vels__rosidl_typesupport_introspection_cpp.hpp
[2.404s] -- Up-to-date symlink: /home/saiubuntu/ros2_ws/install/serial_motor_demo_msgs/share/serial_motor_demo_msgs/environment/pythonpath.sh
[2.405s] -- Up-to-date symlink: /home/saiubuntu/ros2_ws/install/serial_motor_demo_msgs/share/serial_motor_demo_msgs/environment/pythonpath.dsv
[2.479s] -- Up-to-date symlink: /home/saiubuntu/ros2_ws/install/serial_motor_demo_msgs/lib/python3.8/site-packages/serial_motor_demo_msgs/__init__.py
[2.503s] -- Up-to-date symlink: /home/saiubuntu/ros2_ws/install/serial_motor_demo_msgs/lib/python3.8/site-packages/serial_motor_demo_msgs/msg/__init__.py
[2.526s] -- Up-to-date symlink: /home/saiubuntu/ros2_ws/install/serial_motor_demo_msgs/lib/python3.8/site-packages/serial_motor_demo_msgs/msg/_encoder_vals.py
[2.548s] -- Up-to-date symlink: /home/saiubuntu/ros2_ws/install/serial_motor_demo_msgs/lib/python3.8/site-packages/serial_motor_demo_msgs/msg/_motor_command.py
[2.549s] -- Up-to-date symlink: /home/saiubuntu/ros2_ws/install/serial_motor_demo_msgs/lib/python3.8/site-packages/serial_motor_demo_msgs/msg/_motor_vels.py
[2.553s] -- Up-to-date symlink: /home/saiubuntu/ros2_ws/install/serial_motor_demo_msgs/lib/python3.8/site-packages/serial_motor_demo_msgs/serial_motor_demo_msgs_s__rosidl_typesupport_fastrtps_c.cpython-38-x86_64-linux-gnu.so
[2.555s] -- Up-to-date symlink: /home/saiubuntu/ros2_ws/install/serial_motor_demo_msgs/lib/python3.8/site-packages/serial_motor_demo_msgs/serial_motor_demo_msgs_s__rosidl_typesupport_introspection_c.cpython-38-x86_64-linux-gnu.so
[2.558s] -- Up-to-date symlink: /home/saiubuntu/ros2_ws/install/serial_motor_demo_msgs/lib/python3.8/site-packages/serial_motor_demo_msgs/serial_motor_demo_msgs_s__rosidl_typesupport_c.cpython-38-x86_64-linux-gnu.so
[2.560s] -- Up-to-date symlink: /home/saiubuntu/ros2_ws/install/serial_motor_demo_msgs/lib/libserial_motor_demo_msgs__python.so
[2.562s] -- Up-to-date symlink: /home/saiubuntu/ros2_ws/install/serial_motor_demo_msgs/share/serial_motor_demo_msgs/msg/MotorCommand.idl
[2.564s] -- Up-to-date symlink: /home/saiubuntu/ros2_ws/install/serial_motor_demo_msgs/share/serial_motor_demo_msgs/msg/MotorVels.idl
[2.568s] -- Up-to-date symlink: /home/saiubuntu/ros2_ws/install/serial_motor_demo_msgs/share/serial_motor_demo_msgs/msg/EncoderVals.idl
[2.568s] -- Up-to-date symlink: /home/saiubuntu/ros2_ws/install/serial_motor_demo_msgs/share/serial_motor_demo_msgs/msg/MotorCommand.msg
[2.571s] -- Up-to-date symlink: /home/saiubuntu/ros2_ws/install/serial_motor_demo_msgs/share/serial_motor_demo_msgs/msg/MotorVels.msg
[2.574s] -- Up-to-date symlink: /home/saiubuntu/ros2_ws/install/serial_motor_demo_msgs/share/serial_motor_demo_msgs/msg/EncoderVals.msg
[2.575s] -- Up-to-date symlink: /home/saiubuntu/ros2_ws/install/serial_motor_demo_msgs/share/ament_index/resource_index/package_run_dependencies/serial_motor_demo_msgs
[2.581s] -- Up-to-date symlink: /home/saiubuntu/ros2_ws/install/serial_motor_demo_msgs/share/ament_index/resource_index/parent_prefix_path/serial_motor_demo_msgs
[2.581s] -- Up-to-date symlink: /home/saiubuntu/ros2_ws/install/serial_motor_demo_msgs/share/serial_motor_demo_msgs/environment/ament_prefix_path.sh
[2.582s] -- Up-to-date symlink: /home/saiubuntu/ros2_ws/install/serial_motor_demo_msgs/share/serial_motor_demo_msgs/environment/ament_prefix_path.dsv
[2.584s] -- Up-to-date symlink: /home/saiubuntu/ros2_ws/install/serial_motor_demo_msgs/share/serial_motor_demo_msgs/environment/path.sh
[2.585s] -- Up-to-date symlink: /home/saiubuntu/ros2_ws/install/serial_motor_demo_msgs/share/serial_motor_demo_msgs/environment/path.dsv
[2.605s] -- Up-to-date symlink: /home/saiubuntu/ros2_ws/install/serial_motor_demo_msgs/share/serial_motor_demo_msgs/local_setup.bash
[2.605s] -- Up-to-date symlink: /home/saiubuntu/ros2_ws/install/serial_motor_demo_msgs/share/serial_motor_demo_msgs/local_setup.sh
[2.605s] -- Up-to-date symlink: /home/saiubuntu/ros2_ws/install/serial_motor_demo_msgs/share/serial_motor_demo_msgs/local_setup.zsh
[2.605s] -- Up-to-date symlink: /home/saiubuntu/ros2_ws/install/serial_motor_demo_msgs/share/serial_motor_demo_msgs/local_setup.dsv
[2.606s] -- Symlinking: /home/saiubuntu/ros2_ws/install/serial_motor_demo_msgs/share/serial_motor_demo_msgs/package.dsv
[2.607s] -- Up-to-date symlink: /home/saiubuntu/ros2_ws/install/serial_motor_demo_msgs/share/ament_index/resource_index/packages/serial_motor_demo_msgs
[2.608s] -- Up-to-date symlink: /home/saiubuntu/ros2_ws/install/serial_motor_demo_msgs/share/serial_motor_demo_msgs/cmake/rosidl_cmake-extras.cmake
[2.608s] -- Up-to-date symlink: /home/saiubuntu/ros2_ws/install/serial_motor_demo_msgs/share/serial_motor_demo_msgs/cmake/ament_cmake_export_dependencies-extras.cmake
[2.609s] -- Up-to-date symlink: /home/saiubuntu/ros2_ws/install/serial_motor_demo_msgs/share/serial_motor_demo_msgs/cmake/ament_cmake_export_libraries-extras.cmake
[2.610s] -- Up-to-date symlink: /home/saiubuntu/ros2_ws/install/serial_motor_demo_msgs/share/serial_motor_demo_msgs/cmake/ament_cmake_export_targets-extras.cmake
[2.611s] -- Up-to-date symlink: /home/saiubuntu/ros2_ws/install/serial_motor_demo_msgs/share/serial_motor_demo_msgs/cmake/ament_cmake_export_include_directories-extras.cmake
[2.612s] -- Up-to-date symlink: /home/saiubuntu/ros2_ws/install/serial_motor_demo_msgs/share/serial_motor_demo_msgs/cmake/rosidl_cmake_export_typesupport_libraries-extras.cmake
[2.613s] -- Up-to-date symlink: /home/saiubuntu/ros2_ws/install/serial_motor_demo_msgs/share/serial_motor_demo_msgs/cmake/rosidl_cmake_export_typesupport_targets-extras.cmake
[2.615s] -- Up-to-date symlink: /home/saiubuntu/ros2_ws/install/serial_motor_demo_msgs/share/serial_motor_demo_msgs/cmake/serial_motor_demo_msgsConfig.cmake
[2.616s] -- Up-to-date symlink: /home/saiubuntu/ros2_ws/install/serial_motor_demo_msgs/share/serial_motor_demo_msgs/cmake/serial_motor_demo_msgsConfig-version.cmake
[2.616s] -- Up-to-date symlink: /home/saiubuntu/ros2_ws/install/serial_motor_demo_msgs/share/serial_motor_demo_msgs/package.xml
[2.616s] -- Up-to-date: /home/saiubuntu/ros2_ws/install/serial_motor_demo_msgs/lib/libserial_motor_demo_msgs__rosidl_generator_c.so
[2.618s] -- Up-to-date: /home/saiubuntu/ros2_ws/install/serial_motor_demo_msgs/lib/libserial_motor_demo_msgs__rosidl_typesupport_introspection_c.so
[2.620s] -- Up-to-date: /home/saiubuntu/ros2_ws/install/serial_motor_demo_msgs/lib/libserial_motor_demo_msgs__rosidl_typesupport_c.so
[2.622s] -- Up-to-date: /home/saiubuntu/ros2_ws/install/serial_motor_demo_msgs/lib/libserial_motor_demo_msgs__rosidl_typesupport_introspection_cpp.so
[2.624s] -- Up-to-date: /home/saiubuntu/ros2_ws/install/serial_motor_demo_msgs/lib/libserial_motor_demo_msgs__rosidl_typesupport_cpp.so
[2.730s] -- Up-to-date: /home/saiubuntu/ros2_ws/install/serial_motor_demo_msgs/share/serial_motor_demo_msgs/cmake/serial_motor_demo_msgs__rosidl_generator_cExport.cmake
[2.730s] -- Up-to-date: /home/saiubuntu/ros2_ws/install/serial_motor_demo_msgs/share/serial_motor_demo_msgs/cmake/serial_motor_demo_msgs__rosidl_generator_cExport-noconfig.cmake
[2.731s] -- Up-to-date: /home/saiubuntu/ros2_ws/install/serial_motor_demo_msgs/share/serial_motor_demo_msgs/cmake/serial_motor_demo_msgs__rosidl_typesupport_introspection_cExport.cmake
[2.731s] -- Up-to-date: /home/saiubuntu/ros2_ws/install/serial_motor_demo_msgs/share/serial_motor_demo_msgs/cmake/serial_motor_demo_msgs__rosidl_typesupport_introspection_cExport-noconfig.cmake
[2.731s] -- Up-to-date: /home/saiubuntu/ros2_ws/install/serial_motor_demo_msgs/share/serial_motor_demo_msgs/cmake/serial_motor_demo_msgs__rosidl_typesupport_cExport.cmake
[2.732s] -- Up-to-date: /home/saiubuntu/ros2_ws/install/serial_motor_demo_msgs/share/serial_motor_demo_msgs/cmake/serial_motor_demo_msgs__rosidl_typesupport_cExport-noconfig.cmake
[2.732s] -- Up-to-date: /home/saiubuntu/ros2_ws/install/serial_motor_demo_msgs/share/serial_motor_demo_msgs/cmake/serial_motor_demo_msgs__rosidl_generator_cppExport.cmake
[2.732s] -- Up-to-date: /home/saiubuntu/ros2_ws/install/serial_motor_demo_msgs/share/serial_motor_demo_msgs/cmake/serial_motor_demo_msgs__rosidl_typesupport_introspection_cppExport.cmake
[2.733s] -- Up-to-date: /home/saiubuntu/ros2_ws/install/serial_motor_demo_msgs/share/serial_motor_demo_msgs/cmake/serial_motor_demo_msgs__rosidl_typesupport_introspection_cppExport-noconfig.cmake
[2.733s] -- Up-to-date: /home/saiubuntu/ros2_ws/install/serial_motor_demo_msgs/share/serial_motor_demo_msgs/cmake/serial_motor_demo_msgs__rosidl_typesupport_cppExport.cmake
[2.733s] -- Up-to-date: /home/saiubuntu/ros2_ws/install/serial_motor_demo_msgs/share/serial_motor_demo_msgs/cmake/serial_motor_demo_msgs__rosidl_typesupport_cppExport-noconfig.cmake
[2.737s] Invoked command in '/home/saiubuntu/ros2_ws/build/serial_motor_demo_msgs' returned '0': CMAKE_PREFIX_PATH=${CMAKE_PREFIX_PATH}:/home/saiubuntu/ros2_ws/install/serial_motor_demo:/home/saiubuntu/ros2_ws/install/my_robot:/home/saiubuntu/ros2_ws/install/joy_tester:/opt/ros/foxy /usr/bin/cmake --install /home/saiubuntu/ros2_ws/build/serial_motor_demo_msgs
