[0.603s] Invoking command in '/home/saiubuntu/ros2_ws/build/my_robot': PYTHONPATH=/home/saiubuntu/ros2_ws/build/my_robot/prefix_override:/home/saiubuntu/ros2_ws/install/my_robot/lib/python3.8/site-packages:${PYTHONPATH} /usr/bin/python3 -W ignore:setup.py install is deprecated setup.py develop --uninstall --editable --build-directory /home/saiubuntu/ros2_ws/build/my_robot/build
[0.812s] running develop
[0.933s] Removing /home/saiubuntu/ros2_ws/install/my_robot/lib/python3.8/site-packages/my-robot.egg-link (link to .)
[0.959s] Invoked command in '/home/saiubuntu/ros2_ws/build/my_robot' returned '0': PYTHONPATH=/home/saiubuntu/ros2_ws/build/my_robot/prefix_override:/home/saiubuntu/ros2_ws/install/my_robot/lib/python3.8/site-packages:${PYTHONPATH} /usr/bin/python3 -W ignore:setup.py install is deprecated setup.py develop --uninstall --editable --build-directory /home/saiubuntu/ros2_ws/build/my_robot/build
[0.962s] Invoking command in '/home/saiubuntu/ros2_ws/src/my_robot': PYTHONPATH=/home/saiubuntu/ros2_ws/build/my_robot/prefix_override:/home/saiubuntu/ros2_ws/install/my_robot/lib/python3.8/site-packages:${PYTHONPATH} /usr/bin/python3 -W ignore:setup.py install is deprecated setup.py egg_info --egg-base ../../build/my_robot build --build-base /home/saiubuntu/ros2_ws/build/my_robot/build install --record /home/saiubuntu/ros2_ws/build/my_robot/install.log --install-scripts $base/lib/my_robot --single-version-externally-managed install_data --force
[1.172s] running egg_info
[1.173s] writing ../../build/my_robot/my_robot.egg-info/PKG-INFO
[1.173s] writing dependency_links to ../../build/my_robot/my_robot.egg-info/dependency_links.txt
[1.173s] writing entry points to ../../build/my_robot/my_robot.egg-info/entry_points.txt
[1.173s] writing requirements to ../../build/my_robot/my_robot.egg-info/requires.txt
[1.174s] writing top-level names to ../../build/my_robot/my_robot.egg-info/top_level.txt
[1.270s] reading manifest file '../../build/my_robot/my_robot.egg-info/SOURCES.txt'
[1.271s] writing manifest file '../../build/my_robot/my_robot.egg-info/SOURCES.txt'
[1.271s] running build
[1.271s] running build_py
[1.313s] running install
[1.314s] running install_lib
[1.315s] creating /home/saiubuntu/ros2_ws/install/my_robot/lib/python3.8/site-packages/my_robot
[1.315s] copying /home/saiubuntu/ros2_ws/build/my_robot/build/lib/my_robot/__init__.py -> /home/saiubuntu/ros2_ws/install/my_robot/lib/python3.8/site-packages/my_robot
[1.316s] byte-compiling /home/saiubuntu/ros2_ws/install/my_robot/lib/python3.8/site-packages/my_robot/__init__.py to __init__.cpython-38.pyc
[1.319s] running install_data
[1.319s] copying resource/my_robot -> /home/saiubuntu/ros2_ws/install/my_robot/share/ament_index/resource_index/packages
[1.319s] copying package.xml -> /home/saiubuntu/ros2_ws/install/my_robot/share/my_robot
[1.319s] running install_egg_info
[1.322s] Copying ../../build/my_robot/my_robot.egg-info to /home/saiubuntu/ros2_ws/install/my_robot/lib/python3.8/site-packages/my_robot-0.0.0-py3.8.egg-info
[1.324s] running install_scripts
[1.349s] writing list of installed files to '/home/saiubuntu/ros2_ws/build/my_robot/install.log'
[1.374s] Invoked command in '/home/saiubuntu/ros2_ws/src/my_robot' returned '0': PYTHONPATH=/home/saiubuntu/ros2_ws/build/my_robot/prefix_override:/home/saiubuntu/ros2_ws/install/my_robot/lib/python3.8/site-packages:${PYTHONPATH} /usr/bin/python3 -W ignore:setup.py install is deprecated setup.py egg_info --egg-base ../../build/my_robot build --build-base /home/saiubuntu/ros2_ws/build/my_robot/build install --record /home/saiubuntu/ros2_ws/build/my_robot/install.log --install-scripts $base/lib/my_robot --single-version-externally-managed install_data --force
