[0.146s] Invoking command in '/home/saiubuntu/ros2_ws/build/my_bot': CMAKE_PREFIX_PATH=${CMAKE_PREFIX_PATH}:/home/saiubuntu/ros2_ws/install/my_robot:/opt/ros/foxy /usr/bin/cmake --build /home/saiubuntu/ros2_ws/build/my_bot -- -j8 -l8
[1.142s] Invoked command in '/home/saiubuntu/ros2_ws/build/my_bot' returned '0': CMAKE_PREFIX_PATH=${CMAKE_PREFIX_PATH}:/home/saiubuntu/ros2_ws/install/my_robot:/opt/ros/foxy /usr/bin/cmake --build /home/saiubuntu/ros2_ws/build/my_bot -- -j8 -l8
[1.178s] Invoking command in '/home/saiubuntu/ros2_ws/build/my_bot': CMAKE_PREFIX_PATH=${CMAKE_PREFIX_PATH}:/home/saiubuntu/ros2_ws/install/my_robot:/opt/ros/foxy /usr/bin/cmake --install /home/saiubuntu/ros2_ws/build/my_bot
[1.199s] -- Install configuration: ""
[1.251s] -- Execute custom install script
[1.253s] -- Up-to-date symlink: /home/saiubuntu/ros2_ws/install/my_bot/share/my_bot/config/drive_bot.rviz
[1.253s] -- Up-to-date symlink: /home/saiubuntu/ros2_ws/install/my_bot/share/my_bot/config/empty.yaml
[1.253s] -- Up-to-date symlink: /home/saiubuntu/ros2_ws/install/my_bot/share/my_bot/config/mapper_params_online_async.yaml
[1.253s] -- Up-to-date symlink: /home/saiubuntu/ros2_ws/install/my_bot/share/my_bot/config/my_controllers.yaml
[1.253s] -- Up-to-date symlink: /home/saiubuntu/ros2_ws/install/my_bot/share/my_bot/config/view_bot.rviz
[1.254s] -- Up-to-date symlink: /home/saiubuntu/ros2_ws/install/my_bot/share/my_bot/description/camera.xacro
[1.254s] -- Up-to-date symlink: /home/saiubuntu/ros2_ws/install/my_bot/share/my_bot/description/depth_camera.xacro
[1.254s] -- Up-to-date symlink: /home/saiubuntu/ros2_ws/install/my_bot/share/my_bot/description/gazebo_control.xacro
[1.255s] -- Up-to-date symlink: /home/saiubuntu/ros2_ws/install/my_bot/share/my_bot/description/inertial_macros.xacro
[1.255s] -- Up-to-date symlink: /home/saiubuntu/ros2_ws/install/my_bot/share/my_bot/description/lidar.xacro
[1.255s] -- Up-to-date symlink: /home/saiubuntu/ros2_ws/install/my_bot/share/my_bot/description/robot.urdf.xacro
[1.256s] -- Up-to-date symlink: /home/saiubuntu/ros2_ws/install/my_bot/share/my_bot/description/robot_core.xacro
[1.256s] -- Up-to-date symlink: /home/saiubuntu/ros2_ws/install/my_bot/share/my_bot/description/robot_core2.xacro
[1.256s] -- Up-to-date symlink: /home/saiubuntu/ros2_ws/install/my_bot/share/my_bot/description/ros2_control.xacro
[1.257s] -- Up-to-date symlink: /home/saiubuntu/ros2_ws/install/my_bot/share/my_bot/launch/launch_sim.launch.py
[1.257s] -- Up-to-date symlink: /home/saiubuntu/ros2_ws/install/my_bot/share/my_bot/launch/rplidar.launch.py
[1.257s] -- Up-to-date symlink: /home/saiubuntu/ros2_ws/install/my_bot/share/my_bot/launch/rsp.launch.py
[1.258s] -- Up-to-date symlink: /home/saiubuntu/ros2_ws/install/my_bot/share/my_bot/worlds/box_table_obstacles.world
[1.258s] -- Up-to-date symlink: /home/saiubuntu/ros2_ws/install/my_bot/share/my_bot/worlds/closed_environment/model.config
[1.258s] -- Up-to-date symlink: /home/saiubuntu/ros2_ws/install/my_bot/share/my_bot/worlds/closed_environment/model.sdf
[1.258s] -- Up-to-date symlink: /home/saiubuntu/ros2_ws/install/my_bot/share/my_bot/worlds/empty.world
[1.258s] -- Up-to-date symlink: /home/saiubuntu/ros2_ws/install/my_bot/share/my_bot/worlds/obstacles.world
[1.259s] -- Up-to-date symlink: /home/saiubuntu/ros2_ws/install/my_bot/share/ament_index/resource_index/package_run_dependencies/my_bot
[1.259s] -- Up-to-date symlink: /home/saiubuntu/ros2_ws/install/my_bot/share/ament_index/resource_index/parent_prefix_path/my_bot
[1.259s] -- Up-to-date symlink: /home/saiubuntu/ros2_ws/install/my_bot/share/my_bot/environment/ament_prefix_path.sh
[1.260s] -- Up-to-date symlink: /home/saiubuntu/ros2_ws/install/my_bot/share/my_bot/environment/ament_prefix_path.dsv
[1.260s] -- Up-to-date symlink: /home/saiubuntu/ros2_ws/install/my_bot/share/my_bot/environment/path.sh
[1.260s] -- Up-to-date symlink: /home/saiubuntu/ros2_ws/install/my_bot/share/my_bot/environment/path.dsv
[1.261s] -- Up-to-date symlink: /home/saiubuntu/ros2_ws/install/my_bot/share/my_bot/local_setup.bash
[1.261s] -- Up-to-date symlink: /home/saiubuntu/ros2_ws/install/my_bot/share/my_bot/local_setup.sh
[1.261s] -- Up-to-date symlink: /home/saiubuntu/ros2_ws/install/my_bot/share/my_bot/local_setup.zsh
[1.261s] -- Up-to-date symlink: /home/saiubuntu/ros2_ws/install/my_bot/share/my_bot/local_setup.dsv
[1.262s] -- Symlinking: /home/saiubuntu/ros2_ws/install/my_bot/share/my_bot/package.dsv
[1.272s] -- Up-to-date symlink: /home/saiubuntu/ros2_ws/install/my_bot/share/ament_index/resource_index/packages/my_bot
[1.272s] -- Up-to-date symlink: /home/saiubuntu/ros2_ws/install/my_bot/share/my_bot/cmake/my_botConfig.cmake
[1.272s] -- Up-to-date symlink: /home/saiubuntu/ros2_ws/install/my_bot/share/my_bot/cmake/my_botConfig-version.cmake
[1.272s] -- Up-to-date symlink: /home/saiubuntu/ros2_ws/install/my_bot/share/my_bot/package.xml
[1.275s] Invoked command in '/home/saiubuntu/ros2_ws/build/my_bot' returned '0': CMAKE_PREFIX_PATH=${CMAKE_PREFIX_PATH}:/home/saiubuntu/ros2_ws/install/my_robot:/opt/ros/foxy /usr/bin/cmake --install /home/saiubuntu/ros2_ws/build/my_bot
