[5.121s] Invoking command in '/home/saiubuntu/ros2_ws/build/sllidar_ros2': CMAKE_PREFIX_PATH=${CMAKE_PREFIX_PATH}:/home/saiubuntu/ros2_ws/install/serial_motor_demo:/home/saiubuntu/ros2_ws/install/my_robot:/home/saiubuntu/ros2_ws/install/joy_tester:/opt/ros/foxy /usr/bin/cmake --build /home/saiubuntu/ros2_ws/build/sllidar_ros2 -- -j8 -l8
[5.580s] [ 90%] Built target sllidar_node
[5.915s] [100%] Built target sllidar_client
[6.030s] Invoked command in '/home/saiubuntu/ros2_ws/build/sllidar_ros2' returned '0': CMAKE_PREFIX_PATH=${CMAKE_PREFIX_PATH}:/home/saiubuntu/ros2_ws/install/serial_motor_demo:/home/saiubuntu/ros2_ws/install/my_robot:/home/saiubuntu/ros2_ws/install/joy_tester:/opt/ros/foxy /usr/bin/cmake --build /home/saiubuntu/ros2_ws/build/sllidar_ros2 -- -j8 -l8
[6.757s] Invoking command in '/home/saiubuntu/ros2_ws/build/sllidar_ros2': CMAKE_PREFIX_PATH=${CMAKE_PREFIX_PATH}:/home/saiubuntu/ros2_ws/install/serial_motor_demo:/home/saiubuntu/ros2_ws/install/my_robot:/home/saiubuntu/ros2_ws/install/joy_tester:/opt/ros/foxy /usr/bin/cmake --install /home/saiubuntu/ros2_ws/build/sllidar_ros2
[6.837s] -- Install configuration: ""
[6.839s] -- Execute custom install script
[6.854s] -- Up-to-date symlink: /home/saiubuntu/ros2_ws/install/sllidar_ros2/share/sllidar_ros2/launch/sllidar_a1_launch.py
[6.859s] -- Up-to-date symlink: /home/saiubuntu/ros2_ws/install/sllidar_ros2/share/sllidar_ros2/launch/sllidar_a2m12_launch .py
[6.860s] -- Up-to-date symlink: /home/saiubuntu/ros2_ws/install/sllidar_ros2/share/sllidar_ros2/launch/sllidar_a2m7_launch.py
[6.876s] -- Up-to-date symlink: /home/saiubuntu/ros2_ws/install/sllidar_ros2/share/sllidar_ros2/launch/sllidar_a2m8_launch.py
[6.903s] -- Up-to-date symlink: /home/saiubuntu/ros2_ws/install/sllidar_ros2/share/sllidar_ros2/launch/sllidar_a3_launch.py
[6.917s] -- Up-to-date symlink: /home/saiubuntu/ros2_ws/install/sllidar_ros2/share/sllidar_ros2/launch/sllidar_c1_launch.py
[6.917s] -- Up-to-date symlink: /home/saiubuntu/ros2_ws/install/sllidar_ros2/share/sllidar_ros2/launch/sllidar_s1_launch.py
[6.917s] -- Up-to-date symlink: /home/saiubuntu/ros2_ws/install/sllidar_ros2/share/sllidar_ros2/launch/sllidar_s1_tcp_launch.py
[6.920s] -- Up-to-date symlink: /home/saiubuntu/ros2_ws/install/sllidar_ros2/share/sllidar_ros2/launch/sllidar_s2_launch.py
[6.921s] -- Up-to-date symlink: /home/saiubuntu/ros2_ws/install/sllidar_ros2/share/sllidar_ros2/launch/sllidar_s2e_launch.py
[6.938s] -- Up-to-date symlink: /home/saiubuntu/ros2_ws/install/sllidar_ros2/share/sllidar_ros2/launch/sllidar_s3_launch.py
[6.939s] -- Up-to-date symlink: /home/saiubuntu/ros2_ws/install/sllidar_ros2/share/sllidar_ros2/launch/sllidar_t1_launch.py
[6.940s] -- Up-to-date symlink: /home/saiubuntu/ros2_ws/install/sllidar_ros2/share/sllidar_ros2/launch/view_sllidar_a1_launch.py
[6.941s] -- Up-to-date symlink: /home/saiubuntu/ros2_ws/install/sllidar_ros2/share/sllidar_ros2/launch/view_sllidar_a2m12_launch.py
[6.944s] -- Up-to-date symlink: /home/saiubuntu/ros2_ws/install/sllidar_ros2/share/sllidar_ros2/launch/view_sllidar_a2m7_launch.py
[6.945s] -- Up-to-date symlink: /home/saiubuntu/ros2_ws/install/sllidar_ros2/share/sllidar_ros2/launch/view_sllidar_a2m8_launch.py
[6.945s] -- Up-to-date symlink: /home/saiubuntu/ros2_ws/install/sllidar_ros2/share/sllidar_ros2/launch/view_sllidar_a3_launch.py
[6.946s] -- Up-to-date symlink: /home/saiubuntu/ros2_ws/install/sllidar_ros2/share/sllidar_ros2/launch/view_sllidar_c1_launch.py
[6.948s] -- Up-to-date symlink: /home/saiubuntu/ros2_ws/install/sllidar_ros2/share/sllidar_ros2/launch/view_sllidar_s1_launch.py
[6.948s] -- Up-to-date symlink: /home/saiubuntu/ros2_ws/install/sllidar_ros2/share/sllidar_ros2/launch/view_sllidar_s1_tcp_launch.py
[6.951s] -- Up-to-date symlink: /home/saiubuntu/ros2_ws/install/sllidar_ros2/share/sllidar_ros2/launch/view_sllidar_s2_launch.py
[6.951s] -- Up-to-date symlink: /home/saiubuntu/ros2_ws/install/sllidar_ros2/share/sllidar_ros2/launch/view_sllidar_s2e_launch.py
[6.951s] -- Up-to-date symlink: /home/saiubuntu/ros2_ws/install/sllidar_ros2/share/sllidar_ros2/launch/view_sllidar_s3_launch.py
[6.952s] -- Up-to-date symlink: /home/saiubuntu/ros2_ws/install/sllidar_ros2/share/sllidar_ros2/launch/view_sllidar_t1_launch.py
[6.954s] -- Up-to-date symlink: /home/saiubuntu/ros2_ws/install/sllidar_ros2/share/sllidar_ros2/rviz/sllidar_ros2.rviz
[6.956s] -- Up-to-date symlink: /home/saiubuntu/ros2_ws/install/sllidar_ros2/lib/sllidar_ros2/sllidar_node
[6.958s] -- Up-to-date symlink: /home/saiubuntu/ros2_ws/install/sllidar_ros2/lib/sllidar_ros2/sllidar_client
[6.959s] -- Up-to-date symlink: /home/saiubuntu/ros2_ws/install/sllidar_ros2/share/ament_index/resource_index/package_run_dependencies/sllidar_ros2
[6.961s] -- Up-to-date symlink: /home/saiubuntu/ros2_ws/install/sllidar_ros2/share/ament_index/resource_index/parent_prefix_path/sllidar_ros2
[6.977s] -- Up-to-date symlink: /home/saiubuntu/ros2_ws/install/sllidar_ros2/share/sllidar_ros2/environment/ament_prefix_path.sh
[6.977s] -- Up-to-date symlink: /home/saiubuntu/ros2_ws/install/sllidar_ros2/share/sllidar_ros2/environment/ament_prefix_path.dsv
[6.977s] -- Up-to-date symlink: /home/saiubuntu/ros2_ws/install/sllidar_ros2/share/sllidar_ros2/environment/path.sh
[6.978s] -- Up-to-date symlink: /home/saiubuntu/ros2_ws/install/sllidar_ros2/share/sllidar_ros2/environment/path.dsv
[6.978s] -- Up-to-date symlink: /home/saiubuntu/ros2_ws/install/sllidar_ros2/share/sllidar_ros2/local_setup.bash
[6.978s] -- Up-to-date symlink: /home/saiubuntu/ros2_ws/install/sllidar_ros2/share/sllidar_ros2/local_setup.sh
[6.978s] -- Up-to-date symlink: /home/saiubuntu/ros2_ws/install/sllidar_ros2/share/sllidar_ros2/local_setup.zsh
[6.979s] -- Up-to-date symlink: /home/saiubuntu/ros2_ws/install/sllidar_ros2/share/sllidar_ros2/local_setup.dsv
[6.979s] -- Symlinking: /home/saiubuntu/ros2_ws/install/sllidar_ros2/share/sllidar_ros2/package.dsv
[7.029s] -- Up-to-date symlink: /home/saiubuntu/ros2_ws/install/sllidar_ros2/share/ament_index/resource_index/packages/sllidar_ros2
[7.032s] -- Up-to-date symlink: /home/saiubuntu/ros2_ws/install/sllidar_ros2/share/sllidar_ros2/cmake/ament_cmake_export_dependencies-extras.cmake
[7.039s] -- Up-to-date symlink: /home/saiubuntu/ros2_ws/install/sllidar_ros2/share/sllidar_ros2/cmake/ament_cmake_export_include_directories-extras.cmake
[7.043s] -- Up-to-date symlink: /home/saiubuntu/ros2_ws/install/sllidar_ros2/share/sllidar_ros2/cmake/sllidar_ros2Config.cmake
[7.043s] -- Up-to-date symlink: /home/saiubuntu/ros2_ws/install/sllidar_ros2/share/sllidar_ros2/cmake/sllidar_ros2Config-version.cmake
[7.044s] -- Up-to-date symlink: /home/saiubuntu/ros2_ws/install/sllidar_ros2/share/sllidar_ros2/package.xml
[7.075s] Invoked command in '/home/saiubuntu/ros2_ws/build/sllidar_ros2' returned '0': CMAKE_PREFIX_PATH=${CMAKE_PREFIX_PATH}:/home/saiubuntu/ros2_ws/install/serial_motor_demo:/home/saiubuntu/ros2_ws/install/my_robot:/home/saiubuntu/ros2_ws/install/joy_tester:/opt/ros/foxy /usr/bin/cmake --install /home/saiubuntu/ros2_ws/build/sllidar_ros2
