[2.641s] Invoking command in '/home/saiubuntu/ros2_ws/src/my_robot': PYTHONPATH=/home/saiubuntu/ros2_ws/build/my_robot/prefix_override:/home/saiubuntu/ros2_ws/install/my_robot/lib/python3.8/site-packages:${PYTHONPATH} /usr/bin/python3 -W ignore:setup.py install is deprecated setup.py egg_info --egg-base ../../build/my_robot build --build-base /home/saiubuntu/ros2_ws/build/my_robot/build install --record /home/saiubuntu/ros2_ws/build/my_robot/install.log --install-scripts $base/lib/my_robot --single-version-externally-managed install_data
[2.831s] running egg_info
[2.831s] creating ../../build/my_robot/my_robot.egg-info
[2.831s] writing ../../build/my_robot/my_robot.egg-info/PKG-INFO
[2.832s] writing dependency_links to ../../build/my_robot/my_robot.egg-info/dependency_links.txt
[2.832s] writing entry points to ../../build/my_robot/my_robot.egg-info/entry_points.txt
[2.832s] writing requirements to ../../build/my_robot/my_robot.egg-info/requires.txt
[2.832s] writing top-level names to ../../build/my_robot/my_robot.egg-info/top_level.txt
[2.915s] writing manifest file '../../build/my_robot/my_robot.egg-info/SOURCES.txt'
[2.977s] reading manifest file '../../build/my_robot/my_robot.egg-info/SOURCES.txt'
[2.978s] writing manifest file '../../build/my_robot/my_robot.egg-info/SOURCES.txt'
[2.978s] running build
[2.978s] running build_py
[2.978s] creating /home/saiubuntu/ros2_ws/build/my_robot/build
[2.978s] creating /home/saiubuntu/ros2_ws/build/my_robot/build/lib
[2.978s] creating /home/saiubuntu/ros2_ws/build/my_robot/build/lib/my_robot
[2.979s] copying my_robot/__init__.py -> /home/saiubuntu/ros2_ws/build/my_robot/build/lib/my_robot
[2.979s] running install
[2.979s] running install_lib
[2.981s] creating /home/saiubuntu/ros2_ws/install/my_robot/lib/python3.8/site-packages/my_robot
[2.981s] copying /home/saiubuntu/ros2_ws/build/my_robot/build/lib/my_robot/__init__.py -> /home/saiubuntu/ros2_ws/install/my_robot/lib/python3.8/site-packages/my_robot
[2.981s] byte-compiling /home/saiubuntu/ros2_ws/install/my_robot/lib/python3.8/site-packages/my_robot/__init__.py to __init__.cpython-38.pyc
[2.983s] running install_data
[2.983s] creating /home/saiubuntu/ros2_ws/install/my_robot/share/ament_index
[2.984s] creating /home/saiubuntu/ros2_ws/install/my_robot/share/ament_index/resource_index
[2.984s] creating /home/saiubuntu/ros2_ws/install/my_robot/share/ament_index/resource_index/packages
[2.984s] copying resource/my_robot -> /home/saiubuntu/ros2_ws/install/my_robot/share/ament_index/resource_index/packages
[2.984s] copying package.xml -> /home/saiubuntu/ros2_ws/install/my_robot/share/my_robot
[2.984s] running install_egg_info
[2.986s] Copying ../../build/my_robot/my_robot.egg-info to /home/saiubuntu/ros2_ws/install/my_robot/lib/python3.8/site-packages/my_robot-0.0.0-py3.8.egg-info
[2.987s] running install_scripts
[3.003s] writing list of installed files to '/home/saiubuntu/ros2_ws/build/my_robot/install.log'
[3.022s] Invoked command in '/home/saiubuntu/ros2_ws/src/my_robot' returned '0': PYTHONPATH=/home/saiubuntu/ros2_ws/build/my_robot/prefix_override:/home/saiubuntu/ros2_ws/install/my_robot/lib/python3.8/site-packages:${PYTHONPATH} /usr/bin/python3 -W ignore:setup.py install is deprecated setup.py egg_info --egg-base ../../build/my_robot build --build-base /home/saiubuntu/ros2_ws/build/my_robot/build install --record /home/saiubuntu/ros2_ws/build/my_robot/install.log --install-scripts $base/lib/my_robot --single-version-externally-managed install_data
