[0.445s] Invoking command in '/home/saiubuntu/ros2_ws/build/sllidar_ros2': CMAKE_PREFIX_PATH=${CMAKE_PREFIX_PATH}:/home/saiubuntu/ros2_ws/install/my_robot:/opt/ros/foxy /usr/bin/cmake /home/saiubuntu/ros2_ws/src/sllidar_ros2 -DAMENT_CMAKE_SYMLINK_INSTALL=1 -DCMAKE_INSTALL_PREFIX=/home/saiubuntu/ros2_ws/install/sllidar_ros2
[0.637s] -- The C compiler identification is GNU 9.4.0
[0.713s] -- The CXX compiler identification is GNU 9.4.0
[0.802s] -- Check for working C compiler: /usr/bin/cc
[0.935s] -- Check for working C compiler: /usr/bin/cc -- works
[0.936s] -- Detecting C compiler ABI info
[1.005s] -- Detecting C compiler ABI info - done
[1.016s] -- Detecting C compile features
[1.060s] -- Detecting C compile features - done
[1.073s] -- Check for working CXX compiler: /usr/bin/c++
[1.161s] -- Check for working CXX compiler: /usr/bin/c++ -- works
[1.162s] -- Detecting CXX compiler ABI info
[1.239s] -- Detecting CXX compiler ABI info - done
[1.250s] -- Detecting CXX compile features
[1.251s] -- Detecting CXX compile features - done
[1.311s] -- Found ament_cmake: 0.9.12 (/opt/ros/foxy/share/ament_cmake/cmake)
[1.476s] -- Found PythonInterp: /usr/bin/python3 (found suitable version "3.8.10", minimum required is "3") 
[1.476s] -- Using PYTHON_EXECUTABLE: /usr/bin/python3
[1.723s] -- Override CMake install command with custom implementation using symlinks instead of copying resources
[1.935s] -- Found rclcpp: 2.4.3 (/opt/ros/foxy/share/rclcpp/cmake)
[2.200s] -- Using all available rosidl_typesupport_c: rosidl_typesupport_fastrtps_c;rosidl_typesupport_introspection_c
[2.262s] -- Found rosidl_adapter: 1.3.1 (/opt/ros/foxy/share/rosidl_adapter/cmake)
[2.872s] -- Found OpenSSL: /usr/lib/x86_64-linux-gnu/libcrypto.so (found version "1.1.1f")  
[2.982s] -- Found FastRTPS: /opt/ros/foxy/include  
[3.577s] -- Using all available rosidl_typesupport_cpp: rosidl_typesupport_fastrtps_cpp;rosidl_typesupport_introspection_cpp
[3.813s] -- Found rmw_implementation_cmake: 1.0.4 (/opt/ros/foxy/share/rmw_implementation_cmake/cmake)
[3.817s] -- Using RMW implementation 'rmw_fastrtps_cpp' as default
[3.847s] -- Looking for pthread.h
[3.929s] -- Looking for pthread.h - found
[3.929s] -- Performing Test CMAKE_HAVE_LIBC_PTHREAD
[3.997s] -- Performing Test CMAKE_HAVE_LIBC_PTHREAD - Failed
[3.998s] -- Looking for pthread_create in pthreads
[4.054s] -- Looking for pthread_create in pthreads - not found
[4.054s] -- Looking for pthread_create in pthread
[4.120s] -- Looking for pthread_create in pthread - found
[4.121s] -- Found Threads: TRUE  
[4.544s] -- Found sensor_msgs: 2.0.5 (/opt/ros/foxy/share/sensor_msgs/cmake)
[4.720s] -- Found std_srvs: 2.0.5 (/opt/ros/foxy/share/std_srvs/cmake)
[4.848s] -- Configuring done
[4.864s] -- Generating done
[4.865s] -- Build files have been written to: /home/saiubuntu/ros2_ws/build/sllidar_ros2
[4.874s] Invoked command in '/home/saiubuntu/ros2_ws/build/sllidar_ros2' returned '0': CMAKE_PREFIX_PATH=${CMAKE_PREFIX_PATH}:/home/saiubuntu/ros2_ws/install/my_robot:/opt/ros/foxy /usr/bin/cmake /home/saiubuntu/ros2_ws/src/sllidar_ros2 -DAMENT_CMAKE_SYMLINK_INSTALL=1 -DCMAKE_INSTALL_PREFIX=/home/saiubuntu/ros2_ws/install/sllidar_ros2
[4.876s] Invoking command in '/home/saiubuntu/ros2_ws/build/sllidar_ros2': CMAKE_PREFIX_PATH=${CMAKE_PREFIX_PATH}:/home/saiubuntu/ros2_ws/install/my_robot:/opt/ros/foxy /usr/bin/cmake --build /home/saiubuntu/ros2_ws/build/sllidar_ros2 -- -j8 -l8
[4.916s] [35m[1mScanning dependencies of target sllidar_client[0m
[4.916s] [35m[1mScanning dependencies of target sllidar_node[0m
[5.565s] [  5%] [32mBuilding CXX object CMakeFiles/sllidar_client.dir/src/sllidar_client.cpp.o[0m
[5.565s] [ 15%] [32mBuilding CXX object CMakeFiles/sllidar_node.dir/src/sllidar_node.cpp.o[0m
[5.565s] [ 15%] [32mBuilding CXX object CMakeFiles/sllidar_node.dir/sdk/src/arch/linux/net_serial.cpp.o[0m
[5.566s] [ 20%] [32mBuilding CXX object CMakeFiles/sllidar_node.dir/sdk/src/arch/linux/net_socket.cpp.o[0m
[5.566s] [ 25%] [32mBuilding CXX object CMakeFiles/sllidar_node.dir/sdk/src/arch/linux/timer.cpp.o[0m
[5.566s] [ 30%] [32mBuilding CXX object CMakeFiles/sllidar_node.dir/sdk/src/dataunpacker/dataunpacker.cpp.o[0m
[5.567s] [ 35%] [32mBuilding CXX object CMakeFiles/sllidar_node.dir/sdk/src/dataunpacker/unpacker/handler_hqnode.cpp.o[0m
[5.571s] [ 40%] [32mBuilding CXX object CMakeFiles/sllidar_node.dir/sdk/src/dataunpacker/unpacker/handler_capsules.cpp.o[0m
[5.914s] In file included from [01m[K/home/saiubuntu/ros2_ws/src/sllidar_ros2/./sdk/include/rplidar_protocol.h:36[m[K,
[5.914s]                  from [01m[K/home/saiubuntu/ros2_ws/src/sllidar_ros2/./sdk/include/rplidar.h:39[m[K,
[5.914s]                  from [01m[K/home/saiubuntu/ros2_ws/src/sllidar_ros2/./sdk/src/sdkcommon.h:49[m[K,
[5.914s]                  from [01m[K/home/saiubuntu/ros2_ws/src/sllidar_ros2/sdk/src/dataunpacker/unpacker/../dataunnpacker_commondef.h:41[m[K,
[5.915s]                  from [01m[K/home/saiubuntu/ros2_ws/src/sllidar_ros2/sdk/src/dataunpacker/unpacker/handler_hqnode.cpp:39[m[K:
[5.915s] [01m[K/home/saiubuntu/ros2_ws/src/sllidar_ros2/./sdk/include/sl_lidar_protocol.h:66:16:[m[K [01;35m[Kwarning: [m[KISO C++ forbids zero-size array ‘[01m[Kdata[m[K’ [[01;35m[K-Wpedantic[m[K]
[5.915s]    66 |     sl_u8 data[[01;35m[K0[m[K];
[5.915s]       |                [01;35m[K^[m[K
[5.915s] In file included from [01m[K/home/saiubuntu/ros2_ws/src/sllidar_ros2/./sdk/include/rplidar_cmd.h:36[m[K,
[5.915s]                  from [01m[K/home/saiubuntu/ros2_ws/src/sllidar_ros2/./sdk/include/rplidar.h:40[m[K,
[5.915s]                  from [01m[K/home/saiubuntu/ros2_ws/src/sllidar_ros2/./sdk/src/sdkcommon.h:49[m[K,
[5.916s]                  from [01m[K/home/saiubuntu/ros2_ws/src/sllidar_ros2/sdk/src/dataunpacker/unpacker/../dataunnpacker_commondef.h:41[m[K,
[5.916s]                  from [01m[K/home/saiubuntu/ros2_ws/src/sllidar_ros2/sdk/src/dataunpacker/unpacker/handler_hqnode.cpp:39[m[K:
[5.916s] [01m[K/home/saiubuntu/ros2_ws/src/sllidar_ros2/./sdk/include/sl_lidar_cmd.h:324:20:[m[K [01;35m[Kwarning: [m[KISO C++ forbids zero-size array ‘[01m[Kpayload[m[K’ [[01;35m[K-Wpedantic[m[K]
[5.916s]   324 |     sl_u8  payload[[01;35m[K0[m[K];
[5.916s]       |                    [01;35m[K^[m[K
[5.996s] In file included from [01m[K/home/saiubuntu/ros2_ws/src/sllidar_ros2/./sdk/include/rplidar_protocol.h:36[m[K,
[5.996s]                  from [01m[K/home/saiubuntu/ros2_ws/src/sllidar_ros2/./sdk/include/rplidar.h:39[m[K,
[5.997s]                  from [01m[K/home/saiubuntu/ros2_ws/src/sllidar_ros2/./sdk/src/sdkcommon.h:49[m[K,
[5.997s]                  from [01m[K/home/saiubuntu/ros2_ws/src/sllidar_ros2/sdk/src/dataunpacker/unpacker/../dataunnpacker_commondef.h:41[m[K,
[5.997s]                  from [01m[K/home/saiubuntu/ros2_ws/src/sllidar_ros2/sdk/src/dataunpacker/unpacker/handler_capsules.cpp:39[m[K:
[5.997s] [01m[K/home/saiubuntu/ros2_ws/src/sllidar_ros2/./sdk/include/sl_lidar_protocol.h:66:16:[m[K [01;35m[Kwarning: [m[KISO C++ forbids zero-size array ‘[01m[Kdata[m[K’ [[01;35m[K-Wpedantic[m[K]
[5.997s]    66 |     sl_u8 data[[01;35m[K0[m[K];
[5.997s]       |                [01;35m[K^[m[K
[5.997s] In file included from [01m[K/home/saiubuntu/ros2_ws/src/sllidar_ros2/./sdk/include/rplidar_cmd.h:36[m[K,
[5.998s]                  from [01m[K/home/saiubuntu/ros2_ws/src/sllidar_ros2/./sdk/include/rplidar.h:40[m[K,
[5.998s]                  from [01m[K/home/saiubuntu/ros2_ws/src/sllidar_ros2/./sdk/src/sdkcommon.h:49[m[K,
[5.998s]                  from [01m[K/home/saiubuntu/ros2_ws/src/sllidar_ros2/sdk/src/dataunpacker/unpacker/../dataunnpacker_commondef.h:41[m[K,
[5.998s]                  from [01m[K/home/saiubuntu/ros2_ws/src/sllidar_ros2/sdk/src/dataunpacker/unpacker/handler_capsules.cpp:39[m[K:
[5.998s] [01m[K/home/saiubuntu/ros2_ws/src/sllidar_ros2/./sdk/include/sl_lidar_cmd.h:324:20:[m[K [01;35m[Kwarning: [m[KISO C++ forbids zero-size array ‘[01m[Kpayload[m[K’ [[01;35m[K-Wpedantic[m[K]
[5.998s]   324 |     sl_u8  payload[[01;35m[K0[m[K];
[5.998s]       |                    [01;35m[K^[m[K
[5.999s] In file included from [01m[K/home/saiubuntu/ros2_ws/src/sllidar_ros2/./sdk/include/rplidar_protocol.h:36[m[K,
[6.000s]                  from [01m[K/home/saiubuntu/ros2_ws/src/sllidar_ros2/./sdk/include/rplidar.h:39[m[K,
[6.000s]                  from [01m[K/home/saiubuntu/ros2_ws/src/sllidar_ros2/./sdk/src/sdkcommon.h:49[m[K,
[6.000s]                  from [01m[K/home/saiubuntu/ros2_ws/src/sllidar_ros2/sdk/src/dataunpacker/dataunnpacker_commondef.h:41[m[K,
[6.000s]                  from [01m[K/home/saiubuntu/ros2_ws/src/sllidar_ros2/sdk/src/dataunpacker/dataunpacker.cpp:39[m[K:
[6.000s] [01m[K/home/saiubuntu/ros2_ws/src/sllidar_ros2/./sdk/include/sl_lidar_protocol.h:66:16:[m[K [01;35m[Kwarning: [m[KISO C++ forbids zero-size array ‘[01m[Kdata[m[K’ [[01;35m[K-Wpedantic[m[K]
[6.000s]    66 |     sl_u8 data[[01;35m[K0[m[K];
[6.000s]       |                [01;35m[K^[m[K
[6.000s] In file included from [01m[K/home/saiubuntu/ros2_ws/src/sllidar_ros2/./sdk/include/rplidar_cmd.h:36[m[K,
[6.001s]                  from [01m[K/home/saiubuntu/ros2_ws/src/sllidar_ros2/./sdk/include/rplidar.h:40[m[K,
[6.001s]                  from [01m[K/home/saiubuntu/ros2_ws/src/sllidar_ros2/./sdk/src/sdkcommon.h:49[m[K,
[6.001s]                  from [01m[K/home/saiubuntu/ros2_ws/src/sllidar_ros2/sdk/src/dataunpacker/dataunnpacker_commondef.h:41[m[K,
[6.001s]                  from [01m[K/home/saiubuntu/ros2_ws/src/sllidar_ros2/sdk/src/dataunpacker/dataunpacker.cpp:39[m[K:
[6.001s] [01m[K/home/saiubuntu/ros2_ws/src/sllidar_ros2/./sdk/include/sl_lidar_cmd.h:324:20:[m[K [01;35m[Kwarning: [m[KISO C++ forbids zero-size array ‘[01m[Kpayload[m[K’ [[01;35m[K-Wpedantic[m[K]
[6.001s]   324 |     sl_u8  payload[[01;35m[K0[m[K];
[6.001s]       |                    [01;35m[K^[m[K
[6.010s] [01m[K/home/saiubuntu/ros2_ws/src/sllidar_ros2/sdk/src/arch/linux/net_serial.cpp:[m[K In member function ‘[01m[Kbool rp::arch::net::raw_serial::open(const char*, uint32_t, uint32_t)[m[K’:
[6.011s] [01m[K/home/saiubuntu/ros2_ws/src/sllidar_ros2/sdk/src/arch/linux/net_serial.cpp:97:74:[m[K [01;35m[Kwarning: [m[Kunused parameter ‘[01m[Kflags[m[K’ [[01;35m[K-Wunused-parameter[m[K]
[6.011s]    97 | bool raw_serial::open(const char * portname, uint32_t baudrate, [01;35m[Kuint32_t flags[m[K)
[6.011s]       |                                                                 [01;35m[K~~~~~~~~~^~~~~[m[K
[6.012s] [01m[K/home/saiubuntu/ros2_ws/src/sllidar_ros2/sdk/src/arch/linux/net_serial.cpp:[m[K In member function ‘[01m[Kvirtual void rp::arch::net::raw_serial::flush(_u32)[m[K’:
[6.013s] [01m[K/home/saiubuntu/ros2_ws/src/sllidar_ros2/sdk/src/arch/linux/net_serial.cpp:281:30:[m[K [01;35m[Kwarning: [m[Kunused parameter ‘[01m[Kflags[m[K’ [[01;35m[K-Wunused-parameter[m[K]
[6.013s]   281 | void raw_serial::flush( [01;35m[K_u32 flags[m[K)
[6.013s]       |                         [01;35m[K~~~~~^~~~~[m[K
[6.013s] [01m[K/home/saiubuntu/ros2_ws/src/sllidar_ros2/sdk/src/arch/linux/net_serial.cpp:[m[K In member function ‘[01m[Kvirtual int rp::arch::net::raw_serial::waitforsent(_u32, size_t*)[m[K’:
[6.014s] [01m[K/home/saiubuntu/ros2_ws/src/sllidar_ros2/sdk/src/arch/linux/net_serial.cpp:286:34:[m[K [01;35m[Kwarning: [m[Kunused parameter ‘[01m[Ktimeout[m[K’ [[01;35m[K-Wunused-parameter[m[K]
[6.014s]   286 | int raw_serial::waitforsent([01;35m[K_u32 timeout[m[K, size_t * returned_size)
[6.014s]       |                             [01;35m[K~~~~~^~~~~~~[m[K
[6.014s] [01m[K/home/saiubuntu/ros2_ws/src/sllidar_ros2/sdk/src/arch/linux/net_serial.cpp:[m[K In member function ‘[01m[Kvirtual int rp::arch::net::raw_serial::waitforrecv(_u32, size_t*)[m[K’:
[6.015s] [01m[K/home/saiubuntu/ros2_ws/src/sllidar_ros2/sdk/src/arch/linux/net_serial.cpp:292:34:[m[K [01;35m[Kwarning: [m[Kunused parameter ‘[01m[Ktimeout[m[K’ [[01;35m[K-Wunused-parameter[m[K]
[6.015s]   292 | int raw_serial::waitforrecv([01;35m[K_u32 timeout[m[K, size_t * returned_size)
[6.015s]       |                             [01;35m[K~~~~~^~~~~~~[m[K
[6.018s] [01m[K/home/saiubuntu/ros2_ws/src/sllidar_ros2/sdk/src/arch/linux/net_serial.cpp:[m[K In member function ‘[01m[Kvirtual void rp::arch::net::raw_serial::cancelOperation()[m[K’:
[6.018s] [01m[K/home/saiubuntu/ros2_ws/src/sllidar_ros2/sdk/src/arch/linux/net_serial.cpp:427:5:[m[K [01;35m[Kwarning: [m[Kvalue computed is not used [[01;35m[K-Wunused-value[m[K]
[6.018s]   427 |     [01;35m[K(int)::write(_selfpipe[1], "x", 1)[m[K;
[6.018s]       |     [01;35m[K^~~~~~~~~~~~~~~~~~~~~~~~~~~~~~~~~~[m[K
[6.019s] [ 45%] [32mBuilding CXX object CMakeFiles/sllidar_node.dir/sdk/src/dataunpacker/unpacker/handler_normalnode.cpp.o[0m
[6.080s] In file included from [01m[K/home/saiubuntu/ros2_ws/src/sllidar_ros2/sdk/src/dataunpacker/unpacker/handler_hqnode.cpp:40[m[K:
[6.080s] [01m[K/home/saiubuntu/ros2_ws/src/sllidar_ros2/sdk/src/dataunpacker/unpacker/../dataunpacker.h:[m[K In member function ‘[01m[Kvirtual void sl::internal::LIDARSampleDataListener::onCustomSampleDataDecoded(_u8, _u32, const void*, size_t)[m[K’:
[6.080s] [01m[K/home/saiubuntu/ros2_ws/src/sllidar_ros2/sdk/src/dataunpacker/unpacker/../dataunpacker.h:54:45:[m[K [01;35m[Kwarning: [m[Kunused parameter ‘[01m[KansType[m[K’ [[01;35m[K-Wunused-parameter[m[K]
[6.080s]    54 |  virtual void onCustomSampleDataDecoded([01;35m[K_u8 ansType[m[K, _u32 customCode, const void* data, size_t size) {}
[6.080s]       |                                         [01;35m[K~~~~^~~~~~~[m[K
[6.080s] [01m[K/home/saiubuntu/ros2_ws/src/sllidar_ros2/sdk/src/dataunpacker/unpacker/../dataunpacker.h:54:59:[m[K [01;35m[Kwarning: [m[Kunused parameter ‘[01m[KcustomCode[m[K’ [[01;35m[K-Wunused-parameter[m[K]
[6.080s]    54 |  virtual void onCustomSampleDataDecoded(_u8 ansType, [01;35m[K_u32 customCode[m[K, const void* data, size_t size) {}
[6.081s]       |                                                      [01;35m[K~~~~~^~~~~~~~~~[m[K
[6.081s] [01m[K/home/saiubuntu/ros2_ws/src/sllidar_ros2/sdk/src/dataunpacker/unpacker/../dataunpacker.h:54:83:[m[K [01;35m[Kwarning: [m[Kunused parameter ‘[01m[Kdata[m[K’ [[01;35m[K-Wunused-parameter[m[K]
[6.081s]    54 |  virtual void onCustomSampleDataDecoded(_u8 ansType, _u32 customCode, [01;35m[Kconst void* data[m[K, size_t size) {}
[6.081s]       |                                                                       [01;35m[K~~~~~~~~~~~~^~~~[m[K
[6.081s] [01m[K/home/saiubuntu/ros2_ws/src/sllidar_ros2/sdk/src/dataunpacker/unpacker/../dataunpacker.h:54:96:[m[K [01;35m[Kwarning: [m[Kunused parameter ‘[01m[Ksize[m[K’ [[01;35m[K-Wunused-parameter[m[K]
[6.081s]    54 |  virtual void onCustomSampleDataDecoded(_u8 ansType, _u32 customCode, const void* data, [01;35m[Ksize_t size[m[K) {}
[6.081s]       |                                                                                         [01;35m[K~~~~~~~^~~~[m[K
[6.081s] [01m[K/home/saiubuntu/ros2_ws/src/sllidar_ros2/sdk/src/dataunpacker/unpacker/../dataunpacker.h:[m[K In member function ‘[01m[Kvirtual void sl::internal::LIDARSampleDataListener::onDecodingError(int, _u8, const void*, size_t)[m[K’:
[6.082s] [01m[K/home/saiubuntu/ros2_ws/src/sllidar_ros2/sdk/src/dataunpacker/unpacker/../dataunpacker.h:56:35:[m[K [01;35m[Kwarning: [m[Kunused parameter ‘[01m[KerrMsg[m[K’ [[01;35m[K-Wunused-parameter[m[K]
[6.082s]    56 |  virtual void onDecodingError([01;35m[Kint errMsg[m[K, _u8 ansType, const void* payload, size_t size) {}
[6.082s]       |                               [01;35m[K~~~~^~~~~~[m[K
[6.082s] [01m[K/home/saiubuntu/ros2_ws/src/sllidar_ros2/sdk/src/dataunpacker/unpacker/../dataunpacker.h:56:47:[m[K [01;35m[Kwarning: [m[Kunused parameter ‘[01m[KansType[m[K’ [[01;35m[K-Wunused-parameter[m[K]
[6.082s]    56 |  virtual void onDecodingError(int errMsg, [01;35m[K_u8 ansType[m[K, const void* payload, size_t size) {}
[6.082s]       |                                           [01;35m[K~~~~^~~~~~~[m[K
[6.082s] [01m[K/home/saiubuntu/ros2_ws/src/sllidar_ros2/sdk/src/dataunpacker/unpacker/../dataunpacker.h:56:68:[m[K [01;35m[Kwarning: [m[Kunused parameter ‘[01m[Kpayload[m[K’ [[01;35m[K-Wunused-parameter[m[K]
[6.082s]    56 |  virtual void onDecodingError(int errMsg, _u8 ansType, [01;35m[Kconst void* payload[m[K, size_t size) {}
[6.082s]       |                                                        [01;35m[K~~~~~~~~~~~~^~~~~~~[m[K
[6.083s] [01m[K/home/saiubuntu/ros2_ws/src/sllidar_ros2/sdk/src/dataunpacker/unpacker/../dataunpacker.h:56:84:[m[K [01;35m[Kwarning: [m[Kunused parameter ‘[01m[Ksize[m[K’ [[01;35m[K-Wunused-parameter[m[K]
[6.083s]    56 |  virtual void onDecodingError(int errMsg, _u8 ansType, const void* payload, [01;35m[Ksize_t size[m[K) {}
[6.083s]       |                                                                             [01;35m[K~~~~~~~^~~~[m[K
[6.123s] In file included from [01m[K/home/saiubuntu/ros2_ws/src/sllidar_ros2/./sdk/include/rplidar_protocol.h:36[m[K,
[6.123s]                  from [01m[K/home/saiubuntu/ros2_ws/src/sllidar_ros2/./sdk/include/rplidar.h:39[m[K,
[6.123s]                  from [01m[K/home/saiubuntu/ros2_ws/src/sllidar_ros2/./sdk/src/sdkcommon.h:49[m[K,
[6.123s]                  from [01m[K/home/saiubuntu/ros2_ws/src/sllidar_ros2/sdk/src/arch/linux/net_socket.cpp:10[m[K:
[6.123s] [01m[K/home/saiubuntu/ros2_ws/src/sllidar_ros2/./sdk/include/sl_lidar_protocol.h:66:16:[m[K [01;35m[Kwarning: [m[KISO C++ forbids zero-size array ‘[01m[Kdata[m[K’ [[01;35m[K-Wpedantic[m[K]
[6.123s]    66 |     sl_u8 data[[01;35m[K0[m[K];
[6.123s]       |                [01;35m[K^[m[K
[6.124s] In file included from [01m[K/home/saiubuntu/ros2_ws/src/sllidar_ros2/./sdk/include/rplidar_cmd.h:36[m[K,
[6.124s]                  from [01m[K/home/saiubuntu/ros2_ws/src/sllidar_ros2/./sdk/include/rplidar.h:40[m[K,
[6.124s]                  from [01m[K/home/saiubuntu/ros2_ws/src/sllidar_ros2/./sdk/src/sdkcommon.h:49[m[K,
[6.124s]                  from [01m[K/home/saiubuntu/ros2_ws/src/sllidar_ros2/sdk/src/arch/linux/net_socket.cpp:10[m[K:
[6.124s] [01m[K/home/saiubuntu/ros2_ws/src/sllidar_ros2/./sdk/include/sl_lidar_cmd.h:324:20:[m[K [01;35m[Kwarning: [m[KISO C++ forbids zero-size array ‘[01m[Kpayload[m[K’ [[01;35m[K-Wpedantic[m[K]
[6.124s]   324 |     sl_u8  payload[[01;35m[K0[m[K];
[6.124s]       |                    [01;35m[K^[m[K
[6.139s] [ 50%] [32mBuilding CXX object CMakeFiles/sllidar_node.dir/sdk/src/hal/thread.cpp.o[0m
[6.163s] In file included from [01m[K/home/saiubuntu/ros2_ws/src/sllidar_ros2/sdk/src/dataunpacker/dataunpacker.cpp:40[m[K:
[6.164s] [01m[K/home/saiubuntu/ros2_ws/src/sllidar_ros2/sdk/src/dataunpacker/dataunpacker.h:[m[K In member function ‘[01m[Kvirtual void sl::internal::LIDARSampleDataListener::onCustomSampleDataDecoded(_u8, _u32, const void*, size_t)[m[K’:
[6.164s] [01m[K/home/saiubuntu/ros2_ws/src/sllidar_ros2/sdk/src/dataunpacker/dataunpacker.h:54:45:[m[K [01;35m[Kwarning: [m[Kunused parameter ‘[01m[KansType[m[K’ [[01;35m[K-Wunused-parameter[m[K]
[6.164s]    54 |  virtual void onCustomSampleDataDecoded([01;35m[K_u8 ansType[m[K, _u32 customCode, const void* data, size_t size) {}
[6.164s]       |                                         [01;35m[K~~~~^~~~~~~[m[K
[6.164s] [01m[K/home/saiubuntu/ros2_ws/src/sllidar_ros2/sdk/src/dataunpacker/dataunpacker.h:54:59:[m[K [01;35m[Kwarning: [m[Kunused parameter ‘[01m[KcustomCode[m[K’ [[01;35m[K-Wunused-parameter[m[K]
[6.164s]    54 |  virtual void onCustomSampleDataDecoded(_u8 ansType, [01;35m[K_u32 customCode[m[K, const void* data, size_t size) {}
[6.164s]       |                                                      [01;35m[K~~~~~^~~~~~~~~~[m[K
[6.165s] In file included from [01m[K/home/saiubuntu/ros2_ws/src/sllidar_ros2/sdk/src/dataunpacker/unpacker/handler_capsules.cpp:40[m[K:
[6.165s] [01m[K/home/saiubuntu/ros2_ws/src/sllidar_ros2/sdk/src/dataunpacker/unpacker/../dataunpacker.h:[m[K In member function ‘[01m[Kvirtual void sl::internal::LIDARSampleDataListener::onCustomSampleDataDecoded(_u8, _u32, const void*, size_t)[m[K’:
[6.165s] [01m[K/home/saiubuntu/ros2_ws/src/sllidar_ros2/sdk/src/dataunpacker/unpacker/../dataunpacker.h:54:45:[m[K [01;35m[Kwarning: [m[Kunused parameter ‘[01m[KansType[m[K’ [[01;35m[K-Wunused-parameter[m[K]
[6.165s]    54 |  virtual void onCustomSampleDataDecoded([01;35m[K_u8 ansType[m[K, _u32 customCode, const void* data, size_t size) {}
[6.165s]       |                                         [01;35m[K~~~~^~~~~~~[m[K
[6.165s] [01m[K/home/saiubuntu/ros2_ws/src/sllidar_ros2/sdk/src/dataunpacker/dataunpacker.h:54:83:[m[K [01;35m[Kwarning: [m[Kunused parameter ‘[01m[Kdata[m[K’ [[01;35m[K-Wunused-parameter[m[K]
[6.165s]    54 |  virtual void onCustomSampleDataDecoded(_u8 ansType, _u32 customCode, [01;35m[Kconst void* data[m[K, size_t size) {}
[6.165s]       |                                                                       [01;35m[K~~~~~~~~~~~~^~~~[m[K
[6.165s] [01m[K/home/saiubuntu/ros2_ws/src/sllidar_ros2/sdk/src/dataunpacker/unpacker/../dataunpacker.h:54:59:[m[K [01;35m[Kwarning: [m[Kunused parameter ‘[01m[KcustomCode[m[K’ [[01;35m[K-Wunused-parameter[m[K]
[6.166s]    54 |  virtual void onCustomSampleDataDecoded(_u8 ansType, [01;35m[K_u32 customCode[m[K, const void* data, size_t size) {}
[6.166s]       |                                                      [01;35m[K~~~~~^~~~~~~~~~[m[K
[6.166s] [01m[K/home/saiubuntu/ros2_ws/src/sllidar_ros2/sdk/src/dataunpacker/unpacker/../dataunpacker.h:54:83:[m[K [01;35m[Kwarning: [m[Kunused parameter ‘[01m[Kdata[m[K’ [[01;35m[K-Wunused-parameter[m[K]
[6.166s]    54 |  virtual void onCustomSampleDataDecoded(_u8 ansType, _u32 customCode, [01;35m[Kconst void* data[m[K, size_t size) {}
[6.166s]       |                                                                       [01;35m[K~~~~~~~~~~~~^~~~[m[K
[6.166s] [01m[K/home/saiubuntu/ros2_ws/src/sllidar_ros2/sdk/src/dataunpacker/unpacker/../dataunpacker.h:54:96:[m[K [01;35m[Kwarning: [m[Kunused parameter ‘[01m[Ksize[m[K’ [[01;35m[K-Wunused-parameter[m[K]
[6.166s]    54 |  virtual void onCustomSampleDataDecoded(_u8 ansType, _u32 customCode, const void* data, [01;35m[Ksize_t size[m[K) {}
[6.166s]       |                                                                                         [01;35m[K~~~~~~~^~~~[m[K
[6.166s] [01m[K/home/saiubuntu/ros2_ws/src/sllidar_ros2/sdk/src/dataunpacker/unpacker/../dataunpacker.h:[m[K In member function ‘[01m[Kvirtual void sl::internal::LIDARSampleDataListener::onDecodingError(int, _u8, const void*, size_t)[m[K’:
[6.167s] [01m[K/home/saiubuntu/ros2_ws/src/sllidar_ros2/sdk/src/dataunpacker/unpacker/../dataunpacker.h:56:35:[m[K [01;35m[Kwarning: [m[Kunused parameter ‘[01m[KerrMsg[m[K’ [[01;35m[K-Wunused-parameter[m[K]
[6.167s]    56 |  virtual void onDecodingError([01;35m[Kint errMsg[m[K, _u8 ansType, const void* payload, size_t size) {}
[6.167s]       |                               [01;35m[K~~~~^~~~~~[m[K
[6.167s] [01m[K/home/saiubuntu/ros2_ws/src/sllidar_ros2/sdk/src/dataunpacker/unpacker/../dataunpacker.h:56:47:[m[K [01;35m[Kwarning: [m[Kunused parameter ‘[01m[KansType[m[K’ [[01;35m[K-Wunused-parameter[m[K]
[6.167s]    56 |  virtual void onDecodingError(int errMsg, [01;35m[K_u8 ansType[m[K, const void* payload, size_t size) {}
[6.167s]       |                                           [01;35m[K~~~~^~~~~~~[m[K
[6.167s] [01m[K/home/saiubuntu/ros2_ws/src/sllidar_ros2/sdk/src/dataunpacker/dataunpacker.h:54:96:[m[K [01;35m[Kwarning: [m[Kunused parameter ‘[01m[Ksize[m[K’ [[01;35m[K-Wunused-parameter[m[K]
[6.167s]    54 |  virtual void onCustomSampleDataDecoded(_u8 ansType, _u32 customCode, const void* data, [01;35m[Ksize_t size[m[K) {}
[6.167s]       |                                                                                         [01;35m[K~~~~~~~^~~~[m[K
[6.168s] [01m[K/home/saiubuntu/ros2_ws/src/sllidar_ros2/sdk/src/dataunpacker/unpacker/../dataunpacker.h:56:68:[m[K [01;35m[Kwarning: [m[Kunused parameter ‘[01m[Kpayload[m[K’ [[01;35m[K-Wunused-parameter[m[K]
[6.168s]    56 |  virtual void onDecodingError(int errMsg, _u8 ansType, [01;35m[Kconst void* payload[m[K, size_t size) {}
[6.168s]       |                                                        [01;35m[K~~~~~~~~~~~~^~~~~~~[m[K
[6.168s] [01m[K/home/saiubuntu/ros2_ws/src/sllidar_ros2/sdk/src/dataunpacker/unpacker/../dataunpacker.h:56:84:[m[K [01;35m[Kwarning: [m[Kunused parameter ‘[01m[Ksize[m[K’ [[01;35m[K-Wunused-parameter[m[K]
[6.168s]    56 |  virtual void onDecodingError(int errMsg, _u8 ansType, const void* payload, [01;35m[Ksize_t size[m[K) {}
[6.168s]       |                                                                             [01;35m[K~~~~~~~^~~~[m[K
[6.168s] [01m[K/home/saiubuntu/ros2_ws/src/sllidar_ros2/sdk/src/dataunpacker/dataunpacker.h:[m[K In member function ‘[01m[Kvirtual void sl::internal::LIDARSampleDataListener::onDecodingError(int, _u8, const void*, size_t)[m[K’:
[6.168s] [01m[K/home/saiubuntu/ros2_ws/src/sllidar_ros2/sdk/src/dataunpacker/dataunpacker.h:56:35:[m[K [01;35m[Kwarning: [m[Kunused parameter ‘[01m[KerrMsg[m[K’ [[01;35m[K-Wunused-parameter[m[K]
[6.168s]    56 |  virtual void onDecodingError([01;35m[Kint errMsg[m[K, _u8 ansType, const void* payload, size_t size) {}
[6.168s]       |                               [01;35m[K~~~~^~~~~~[m[K
[6.169s] [01m[K/home/saiubuntu/ros2_ws/src/sllidar_ros2/sdk/src/dataunpacker/dataunpacker.h:56:47:[m[K [01;35m[Kwarning: [m[Kunused parameter ‘[01m[KansType[m[K’ [[01;35m[K-Wunused-parameter[m[K]
[6.169s]    56 |  virtual void onDecodingError(int errMsg, [01;35m[K_u8 ansType[m[K, const void* payload, size_t size) {}
[6.169s]       |                                           [01;35m[K~~~~^~~~~~~[m[K
[6.169s] [01m[K/home/saiubuntu/ros2_ws/src/sllidar_ros2/sdk/src/dataunpacker/dataunpacker.h:56:68:[m[K [01;35m[Kwarning: [m[Kunused parameter ‘[01m[Kpayload[m[K’ [[01;35m[K-Wunused-parameter[m[K]
[6.169s]    56 |  virtual void onDecodingError(int errMsg, _u8 ansType, [01;35m[Kconst void* payload[m[K, size_t size) {}
[6.169s]       |                                                        [01;35m[K~~~~~~~~~~~~^~~~~~~[m[K
[6.169s] [01m[K/home/saiubuntu/ros2_ws/src/sllidar_ros2/sdk/src/dataunpacker/dataunpacker.h:56:84:[m[K [01;35m[Kwarning: [m[Kunused parameter ‘[01m[Ksize[m[K’ [[01;35m[K-Wunused-parameter[m[K]
[6.169s]    56 |  virtual void onDecodingError(int errMsg, _u8 ansType, const void* payload, [01;35m[Ksize_t size[m[K) {}
[6.169s]       |                                                                             [01;35m[K~~~~~~~^~~~[m[K
[6.180s] [01m[K/home/saiubuntu/ros2_ws/src/sllidar_ros2/sdk/src/dataunpacker/unpacker/handler_capsules.cpp:[m[K In member function ‘[01m[Kvoid sl::internal::unpacker::UnpackerHandler_DenseCapsuleNode::_onScanNodeDenseCapsuleData(rplidar_response_dense_capsule_measurement_nodes_t&, sl::internal::LIDARSampleDataUnpackerInner*)[m[K’:
[6.180s] [01m[K/home/saiubuntu/ros2_ws/src/sllidar_ros2/sdk/src/dataunpacker/unpacker/handler_capsules.cpp:763:108:[m[K [01;35m[Kwarning: [m[Ktype qualifiers ignored on cast result type [[01;35m[K-Wignored-qualifiers[m[K]
[6.181s]   763 |             const int dist = static_cast<const int>(_cached_previous_dense_capsuledata.cabins[pos].distance[01;35m[K)[m[K;
[6.181s]       |                                                                                                            [01;35m[K^[m[K
[6.216s] In file included from [01m[K/home/saiubuntu/ros2_ws/src/sllidar_ros2/./sdk/src/arch/linux/arch_linux.h:42[m[K,
[6.216s]                  from [01m[K/home/saiubuntu/ros2_ws/src/sllidar_ros2/./sdk/src/sdkcommon.h:41[m[K,
[6.216s]                  from [01m[K/home/saiubuntu/ros2_ws/src/sllidar_ros2/sdk/src/arch/linux/net_socket.cpp:10[m[K:
[6.217s] [01m[K/home/saiubuntu/ros2_ws/src/sllidar_ros2/sdk/src/arch/linux/net_socket.cpp:[m[K In member function ‘[01m[Kvirtual u_result rp::arch::net::DGramSocketImpl::sendTo(const rp::net::SocketAddress*, const void*, size_t)[m[K’:
[6.217s] [01m[K/home/saiubuntu/ros2_ws/src/sllidar_ros2/sdk/src/arch/linux/net_socket.cpp:733:24:[m[K [01;35m[Kwarning: [m[Kcomparison of integer expressions of different signedness: ‘[01m[Kint[m[K’ and ‘[01m[Ksize_t[m[K’ {aka ‘[01m[Klong unsigned int[m[K’} [[01;35m[K-Wsign-compare[m[K]
[6.217s]   733 |             assert([01;35m[Kans == len[m[K);
[6.217s]       |                    [01;35m[K~~~~^~~~~~[m[K
[6.241s] [ 55%] [32mBuilding CXX object CMakeFiles/sllidar_node.dir/sdk/src/rplidar_driver.cpp.o[0m
[6.403s] [ 60%] [32mBuilding CXX object CMakeFiles/sllidar_node.dir/sdk/src/sl_async_transceiver.cpp.o[0m
[6.423s] [ 65%] [32mBuilding CXX object CMakeFiles/sllidar_node.dir/sdk/src/sl_crc.cpp.o[0m
[6.439s] In file included from [01m[K/home/saiubuntu/ros2_ws/src/sllidar_ros2/./sdk/include/sl_lidar_cmd.h:41[m[K,
[6.439s]                  from [01m[K/home/saiubuntu/ros2_ws/src/sllidar_ros2/./sdk/include/sl_crc.h:36[m[K,
[6.439s]                  from [01m[K/home/saiubuntu/ros2_ws/src/sllidar_ros2/sdk/src/sl_crc.cpp:33[m[K:
[6.439s] [01m[K/home/saiubuntu/ros2_ws/src/sllidar_ros2/./sdk/include/sl_lidar_protocol.h:66:16:[m[K [01;35m[Kwarning: [m[KISO C++ forbids zero-size array ‘[01m[Kdata[m[K’ [[01;35m[K-Wpedantic[m[K]
[6.440s]    66 |     sl_u8 data[[01;35m[K0[m[K];
[6.440s]       |                [01;35m[K^[m[K
[6.440s] In file included from [01m[K/home/saiubuntu/ros2_ws/src/sllidar_ros2/./sdk/include/sl_crc.h:36[m[K,
[6.440s]                  from [01m[K/home/saiubuntu/ros2_ws/src/sllidar_ros2/sdk/src/sl_crc.cpp:33[m[K:
[6.440s] [01m[K/home/saiubuntu/ros2_ws/src/sllidar_ros2/./sdk/include/sl_lidar_cmd.h:324:20:[m[K [01;35m[Kwarning: [m[KISO C++ forbids zero-size array ‘[01m[Kpayload[m[K’ [[01;35m[K-Wpedantic[m[K]
[6.440s]   324 |     sl_u8  payload[[01;35m[K0[m[K];
[6.440s]       |                    [01;35m[K^[m[K
[6.464s] In file included from [01m[K/home/saiubuntu/ros2_ws/src/sllidar_ros2/./sdk/include/rplidar_protocol.h:36[m[K,
[6.465s]                  from [01m[K/home/saiubuntu/ros2_ws/src/sllidar_ros2/./sdk/include/rplidar.h:39[m[K,
[6.465s]                  from [01m[K/home/saiubuntu/ros2_ws/src/sllidar_ros2/./sdk/src/sdkcommon.h:49[m[K,
[6.465s]                  from [01m[K/home/saiubuntu/ros2_ws/src/sllidar_ros2/sdk/src/dataunpacker/unpacker/../dataunnpacker_commondef.h:41[m[K,
[6.465s]                  from [01m[K/home/saiubuntu/ros2_ws/src/sllidar_ros2/sdk/src/dataunpacker/unpacker/handler_normalnode.cpp:39[m[K:
[6.465s] [01m[K/home/saiubuntu/ros2_ws/src/sllidar_ros2/./sdk/include/sl_lidar_protocol.h:66:16:[m[K [01;35m[Kwarning: [m[KISO C++ forbids zero-size array ‘[01m[Kdata[m[K’ [[01;35m[K-Wpedantic[m[K]
[6.465s]    66 |     sl_u8 data[[01;35m[K0[m[K];
[6.465s]       |                [01;35m[K^[m[K
[6.466s] In file included from [01m[K/home/saiubuntu/ros2_ws/src/sllidar_ros2/./sdk/include/rplidar_cmd.h:36[m[K,
[6.466s]                  from [01m[K/home/saiubuntu/ros2_ws/src/sllidar_ros2/./sdk/include/rplidar.h:40[m[K,
[6.466s]                  from [01m[K/home/saiubuntu/ros2_ws/src/sllidar_ros2/./sdk/src/sdkcommon.h:49[m[K,
[6.466s]                  from [01m[K/home/saiubuntu/ros2_ws/src/sllidar_ros2/sdk/src/dataunpacker/unpacker/../dataunnpacker_commondef.h:41[m[K,
[6.466s]                  from [01m[K/home/saiubuntu/ros2_ws/src/sllidar_ros2/sdk/src/dataunpacker/unpacker/handler_normalnode.cpp:39[m[K:
[6.466s] [01m[K/home/saiubuntu/ros2_ws/src/sllidar_ros2/./sdk/include/sl_lidar_cmd.h:324:20:[m[K [01;35m[Kwarning: [m[KISO C++ forbids zero-size array ‘[01m[Kpayload[m[K’ [[01;35m[K-Wpedantic[m[K]
[6.466s]   324 |     sl_u8  payload[[01;35m[K0[m[K];
[6.467s]       |                    [01;35m[K^[m[K
[6.473s] [ 70%] [32mBuilding CXX object CMakeFiles/sllidar_node.dir/sdk/src/sl_lidar_driver.cpp.o[0m
[6.492s] [ 75%] [32mBuilding CXX object CMakeFiles/sllidar_node.dir/sdk/src/sl_lidarprotocol_codec.cpp.o[0m
[6.601s] In file included from [01m[K/home/saiubuntu/ros2_ws/src/sllidar_ros2/./sdk/include/rplidar_protocol.h:36[m[K,
[6.602s]                  from [01m[K/home/saiubuntu/ros2_ws/src/sllidar_ros2/./sdk/include/rplidar.h:39[m[K,
[6.602s]                  from [01m[K/home/saiubuntu/ros2_ws/src/sllidar_ros2/./sdk/src/sdkcommon.h:49[m[K,
[6.602s]                  from [01m[K/home/saiubuntu/ros2_ws/src/sllidar_ros2/sdk/src/hal/thread.cpp:35[m[K:
[6.602s] [01m[K/home/saiubuntu/ros2_ws/src/sllidar_ros2/./sdk/include/sl_lidar_protocol.h:66:16:[m[K [01;35m[Kwarning: [m[KISO C++ forbids zero-size array ‘[01m[Kdata[m[K’ [[01;35m[K-Wpedantic[m[K]
[6.602s]    66 |     sl_u8 data[[01;35m[K0[m[K];
[6.603s]       |                [01;35m[K^[m[K
[6.604s] In file included from [01m[K/home/saiubuntu/ros2_ws/src/sllidar_ros2/./sdk/include/rplidar_cmd.h:36[m[K,
[6.604s]                  from [01m[K/home/saiubuntu/ros2_ws/src/sllidar_ros2/./sdk/include/rplidar.h:40[m[K,
[6.604s]                  from [01m[K/home/saiubuntu/ros2_ws/src/sllidar_ros2/./sdk/src/sdkcommon.h:49[m[K,
[6.605s]                  from [01m[K/home/saiubuntu/ros2_ws/src/sllidar_ros2/sdk/src/hal/thread.cpp:35[m[K:
[6.605s] [01m[K/home/saiubuntu/ros2_ws/src/sllidar_ros2/./sdk/include/sl_lidar_cmd.h:324:20:[m[K [01;35m[Kwarning: [m[KISO C++ forbids zero-size array ‘[01m[Kpayload[m[K’ [[01;35m[K-Wpedantic[m[K]
[6.605s]   324 |     sl_u8  payload[[01;35m[K0[m[K];
[6.605s]       |                    [01;35m[K^[m[K
[6.630s] In file included from [01m[K/home/saiubuntu/ros2_ws/src/sllidar_ros2/sdk/src/dataunpacker/unpacker/handler_normalnode.cpp:40[m[K:
[6.630s] [01m[K/home/saiubuntu/ros2_ws/src/sllidar_ros2/sdk/src/dataunpacker/unpacker/../dataunpacker.h:[m[K In member function ‘[01m[Kvirtual void sl::internal::LIDARSampleDataListener::onCustomSampleDataDecoded(_u8, _u32, const void*, size_t)[m[K’:
[6.630s] [01m[K/home/saiubuntu/ros2_ws/src/sllidar_ros2/sdk/src/dataunpacker/unpacker/../dataunpacker.h:54:45:[m[K [01;35m[Kwarning: [m[Kunused parameter ‘[01m[KansType[m[K’ [[01;35m[K-Wunused-parameter[m[K]
[6.630s]    54 |  virtual void onCustomSampleDataDecoded([01;35m[K_u8 ansType[m[K, _u32 customCode, const void* data, size_t size) {}
[6.630s]       |                                         [01;35m[K~~~~^~~~~~~[m[K
[6.630s] [01m[K/home/saiubuntu/ros2_ws/src/sllidar_ros2/sdk/src/dataunpacker/unpacker/../dataunpacker.h:54:59:[m[K [01;35m[Kwarning: [m[Kunused parameter ‘[01m[KcustomCode[m[K’ [[01;35m[K-Wunused-parameter[m[K]
[6.630s]    54 |  virtual void onCustomSampleDataDecoded(_u8 ansType, [01;35m[K_u32 customCode[m[K, const void* data, size_t size) {}
[6.631s]       |                                                      [01;35m[K~~~~~^~~~~~~~~~[m[K
[6.631s] [01m[K/home/saiubuntu/ros2_ws/src/sllidar_ros2/sdk/src/dataunpacker/unpacker/../dataunpacker.h:54:83:[m[K [01;35m[Kwarning: [m[Kunused parameter ‘[01m[Kdata[m[K’ [[01;35m[K-Wunused-parameter[m[K]
[6.631s]    54 |  virtual void onCustomSampleDataDecoded(_u8 ansType, _u32 customCode, [01;35m[Kconst void* data[m[K, size_t size) {}
[6.631s]       |                                                                       [01;35m[K~~~~~~~~~~~~^~~~[m[K
[6.631s] [01m[K/home/saiubuntu/ros2_ws/src/sllidar_ros2/sdk/src/dataunpacker/unpacker/../dataunpacker.h:54:96:[m[K [01;35m[Kwarning: [m[Kunused parameter ‘[01m[Ksize[m[K’ [[01;35m[K-Wunused-parameter[m[K]
[6.631s]    54 |  virtual void onCustomSampleDataDecoded(_u8 ansType, _u32 customCode, const void* data, [01;35m[Ksize_t size[m[K) {}
[6.631s]       |                                                                                         [01;35m[K~~~~~~~^~~~[m[K
[6.631s] [01m[K/home/saiubuntu/ros2_ws/src/sllidar_ros2/sdk/src/dataunpacker/unpacker/../dataunpacker.h:[m[K In member function ‘[01m[Kvirtual void sl::internal::LIDARSampleDataListener::onDecodingError(int, _u8, const void*, size_t)[m[K’:
[6.632s] [01m[K/home/saiubuntu/ros2_ws/src/sllidar_ros2/sdk/src/dataunpacker/unpacker/../dataunpacker.h:56:35:[m[K [01;35m[Kwarning: [m[Kunused parameter ‘[01m[KerrMsg[m[K’ [[01;35m[K-Wunused-parameter[m[K]
[6.632s]    56 |  virtual void onDecodingError([01;35m[Kint errMsg[m[K, _u8 ansType, const void* payload, size_t size) {}
[6.632s]       |                               [01;35m[K~~~~^~~~~~[m[K
[6.632s] [01m[K/home/saiubuntu/ros2_ws/src/sllidar_ros2/sdk/src/dataunpacker/unpacker/../dataunpacker.h:56:47:[m[K [01;35m[Kwarning: [m[Kunused parameter ‘[01m[KansType[m[K’ [[01;35m[K-Wunused-parameter[m[K]
[6.632s]    56 |  virtual void onDecodingError(int errMsg, [01;35m[K_u8 ansType[m[K, const void* payload, size_t size) {}
[6.632s]       |                                           [01;35m[K~~~~^~~~~~~[m[K
[6.632s] [01m[K/home/saiubuntu/ros2_ws/src/sllidar_ros2/sdk/src/dataunpacker/unpacker/../dataunpacker.h:56:68:[m[K [01;35m[Kwarning: [m[Kunused parameter ‘[01m[Kpayload[m[K’ [[01;35m[K-Wunused-parameter[m[K]
[6.632s]    56 |  virtual void onDecodingError(int errMsg, _u8 ansType, [01;35m[Kconst void* payload[m[K, size_t size) {}
[6.632s]       |                                                        [01;35m[K~~~~~~~~~~~~^~~~~~~[m[K
[6.633s] [01m[K/home/saiubuntu/ros2_ws/src/sllidar_ros2/sdk/src/dataunpacker/unpacker/../dataunpacker.h:56:84:[m[K [01;35m[Kwarning: [m[Kunused parameter ‘[01m[Ksize[m[K’ [[01;35m[K-Wunused-parameter[m[K]
[6.633s]    56 |  virtual void onDecodingError(int errMsg, _u8 ansType, const void* payload, [01;35m[Ksize_t size[m[K) {}
[6.633s]       |                                                                             [01;35m[K~~~~~~~^~~~[m[K
[6.669s] In file included from [01m[K/home/saiubuntu/ros2_ws/src/sllidar_ros2/sdk/src/hal/thread.cpp:43[m[K:
[6.669s] [01m[K/home/saiubuntu/ros2_ws/src/sllidar_ros2/./sdk/src/arch/linux/thread.hpp:[m[K In static member function ‘[01m[Kstatic rp::hal::Thread rp::hal::Thread::create(thread_proc_t, void*)[m[K’:
[6.669s] [01m[K/home/saiubuntu/ros2_ws/src/sllidar_ros2/./sdk/src/arch/linux/thread.hpp:52:77:[m[K [01;35m[Kwarning: [m[Kcast between incompatible function types from ‘[01m[Kthread_proc_t[m[K’ {aka ‘[01m[Klong unsigned int (*)(void*)[m[K’} to ‘[01m[Kvoid* (*)(void*)[m[K’ [[01;35m[K-Wcast-function-type[m[K]
[6.669s]    52 |     pthread_create((pthread_t *)&newborn._handle, NULL, (void * (*)(void *))[01;35m[Kproc[m[K, data);
[6.669s]       |                                                                             [01;35m[K^~~~[m[K
[6.670s] [01m[K/home/saiubuntu/ros2_ws/src/sllidar_ros2/./sdk/src/arch/linux/thread.hpp:[m[K In member function ‘[01m[Ku_result rp::hal::Thread::join(long unsigned int)[m[K’:
[6.670s] [01m[K/home/saiubuntu/ros2_ws/src/sllidar_ros2/./sdk/src/arch/linux/thread.hpp:176:37:[m[K [01;35m[Kwarning: [m[Kunused parameter ‘[01m[Ktimeout[m[K’ [[01;35m[K-Wunused-parameter[m[K]
[6.671s]   176 | u_result Thread::join([01;35m[Kunsigned long timeout[m[K)
[6.671s]       |                       [01;35m[K~~~~~~~~~~~~~~^~~~~~~[m[K
[6.674s] In file included from [01m[K/home/saiubuntu/ros2_ws/src/sllidar_ros2/./sdk/include/rplidar_protocol.h:36[m[K,
[6.674s]                  from [01m[K/home/saiubuntu/ros2_ws/src/sllidar_ros2/./sdk/include/rplidar.h:39[m[K,
[6.674s]                  from [01m[K/home/saiubuntu/ros2_ws/src/sllidar_ros2/sdk/src/sdkcommon.h:49[m[K,
[6.674s]                  from [01m[K/home/saiubuntu/ros2_ws/src/sllidar_ros2/sdk/src/rplidar_driver.cpp:33[m[K:
[6.674s] [01m[K/home/saiubuntu/ros2_ws/src/sllidar_ros2/./sdk/include/sl_lidar_protocol.h:66:16:[m[K [01;35m[Kwarning: [m[KISO C++ forbids zero-size array ‘[01m[Kdata[m[K’ [[01;35m[K-Wpedantic[m[K]
[6.674s]    66 |     sl_u8 data[[01;35m[K0[m[K];
[6.674s]       |                [01;35m[K^[m[K
[6.675s] In file included from [01m[K/home/saiubuntu/ros2_ws/src/sllidar_ros2/./sdk/include/rplidar_cmd.h:36[m[K,
[6.675s]                  from [01m[K/home/saiubuntu/ros2_ws/src/sllidar_ros2/./sdk/include/rplidar.h:40[m[K,
[6.675s]                  from [01m[K/home/saiubuntu/ros2_ws/src/sllidar_ros2/sdk/src/sdkcommon.h:49[m[K,
[6.675s]                  from [01m[K/home/saiubuntu/ros2_ws/src/sllidar_ros2/sdk/src/rplidar_driver.cpp:33[m[K:
[6.675s] [01m[K/home/saiubuntu/ros2_ws/src/sllidar_ros2/./sdk/include/sl_lidar_cmd.h:324:20:[m[K [01;35m[Kwarning: [m[KISO C++ forbids zero-size array ‘[01m[Kpayload[m[K’ [[01;35m[K-Wpedantic[m[K]
[6.675s]   324 |     sl_u8  payload[[01;35m[K0[m[K];
[6.675s]       |                    [01;35m[K^[m[K
[6.754s] [ 80%] [32mBuilding CXX object CMakeFiles/sllidar_node.dir/sdk/src/sl_serial_channel.cpp.o[0m
[6.785s] [01m[K/home/saiubuntu/ros2_ws/src/sllidar_ros2/sdk/src/rplidar_driver.cpp:[m[K In member function ‘[01m[Ku_result rp::standalone::rplidar::RPlidarDriver::connect(const char*, _u32, _u32)[m[K’:
[6.785s] [01m[K/home/saiubuntu/ros2_ws/src/sllidar_ros2/sdk/src/rplidar_driver.cpp:67:77:[m[K [01;35m[Kwarning: [m[Kunused parameter ‘[01m[Kflag[m[K’ [[01;35m[K-Wunused-parameter[m[K]
[6.785s]    67 |     u_result RPlidarDriver::connect(const char *path, _u32 portOrBaud, [01;35m[K_u32 flag[m[K)
[6.785s]       |                                                                        [01;35m[K~~~~~^~~~[m[K
[6.785s] [01m[K/home/saiubuntu/ros2_ws/src/sllidar_ros2/sdk/src/rplidar_driver.cpp:[m[K In member function ‘[01m[Ku_result rp::standalone::rplidar::RPlidarDriver::reset(_u32)[m[K’:
[6.786s] [01m[K/home/saiubuntu/ros2_ws/src/sllidar_ros2/sdk/src/rplidar_driver.cpp:101:40:[m[K [01;35m[Kwarning: [m[Kunused parameter ‘[01m[Ktimeout[m[K’ [[01;35m[K-Wunused-parameter[m[K]
[6.786s]   101 |     u_result RPlidarDriver::reset([01;35m[K_u32 timeout[m[K)
[6.786s]       |                                   [01;35m[K~~~~~^~~~~~~[m[K
[6.787s] [01m[K/home/saiubuntu/ros2_ws/src/sllidar_ros2/sdk/src/rplidar_driver.cpp:[m[K In member function ‘[01m[Ku_result rp::standalone::rplidar::RPlidarDriver::getScanDataWithInterval(rplidar_response_measurement_node_t*, size_t&)[m[K’:
[6.787s] [01m[K/home/saiubuntu/ros2_ws/src/sllidar_ros2/sdk/src/rplidar_driver.cpp:180:91:[m[K [01;35m[Kwarning: [m[Kunused parameter ‘[01m[Knodebuffer[m[K’ [[01;35m[K-Wunused-parameter[m[K]
[6.787s]   180 |     u_result RPlidarDriver::getScanDataWithInterval([01;35m[Krplidar_response_measurement_node_t * nodebuffer[m[K, size_t & count)
[6.787s]       |                                                     [01;35m[K~~~~~~~~~~~~~~~~~~~~~~~~~~~~~~~~~~~~~~^~~~~~~~~~[m[K
[6.788s] [01m[K/home/saiubuntu/ros2_ws/src/sllidar_ros2/sdk/src/rplidar_driver.cpp:180:112:[m[K [01;35m[Kwarning: [m[Kunused parameter ‘[01m[Kcount[m[K’ [[01;35m[K-Wunused-parameter[m[K]
[6.788s]   180 |     u_result RPlidarDriver::getScanDataWithInterval(rplidar_response_measurement_node_t * nodebuffer, [01;35m[Ksize_t & count[m[K)
[6.788s]       |                                                                                                       [01;35m[K~~~~~~~~~^~~~~[m[K
[6.803s] [ 85%] [32mBuilding CXX object CMakeFiles/sllidar_node.dir/sdk/src/sl_tcp_channel.cpp.o[0m
[6.840s] In file included from [01m[K/home/saiubuntu/ros2_ws/src/sllidar_ros2/./sdk/include/rplidar_protocol.h:36[m[K,
[6.840s]                  from [01m[K/home/saiubuntu/ros2_ws/src/sllidar_ros2/./sdk/include/rplidar.h:39[m[K,
[6.840s]                  from [01m[K/home/saiubuntu/ros2_ws/src/sllidar_ros2/sdk/src/sdkcommon.h:49[m[K,
[6.840s]                  from [01m[K/home/saiubuntu/ros2_ws/src/sllidar_ros2/sdk/src/sl_async_transceiver.cpp:35[m[K:
[6.840s] [01m[K/home/saiubuntu/ros2_ws/src/sllidar_ros2/./sdk/include/sl_lidar_protocol.h:66:16:[m[K [01;35m[Kwarning: [m[KISO C++ forbids zero-size array ‘[01m[Kdata[m[K’ [[01;35m[K-Wpedantic[m[K]
[6.840s]    66 |     sl_u8 data[[01;35m[K0[m[K];
[6.841s]       |                [01;35m[K^[m[K
[6.841s] In file included from [01m[K/home/saiubuntu/ros2_ws/src/sllidar_ros2/./sdk/include/rplidar_cmd.h:36[m[K,
[6.841s]                  from [01m[K/home/saiubuntu/ros2_ws/src/sllidar_ros2/./sdk/include/rplidar.h:40[m[K,
[6.841s]                  from [01m[K/home/saiubuntu/ros2_ws/src/sllidar_ros2/sdk/src/sdkcommon.h:49[m[K,
[6.841s]                  from [01m[K/home/saiubuntu/ros2_ws/src/sllidar_ros2/sdk/src/sl_async_transceiver.cpp:35[m[K:
[6.841s] [01m[K/home/saiubuntu/ros2_ws/src/sllidar_ros2/./sdk/include/sl_lidar_cmd.h:324:20:[m[K [01;35m[Kwarning: [m[KISO C++ forbids zero-size array ‘[01m[Kpayload[m[K’ [[01;35m[K-Wpedantic[m[K]
[6.841s]   324 |     sl_u8  payload[[01;35m[K0[m[K];
[6.841s]       |                    [01;35m[K^[m[K
[6.901s] [ 90%] [32mBuilding CXX object CMakeFiles/sllidar_node.dir/sdk/src/sl_udp_channel.cpp.o[0m
[6.924s] In file included from [01m[K/home/saiubuntu/ros2_ws/src/sllidar_ros2/./sdk/include/rplidar_protocol.h:36[m[K,
[6.924s]                  from [01m[K/home/saiubuntu/ros2_ws/src/sllidar_ros2/./sdk/include/rplidar.h:39[m[K,
[6.924s]                  from [01m[K/home/saiubuntu/ros2_ws/src/sllidar_ros2/sdk/src/sdkcommon.h:49[m[K,
[6.924s]                  from [01m[K/home/saiubuntu/ros2_ws/src/sllidar_ros2/sdk/src/sl_lidar_driver.cpp:33[m[K:
[6.924s] [01m[K/home/saiubuntu/ros2_ws/src/sllidar_ros2/./sdk/include/sl_lidar_protocol.h:66:16:[m[K [01;35m[Kwarning: [m[KISO C++ forbids zero-size array ‘[01m[Kdata[m[K’ [[01;35m[K-Wpedantic[m[K]
[6.924s]    66 |     sl_u8 data[[01;35m[K0[m[K];
[6.924s]       |                [01;35m[K^[m[K
[6.925s] In file included from [01m[K/home/saiubuntu/ros2_ws/src/sllidar_ros2/./sdk/include/rplidar_cmd.h:36[m[K,
[6.925s]                  from [01m[K/home/saiubuntu/ros2_ws/src/sllidar_ros2/./sdk/include/rplidar.h:40[m[K,
[6.925s]                  from [01m[K/home/saiubuntu/ros2_ws/src/sllidar_ros2/sdk/src/sdkcommon.h:49[m[K,
[6.925s]                  from [01m[K/home/saiubuntu/ros2_ws/src/sllidar_ros2/sdk/src/sl_lidar_driver.cpp:33[m[K:
[6.925s] [01m[K/home/saiubuntu/ros2_ws/src/sllidar_ros2/./sdk/include/sl_lidar_cmd.h:324:20:[m[K [01;35m[Kwarning: [m[KISO C++ forbids zero-size array ‘[01m[Kpayload[m[K’ [[01;35m[K-Wpedantic[m[K]
[6.925s]   324 |     sl_u8  payload[[01;35m[K0[m[K];
[6.925s]       |                    [01;35m[K^[m[K
[6.945s] In file included from [01m[K/home/saiubuntu/ros2_ws/src/sllidar_ros2/./sdk/include/rplidar_protocol.h:36[m[K,
[6.945s]                  from [01m[K/home/saiubuntu/ros2_ws/src/sllidar_ros2/./sdk/include/rplidar.h:39[m[K,
[6.945s]                  from [01m[K/home/saiubuntu/ros2_ws/src/sllidar_ros2/sdk/src/sdkcommon.h:49[m[K,
[6.946s]                  from [01m[K/home/saiubuntu/ros2_ws/src/sllidar_ros2/sdk/src/sl_lidarprotocol_codec.cpp:35[m[K:
[6.946s] [01m[K/home/saiubuntu/ros2_ws/src/sllidar_ros2/./sdk/include/sl_lidar_protocol.h:66:16:[m[K [01;35m[Kwarning: [m[KISO C++ forbids zero-size array ‘[01m[Kdata[m[K’ [[01;35m[K-Wpedantic[m[K]
[6.946s]    66 |     sl_u8 data[[01;35m[K0[m[K];
[6.946s]       |                [01;35m[K^[m[K
[6.946s] In file included from [01m[K/home/saiubuntu/ros2_ws/src/sllidar_ros2/./sdk/include/rplidar_cmd.h:36[m[K,
[6.946s]                  from [01m[K/home/saiubuntu/ros2_ws/src/sllidar_ros2/./sdk/include/rplidar.h:40[m[K,
[6.946s]                  from [01m[K/home/saiubuntu/ros2_ws/src/sllidar_ros2/sdk/src/sdkcommon.h:49[m[K,
[6.947s]                  from [01m[K/home/saiubuntu/ros2_ws/src/sllidar_ros2/sdk/src/sl_lidarprotocol_codec.cpp:35[m[K:
[6.947s] [01m[K/home/saiubuntu/ros2_ws/src/sllidar_ros2/./sdk/include/sl_lidar_cmd.h:324:20:[m[K [01;35m[Kwarning: [m[KISO C++ forbids zero-size array ‘[01m[Kpayload[m[K’ [[01;35m[K-Wpedantic[m[K]
[6.947s]   324 |     sl_u8  payload[[01;35m[K0[m[K];
[6.947s]       |                    [01;35m[K^[m[K
[6.982s] In file included from [01m[K/home/saiubuntu/ros2_ws/src/sllidar_ros2/sdk/src/sl_async_transceiver.cpp:44[m[K:
[6.982s] [01m[K/home/saiubuntu/ros2_ws/src/sllidar_ros2/sdk/src/sl_async_transceiver.h:[m[K In member function ‘[01m[Kvirtual void sl::internal::IAsyncProtocolCodec::onChannelError(u_result)[m[K’:
[6.982s] [01m[K/home/saiubuntu/ros2_ws/src/sllidar_ros2/sdk/src/sl_async_transceiver.h:90:41:[m[K [01;35m[Kwarning: [m[Kunused parameter ‘[01m[KerrCode[m[K’ [[01;35m[K-Wunused-parameter[m[K]
[6.982s]    90 |  virtual void   onChannelError([01;35m[Ku_result errCode[m[K) {}
[6.982s]       |                                [01;35m[K~~~~~~~~~^~~~~~~[m[K
[7.057s] In file included from [01m[K/home/saiubuntu/ros2_ws/src/sllidar_ros2/./sdk/include/sl_lidar_cmd.h:41[m[K,
[7.057s]                  from [01m[K/home/saiubuntu/ros2_ws/src/sllidar_ros2/./sdk/include/sl_lidar_driver.h:54[m[K,
[7.057s]                  from [01m[K/home/saiubuntu/ros2_ws/src/sllidar_ros2/sdk/src/sl_serial_channel.cpp:33[m[K:
[7.057s] [01m[K/home/saiubuntu/ros2_ws/src/sllidar_ros2/./sdk/include/sl_lidar_protocol.h:66:16:[m[K [01;35m[Kwarning: [m[KISO C++ forbids zero-size array ‘[01m[Kdata[m[K’ [[01;35m[K-Wpedantic[m[K]
[7.057s]    66 |     sl_u8 data[[01;35m[K0[m[K];
[7.057s]       |                [01;35m[K^[m[K
[7.058s] In file included from [01m[K/home/saiubuntu/ros2_ws/src/sllidar_ros2/./sdk/include/sl_lidar_driver.h:54[m[K,
[7.058s]                  from [01m[K/home/saiubuntu/ros2_ws/src/sllidar_ros2/sdk/src/sl_serial_channel.cpp:33[m[K:
[7.058s] [01m[K/home/saiubuntu/ros2_ws/src/sllidar_ros2/./sdk/include/sl_lidar_cmd.h:324:20:[m[K [01;35m[Kwarning: [m[KISO C++ forbids zero-size array ‘[01m[Kpayload[m[K’ [[01;35m[K-Wpedantic[m[K]
[7.058s]   324 |     sl_u8  payload[[01;35m[K0[m[K];
[7.058s]       |                    [01;35m[K^[m[K
[7.103s] In file included from [01m[K/home/saiubuntu/ros2_ws/src/sllidar_ros2/./sdk/include/sl_lidar_cmd.h:41[m[K,
[7.103s]                  from [01m[K/home/saiubuntu/ros2_ws/src/sllidar_ros2/./sdk/include/sl_lidar_driver.h:54[m[K,
[7.103s]                  from [01m[K/home/saiubuntu/ros2_ws/src/sllidar_ros2/sdk/src/sl_tcp_channel.cpp:33[m[K:
[7.103s] [01m[K/home/saiubuntu/ros2_ws/src/sllidar_ros2/./sdk/include/sl_lidar_protocol.h:66:16:[m[K [01;35m[Kwarning: [m[KISO C++ forbids zero-size array ‘[01m[Kdata[m[K’ [[01;35m[K-Wpedantic[m[K]
[7.103s]    66 |     sl_u8 data[[01;35m[K0[m[K];
[7.103s]       |                [01;35m[K^[m[K
[7.104s] In file included from [01m[K/home/saiubuntu/ros2_ws/src/sllidar_ros2/./sdk/include/sl_lidar_driver.h:54[m[K,
[7.104s]                  from [01m[K/home/saiubuntu/ros2_ws/src/sllidar_ros2/sdk/src/sl_tcp_channel.cpp:33[m[K:
[7.104s] [01m[K/home/saiubuntu/ros2_ws/src/sllidar_ros2/./sdk/include/sl_lidar_cmd.h:324:20:[m[K [01;35m[Kwarning: [m[KISO C++ forbids zero-size array ‘[01m[Kpayload[m[K’ [[01;35m[K-Wpedantic[m[K]
[7.105s]   324 |     sl_u8  payload[[01;35m[K0[m[K];
[7.105s]       |                    [01;35m[K^[m[K
[7.110s] [01m[K/home/saiubuntu/ros2_ws/src/sllidar_ros2/sdk/src/sl_tcp_channel.cpp:[m[K In member function ‘[01m[Kvoid sl::TcpChannel::setStatus(_u32)[m[K’:
[7.111s] [01m[K/home/saiubuntu/ros2_ws/src/sllidar_ros2/sdk/src/sl_tcp_channel.cpp:109:29:[m[K [01;35m[Kwarning: [m[Kunused parameter ‘[01m[Kflag[m[K’ [[01;35m[K-Wunused-parameter[m[K]
[7.111s]   109 |         void setStatus([01;35m[K_u32 flag[m[K){}
[7.111s]       |                        [01;35m[K~~~~~^~~~[m[K
[7.126s] In file included from [01m[K/home/saiubuntu/ros2_ws/src/sllidar_ros2/sdk/src/sl_lidarprotocol_codec.cpp:49[m[K:
[7.126s] [01m[K/home/saiubuntu/ros2_ws/src/sllidar_ros2/sdk/src/sl_async_transceiver.h:[m[K In member function ‘[01m[Kvirtual void sl::internal::IAsyncProtocolCodec::onChannelError(u_result)[m[K’:
[7.126s] [01m[K/home/saiubuntu/ros2_ws/src/sllidar_ros2/sdk/src/sl_async_transceiver.h:90:41:[m[K [01;35m[Kwarning: [m[Kunused parameter ‘[01m[KerrCode[m[K’ [[01;35m[K-Wunused-parameter[m[K]
[7.126s]    90 |  virtual void   onChannelError([01;35m[Ku_result errCode[m[K) {}
[7.127s]       |                                [01;35m[K~~~~~~~~~^~~~~~~[m[K
[7.140s] In file included from [01m[K/home/saiubuntu/ros2_ws/src/sllidar_ros2/sdk/src/sl_lidar_driver.cpp:50[m[K:
[7.140s] [01m[K/home/saiubuntu/ros2_ws/src/sllidar_ros2/sdk/src/dataunpacker/dataunpacker.h:[m[K In member function ‘[01m[Kvirtual void sl::internal::LIDARSampleDataListener::onCustomSampleDataDecoded(_u8, _u32, const void*, size_t)[m[K’:
[7.140s] [01m[K/home/saiubuntu/ros2_ws/src/sllidar_ros2/sdk/src/dataunpacker/dataunpacker.h:54:45:[m[K [01;35m[Kwarning: [m[Kunused parameter ‘[01m[KansType[m[K’ [[01;35m[K-Wunused-parameter[m[K]
[7.140s]    54 |  virtual void onCustomSampleDataDecoded([01;35m[K_u8 ansType[m[K, _u32 customCode, const void* data, size_t size) {}
[7.140s]       |                                         [01;35m[K~~~~^~~~~~~[m[K
[7.140s] [01m[K/home/saiubuntu/ros2_ws/src/sllidar_ros2/sdk/src/dataunpacker/dataunpacker.h:54:59:[m[K [01;35m[Kwarning: [m[Kunused parameter ‘[01m[KcustomCode[m[K’ [[01;35m[K-Wunused-parameter[m[K]
[7.141s]    54 |  virtual void onCustomSampleDataDecoded(_u8 ansType, [01;35m[K_u32 customCode[m[K, const void* data, size_t size) {}
[7.141s]       |                                                      [01;35m[K~~~~~^~~~~~~~~~[m[K
[7.141s] [01m[K/home/saiubuntu/ros2_ws/src/sllidar_ros2/sdk/src/dataunpacker/dataunpacker.h:54:83:[m[K [01;35m[Kwarning: [m[Kunused parameter ‘[01m[Kdata[m[K’ [[01;35m[K-Wunused-parameter[m[K]
[7.141s]    54 |  virtual void onCustomSampleDataDecoded(_u8 ansType, _u32 customCode, [01;35m[Kconst void* data[m[K, size_t size) {}
[7.141s]       |                                                                       [01;35m[K~~~~~~~~~~~~^~~~[m[K
[7.141s] [01m[K/home/saiubuntu/ros2_ws/src/sllidar_ros2/sdk/src/dataunpacker/dataunpacker.h:54:96:[m[K [01;35m[Kwarning: [m[Kunused parameter ‘[01m[Ksize[m[K’ [[01;35m[K-Wunused-parameter[m[K]
[7.141s]    54 |  virtual void onCustomSampleDataDecoded(_u8 ansType, _u32 customCode, const void* data, [01;35m[Ksize_t size[m[K) {}
[7.141s]       |                                                                                         [01;35m[K~~~~~~~^~~~[m[K
[7.141s] [01m[K/home/saiubuntu/ros2_ws/src/sllidar_ros2/sdk/src/dataunpacker/dataunpacker.h:[m[K In member function ‘[01m[Kvirtual void sl::internal::LIDARSampleDataListener::onDecodingError(int, _u8, const void*, size_t)[m[K’:
[7.142s] [01m[K/home/saiubuntu/ros2_ws/src/sllidar_ros2/sdk/src/dataunpacker/dataunpacker.h:56:35:[m[K [01;35m[Kwarning: [m[Kunused parameter ‘[01m[KerrMsg[m[K’ [[01;35m[K-Wunused-parameter[m[K]
[7.142s]    56 |  virtual void onDecodingError([01;35m[Kint errMsg[m[K, _u8 ansType, const void* payload, size_t size) {}
[7.142s]       |                               [01;35m[K~~~~^~~~~~[m[K
[7.142s] [01m[K/home/saiubuntu/ros2_ws/src/sllidar_ros2/sdk/src/dataunpacker/dataunpacker.h:56:47:[m[K [01;35m[Kwarning: [m[Kunused parameter ‘[01m[KansType[m[K’ [[01;35m[K-Wunused-parameter[m[K]
[7.142s]    56 |  virtual void onDecodingError(int errMsg, [01;35m[K_u8 ansType[m[K, const void* payload, size_t size) {}
[7.142s]       |                                           [01;35m[K~~~~^~~~~~~[m[K
[7.142s] [01m[K/home/saiubuntu/ros2_ws/src/sllidar_ros2/sdk/src/dataunpacker/dataunpacker.h:56:68:[m[K [01;35m[Kwarning: [m[Kunused parameter ‘[01m[Kpayload[m[K’ [[01;35m[K-Wunused-parameter[m[K]
[7.142s]    56 |  virtual void onDecodingError(int errMsg, _u8 ansType, [01;35m[Kconst void* payload[m[K, size_t size) {}
[7.143s]       |                                                        [01;35m[K~~~~~~~~~~~~^~~~~~~[m[K
[7.143s] [01m[K/home/saiubuntu/ros2_ws/src/sllidar_ros2/sdk/src/dataunpacker/dataunpacker.h:56:84:[m[K [01;35m[Kwarning: [m[Kunused parameter ‘[01m[Ksize[m[K’ [[01;35m[K-Wunused-parameter[m[K]
[7.143s]    56 |  virtual void onDecodingError(int errMsg, _u8 ansType, const void* payload, [01;35m[Ksize_t size[m[K) {}
[7.143s]       |                                                                             [01;35m[K~~~~~~~^~~~[m[K
[7.151s] In file included from [01m[K/home/saiubuntu/ros2_ws/src/sllidar_ros2/sdk/src/sl_lidar_driver.cpp:51[m[K:
[7.151s] [01m[K/home/saiubuntu/ros2_ws/src/sllidar_ros2/sdk/src/sl_async_transceiver.h:[m[K In member function ‘[01m[Kvirtual void sl::internal::IAsyncProtocolCodec::onChannelError(u_result)[m[K’:
[7.151s] [01m[K/home/saiubuntu/ros2_ws/src/sllidar_ros2/sdk/src/sl_async_transceiver.h:90:41:[m[K [01;35m[Kwarning: [m[Kunused parameter ‘[01m[KerrCode[m[K’ [[01;35m[K-Wunused-parameter[m[K]
[7.151s]    90 |  virtual void   onChannelError([01;35m[Ku_result errCode[m[K) {}
[7.151s]       |                                [01;35m[K~~~~~~~~~^~~~~~~[m[K
[7.177s] [01m[K/home/saiubuntu/ros2_ws/src/sllidar_ros2/sdk/src/sl_lidar_driver.cpp:[m[K In member function ‘[01m[Kvirtual sl_result sl::SlamtecLidarDriver::reset(sl_u32)[m[K’:
[7.177s] [01m[K/home/saiubuntu/ros2_ws/src/sllidar_ros2/sdk/src/sl_lidar_driver.cpp:511:32:[m[K [01;35m[Kwarning: [m[Kunused parameter ‘[01m[KtimeoutInMs[m[K’ [[01;35m[K-Wunused-parameter[m[K]
[7.177s]   511 |         sl_result reset([01;35m[Ksl_u32 timeoutInMs = DEFAULT_TIMEOUT[m[K)
[7.177s]       |                         [01;35m[K~~~~~~~^~~~~~~~~~~~~~~~~~~~~~~~~~~~~[m[K
[7.181s] [01m[K/home/saiubuntu/ros2_ws/src/sllidar_ros2/sdk/src/sl_lidar_driver.cpp:[m[K In member function ‘[01m[Kvirtual sl_result sl::SlamtecLidarDriver::startScan(bool, bool, sl_u32, sl::LidarScanMode*)[m[K’:
[7.182s] [01m[K/home/saiubuntu/ros2_ws/src/sllidar_ros2/sdk/src/sl_lidar_driver.cpp:586:69:[m[K [01;35m[Kwarning: [m[Kunused parameter ‘[01m[Koptions[m[K’ [[01;35m[K-Wunused-parameter[m[K]
[7.182s]   586 |         sl_result startScan(bool force, bool useTypicalScan, [01;35m[Ksl_u32 options = 0[m[K, LidarScanMode* outUsedScanMode = nullptr)
[7.182s]       |                                                              [01;35m[K~~~~~~~^~~~~~~~~~~[m[K
[7.184s] [01m[K/home/saiubuntu/ros2_ws/src/sllidar_ros2/sdk/src/sl_lidar_driver.cpp:[m[K In member function ‘[01m[Kvirtual sl_result sl::SlamtecLidarDriver::stop(sl_u32)[m[K’:
[7.184s] [01m[K/home/saiubuntu/ros2_ws/src/sllidar_ros2/sdk/src/sl_lidar_driver.cpp:763:31:[m[K [01;35m[Kwarning: [m[Kunused parameter ‘[01m[Ktimeout[m[K’ [[01;35m[K-Wunused-parameter[m[K]
[7.184s]   763 |         sl_result stop([01;35m[Ksl_u32 timeout = DEFAULT_TIMEOUT[m[K)
[7.184s]       |                        [01;35m[K~~~~~~~^~~~~~~~~~~~~~~~~~~~~~~~~[m[K
[7.187s] [01m[K/home/saiubuntu/ros2_ws/src/sllidar_ros2/sdk/src/sl_lidar_driver.cpp:[m[K In member function ‘[01m[Kvirtual sl_result sl::SlamtecLidarDriver::getFrequency(const sl::LidarScanMode&, const sl_lidar_response_measurement_node_hq_t*, size_t, float&)[m[K’:
[7.187s] [01m[K/home/saiubuntu/ros2_ws/src/sllidar_ros2/sdk/src/sl_lidar_driver.cpp:880:110:[m[K [01;35m[Kwarning: [m[Kunused parameter ‘[01m[Knodes[m[K’ [[01;35m[K-Wunused-parameter[m[K]
[7.187s]   880 |         sl_result getFrequency(const LidarScanMode& scanMode, [01;35m[Kconst sl_lidar_response_measurement_node_hq_t* nodes[m[K, size_t count, float& frequency)
[7.187s]       |                                                               [01;35m[K~~~~~~~~~~~~~~~~~~~~~~~~~~~~~~~~~~~~~~~~~~~~~~~^~~~~[m[K
[7.190s] [01m[K/home/saiubuntu/ros2_ws/src/sllidar_ros2/sdk/src/sl_lidar_driver.cpp:[m[K In member function ‘[01m[Kvirtual sl_result sl::SlamtecLidarDriver::getMotorInfo(sl::LidarMotorInfo&, sl_u32)[m[K’:
[7.190s] [01m[K/home/saiubuntu/ros2_ws/src/sllidar_ros2/sdk/src/sl_lidar_driver.cpp:1023:66:[m[K [01;35m[Kwarning: [m[Kunused parameter ‘[01m[KtimeoutInMs[m[K’ [[01;35m[K-Wunused-parameter[m[K]
[7.190s]  1023 |         sl_result getMotorInfo(LidarMotorInfo &motorInfo, [01;35m[Ksl_u32 timeoutInMs[m[K)
[7.190s]       |                                                           [01;35m[K~~~~~~~^~~~~~~~~~~[m[K
[7.191s] [01m[K/home/saiubuntu/ros2_ws/src/sllidar_ros2/sdk/src/sl_lidar_driver.cpp:[m[K In member function ‘[01m[Ku_result sl::SlamtecLidarDriver::getScanModeCount(sl_u16&, sl_u32)[m[K’:
[7.191s] [01m[K/home/saiubuntu/ros2_ws/src/sllidar_ros2/sdk/src/sl_lidar_driver.cpp:1199:61:[m[K [01;35m[Kwarning: [m[Kunused parameter ‘[01m[KtimeoutInMs[m[K’ [[01;35m[K-Wunused-parameter[m[K]
[7.191s]  1199 |         u_result getScanModeCount(sl_u16& modeCount, [01;35m[Ksl_u32 timeoutInMs = DEFAULT_TIMEOUT[m[K)
[7.192s]       |                                                      [01;35m[K~~~~~~~^~~~~~~~~~~~~~~~~~~~~~~~~~~~~[m[K
[7.192s] In file included from [01m[K/home/saiubuntu/ros2_ws/src/sllidar_ros2/./sdk/include/sl_lidar_cmd.h:41[m[K,
[7.192s]                  from [01m[K/home/saiubuntu/ros2_ws/src/sllidar_ros2/./sdk/include/sl_lidar_driver.h:54[m[K,
[7.192s]                  from [01m[K/home/saiubuntu/ros2_ws/src/sllidar_ros2/sdk/src/sl_udp_channel.cpp:33[m[K:
[7.192s] [01m[K/home/saiubuntu/ros2_ws/src/sllidar_ros2/./sdk/include/sl_lidar_protocol.h:66:16:[m[K [01;35m[Kwarning: [m[KISO C++ forbids zero-size array ‘[01m[Kdata[m[K’ [[01;35m[K-Wpedantic[m[K]
[7.192s]    66 |     sl_u8 data[[01;35m[K0[m[K];
[7.192s]       |                [01;35m[K^[m[K
[7.193s] In file included from [01m[K/home/saiubuntu/ros2_ws/src/sllidar_ros2/./sdk/include/sl_lidar_driver.h:54[m[K,
[7.193s]                  from [01m[K/home/saiubuntu/ros2_ws/src/sllidar_ros2/sdk/src/sl_udp_channel.cpp:33[m[K:
[7.193s] [01m[K/home/saiubuntu/ros2_ws/src/sllidar_ros2/./sdk/include/sl_lidar_cmd.h:324:20:[m[K [01;35m[Kwarning: [m[KISO C++ forbids zero-size array ‘[01m[Kpayload[m[K’ [[01;35m[K-Wpedantic[m[K]
[7.193s]   324 |     sl_u8  payload[[01;35m[K0[m[K];
[7.193s]       |                    [01;35m[K^[m[K
[7.196s] [01m[K/home/saiubuntu/ros2_ws/src/sllidar_ros2/sdk/src/sl_udp_channel.cpp:[m[K In member function ‘[01m[Kvoid sl::UdpChannel::setStatus(_u32)[m[K’:
[7.196s] [01m[K/home/saiubuntu/ros2_ws/src/sllidar_ros2/sdk/src/sl_udp_channel.cpp:112:29:[m[K [01;35m[Kwarning: [m[Kunused parameter ‘[01m[Kflag[m[K’ [[01;35m[K-Wunused-parameter[m[K]
[7.196s]   112 |         void setStatus([01;35m[K_u32 flag[m[K){}
[7.197s]       |                        [01;35m[K~~~~~^~~~[m[K
[7.220s] /home/saiubuntu/ros2_ws/src/sllidar_ros2/sdk/src/sl_lidar_driver.cpp: In instantiation of ‘[01m[Kvoid sl::RawSampleNodeHolder<T>::pushNode(_u64, const T*) [with T = sl_lidar_response_measurement_node_hq_t; _u64 = long unsigned int][m[K’:
[7.220s] [01m[K/home/saiubuntu/ros2_ws/src/sllidar_ros2/sdk/src/sl_lidar_driver.cpp:1648:61:[m[K   required from here
[7.220s] [01m[K/home/saiubuntu/ros2_ws/src/sllidar_ros2/sdk/src/sl_lidar_driver.cpp:202:28:[m[K [01;35m[Kwarning: [m[Kunused parameter ‘[01m[Ktimestamp_uS[m[K’ [[01;35m[K-Wunused-parameter[m[K]
[7.221s]   202 |         void pushNode([01;35m[K_u64 timestamp_uS[m[K, const T* node)
[7.221s]       |                       [01;35m[K~~~~~^~~~~~~~~~~~[m[K
[7.318s] [01m[K/home/saiubuntu/ros2_ws/src/sllidar_ros2/sdk/src/sl_lidar_driver.cpp:[m[K At global scope:
[7.318s] [01m[K/home/saiubuntu/ros2_ws/src/sllidar_ros2/sdk/src/sl_lidar_driver.cpp:83:17:[m[K [01;35m[Kwarning: [m[K‘[01m[Kvoid sl::convert(const sl_lidar_response_measurement_node_hq_t&, sl_lidar_response_measurement_node_t&)[m[K’ defined but not used [[01;35m[K-Wunused-function[m[K]
[7.318s]    83 |     static void [01;35m[Kconvert[m[K(const sl_lidar_response_measurement_node_hq_t& from, sl_lidar_response_measurement_node_t& to)
[7.318s]       |                 [01;35m[K^~~~~~~[m[K
[7.318s] [01m[K/home/saiubuntu/ros2_ws/src/sllidar_ros2/sdk/src/sl_lidar_driver.cpp:75:17:[m[K [01;35m[Kwarning: [m[K‘[01m[Kvoid sl::convert(const sl_lidar_response_measurement_node_t&, sl_lidar_response_measurement_node_hq_t&)[m[K’ defined but not used [[01;35m[K-Wunused-function[m[K]
[7.318s]    75 |     static void [01;35m[Kconvert[m[K(const sl_lidar_response_measurement_node_t& from, sl_lidar_response_measurement_node_hq_t& to)
[7.318s]       |                 [01;35m[K^~~~~~~[m[K
[7.319s] [01m[K/home/saiubuntu/ros2_ws/src/sllidar_ros2/sdk/src/sl_lidar_driver.cpp:70:17:[m[K [01;35m[Kwarning: [m[K‘[01m[Kvoid sl::printDeprecationWarn(const char*, const char*)[m[K’ defined but not used [[01;35m[K-Wunused-function[m[K]
[7.319s]    70 |     static void [01;35m[KprintDeprecationWarn[m[K(const char* fn, const char* replacement)
[7.319s]       |                 [01;35m[K^~~~~~~~~~~~~~~~~~~~[m[K
[7.594s] In file included from [01m[K/home/saiubuntu/ros2_ws/src/sllidar_ros2/./sdk/include/sl_lidar_cmd.h:41[m[K,
[7.594s]                  from [01m[K/home/saiubuntu/ros2_ws/src/sllidar_ros2/./sdk/include/sl_lidar_driver.h:54[m[K,
[7.594s]                  from [01m[K/home/saiubuntu/ros2_ws/src/sllidar_ros2/./sdk/include/sl_lidar.h:36[m[K,
[7.595s]                  from [01m[K/home/saiubuntu/ros2_ws/src/sllidar_ros2/src/sllidar_node.cpp:38[m[K:
[7.595s] [01m[K/home/saiubuntu/ros2_ws/src/sllidar_ros2/./sdk/include/sl_lidar_protocol.h:66:16:[m[K [01;35m[Kwarning: [m[KISO C++ forbids zero-size array ‘[01m[Kdata[m[K’ [[01;35m[K-Wpedantic[m[K]
[7.595s]    66 |     sl_u8 data[[01;35m[K0[m[K];
[7.595s]       |                [01;35m[K^[m[K
[7.595s] In file included from [01m[K/home/saiubuntu/ros2_ws/src/sllidar_ros2/./sdk/include/sl_lidar_driver.h:54[m[K,
[7.595s]                  from [01m[K/home/saiubuntu/ros2_ws/src/sllidar_ros2/./sdk/include/sl_lidar.h:36[m[K,
[7.595s]                  from [01m[K/home/saiubuntu/ros2_ws/src/sllidar_ros2/src/sllidar_node.cpp:38[m[K:
[7.595s] [01m[K/home/saiubuntu/ros2_ws/src/sllidar_ros2/./sdk/include/sl_lidar_cmd.h:324:20:[m[K [01;35m[Kwarning: [m[KISO C++ forbids zero-size array ‘[01m[Kpayload[m[K’ [[01;35m[K-Wpedantic[m[K]
[7.596s]   324 |     sl_u8  payload[[01;35m[K0[m[K];
[7.596s]       |                    [01;35m[K^[m[K
[9.764s] [ 95%] [32m[1mLinking CXX executable sllidar_node[0m
[10.384s] [ 95%] Built target sllidar_node
[10.876s] [100%] [32m[1mLinking CXX executable sllidar_client[0m
[11.111s] [100%] Built target sllidar_client
[11.122s] Invoked command in '/home/saiubuntu/ros2_ws/build/sllidar_ros2' returned '0': CMAKE_PREFIX_PATH=${CMAKE_PREFIX_PATH}:/home/saiubuntu/ros2_ws/install/my_robot:/opt/ros/foxy /usr/bin/cmake --build /home/saiubuntu/ros2_ws/build/sllidar_ros2 -- -j8 -l8
[11.173s] Invoking command in '/home/saiubuntu/ros2_ws/build/sllidar_ros2': CMAKE_PREFIX_PATH=${CMAKE_PREFIX_PATH}:/home/saiubuntu/ros2_ws/install/my_robot:/opt/ros/foxy /usr/bin/cmake --install /home/saiubuntu/ros2_ws/build/sllidar_ros2
[11.182s] -- Install configuration: ""
[11.182s] -- Execute custom install script
[11.183s] -- Symlinking: /home/saiubuntu/ros2_ws/install/sllidar_ros2/share/sllidar_ros2/launch/sllidar_a1_launch.py
[11.191s] -- Symlinking: /home/saiubuntu/ros2_ws/install/sllidar_ros2/share/sllidar_ros2/launch/sllidar_a2m12_launch .py
[11.200s] -- Symlinking: /home/saiubuntu/ros2_ws/install/sllidar_ros2/share/sllidar_ros2/launch/sllidar_a2m7_launch.py
[11.208s] -- Symlinking: /home/saiubuntu/ros2_ws/install/sllidar_ros2/share/sllidar_ros2/launch/sllidar_a2m8_launch.py
[11.217s] -- Symlinking: /home/saiubuntu/ros2_ws/install/sllidar_ros2/share/sllidar_ros2/launch/sllidar_a3_launch.py
[11.227s] -- Symlinking: /home/saiubuntu/ros2_ws/install/sllidar_ros2/share/sllidar_ros2/launch/sllidar_c1_launch.py
[11.236s] -- Symlinking: /home/saiubuntu/ros2_ws/install/sllidar_ros2/share/sllidar_ros2/launch/sllidar_s1_launch.py
[11.244s] -- Symlinking: /home/saiubuntu/ros2_ws/install/sllidar_ros2/share/sllidar_ros2/launch/sllidar_s1_tcp_launch.py
[11.254s] -- Symlinking: /home/saiubuntu/ros2_ws/install/sllidar_ros2/share/sllidar_ros2/launch/sllidar_s2_launch.py
[11.262s] -- Symlinking: /home/saiubuntu/ros2_ws/install/sllidar_ros2/share/sllidar_ros2/launch/sllidar_s2e_launch.py
[11.271s] -- Symlinking: /home/saiubuntu/ros2_ws/install/sllidar_ros2/share/sllidar_ros2/launch/sllidar_s3_launch.py
[11.280s] -- Symlinking: /home/saiubuntu/ros2_ws/install/sllidar_ros2/share/sllidar_ros2/launch/sllidar_t1_launch.py
[11.288s] -- Symlinking: /home/saiubuntu/ros2_ws/install/sllidar_ros2/share/sllidar_ros2/launch/view_sllidar_a1_launch.py
[11.297s] -- Symlinking: /home/saiubuntu/ros2_ws/install/sllidar_ros2/share/sllidar_ros2/launch/view_sllidar_a2m12_launch.py
[11.305s] -- Symlinking: /home/saiubuntu/ros2_ws/install/sllidar_ros2/share/sllidar_ros2/launch/view_sllidar_a2m7_launch.py
[11.314s] -- Symlinking: /home/saiubuntu/ros2_ws/install/sllidar_ros2/share/sllidar_ros2/launch/view_sllidar_a2m8_launch.py
[11.323s] -- Symlinking: /home/saiubuntu/ros2_ws/install/sllidar_ros2/share/sllidar_ros2/launch/view_sllidar_a3_launch.py
[11.332s] -- Symlinking: /home/saiubuntu/ros2_ws/install/sllidar_ros2/share/sllidar_ros2/launch/view_sllidar_c1_launch.py
[11.341s] -- Symlinking: /home/saiubuntu/ros2_ws/install/sllidar_ros2/share/sllidar_ros2/launch/view_sllidar_s1_launch.py
[11.349s] -- Symlinking: /home/saiubuntu/ros2_ws/install/sllidar_ros2/share/sllidar_ros2/launch/view_sllidar_s1_tcp_launch.py
[11.359s] -- Symlinking: /home/saiubuntu/ros2_ws/install/sllidar_ros2/share/sllidar_ros2/launch/view_sllidar_s2_launch.py
[11.368s] -- Symlinking: /home/saiubuntu/ros2_ws/install/sllidar_ros2/share/sllidar_ros2/launch/view_sllidar_s2e_launch.py
[11.376s] -- Symlinking: /home/saiubuntu/ros2_ws/install/sllidar_ros2/share/sllidar_ros2/launch/view_sllidar_s3_launch.py
[11.385s] -- Symlinking: /home/saiubuntu/ros2_ws/install/sllidar_ros2/share/sllidar_ros2/launch/view_sllidar_t1_launch.py
[11.394s] -- Symlinking: /home/saiubuntu/ros2_ws/install/sllidar_ros2/share/sllidar_ros2/rviz/sllidar_ros2.rviz
[11.403s] -- Symlinking: /home/saiubuntu/ros2_ws/install/sllidar_ros2/lib/sllidar_ros2/sllidar_node
[11.412s] -- Symlinking: /home/saiubuntu/ros2_ws/install/sllidar_ros2/lib/sllidar_ros2/sllidar_client
[11.421s] -- Symlinking: /home/saiubuntu/ros2_ws/install/sllidar_ros2/share/ament_index/resource_index/package_run_dependencies/sllidar_ros2
[11.430s] -- Symlinking: /home/saiubuntu/ros2_ws/install/sllidar_ros2/share/ament_index/resource_index/parent_prefix_path/sllidar_ros2
[11.439s] -- Symlinking: /home/saiubuntu/ros2_ws/install/sllidar_ros2/share/sllidar_ros2/environment/ament_prefix_path.sh
[11.449s] -- Symlinking: /home/saiubuntu/ros2_ws/install/sllidar_ros2/share/sllidar_ros2/environment/ament_prefix_path.dsv
[11.458s] -- Symlinking: /home/saiubuntu/ros2_ws/install/sllidar_ros2/share/sllidar_ros2/environment/path.sh
[11.467s] -- Symlinking: /home/saiubuntu/ros2_ws/install/sllidar_ros2/share/sllidar_ros2/environment/path.dsv
[11.475s] -- Symlinking: /home/saiubuntu/ros2_ws/install/sllidar_ros2/share/sllidar_ros2/local_setup.bash
[11.484s] -- Symlinking: /home/saiubuntu/ros2_ws/install/sllidar_ros2/share/sllidar_ros2/local_setup.sh
[11.493s] -- Symlinking: /home/saiubuntu/ros2_ws/install/sllidar_ros2/share/sllidar_ros2/local_setup.zsh
[11.502s] -- Symlinking: /home/saiubuntu/ros2_ws/install/sllidar_ros2/share/sllidar_ros2/local_setup.dsv
[11.511s] -- Symlinking: /home/saiubuntu/ros2_ws/install/sllidar_ros2/share/sllidar_ros2/package.dsv
[11.520s] -- Symlinking: /home/saiubuntu/ros2_ws/install/sllidar_ros2/share/ament_index/resource_index/packages/sllidar_ros2
[11.529s] -- Symlinking: /home/saiubuntu/ros2_ws/install/sllidar_ros2/share/sllidar_ros2/cmake/ament_cmake_export_dependencies-extras.cmake
[11.538s] -- Symlinking: /home/saiubuntu/ros2_ws/install/sllidar_ros2/share/sllidar_ros2/cmake/ament_cmake_export_include_directories-extras.cmake
[11.547s] -- Symlinking: /home/saiubuntu/ros2_ws/install/sllidar_ros2/share/sllidar_ros2/cmake/sllidar_ros2Config.cmake
[11.556s] -- Symlinking: /home/saiubuntu/ros2_ws/install/sllidar_ros2/share/sllidar_ros2/cmake/sllidar_ros2Config-version.cmake
[11.565s] -- Symlinking: /home/saiubuntu/ros2_ws/install/sllidar_ros2/share/sllidar_ros2/package.xml
[11.576s] Invoked command in '/home/saiubuntu/ros2_ws/build/sllidar_ros2' returned '0': CMAKE_PREFIX_PATH=${CMAKE_PREFIX_PATH}:/home/saiubuntu/ros2_ws/install/my_robot:/opt/ros/foxy /usr/bin/cmake --install /home/saiubuntu/ros2_ws/build/sllidar_ros2
