[0.208s] DEBUG:colcon:Command line arguments: ['/usr/bin/colcon', 'build', '--symlink-install']
[0.208s] DEBUG:colcon:Parsed command line arguments: Namespace(allow_overriding=[], ament_cmake_args=None, base_paths=['.'], build_base='build', catkin_cmake_args=None, catkin_skip_building_tests=False, cmake_args=None, cmake_clean_cache=False, cmake_clean_first=False, cmake_force_configure=False, cmake_target=None, cmake_target_skip_unavailable=False, continue_on_error=False, event_handlers=None, executor='parallel', ignore_user_meta=False, install_base='install', log_base=None, log_level=None, main=<bound method BuildVerb.main of <colcon_core.verb.build.BuildVerb object at 0x7f09b307da90>>, merge_install=False, metas=['./colcon.meta'], packages_above=None, packages_above_and_dependencies=None, packages_above_depth=None, packages_end=None, packages_ignore=None, packages_ignore_regex=None, packages_select=None, packages_select_build_failed=False, packages_select_by_dep=None, packages_select_regex=None, packages_select_test_failures=False, packages_skip=None, packages_skip_build_finished=False, packages_skip_by_dep=None, packages_skip_regex=None, packages_skip_test_passed=False, packages_skip_up_to=None, packages_start=None, packages_up_to=None, packages_up_to_regex=None, parallel_workers=8, paths=None, symlink_install=True, test_result_base=None, verb_extension=<colcon_core.verb.build.BuildVerb object at 0x7f09b307da90>, verb_name='build', verb_parser=<colcon_defaults.argument_parser.defaults.DefaultArgumentsDecorator object at 0x7f09b2f03970>)
[0.658s] Level 1:colcon.colcon_core.package_discovery:discover_packages(colcon_meta) check parameters
[0.659s] Level 1:colcon.colcon_core.package_discovery:discover_packages(recursive) check parameters
[0.659s] Level 1:colcon.colcon_core.package_discovery:discover_packages(ignore) check parameters
[0.659s] Level 1:colcon.colcon_core.package_discovery:discover_packages(path) check parameters
[0.659s] Level 1:colcon.colcon_core.package_discovery:discover_packages(colcon_meta) discover
[0.660s] Level 1:colcon.colcon_core.package_discovery:discover_packages(recursive) discover
[0.660s] INFO:colcon.colcon_core.package_discovery:Crawling recursively for packages in '/home/saiubuntu/ros2_ws'
[0.660s] Level 1:colcon.colcon_core.package_identification:_identify(.) by extensions ['ignore', 'ignore_ament_install']
[0.661s] Level 1:colcon.colcon_core.package_identification:_identify(.) by extension 'ignore'
[0.661s] Level 1:colcon.colcon_core.package_identification:_identify(.) by extension 'ignore_ament_install'
[0.661s] Level 1:colcon.colcon_core.package_identification:_identify(.) by extensions ['colcon_pkg']
[0.661s] Level 1:colcon.colcon_core.package_identification:_identify(.) by extension 'colcon_pkg'
[0.662s] Level 1:colcon.colcon_core.package_identification:_identify(.) by extensions ['colcon_meta']
[0.662s] Level 1:colcon.colcon_core.package_identification:_identify(.) by extension 'colcon_meta'
[0.662s] Level 1:colcon.colcon_core.package_identification:_identify(.) by extensions ['ros']
[0.662s] Level 1:colcon.colcon_core.package_identification:_identify(.) by extension 'ros'
[0.732s] Level 1:colcon.colcon_core.package_identification:_identify(.) by extensions ['cmake', 'python']
[0.732s] Level 1:colcon.colcon_core.package_identification:_identify(.) by extension 'cmake'
[0.733s] Level 1:colcon.colcon_core.package_identification:_identify(.) by extension 'python'
[0.733s] Level 1:colcon.colcon_core.package_identification:_identify(.) by extensions ['python_setup_py']
[0.733s] Level 1:colcon.colcon_core.package_identification:_identify(.) by extension 'python_setup_py'
[0.733s] Level 1:colcon.colcon_core.package_identification:_identify(build) by extensions ['ignore', 'ignore_ament_install']
[0.733s] Level 1:colcon.colcon_core.package_identification:_identify(build) by extension 'ignore'
[0.734s] Level 1:colcon.colcon_core.package_identification:_identify(build) ignored
[0.734s] Level 1:colcon.colcon_core.package_identification:_identify(install) by extensions ['ignore', 'ignore_ament_install']
[0.734s] Level 1:colcon.colcon_core.package_identification:_identify(install) by extension 'ignore'
[0.734s] Level 1:colcon.colcon_core.package_identification:_identify(install) ignored
[0.735s] Level 1:colcon.colcon_core.package_identification:_identify(joy_tester) by extensions ['ignore', 'ignore_ament_install']
[0.735s] Level 1:colcon.colcon_core.package_identification:_identify(joy_tester) by extension 'ignore'
[0.735s] Level 1:colcon.colcon_core.package_identification:_identify(joy_tester) by extension 'ignore_ament_install'
[0.735s] Level 1:colcon.colcon_core.package_identification:_identify(joy_tester) by extensions ['colcon_pkg']
[0.735s] Level 1:colcon.colcon_core.package_identification:_identify(joy_tester) by extension 'colcon_pkg'
[0.735s] Level 1:colcon.colcon_core.package_identification:_identify(joy_tester) by extensions ['colcon_meta']
[0.735s] Level 1:colcon.colcon_core.package_identification:_identify(joy_tester) by extension 'colcon_meta'
[0.736s] Level 1:colcon.colcon_core.package_identification:_identify(joy_tester) by extensions ['ros']
[0.736s] Level 1:colcon.colcon_core.package_identification:_identify(joy_tester) by extension 'ros'
[0.756s] DEBUG:colcon.colcon_core.package_identification:Package 'joy_tester' with type 'ros.ament_python' and name 'joy_tester'
[0.756s] Level 1:colcon.colcon_core.package_identification:_identify(log) by extensions ['ignore', 'ignore_ament_install']
[0.756s] Level 1:colcon.colcon_core.package_identification:_identify(log) by extension 'ignore'
[0.757s] Level 1:colcon.colcon_core.package_identification:_identify(log) ignored
[0.757s] Level 1:colcon.colcon_core.package_identification:_identify(src) by extensions ['ignore', 'ignore_ament_install']
[0.757s] Level 1:colcon.colcon_core.package_identification:_identify(src) by extension 'ignore'
[0.757s] Level 1:colcon.colcon_core.package_identification:_identify(src) by extension 'ignore_ament_install'
[0.758s] Level 1:colcon.colcon_core.package_identification:_identify(src) by extensions ['colcon_pkg']
[0.758s] Level 1:colcon.colcon_core.package_identification:_identify(src) by extension 'colcon_pkg'
[0.758s] Level 1:colcon.colcon_core.package_identification:_identify(src) by extensions ['colcon_meta']
[0.758s] Level 1:colcon.colcon_core.package_identification:_identify(src) by extension 'colcon_meta'
[0.758s] Level 1:colcon.colcon_core.package_identification:_identify(src) by extensions ['ros']
[0.758s] Level 1:colcon.colcon_core.package_identification:_identify(src) by extension 'ros'
[0.758s] Level 1:colcon.colcon_core.package_identification:_identify(src) by extensions ['cmake', 'python']
[0.758s] Level 1:colcon.colcon_core.package_identification:_identify(src) by extension 'cmake'
[0.758s] Level 1:colcon.colcon_core.package_identification:_identify(src) by extension 'python'
[0.758s] Level 1:colcon.colcon_core.package_identification:_identify(src) by extensions ['python_setup_py']
[0.759s] Level 1:colcon.colcon_core.package_identification:_identify(src) by extension 'python_setup_py'
[0.774s] Level 1:colcon.colcon_core.package_identification:_identify(src/my_bot) by extensions ['ignore', 'ignore_ament_install']
[0.774s] Level 1:colcon.colcon_core.package_identification:_identify(src/my_bot) by extension 'ignore'
[0.774s] Level 1:colcon.colcon_core.package_identification:_identify(src/my_bot) by extension 'ignore_ament_install'
[0.774s] Level 1:colcon.colcon_core.package_identification:_identify(src/my_bot) by extensions ['colcon_pkg']
[0.775s] Level 1:colcon.colcon_core.package_identification:_identify(src/my_bot) by extension 'colcon_pkg'
[0.775s] Level 1:colcon.colcon_core.package_identification:_identify(src/my_bot) by extensions ['colcon_meta']
[0.775s] Level 1:colcon.colcon_core.package_identification:_identify(src/my_bot) by extension 'colcon_meta'
[0.775s] Level 1:colcon.colcon_core.package_identification:_identify(src/my_bot) by extensions ['ros']
[0.775s] Level 1:colcon.colcon_core.package_identification:_identify(src/my_bot) by extension 'ros'
[0.776s] DEBUG:colcon.colcon_core.package_identification:Package 'src/my_bot' with type 'ros.ament_cmake' and name 'my_bot'
[0.783s] Level 1:colcon.colcon_core.package_identification:_identify(src/my_robot) by extensions ['ignore', 'ignore_ament_install']
[0.783s] Level 1:colcon.colcon_core.package_identification:_identify(src/my_robot) by extension 'ignore'
[0.783s] Level 1:colcon.colcon_core.package_identification:_identify(src/my_robot) by extension 'ignore_ament_install'
[0.784s] Level 1:colcon.colcon_core.package_identification:_identify(src/my_robot) by extensions ['colcon_pkg']
[0.784s] Level 1:colcon.colcon_core.package_identification:_identify(src/my_robot) by extension 'colcon_pkg'
[0.784s] Level 1:colcon.colcon_core.package_identification:_identify(src/my_robot) by extensions ['colcon_meta']
[0.784s] Level 1:colcon.colcon_core.package_identification:_identify(src/my_robot) by extension 'colcon_meta'
[0.784s] Level 1:colcon.colcon_core.package_identification:_identify(src/my_robot) by extensions ['ros']
[0.784s] Level 1:colcon.colcon_core.package_identification:_identify(src/my_robot) by extension 'ros'
[0.785s] DEBUG:colcon.colcon_core.package_identification:Package 'src/my_robot' with type 'ros.ament_python' and name 'my_robot'
[0.800s] Level 1:colcon.colcon_core.package_identification:_identify(src/serial_motor_demo) by extensions ['ignore', 'ignore_ament_install']
[0.800s] Level 1:colcon.colcon_core.package_identification:_identify(src/serial_motor_demo) by extension 'ignore'
[0.800s] Level 1:colcon.colcon_core.package_identification:_identify(src/serial_motor_demo) by extension 'ignore_ament_install'
[0.801s] Level 1:colcon.colcon_core.package_identification:_identify(src/serial_motor_demo) by extensions ['colcon_pkg']
[0.801s] Level 1:colcon.colcon_core.package_identification:_identify(src/serial_motor_demo) by extension 'colcon_pkg'
[0.801s] Level 1:colcon.colcon_core.package_identification:_identify(src/serial_motor_demo) by extensions ['colcon_meta']
[0.801s] Level 1:colcon.colcon_core.package_identification:_identify(src/serial_motor_demo) by extension 'colcon_meta'
[0.801s] Level 1:colcon.colcon_core.package_identification:_identify(src/serial_motor_demo) by extensions ['ros']
[0.801s] Level 1:colcon.colcon_core.package_identification:_identify(src/serial_motor_demo) by extension 'ros'
[0.801s] Level 1:colcon.colcon_core.package_identification:_identify(src/serial_motor_demo) by extensions ['cmake', 'python']
[0.802s] Level 1:colcon.colcon_core.package_identification:_identify(src/serial_motor_demo) by extension 'cmake'
[0.802s] Level 1:colcon.colcon_core.package_identification:_identify(src/serial_motor_demo) by extension 'python'
[0.802s] Level 1:colcon.colcon_core.package_identification:_identify(src/serial_motor_demo) by extensions ['python_setup_py']
[0.802s] Level 1:colcon.colcon_core.package_identification:_identify(src/serial_motor_demo) by extension 'python_setup_py'
[0.815s] Level 1:colcon.colcon_core.package_identification:_identify(src/serial_motor_demo/serial_motor_demo) by extensions ['ignore', 'ignore_ament_install']
[0.815s] Level 1:colcon.colcon_core.package_identification:_identify(src/serial_motor_demo/serial_motor_demo) by extension 'ignore'
[0.816s] Level 1:colcon.colcon_core.package_identification:_identify(src/serial_motor_demo/serial_motor_demo) by extension 'ignore_ament_install'
[0.816s] Level 1:colcon.colcon_core.package_identification:_identify(src/serial_motor_demo/serial_motor_demo) by extensions ['colcon_pkg']
[0.816s] Level 1:colcon.colcon_core.package_identification:_identify(src/serial_motor_demo/serial_motor_demo) by extension 'colcon_pkg'
[0.816s] Level 1:colcon.colcon_core.package_identification:_identify(src/serial_motor_demo/serial_motor_demo) by extensions ['colcon_meta']
[0.816s] Level 1:colcon.colcon_core.package_identification:_identify(src/serial_motor_demo/serial_motor_demo) by extension 'colcon_meta'
[0.817s] Level 1:colcon.colcon_core.package_identification:_identify(src/serial_motor_demo/serial_motor_demo) by extensions ['ros']
[0.817s] Level 1:colcon.colcon_core.package_identification:_identify(src/serial_motor_demo/serial_motor_demo) by extension 'ros'
[0.829s] DEBUG:colcon.colcon_core.package_identification:Package 'src/serial_motor_demo/serial_motor_demo' with type 'ros.ament_python' and name 'serial_motor_demo'
[0.830s] Level 1:colcon.colcon_core.package_identification:_identify(src/serial_motor_demo/serial_motor_demo_msgs) by extensions ['ignore', 'ignore_ament_install']
[0.830s] Level 1:colcon.colcon_core.package_identification:_identify(src/serial_motor_demo/serial_motor_demo_msgs) by extension 'ignore'
[0.831s] Level 1:colcon.colcon_core.package_identification:_identify(src/serial_motor_demo/serial_motor_demo_msgs) by extension 'ignore_ament_install'
[0.831s] Level 1:colcon.colcon_core.package_identification:_identify(src/serial_motor_demo/serial_motor_demo_msgs) by extensions ['colcon_pkg']
[0.831s] Level 1:colcon.colcon_core.package_identification:_identify(src/serial_motor_demo/serial_motor_demo_msgs) by extension 'colcon_pkg'
[0.831s] Level 1:colcon.colcon_core.package_identification:_identify(src/serial_motor_demo/serial_motor_demo_msgs) by extensions ['colcon_meta']
[0.831s] Level 1:colcon.colcon_core.package_identification:_identify(src/serial_motor_demo/serial_motor_demo_msgs) by extension 'colcon_meta'
[0.832s] Level 1:colcon.colcon_core.package_identification:_identify(src/serial_motor_demo/serial_motor_demo_msgs) by extensions ['ros']
[0.832s] Level 1:colcon.colcon_core.package_identification:_identify(src/serial_motor_demo/serial_motor_demo_msgs) by extension 'ros'
[0.834s] DEBUG:colcon.colcon_core.package_identification:Package 'src/serial_motor_demo/serial_motor_demo_msgs' with type 'ros.ament_cmake' and name 'serial_motor_demo_msgs'
[0.866s] Level 1:colcon.colcon_core.package_identification:_identify(src/sllidar_ros2) by extensions ['ignore', 'ignore_ament_install']
[0.867s] Level 1:colcon.colcon_core.package_identification:_identify(src/sllidar_ros2) by extension 'ignore'
[0.867s] Level 1:colcon.colcon_core.package_identification:_identify(src/sllidar_ros2) by extension 'ignore_ament_install'
[0.867s] Level 1:colcon.colcon_core.package_identification:_identify(src/sllidar_ros2) by extensions ['colcon_pkg']
[0.867s] Level 1:colcon.colcon_core.package_identification:_identify(src/sllidar_ros2) by extension 'colcon_pkg'
[0.868s] Level 1:colcon.colcon_core.package_identification:_identify(src/sllidar_ros2) by extensions ['colcon_meta']
[0.868s] Level 1:colcon.colcon_core.package_identification:_identify(src/sllidar_ros2) by extension 'colcon_meta'
[0.868s] Level 1:colcon.colcon_core.package_identification:_identify(src/sllidar_ros2) by extensions ['ros']
[0.868s] Level 1:colcon.colcon_core.package_identification:_identify(src/sllidar_ros2) by extension 'ros'
[0.879s] DEBUG:colcon.colcon_core.package_identification:Package 'src/sllidar_ros2' with type 'ros.ament_cmake' and name 'sllidar_ros2'
[0.879s] Level 1:colcon.colcon_core.package_discovery:discover_packages(recursive) using defaults
[0.879s] Level 1:colcon.colcon_core.package_discovery:discover_packages(ignore) discover
[0.880s] Level 1:colcon.colcon_core.package_discovery:discover_packages(ignore) using defaults
[0.880s] Level 1:colcon.colcon_core.package_discovery:discover_packages(path) discover
[0.880s] Level 1:colcon.colcon_core.package_discovery:discover_packages(path) using defaults
[0.969s] Level 1:colcon.colcon_core.package_discovery:discover_packages(prefix_path) check parameters
[0.969s] Level 1:colcon.colcon_core.package_discovery:discover_packages(prefix_path) discover
[0.972s] DEBUG:colcon.colcon_installed_package_information.package_discovery:Found 6 installed packages in /home/saiubuntu/ros2_ws/install
[0.974s] DEBUG:colcon.colcon_installed_package_information.package_discovery:Found 372 installed packages in /opt/ros/foxy
[0.977s] Level 1:colcon.colcon_core.package_discovery:discover_packages(prefix_path) using defaults
[1.947s] Level 5:colcon.colcon_core.verb:set package 'joy_tester' build argument 'cmake_args' from command line to 'None'
[1.947s] Level 5:colcon.colcon_core.verb:set package 'joy_tester' build argument 'cmake_target' from command line to 'None'
[1.947s] Level 5:colcon.colcon_core.verb:set package 'joy_tester' build argument 'cmake_target_skip_unavailable' from command line to 'False'
[1.947s] Level 5:colcon.colcon_core.verb:set package 'joy_tester' build argument 'cmake_clean_cache' from command line to 'False'
[1.947s] Level 5:colcon.colcon_core.verb:set package 'joy_tester' build argument 'cmake_clean_first' from command line to 'False'
[1.947s] Level 5:colcon.colcon_core.verb:set package 'joy_tester' build argument 'cmake_force_configure' from command line to 'False'
[1.947s] Level 5:colcon.colcon_core.verb:set package 'joy_tester' build argument 'ament_cmake_args' from command line to 'None'
[1.947s] Level 5:colcon.colcon_core.verb:set package 'joy_tester' build argument 'catkin_cmake_args' from command line to 'None'
[1.947s] Level 5:colcon.colcon_core.verb:set package 'joy_tester' build argument 'catkin_skip_building_tests' from command line to 'False'
[1.947s] DEBUG:colcon.colcon_core.verb:Building package 'joy_tester' with the following arguments: {'ament_cmake_args': None, 'build_base': '/home/saiubuntu/ros2_ws/build/joy_tester', 'catkin_cmake_args': None, 'catkin_skip_building_tests': False, 'cmake_args': None, 'cmake_clean_cache': False, 'cmake_clean_first': False, 'cmake_force_configure': False, 'cmake_target': None, 'cmake_target_skip_unavailable': False, 'install_base': '/home/saiubuntu/ros2_ws/install/joy_tester', 'merge_install': False, 'path': '/home/saiubuntu/ros2_ws/joy_tester', 'symlink_install': True, 'test_result_base': None}
[1.948s] Level 5:colcon.colcon_core.verb:set package 'my_bot' build argument 'cmake_args' from command line to 'None'
[1.948s] Level 5:colcon.colcon_core.verb:set package 'my_bot' build argument 'cmake_target' from command line to 'None'
[1.948s] Level 5:colcon.colcon_core.verb:set package 'my_bot' build argument 'cmake_target_skip_unavailable' from command line to 'False'
[1.948s] Level 5:colcon.colcon_core.verb:set package 'my_bot' build argument 'cmake_clean_cache' from command line to 'False'
[1.948s] Level 5:colcon.colcon_core.verb:set package 'my_bot' build argument 'cmake_clean_first' from command line to 'False'
[1.948s] Level 5:colcon.colcon_core.verb:set package 'my_bot' build argument 'cmake_force_configure' from command line to 'False'
[1.948s] Level 5:colcon.colcon_core.verb:set package 'my_bot' build argument 'ament_cmake_args' from command line to 'None'
[1.948s] Level 5:colcon.colcon_core.verb:set package 'my_bot' build argument 'catkin_cmake_args' from command line to 'None'
[1.948s] Level 5:colcon.colcon_core.verb:set package 'my_bot' build argument 'catkin_skip_building_tests' from command line to 'False'
[1.949s] DEBUG:colcon.colcon_core.verb:Building package 'my_bot' with the following arguments: {'ament_cmake_args': None, 'build_base': '/home/saiubuntu/ros2_ws/build/my_bot', 'catkin_cmake_args': None, 'catkin_skip_building_tests': False, 'cmake_args': None, 'cmake_clean_cache': False, 'cmake_clean_first': False, 'cmake_force_configure': False, 'cmake_target': None, 'cmake_target_skip_unavailable': False, 'install_base': '/home/saiubuntu/ros2_ws/install/my_bot', 'merge_install': False, 'path': '/home/saiubuntu/ros2_ws/src/my_bot', 'symlink_install': True, 'test_result_base': None}
[1.949s] Level 5:colcon.colcon_core.verb:set package 'my_robot' build argument 'cmake_args' from command line to 'None'
[1.949s] Level 5:colcon.colcon_core.verb:set package 'my_robot' build argument 'cmake_target' from command line to 'None'
[1.949s] Level 5:colcon.colcon_core.verb:set package 'my_robot' build argument 'cmake_target_skip_unavailable' from command line to 'False'
[1.949s] Level 5:colcon.colcon_core.verb:set package 'my_robot' build argument 'cmake_clean_cache' from command line to 'False'
[1.950s] Level 5:colcon.colcon_core.verb:set package 'my_robot' build argument 'cmake_clean_first' from command line to 'False'
[1.950s] Level 5:colcon.colcon_core.verb:set package 'my_robot' build argument 'cmake_force_configure' from command line to 'False'
[1.950s] Level 5:colcon.colcon_core.verb:set package 'my_robot' build argument 'ament_cmake_args' from command line to 'None'
[1.950s] Level 5:colcon.colcon_core.verb:set package 'my_robot' build argument 'catkin_cmake_args' from command line to 'None'
[1.950s] Level 5:colcon.colcon_core.verb:set package 'my_robot' build argument 'catkin_skip_building_tests' from command line to 'False'
[1.950s] DEBUG:colcon.colcon_core.verb:Building package 'my_robot' with the following arguments: {'ament_cmake_args': None, 'build_base': '/home/saiubuntu/ros2_ws/build/my_robot', 'catkin_cmake_args': None, 'catkin_skip_building_tests': False, 'cmake_args': None, 'cmake_clean_cache': False, 'cmake_clean_first': False, 'cmake_force_configure': False, 'cmake_target': None, 'cmake_target_skip_unavailable': False, 'install_base': '/home/saiubuntu/ros2_ws/install/my_robot', 'merge_install': False, 'path': '/home/saiubuntu/ros2_ws/src/my_robot', 'symlink_install': True, 'test_result_base': None}
[1.950s] Level 5:colcon.colcon_core.verb:set package 'serial_motor_demo_msgs' build argument 'cmake_args' from command line to 'None'
[1.951s] Level 5:colcon.colcon_core.verb:set package 'serial_motor_demo_msgs' build argument 'cmake_target' from command line to 'None'
[1.951s] Level 5:colcon.colcon_core.verb:set package 'serial_motor_demo_msgs' build argument 'cmake_target_skip_unavailable' from command line to 'False'
[1.951s] Level 5:colcon.colcon_core.verb:set package 'serial_motor_demo_msgs' build argument 'cmake_clean_cache' from command line to 'False'
[1.951s] Level 5:colcon.colcon_core.verb:set package 'serial_motor_demo_msgs' build argument 'cmake_clean_first' from command line to 'False'
[1.951s] Level 5:colcon.colcon_core.verb:set package 'serial_motor_demo_msgs' build argument 'cmake_force_configure' from command line to 'False'
[1.951s] Level 5:colcon.colcon_core.verb:set package 'serial_motor_demo_msgs' build argument 'ament_cmake_args' from command line to 'None'
[1.951s] Level 5:colcon.colcon_core.verb:set package 'serial_motor_demo_msgs' build argument 'catkin_cmake_args' from command line to 'None'
[1.951s] Level 5:colcon.colcon_core.verb:set package 'serial_motor_demo_msgs' build argument 'catkin_skip_building_tests' from command line to 'False'
[1.951s] DEBUG:colcon.colcon_core.verb:Building package 'serial_motor_demo_msgs' with the following arguments: {'ament_cmake_args': None, 'build_base': '/home/saiubuntu/ros2_ws/build/serial_motor_demo_msgs', 'catkin_cmake_args': None, 'catkin_skip_building_tests': False, 'cmake_args': None, 'cmake_clean_cache': False, 'cmake_clean_first': False, 'cmake_force_configure': False, 'cmake_target': None, 'cmake_target_skip_unavailable': False, 'install_base': '/home/saiubuntu/ros2_ws/install/serial_motor_demo_msgs', 'merge_install': False, 'path': '/home/saiubuntu/ros2_ws/src/serial_motor_demo/serial_motor_demo_msgs', 'symlink_install': True, 'test_result_base': None}
[1.952s] Level 5:colcon.colcon_core.verb:set package 'sllidar_ros2' build argument 'cmake_args' from command line to 'None'
[1.952s] Level 5:colcon.colcon_core.verb:set package 'sllidar_ros2' build argument 'cmake_target' from command line to 'None'
[1.952s] Level 5:colcon.colcon_core.verb:set package 'sllidar_ros2' build argument 'cmake_target_skip_unavailable' from command line to 'False'
[1.952s] Level 5:colcon.colcon_core.verb:set package 'sllidar_ros2' build argument 'cmake_clean_cache' from command line to 'False'
[1.952s] Level 5:colcon.colcon_core.verb:set package 'sllidar_ros2' build argument 'cmake_clean_first' from command line to 'False'
[1.952s] Level 5:colcon.colcon_core.verb:set package 'sllidar_ros2' build argument 'cmake_force_configure' from command line to 'False'
[1.952s] Level 5:colcon.colcon_core.verb:set package 'sllidar_ros2' build argument 'ament_cmake_args' from command line to 'None'
[1.952s] Level 5:colcon.colcon_core.verb:set package 'sllidar_ros2' build argument 'catkin_cmake_args' from command line to 'None'
[1.952s] Level 5:colcon.colcon_core.verb:set package 'sllidar_ros2' build argument 'catkin_skip_building_tests' from command line to 'False'
[1.952s] DEBUG:colcon.colcon_core.verb:Building package 'sllidar_ros2' with the following arguments: {'ament_cmake_args': None, 'build_base': '/home/saiubuntu/ros2_ws/build/sllidar_ros2', 'catkin_cmake_args': None, 'catkin_skip_building_tests': False, 'cmake_args': None, 'cmake_clean_cache': False, 'cmake_clean_first': False, 'cmake_force_configure': False, 'cmake_target': None, 'cmake_target_skip_unavailable': False, 'install_base': '/home/saiubuntu/ros2_ws/install/sllidar_ros2', 'merge_install': False, 'path': '/home/saiubuntu/ros2_ws/src/sllidar_ros2', 'symlink_install': True, 'test_result_base': None}
[1.953s] Level 5:colcon.colcon_core.verb:set package 'serial_motor_demo' build argument 'cmake_args' from command line to 'None'
[1.953s] Level 5:colcon.colcon_core.verb:set package 'serial_motor_demo' build argument 'cmake_target' from command line to 'None'
[1.953s] Level 5:colcon.colcon_core.verb:set package 'serial_motor_demo' build argument 'cmake_target_skip_unavailable' from command line to 'False'
[1.953s] Level 5:colcon.colcon_core.verb:set package 'serial_motor_demo' build argument 'cmake_clean_cache' from command line to 'False'
[1.953s] Level 5:colcon.colcon_core.verb:set package 'serial_motor_demo' build argument 'cmake_clean_first' from command line to 'False'
[1.953s] Level 5:colcon.colcon_core.verb:set package 'serial_motor_demo' build argument 'cmake_force_configure' from command line to 'False'
[1.953s] Level 5:colcon.colcon_core.verb:set package 'serial_motor_demo' build argument 'ament_cmake_args' from command line to 'None'
[1.953s] Level 5:colcon.colcon_core.verb:set package 'serial_motor_demo' build argument 'catkin_cmake_args' from command line to 'None'
[1.953s] Level 5:colcon.colcon_core.verb:set package 'serial_motor_demo' build argument 'catkin_skip_building_tests' from command line to 'False'
[1.953s] DEBUG:colcon.colcon_core.verb:Building package 'serial_motor_demo' with the following arguments: {'ament_cmake_args': None, 'build_base': '/home/saiubuntu/ros2_ws/build/serial_motor_demo', 'catkin_cmake_args': None, 'catkin_skip_building_tests': False, 'cmake_args': None, 'cmake_clean_cache': False, 'cmake_clean_first': False, 'cmake_force_configure': False, 'cmake_target': None, 'cmake_target_skip_unavailable': False, 'install_base': '/home/saiubuntu/ros2_ws/install/serial_motor_demo', 'merge_install': False, 'path': '/home/saiubuntu/ros2_ws/src/serial_motor_demo/serial_motor_demo', 'symlink_install': True, 'test_result_base': None}
[1.953s] INFO:colcon.colcon_core.executor:Executing jobs using 'parallel' executor
[1.955s] DEBUG:colcon.colcon_parallel_executor.executor.parallel:run_until_complete
[1.955s] INFO:colcon.colcon_ros.task.ament_cmake.build:Building ROS package in '/home/saiubuntu/ros2_ws/src/serial_motor_demo/serial_motor_demo_msgs' with build type 'ament_cmake'
[1.955s] INFO:colcon.colcon_cmake.task.cmake.build:Building CMake package in '/home/saiubuntu/ros2_ws/src/serial_motor_demo/serial_motor_demo_msgs'
[1.961s] INFO:colcon.colcon_core.plugin_system:Skipping extension 'colcon_core.shell.bat': Not used on non-Windows systems
[1.961s] INFO:colcon.colcon_core.shell:Skip shell extension 'powershell' for command environment: Not usable outside of PowerShell
[1.962s] DEBUG:colcon.colcon_core.shell:Skip shell extension 'dsv' for command environment
[1.968s] INFO:colcon.colcon_ros.task.ament_python.build:Building ROS package in '/home/saiubuntu/ros2_ws/joy_tester' with build type 'ament_python'
[1.968s] Level 1:colcon.colcon_core.shell:create_environment_hook('joy_tester', 'ament_prefix_path')
[1.969s] INFO:colcon.colcon_core.shell:Creating environment hook '/home/saiubuntu/ros2_ws/install/joy_tester/share/joy_tester/hook/ament_prefix_path.ps1'
[2.008s] INFO:colcon.colcon_core.shell:Creating environment descriptor '/home/saiubuntu/ros2_ws/install/joy_tester/share/joy_tester/hook/ament_prefix_path.dsv'
[2.009s] INFO:colcon.colcon_core.shell:Creating environment hook '/home/saiubuntu/ros2_ws/install/joy_tester/share/joy_tester/hook/ament_prefix_path.sh'
[2.011s] INFO:colcon.colcon_core.shell:Skip shell extension 'powershell' for command environment: Not usable outside of PowerShell
[2.011s] DEBUG:colcon.colcon_core.shell:Skip shell extension 'dsv' for command environment
[2.017s] INFO:colcon.colcon_ros.task.ament_cmake.build:Building ROS package in '/home/saiubuntu/ros2_ws/src/my_bot' with build type 'ament_cmake'
[2.017s] INFO:colcon.colcon_cmake.task.cmake.build:Building CMake package in '/home/saiubuntu/ros2_ws/src/my_bot'
[2.017s] INFO:colcon.colcon_core.shell:Skip shell extension 'powershell' for command environment: Not usable outside of PowerShell
[2.017s] DEBUG:colcon.colcon_core.shell:Skip shell extension 'dsv' for command environment
[2.023s] INFO:colcon.colcon_ros.task.ament_python.build:Building ROS package in '/home/saiubuntu/ros2_ws/src/my_robot' with build type 'ament_python'
[2.024s] Level 1:colcon.colcon_core.shell:create_environment_hook('my_robot', 'ament_prefix_path')
[2.024s] INFO:colcon.colcon_core.shell:Creating environment hook '/home/saiubuntu/ros2_ws/install/my_robot/share/my_robot/hook/ament_prefix_path.ps1'
[2.025s] INFO:colcon.colcon_core.shell:Creating environment descriptor '/home/saiubuntu/ros2_ws/install/my_robot/share/my_robot/hook/ament_prefix_path.dsv'
[2.025s] INFO:colcon.colcon_core.shell:Creating environment hook '/home/saiubuntu/ros2_ws/install/my_robot/share/my_robot/hook/ament_prefix_path.sh'
[2.026s] INFO:colcon.colcon_core.shell:Skip shell extension 'powershell' for command environment: Not usable outside of PowerShell
[2.026s] DEBUG:colcon.colcon_core.shell:Skip shell extension 'dsv' for command environment
[2.032s] INFO:colcon.colcon_ros.task.ament_cmake.build:Building ROS package in '/home/saiubuntu/ros2_ws/src/sllidar_ros2' with build type 'ament_cmake'
[2.032s] INFO:colcon.colcon_cmake.task.cmake.build:Building CMake package in '/home/saiubuntu/ros2_ws/src/sllidar_ros2'
[2.033s] INFO:colcon.colcon_core.shell:Skip shell extension 'powershell' for command environment: Not usable outside of PowerShell
[2.033s] DEBUG:colcon.colcon_core.shell:Skip shell extension 'dsv' for command environment
[2.112s] DEBUG:colcon.colcon_core.event_handler.log_command:Invoking command in '/home/saiubuntu/ros2_ws/build/serial_motor_demo_msgs': CMAKE_PREFIX_PATH=${CMAKE_PREFIX_PATH}:/home/saiubuntu/ros2_ws/install/serial_motor_demo:/home/saiubuntu/ros2_ws/install/my_robot:/opt/ros/foxy /usr/bin/cmake --build /home/saiubuntu/ros2_ws/build/serial_motor_demo_msgs -- -j8 -l8
[2.518s] INFO:colcon.colcon_core.task.python.build:Building Python package in '/home/saiubuntu/ros2_ws/joy_tester'
[2.519s] INFO:colcon.colcon_core.shell:Skip shell extension 'powershell' for command environment: Not usable outside of PowerShell
[2.519s] DEBUG:colcon.colcon_core.shell:Skip shell extension 'dsv' for command environment
[2.592s] DEBUG:colcon.colcon_core.event_handler.log_command:Invoking command in '/home/saiubuntu/ros2_ws/build/my_bot': CMAKE_PREFIX_PATH=${CMAKE_PREFIX_PATH}:/home/saiubuntu/ros2_ws/install/serial_motor_demo:/home/saiubuntu/ros2_ws/install/my_robot:/opt/ros/foxy /usr/bin/cmake --build /home/saiubuntu/ros2_ws/build/my_bot -- -j8 -l8
[2.854s] INFO:colcon.colcon_core.task.python.build:Building Python package in '/home/saiubuntu/ros2_ws/src/my_robot'
[2.854s] INFO:colcon.colcon_core.shell:Skip shell extension 'powershell' for command environment: Not usable outside of PowerShell
[2.854s] DEBUG:colcon.colcon_core.shell:Skip shell extension 'dsv' for command environment
[2.876s] DEBUG:colcon.colcon_core.event_handler.log_command:Invoking command in '/home/saiubuntu/ros2_ws/build/sllidar_ros2': CMAKE_PREFIX_PATH=${CMAKE_PREFIX_PATH}:/home/saiubuntu/ros2_ws/install/serial_motor_demo:/home/saiubuntu/ros2_ws/install/my_robot:/opt/ros/foxy /usr/bin/cmake --build /home/saiubuntu/ros2_ws/build/sllidar_ros2 -- -j8 -l8
[2.880s] DEBUG:colcon.colcon_core.event_handler.log_command:Invoked command in '/home/saiubuntu/ros2_ws/build/my_bot' returned '0': CMAKE_PREFIX_PATH=${CMAKE_PREFIX_PATH}:/home/saiubuntu/ros2_ws/install/serial_motor_demo:/home/saiubuntu/ros2_ws/install/my_robot:/opt/ros/foxy /usr/bin/cmake --build /home/saiubuntu/ros2_ws/build/my_bot -- -j8 -l8
[2.924s] DEBUG:colcon.colcon_core.event_handler.log_command:Invoking command in '/home/saiubuntu/ros2_ws/build/my_bot': CMAKE_PREFIX_PATH=${CMAKE_PREFIX_PATH}:/home/saiubuntu/ros2_ws/install/serial_motor_demo:/home/saiubuntu/ros2_ws/install/my_robot:/opt/ros/foxy /usr/bin/cmake --install /home/saiubuntu/ros2_ws/build/my_bot
[3.551s] Level 1:colcon.colcon_core.environment:create_environment_scripts_only(my_bot)
[3.552s] DEBUG:colcon.colcon_core.event_handler.log_command:Invoked command in '/home/saiubuntu/ros2_ws/build/my_bot' returned '0': CMAKE_PREFIX_PATH=${CMAKE_PREFIX_PATH}:/home/saiubuntu/ros2_ws/install/serial_motor_demo:/home/saiubuntu/ros2_ws/install/my_robot:/opt/ros/foxy /usr/bin/cmake --install /home/saiubuntu/ros2_ws/build/my_bot
[4.058s] Level 1:colcon.colcon_core.environment:checking '/home/saiubuntu/ros2_ws/install/my_bot' for CMake module files
[4.059s] Level 1:colcon.colcon_core.environment:checking '/home/saiubuntu/ros2_ws/install/my_bot' for CMake config files
[4.097s] Level 1:colcon.colcon_core.shell:create_environment_hook('my_bot', 'cmake_prefix_path')
[4.099s] INFO:colcon.colcon_core.shell:Creating environment hook '/home/saiubuntu/ros2_ws/install/my_bot/share/my_bot/hook/cmake_prefix_path.ps1'
[4.101s] INFO:colcon.colcon_core.shell:Creating environment descriptor '/home/saiubuntu/ros2_ws/install/my_bot/share/my_bot/hook/cmake_prefix_path.dsv'
[4.102s] INFO:colcon.colcon_core.shell:Creating environment hook '/home/saiubuntu/ros2_ws/install/my_bot/share/my_bot/hook/cmake_prefix_path.sh'
[4.105s] Level 1:colcon.colcon_core.environment:checking '/home/saiubuntu/ros2_ws/install/my_bot/bin'
[4.106s] Level 1:colcon.colcon_core.environment:checking '/home/saiubuntu/ros2_ws/install/my_bot/lib/pkgconfig/my_bot.pc'
[4.107s] Level 1:colcon.colcon_core.environment:checking '/home/saiubuntu/ros2_ws/install/my_bot/lib/python3.8/site-packages'
[4.108s] Level 1:colcon.colcon_core.environment:checking '/home/saiubuntu/ros2_ws/install/my_bot/bin'
[4.109s] INFO:colcon.colcon_core.shell:Creating package script '/home/saiubuntu/ros2_ws/install/my_bot/share/my_bot/package.ps1'
[4.155s] INFO:colcon.colcon_core.shell:Creating package descriptor '/home/saiubuntu/ros2_ws/install/my_bot/share/my_bot/package.dsv'
[4.173s] INFO:colcon.colcon_core.shell:Creating package script '/home/saiubuntu/ros2_ws/install/my_bot/share/my_bot/package.sh'
[4.177s] INFO:colcon.colcon_core.shell:Creating package script '/home/saiubuntu/ros2_ws/install/my_bot/share/my_bot/package.bash'
[4.202s] INFO:colcon.colcon_core.shell:Creating package script '/home/saiubuntu/ros2_ws/install/my_bot/share/my_bot/package.zsh'
[4.233s] Level 1:colcon.colcon_core.environment:create_file_with_runtime_dependencies(/home/saiubuntu/ros2_ws/install/my_bot/share/colcon-core/packages/my_bot)
[4.245s] DEBUG:colcon.colcon_core.event_handler.log_command:Invoked command in '/home/saiubuntu/ros2_ws/build/serial_motor_demo_msgs' returned '0': CMAKE_PREFIX_PATH=${CMAKE_PREFIX_PATH}:/home/saiubuntu/ros2_ws/install/serial_motor_demo:/home/saiubuntu/ros2_ws/install/my_robot:/opt/ros/foxy /usr/bin/cmake --build /home/saiubuntu/ros2_ws/build/serial_motor_demo_msgs -- -j8 -l8
[4.253s] DEBUG:colcon.colcon_core.event_handler.log_command:Invoked command in '/home/saiubuntu/ros2_ws/build/sllidar_ros2' returned '0': CMAKE_PREFIX_PATH=${CMAKE_PREFIX_PATH}:/home/saiubuntu/ros2_ws/install/serial_motor_demo:/home/saiubuntu/ros2_ws/install/my_robot:/opt/ros/foxy /usr/bin/cmake --build /home/saiubuntu/ros2_ws/build/sllidar_ros2 -- -j8 -l8
[4.273s] Level 1:colcon.colcon_core.environment:create_environment_scripts_only(my_bot)
[4.274s] Level 1:colcon.colcon_core.environment:checking '/home/saiubuntu/ros2_ws/install/my_bot' for CMake module files
[4.275s] Level 1:colcon.colcon_core.environment:checking '/home/saiubuntu/ros2_ws/install/my_bot' for CMake config files
[4.276s] Level 1:colcon.colcon_core.shell:create_environment_hook('my_bot', 'cmake_prefix_path')
[4.276s] INFO:colcon.colcon_core.shell:Creating environment hook '/home/saiubuntu/ros2_ws/install/my_bot/share/my_bot/hook/cmake_prefix_path.ps1'
[4.277s] INFO:colcon.colcon_core.shell:Creating environment descriptor '/home/saiubuntu/ros2_ws/install/my_bot/share/my_bot/hook/cmake_prefix_path.dsv'
[4.277s] INFO:colcon.colcon_core.shell:Creating environment hook '/home/saiubuntu/ros2_ws/install/my_bot/share/my_bot/hook/cmake_prefix_path.sh'
[4.278s] Level 1:colcon.colcon_core.environment:checking '/home/saiubuntu/ros2_ws/install/my_bot/bin'
[4.278s] Level 1:colcon.colcon_core.environment:checking '/home/saiubuntu/ros2_ws/install/my_bot/lib/pkgconfig/my_bot.pc'
[4.278s] Level 1:colcon.colcon_core.environment:checking '/home/saiubuntu/ros2_ws/install/my_bot/lib/python3.8/site-packages'
[4.278s] Level 1:colcon.colcon_core.environment:checking '/home/saiubuntu/ros2_ws/install/my_bot/bin'
[4.279s] INFO:colcon.colcon_core.shell:Creating package script '/home/saiubuntu/ros2_ws/install/my_bot/share/my_bot/package.ps1'
[4.280s] INFO:colcon.colcon_core.shell:Creating package descriptor '/home/saiubuntu/ros2_ws/install/my_bot/share/my_bot/package.dsv'
[4.280s] INFO:colcon.colcon_core.shell:Creating package script '/home/saiubuntu/ros2_ws/install/my_bot/share/my_bot/package.sh'
[4.280s] INFO:colcon.colcon_core.shell:Creating package script '/home/saiubuntu/ros2_ws/install/my_bot/share/my_bot/package.bash'
[4.281s] INFO:colcon.colcon_core.shell:Creating package script '/home/saiubuntu/ros2_ws/install/my_bot/share/my_bot/package.zsh'
[4.281s] Level 1:colcon.colcon_core.environment:create_file_with_runtime_dependencies(/home/saiubuntu/ros2_ws/install/my_bot/share/colcon-core/packages/my_bot)
[4.315s] DEBUG:colcon.colcon_core.event_handler.log_command:Invoking command in '/home/saiubuntu/ros2_ws/build/sllidar_ros2': CMAKE_PREFIX_PATH=${CMAKE_PREFIX_PATH}:/home/saiubuntu/ros2_ws/install/serial_motor_demo:/home/saiubuntu/ros2_ws/install/my_robot:/opt/ros/foxy /usr/bin/cmake --install /home/saiubuntu/ros2_ws/build/sllidar_ros2
[4.334s] DEBUG:colcon.colcon_core.event_handler.log_command:Invoking command in '/home/saiubuntu/ros2_ws/build/serial_motor_demo_msgs': CMAKE_PREFIX_PATH=${CMAKE_PREFIX_PATH}:/home/saiubuntu/ros2_ws/install/serial_motor_demo:/home/saiubuntu/ros2_ws/install/my_robot:/opt/ros/foxy /usr/bin/cmake --install /home/saiubuntu/ros2_ws/build/serial_motor_demo_msgs
[4.493s] Level 1:colcon.colcon_core.environment:create_environment_scripts_only(sllidar_ros2)
[4.494s] Level 1:colcon.colcon_core.environment:checking '/home/saiubuntu/ros2_ws/install/sllidar_ros2' for CMake module files
[4.494s] DEBUG:colcon.colcon_core.event_handler.log_command:Invoked command in '/home/saiubuntu/ros2_ws/build/sllidar_ros2' returned '0': CMAKE_PREFIX_PATH=${CMAKE_PREFIX_PATH}:/home/saiubuntu/ros2_ws/install/serial_motor_demo:/home/saiubuntu/ros2_ws/install/my_robot:/opt/ros/foxy /usr/bin/cmake --install /home/saiubuntu/ros2_ws/build/sllidar_ros2
[4.495s] Level 1:colcon.colcon_core.environment:checking '/home/saiubuntu/ros2_ws/install/sllidar_ros2' for CMake config files
[4.495s] Level 1:colcon.colcon_core.shell:create_environment_hook('sllidar_ros2', 'cmake_prefix_path')
[4.495s] INFO:colcon.colcon_core.shell:Creating environment hook '/home/saiubuntu/ros2_ws/install/sllidar_ros2/share/sllidar_ros2/hook/cmake_prefix_path.ps1'
[4.496s] INFO:colcon.colcon_core.shell:Creating environment descriptor '/home/saiubuntu/ros2_ws/install/sllidar_ros2/share/sllidar_ros2/hook/cmake_prefix_path.dsv'
[4.496s] INFO:colcon.colcon_core.shell:Creating environment hook '/home/saiubuntu/ros2_ws/install/sllidar_ros2/share/sllidar_ros2/hook/cmake_prefix_path.sh'
[4.497s] Level 1:colcon.colcon_core.environment:checking '/home/saiubuntu/ros2_ws/install/sllidar_ros2/lib'
[4.497s] Level 1:colcon.colcon_core.environment:checking '/home/saiubuntu/ros2_ws/install/sllidar_ros2/bin'
[4.497s] Level 1:colcon.colcon_core.environment:checking '/home/saiubuntu/ros2_ws/install/sllidar_ros2/lib/pkgconfig/sllidar_ros2.pc'
[4.498s] Level 1:colcon.colcon_core.environment:checking '/home/saiubuntu/ros2_ws/install/sllidar_ros2/lib/python3.8/site-packages'
[4.498s] Level 1:colcon.colcon_core.environment:checking '/home/saiubuntu/ros2_ws/install/sllidar_ros2/bin'
[4.498s] INFO:colcon.colcon_core.shell:Creating package script '/home/saiubuntu/ros2_ws/install/sllidar_ros2/share/sllidar_ros2/package.ps1'
[4.498s] INFO:colcon.colcon_core.shell:Creating package descriptor '/home/saiubuntu/ros2_ws/install/sllidar_ros2/share/sllidar_ros2/package.dsv'
[4.499s] INFO:colcon.colcon_core.shell:Creating package script '/home/saiubuntu/ros2_ws/install/sllidar_ros2/share/sllidar_ros2/package.sh'
[4.499s] INFO:colcon.colcon_core.shell:Creating package script '/home/saiubuntu/ros2_ws/install/sllidar_ros2/share/sllidar_ros2/package.bash'
[4.499s] INFO:colcon.colcon_core.shell:Creating package script '/home/saiubuntu/ros2_ws/install/sllidar_ros2/share/sllidar_ros2/package.zsh'
[4.500s] Level 1:colcon.colcon_core.environment:create_file_with_runtime_dependencies(/home/saiubuntu/ros2_ws/install/sllidar_ros2/share/colcon-core/packages/sllidar_ros2)
[4.543s] Level 1:colcon.colcon_core.environment:create_environment_scripts_only(serial_motor_demo_msgs)
[4.544s] DEBUG:colcon.colcon_core.event_handler.log_command:Invoked command in '/home/saiubuntu/ros2_ws/build/serial_motor_demo_msgs' returned '0': CMAKE_PREFIX_PATH=${CMAKE_PREFIX_PATH}:/home/saiubuntu/ros2_ws/install/serial_motor_demo:/home/saiubuntu/ros2_ws/install/my_robot:/opt/ros/foxy /usr/bin/cmake --install /home/saiubuntu/ros2_ws/build/serial_motor_demo_msgs
[4.544s] Level 1:colcon.colcon_core.environment:checking '/home/saiubuntu/ros2_ws/install/serial_motor_demo_msgs' for CMake module files
[4.545s] Level 1:colcon.colcon_core.environment:checking '/home/saiubuntu/ros2_ws/install/serial_motor_demo_msgs' for CMake config files
[4.545s] Level 1:colcon.colcon_core.shell:create_environment_hook('serial_motor_demo_msgs', 'cmake_prefix_path')
[4.546s] INFO:colcon.colcon_core.shell:Creating environment hook '/home/saiubuntu/ros2_ws/install/serial_motor_demo_msgs/share/serial_motor_demo_msgs/hook/cmake_prefix_path.ps1'
[4.546s] INFO:colcon.colcon_core.shell:Creating environment descriptor '/home/saiubuntu/ros2_ws/install/serial_motor_demo_msgs/share/serial_motor_demo_msgs/hook/cmake_prefix_path.dsv'
[4.547s] INFO:colcon.colcon_core.shell:Creating environment hook '/home/saiubuntu/ros2_ws/install/serial_motor_demo_msgs/share/serial_motor_demo_msgs/hook/cmake_prefix_path.sh'
[4.547s] Level 1:colcon.colcon_core.environment:checking '/home/saiubuntu/ros2_ws/install/serial_motor_demo_msgs/lib'
[4.547s] Level 1:colcon.colcon_core.shell:create_environment_hook('serial_motor_demo_msgs', 'ld_library_path_lib')
[4.548s] INFO:colcon.colcon_core.shell:Creating environment hook '/home/saiubuntu/ros2_ws/install/serial_motor_demo_msgs/share/serial_motor_demo_msgs/hook/ld_library_path_lib.ps1'
[4.548s] INFO:colcon.colcon_core.shell:Creating environment descriptor '/home/saiubuntu/ros2_ws/install/serial_motor_demo_msgs/share/serial_motor_demo_msgs/hook/ld_library_path_lib.dsv'
[4.548s] INFO:colcon.colcon_core.shell:Creating environment hook '/home/saiubuntu/ros2_ws/install/serial_motor_demo_msgs/share/serial_motor_demo_msgs/hook/ld_library_path_lib.sh'
[4.549s] Level 1:colcon.colcon_core.environment:checking '/home/saiubuntu/ros2_ws/install/serial_motor_demo_msgs/bin'
[4.549s] Level 1:colcon.colcon_core.environment:checking '/home/saiubuntu/ros2_ws/install/serial_motor_demo_msgs/lib/pkgconfig/serial_motor_demo_msgs.pc'
[4.549s] Level 1:colcon.colcon_core.environment:checking '/home/saiubuntu/ros2_ws/install/serial_motor_demo_msgs/lib/python3.8/site-packages'
[4.549s] Level 1:colcon.colcon_core.shell:create_environment_hook('serial_motor_demo_msgs', 'pythonpath')
[4.549s] INFO:colcon.colcon_core.shell:Creating environment hook '/home/saiubuntu/ros2_ws/install/serial_motor_demo_msgs/share/serial_motor_demo_msgs/hook/pythonpath.ps1'
[4.550s] INFO:colcon.colcon_core.shell:Creating environment descriptor '/home/saiubuntu/ros2_ws/install/serial_motor_demo_msgs/share/serial_motor_demo_msgs/hook/pythonpath.dsv'
[4.550s] INFO:colcon.colcon_core.shell:Creating environment hook '/home/saiubuntu/ros2_ws/install/serial_motor_demo_msgs/share/serial_motor_demo_msgs/hook/pythonpath.sh'
[4.550s] Level 1:colcon.colcon_core.environment:checking '/home/saiubuntu/ros2_ws/install/serial_motor_demo_msgs/bin'
[4.551s] INFO:colcon.colcon_core.shell:Creating package script '/home/saiubuntu/ros2_ws/install/serial_motor_demo_msgs/share/serial_motor_demo_msgs/package.ps1'
[4.552s] INFO:colcon.colcon_core.shell:Creating package descriptor '/home/saiubuntu/ros2_ws/install/serial_motor_demo_msgs/share/serial_motor_demo_msgs/package.dsv'
[4.552s] INFO:colcon.colcon_core.shell:Creating package script '/home/saiubuntu/ros2_ws/install/serial_motor_demo_msgs/share/serial_motor_demo_msgs/package.sh'
[4.552s] INFO:colcon.colcon_core.shell:Creating package script '/home/saiubuntu/ros2_ws/install/serial_motor_demo_msgs/share/serial_motor_demo_msgs/package.bash'
[4.553s] INFO:colcon.colcon_core.shell:Creating package script '/home/saiubuntu/ros2_ws/install/serial_motor_demo_msgs/share/serial_motor_demo_msgs/package.zsh'
[4.553s] Level 1:colcon.colcon_core.environment:create_file_with_runtime_dependencies(/home/saiubuntu/ros2_ws/install/serial_motor_demo_msgs/share/colcon-core/packages/serial_motor_demo_msgs)
[4.556s] Level 1:colcon.colcon_core.environment:create_environment_scripts_only(sllidar_ros2)
[4.557s] Level 1:colcon.colcon_core.environment:checking '/home/saiubuntu/ros2_ws/install/sllidar_ros2' for CMake module files
[4.557s] Level 1:colcon.colcon_core.environment:checking '/home/saiubuntu/ros2_ws/install/sllidar_ros2' for CMake config files
[4.558s] Level 1:colcon.colcon_core.shell:create_environment_hook('sllidar_ros2', 'cmake_prefix_path')
[4.558s] INFO:colcon.colcon_core.shell:Creating environment hook '/home/saiubuntu/ros2_ws/install/sllidar_ros2/share/sllidar_ros2/hook/cmake_prefix_path.ps1'
[4.558s] INFO:colcon.colcon_core.shell:Creating environment descriptor '/home/saiubuntu/ros2_ws/install/sllidar_ros2/share/sllidar_ros2/hook/cmake_prefix_path.dsv'
[4.559s] INFO:colcon.colcon_core.shell:Creating environment hook '/home/saiubuntu/ros2_ws/install/sllidar_ros2/share/sllidar_ros2/hook/cmake_prefix_path.sh'
[4.559s] Level 1:colcon.colcon_core.environment:checking '/home/saiubuntu/ros2_ws/install/sllidar_ros2/lib'
[4.559s] Level 1:colcon.colcon_core.environment:checking '/home/saiubuntu/ros2_ws/install/sllidar_ros2/bin'
[4.559s] Level 1:colcon.colcon_core.environment:checking '/home/saiubuntu/ros2_ws/install/sllidar_ros2/lib/pkgconfig/sllidar_ros2.pc'
[4.560s] Level 1:colcon.colcon_core.environment:checking '/home/saiubuntu/ros2_ws/install/sllidar_ros2/lib/python3.8/site-packages'
[4.560s] Level 1:colcon.colcon_core.environment:checking '/home/saiubuntu/ros2_ws/install/sllidar_ros2/bin'
[4.560s] INFO:colcon.colcon_core.shell:Creating package script '/home/saiubuntu/ros2_ws/install/sllidar_ros2/share/sllidar_ros2/package.ps1'
[4.561s] INFO:colcon.colcon_core.shell:Creating package descriptor '/home/saiubuntu/ros2_ws/install/sllidar_ros2/share/sllidar_ros2/package.dsv'
[4.561s] INFO:colcon.colcon_core.shell:Creating package script '/home/saiubuntu/ros2_ws/install/sllidar_ros2/share/sllidar_ros2/package.sh'
[4.561s] INFO:colcon.colcon_core.shell:Creating package script '/home/saiubuntu/ros2_ws/install/sllidar_ros2/share/sllidar_ros2/package.bash'
[4.562s] INFO:colcon.colcon_core.shell:Creating package script '/home/saiubuntu/ros2_ws/install/sllidar_ros2/share/sllidar_ros2/package.zsh'
[4.562s] Level 1:colcon.colcon_core.environment:create_file_with_runtime_dependencies(/home/saiubuntu/ros2_ws/install/sllidar_ros2/share/colcon-core/packages/sllidar_ros2)
[4.626s] Level 1:colcon.colcon_core.environment:create_environment_scripts_only(serial_motor_demo_msgs)
[4.626s] Level 1:colcon.colcon_core.environment:checking '/home/saiubuntu/ros2_ws/install/serial_motor_demo_msgs' for CMake module files
[4.627s] Level 1:colcon.colcon_core.environment:checking '/home/saiubuntu/ros2_ws/install/serial_motor_demo_msgs' for CMake config files
[4.627s] Level 1:colcon.colcon_core.shell:create_environment_hook('serial_motor_demo_msgs', 'cmake_prefix_path')
[4.628s] INFO:colcon.colcon_core.shell:Creating environment hook '/home/saiubuntu/ros2_ws/install/serial_motor_demo_msgs/share/serial_motor_demo_msgs/hook/cmake_prefix_path.ps1'
[4.628s] INFO:colcon.colcon_core.shell:Creating environment descriptor '/home/saiubuntu/ros2_ws/install/serial_motor_demo_msgs/share/serial_motor_demo_msgs/hook/cmake_prefix_path.dsv'
[4.628s] INFO:colcon.colcon_core.shell:Creating environment hook '/home/saiubuntu/ros2_ws/install/serial_motor_demo_msgs/share/serial_motor_demo_msgs/hook/cmake_prefix_path.sh'
[4.629s] Level 1:colcon.colcon_core.environment:checking '/home/saiubuntu/ros2_ws/install/serial_motor_demo_msgs/lib'
[4.629s] Level 1:colcon.colcon_core.shell:create_environment_hook('serial_motor_demo_msgs', 'ld_library_path_lib')
[4.629s] INFO:colcon.colcon_core.shell:Creating environment hook '/home/saiubuntu/ros2_ws/install/serial_motor_demo_msgs/share/serial_motor_demo_msgs/hook/ld_library_path_lib.ps1'
[4.630s] INFO:colcon.colcon_core.shell:Creating environment descriptor '/home/saiubuntu/ros2_ws/install/serial_motor_demo_msgs/share/serial_motor_demo_msgs/hook/ld_library_path_lib.dsv'
[4.630s] INFO:colcon.colcon_core.shell:Creating environment hook '/home/saiubuntu/ros2_ws/install/serial_motor_demo_msgs/share/serial_motor_demo_msgs/hook/ld_library_path_lib.sh'
[4.630s] Level 1:colcon.colcon_core.environment:checking '/home/saiubuntu/ros2_ws/install/serial_motor_demo_msgs/bin'
[4.631s] Level 1:colcon.colcon_core.environment:checking '/home/saiubuntu/ros2_ws/install/serial_motor_demo_msgs/lib/pkgconfig/serial_motor_demo_msgs.pc'
[4.631s] Level 1:colcon.colcon_core.environment:checking '/home/saiubuntu/ros2_ws/install/serial_motor_demo_msgs/lib/python3.8/site-packages'
[4.631s] Level 1:colcon.colcon_core.shell:create_environment_hook('serial_motor_demo_msgs', 'pythonpath')
[4.631s] INFO:colcon.colcon_core.shell:Creating environment hook '/home/saiubuntu/ros2_ws/install/serial_motor_demo_msgs/share/serial_motor_demo_msgs/hook/pythonpath.ps1'
[4.632s] INFO:colcon.colcon_core.shell:Creating environment descriptor '/home/saiubuntu/ros2_ws/install/serial_motor_demo_msgs/share/serial_motor_demo_msgs/hook/pythonpath.dsv'
[4.632s] INFO:colcon.colcon_core.shell:Creating environment hook '/home/saiubuntu/ros2_ws/install/serial_motor_demo_msgs/share/serial_motor_demo_msgs/hook/pythonpath.sh'
[4.633s] Level 1:colcon.colcon_core.environment:checking '/home/saiubuntu/ros2_ws/install/serial_motor_demo_msgs/bin'
[4.633s] INFO:colcon.colcon_core.shell:Creating package script '/home/saiubuntu/ros2_ws/install/serial_motor_demo_msgs/share/serial_motor_demo_msgs/package.ps1'
[4.634s] INFO:colcon.colcon_core.shell:Creating package descriptor '/home/saiubuntu/ros2_ws/install/serial_motor_demo_msgs/share/serial_motor_demo_msgs/package.dsv'
[4.634s] INFO:colcon.colcon_core.shell:Creating package script '/home/saiubuntu/ros2_ws/install/serial_motor_demo_msgs/share/serial_motor_demo_msgs/package.sh'
[4.635s] INFO:colcon.colcon_core.shell:Creating package script '/home/saiubuntu/ros2_ws/install/serial_motor_demo_msgs/share/serial_motor_demo_msgs/package.bash'
[4.636s] INFO:colcon.colcon_core.shell:Creating package script '/home/saiubuntu/ros2_ws/install/serial_motor_demo_msgs/share/serial_motor_demo_msgs/package.zsh'
[4.636s] Level 1:colcon.colcon_core.environment:create_file_with_runtime_dependencies(/home/saiubuntu/ros2_ws/install/serial_motor_demo_msgs/share/colcon-core/packages/serial_motor_demo_msgs)
[4.637s] INFO:colcon.colcon_ros.task.ament_python.build:Building ROS package in '/home/saiubuntu/ros2_ws/src/serial_motor_demo/serial_motor_demo' with build type 'ament_python'
[4.637s] Level 1:colcon.colcon_core.shell:create_environment_hook('serial_motor_demo', 'ament_prefix_path')
[4.637s] INFO:colcon.colcon_core.shell:Creating environment hook '/home/saiubuntu/ros2_ws/install/serial_motor_demo/share/serial_motor_demo/hook/ament_prefix_path.ps1'
[4.637s] INFO:colcon.colcon_core.shell:Creating environment descriptor '/home/saiubuntu/ros2_ws/install/serial_motor_demo/share/serial_motor_demo/hook/ament_prefix_path.dsv'
[4.638s] INFO:colcon.colcon_core.shell:Creating environment hook '/home/saiubuntu/ros2_ws/install/serial_motor_demo/share/serial_motor_demo/hook/ament_prefix_path.sh'
[4.638s] INFO:colcon.colcon_core.shell:Skip shell extension 'powershell' for command environment: Not usable outside of PowerShell
[4.638s] DEBUG:colcon.colcon_core.shell:Skip shell extension 'dsv' for command environment
[4.977s] INFO:colcon.colcon_core.task.python.build:Building Python package in '/home/saiubuntu/ros2_ws/src/serial_motor_demo/serial_motor_demo'
[4.977s] INFO:colcon.colcon_core.shell:Skip shell extension 'powershell' for command environment: Not usable outside of PowerShell
[4.978s] DEBUG:colcon.colcon_core.shell:Skip shell extension 'dsv' for command environment
[5.051s] DEBUG:colcon.colcon_core.event_handler.log_command:Invoking command in '/home/saiubuntu/ros2_ws/build/my_robot': PYTHONPATH=/home/saiubuntu/ros2_ws/build/my_robot/prefix_override:/home/saiubuntu/ros2_ws/install/my_robot/lib/python3.8/site-packages:${PYTHONPATH} /usr/bin/python3 -W ignore:setup.py install is deprecated setup.py develop --editable --build-directory /home/saiubuntu/ros2_ws/build/my_robot/build --no-deps symlink_data
[5.061s] DEBUG:colcon.colcon_core.event_handler.log_command:Invoking command in '/home/saiubuntu/ros2_ws/build/joy_tester': PYTHONPATH=/home/saiubuntu/ros2_ws/build/joy_tester/prefix_override:/home/saiubuntu/ros2_ws/install/joy_tester/lib/python3.8/site-packages:${PYTHONPATH} /usr/bin/python3 -W ignore:setup.py install is deprecated setup.py develop --editable --build-directory /home/saiubuntu/ros2_ws/build/joy_tester/build --no-deps symlink_data
[5.474s] DEBUG:colcon.colcon_core.event_handler.log_command:Invoking command in '/home/saiubuntu/ros2_ws/build/serial_motor_demo': CMAKE_PREFIX_PATH=/home/saiubuntu/ros2_ws/install/serial_motor_demo_msgs:/home/saiubuntu/ros2_ws/install/sllidar_ros2:/home/saiubuntu/ros2_ws/install/my_bot PYTHONPATH=/home/saiubuntu/ros2_ws/build/serial_motor_demo/prefix_override:/home/saiubuntu/ros2_ws/install/serial_motor_demo/lib/python3.8/site-packages:/home/saiubuntu/ros2_ws/install/serial_motor_demo_msgs/lib/python3.8/site-packages:/home/saiubuntu/ros2_ws/build/serial_motor_demo:/home/saiubuntu/ros2_ws/install/serial_motor_demo/lib/python3.8/site-packages:/home/saiubuntu/ros2_ws/build/my_robot:/home/saiubuntu/ros2_ws/install/my_robot/lib/python3.8/site-packages:/opt/ros/foxy/lib/python3.8/site-packages /usr/bin/python3 -W ignore:setup.py install is deprecated setup.py develop --editable --build-directory /home/saiubuntu/ros2_ws/build/serial_motor_demo/build --no-deps symlink_data
[5.631s] Level 1:colcon.colcon_core.shell:create_environment_hook('joy_tester', 'pythonpath_develop')
[5.631s] DEBUG:colcon.colcon_core.event_handler.log_command:Invoked command in '/home/saiubuntu/ros2_ws/build/joy_tester' returned '0': PYTHONPATH=/home/saiubuntu/ros2_ws/build/joy_tester/prefix_override:/home/saiubuntu/ros2_ws/install/joy_tester/lib/python3.8/site-packages:${PYTHONPATH} /usr/bin/python3 -W ignore:setup.py install is deprecated setup.py develop --editable --build-directory /home/saiubuntu/ros2_ws/build/joy_tester/build --no-deps symlink_data
[5.632s] INFO:colcon.colcon_core.shell:Creating environment hook '/home/saiubuntu/ros2_ws/build/joy_tester/share/joy_tester/hook/pythonpath_develop.ps1'
[5.633s] INFO:colcon.colcon_core.shell:Creating environment descriptor '/home/saiubuntu/ros2_ws/build/joy_tester/share/joy_tester/hook/pythonpath_develop.dsv'
[5.633s] INFO:colcon.colcon_core.shell:Creating environment hook '/home/saiubuntu/ros2_ws/build/joy_tester/share/joy_tester/hook/pythonpath_develop.sh'
[5.633s] Level 1:colcon.colcon_core.environment:checking '/home/saiubuntu/ros2_ws/install/joy_tester' for CMake module files
[5.634s] Level 1:colcon.colcon_core.environment:checking '/home/saiubuntu/ros2_ws/install/joy_tester' for CMake config files
[5.634s] Level 1:colcon.colcon_core.environment:checking '/home/saiubuntu/ros2_ws/install/joy_tester/lib'
[5.634s] Level 1:colcon.colcon_core.environment:checking '/home/saiubuntu/ros2_ws/install/joy_tester/bin'
[5.634s] Level 1:colcon.colcon_core.environment:checking '/home/saiubuntu/ros2_ws/install/joy_tester/lib/pkgconfig/joy_tester.pc'
[5.635s] Level 1:colcon.colcon_core.environment:checking '/home/saiubuntu/ros2_ws/install/joy_tester/lib/python3.8/site-packages'
[5.635s] Level 1:colcon.colcon_core.shell:create_environment_hook('joy_tester', 'pythonpath')
[5.635s] INFO:colcon.colcon_core.shell:Creating environment hook '/home/saiubuntu/ros2_ws/install/joy_tester/share/joy_tester/hook/pythonpath.ps1'
[5.635s] INFO:colcon.colcon_core.shell:Creating environment descriptor '/home/saiubuntu/ros2_ws/install/joy_tester/share/joy_tester/hook/pythonpath.dsv'
[5.635s] INFO:colcon.colcon_core.shell:Creating environment hook '/home/saiubuntu/ros2_ws/install/joy_tester/share/joy_tester/hook/pythonpath.sh'
[5.636s] Level 1:colcon.colcon_core.environment:checking '/home/saiubuntu/ros2_ws/install/joy_tester/bin'
[5.636s] Level 1:colcon.colcon_core.environment:create_environment_scripts_only(joy_tester)
[5.636s] INFO:colcon.colcon_core.shell:Creating package script '/home/saiubuntu/ros2_ws/install/joy_tester/share/joy_tester/package.ps1'
[5.637s] INFO:colcon.colcon_core.shell:Creating package descriptor '/home/saiubuntu/ros2_ws/install/joy_tester/share/joy_tester/package.dsv'
[5.637s] INFO:colcon.colcon_core.shell:Creating package script '/home/saiubuntu/ros2_ws/install/joy_tester/share/joy_tester/package.sh'
[5.637s] INFO:colcon.colcon_core.shell:Creating package script '/home/saiubuntu/ros2_ws/install/joy_tester/share/joy_tester/package.bash'
[5.638s] INFO:colcon.colcon_core.shell:Creating package script '/home/saiubuntu/ros2_ws/install/joy_tester/share/joy_tester/package.zsh'
[5.638s] Level 1:colcon.colcon_core.environment:create_file_with_runtime_dependencies(/home/saiubuntu/ros2_ws/install/joy_tester/share/colcon-core/packages/joy_tester)
[5.702s] Level 1:colcon.colcon_core.shell:create_environment_hook('my_robot', 'pythonpath_develop')
[5.703s] INFO:colcon.colcon_core.shell:Creating environment hook '/home/saiubuntu/ros2_ws/build/my_robot/share/my_robot/hook/pythonpath_develop.ps1'
[5.703s] DEBUG:colcon.colcon_core.event_handler.log_command:Invoked command in '/home/saiubuntu/ros2_ws/build/my_robot' returned '0': PYTHONPATH=/home/saiubuntu/ros2_ws/build/my_robot/prefix_override:/home/saiubuntu/ros2_ws/install/my_robot/lib/python3.8/site-packages:${PYTHONPATH} /usr/bin/python3 -W ignore:setup.py install is deprecated setup.py develop --editable --build-directory /home/saiubuntu/ros2_ws/build/my_robot/build --no-deps symlink_data
[5.703s] INFO:colcon.colcon_core.shell:Creating environment descriptor '/home/saiubuntu/ros2_ws/build/my_robot/share/my_robot/hook/pythonpath_develop.dsv'
[5.704s] INFO:colcon.colcon_core.shell:Creating environment hook '/home/saiubuntu/ros2_ws/build/my_robot/share/my_robot/hook/pythonpath_develop.sh'
[5.704s] Level 1:colcon.colcon_core.environment:checking '/home/saiubuntu/ros2_ws/install/my_robot' for CMake module files
[5.705s] Level 1:colcon.colcon_core.environment:checking '/home/saiubuntu/ros2_ws/install/my_robot' for CMake config files
[5.705s] Level 1:colcon.colcon_core.environment:checking '/home/saiubuntu/ros2_ws/install/my_robot/lib'
[5.705s] Level 1:colcon.colcon_core.environment:checking '/home/saiubuntu/ros2_ws/install/my_robot/bin'
[5.705s] Level 1:colcon.colcon_core.environment:checking '/home/saiubuntu/ros2_ws/install/my_robot/lib/pkgconfig/my_robot.pc'
[5.706s] Level 1:colcon.colcon_core.environment:checking '/home/saiubuntu/ros2_ws/install/my_robot/lib/python3.8/site-packages'
[5.706s] Level 1:colcon.colcon_core.shell:create_environment_hook('my_robot', 'pythonpath')
[5.706s] INFO:colcon.colcon_core.shell:Creating environment hook '/home/saiubuntu/ros2_ws/install/my_robot/share/my_robot/hook/pythonpath.ps1'
[5.706s] INFO:colcon.colcon_core.shell:Creating environment descriptor '/home/saiubuntu/ros2_ws/install/my_robot/share/my_robot/hook/pythonpath.dsv'
[5.706s] INFO:colcon.colcon_core.shell:Creating environment hook '/home/saiubuntu/ros2_ws/install/my_robot/share/my_robot/hook/pythonpath.sh'
[5.707s] Level 1:colcon.colcon_core.environment:checking '/home/saiubuntu/ros2_ws/install/my_robot/bin'
[5.707s] Level 1:colcon.colcon_core.environment:create_environment_scripts_only(my_robot)
[5.707s] INFO:colcon.colcon_core.shell:Creating package script '/home/saiubuntu/ros2_ws/install/my_robot/share/my_robot/package.ps1'
[5.708s] INFO:colcon.colcon_core.shell:Creating package descriptor '/home/saiubuntu/ros2_ws/install/my_robot/share/my_robot/package.dsv'
[5.708s] INFO:colcon.colcon_core.shell:Creating package script '/home/saiubuntu/ros2_ws/install/my_robot/share/my_robot/package.sh'
[5.709s] INFO:colcon.colcon_core.shell:Creating package script '/home/saiubuntu/ros2_ws/install/my_robot/share/my_robot/package.bash'
[5.709s] INFO:colcon.colcon_core.shell:Creating package script '/home/saiubuntu/ros2_ws/install/my_robot/share/my_robot/package.zsh'
[5.709s] Level 1:colcon.colcon_core.environment:create_file_with_runtime_dependencies(/home/saiubuntu/ros2_ws/install/my_robot/share/colcon-core/packages/my_robot)
[5.936s] Level 1:colcon.colcon_core.shell:create_environment_hook('serial_motor_demo', 'pythonpath_develop')
[5.936s] INFO:colcon.colcon_core.shell:Creating environment hook '/home/saiubuntu/ros2_ws/build/serial_motor_demo/share/serial_motor_demo/hook/pythonpath_develop.ps1'
[5.937s] INFO:colcon.colcon_core.shell:Creating environment descriptor '/home/saiubuntu/ros2_ws/build/serial_motor_demo/share/serial_motor_demo/hook/pythonpath_develop.dsv'
[5.937s] DEBUG:colcon.colcon_core.event_handler.log_command:Invoked command in '/home/saiubuntu/ros2_ws/build/serial_motor_demo' returned '0': CMAKE_PREFIX_PATH=/home/saiubuntu/ros2_ws/install/serial_motor_demo_msgs:/home/saiubuntu/ros2_ws/install/sllidar_ros2:/home/saiubuntu/ros2_ws/install/my_bot PYTHONPATH=/home/saiubuntu/ros2_ws/build/serial_motor_demo/prefix_override:/home/saiubuntu/ros2_ws/install/serial_motor_demo/lib/python3.8/site-packages:/home/saiubuntu/ros2_ws/install/serial_motor_demo_msgs/lib/python3.8/site-packages:/home/saiubuntu/ros2_ws/build/serial_motor_demo:/home/saiubuntu/ros2_ws/install/serial_motor_demo/lib/python3.8/site-packages:/home/saiubuntu/ros2_ws/build/my_robot:/home/saiubuntu/ros2_ws/install/my_robot/lib/python3.8/site-packages:/opt/ros/foxy/lib/python3.8/site-packages /usr/bin/python3 -W ignore:setup.py install is deprecated setup.py develop --editable --build-directory /home/saiubuntu/ros2_ws/build/serial_motor_demo/build --no-deps symlink_data
[5.938s] INFO:colcon.colcon_core.shell:Creating environment hook '/home/saiubuntu/ros2_ws/build/serial_motor_demo/share/serial_motor_demo/hook/pythonpath_develop.sh'
[5.939s] Level 1:colcon.colcon_core.environment:checking '/home/saiubuntu/ros2_ws/install/serial_motor_demo' for CMake module files
[5.939s] Level 1:colcon.colcon_core.environment:checking '/home/saiubuntu/ros2_ws/install/serial_motor_demo' for CMake config files
[5.939s] Level 1:colcon.colcon_core.environment:checking '/home/saiubuntu/ros2_ws/install/serial_motor_demo/lib'
[5.940s] Level 1:colcon.colcon_core.environment:checking '/home/saiubuntu/ros2_ws/install/serial_motor_demo/bin'
[5.940s] Level 1:colcon.colcon_core.environment:checking '/home/saiubuntu/ros2_ws/install/serial_motor_demo/lib/pkgconfig/serial_motor_demo.pc'
[5.940s] Level 1:colcon.colcon_core.environment:checking '/home/saiubuntu/ros2_ws/install/serial_motor_demo/lib/python3.8/site-packages'
[5.940s] Level 1:colcon.colcon_core.shell:create_environment_hook('serial_motor_demo', 'pythonpath')
[5.940s] INFO:colcon.colcon_core.shell:Creating environment hook '/home/saiubuntu/ros2_ws/install/serial_motor_demo/share/serial_motor_demo/hook/pythonpath.ps1'
[5.940s] INFO:colcon.colcon_core.shell:Creating environment descriptor '/home/saiubuntu/ros2_ws/install/serial_motor_demo/share/serial_motor_demo/hook/pythonpath.dsv'
[5.941s] INFO:colcon.colcon_core.shell:Creating environment hook '/home/saiubuntu/ros2_ws/install/serial_motor_demo/share/serial_motor_demo/hook/pythonpath.sh'
[5.941s] Level 1:colcon.colcon_core.environment:checking '/home/saiubuntu/ros2_ws/install/serial_motor_demo/bin'
[5.941s] Level 1:colcon.colcon_core.environment:create_environment_scripts_only(serial_motor_demo)
[5.942s] INFO:colcon.colcon_core.shell:Creating package script '/home/saiubuntu/ros2_ws/install/serial_motor_demo/share/serial_motor_demo/package.ps1'
[5.942s] INFO:colcon.colcon_core.shell:Creating package descriptor '/home/saiubuntu/ros2_ws/install/serial_motor_demo/share/serial_motor_demo/package.dsv'
[5.942s] INFO:colcon.colcon_core.shell:Creating package script '/home/saiubuntu/ros2_ws/install/serial_motor_demo/share/serial_motor_demo/package.sh'
[5.943s] INFO:colcon.colcon_core.shell:Creating package script '/home/saiubuntu/ros2_ws/install/serial_motor_demo/share/serial_motor_demo/package.bash'
[5.943s] INFO:colcon.colcon_core.shell:Creating package script '/home/saiubuntu/ros2_ws/install/serial_motor_demo/share/serial_motor_demo/package.zsh'
[5.943s] Level 1:colcon.colcon_core.environment:create_file_with_runtime_dependencies(/home/saiubuntu/ros2_ws/install/serial_motor_demo/share/colcon-core/packages/serial_motor_demo)
[5.944s] DEBUG:colcon.colcon_parallel_executor.executor.parallel:closing loop
[5.944s] DEBUG:colcon.colcon_parallel_executor.executor.parallel:loop closed
[5.944s] DEBUG:colcon.colcon_parallel_executor.executor.parallel:run_until_complete finished with '0'
[5.944s] DEBUG:colcon.colcon_core.event_reactor:joining thread
[5.992s] INFO:colcon.colcon_core.plugin_system:Skipping extension 'colcon_notification.desktop_notification.terminal_notifier': Not used on non-Darwin systems
[5.992s] INFO:colcon.colcon_core.plugin_system:Skipping extension 'colcon_notification.desktop_notification.win32': Not used on non-Windows systems
[5.992s] INFO:colcon.colcon_notification.desktop_notification:Sending desktop notification using 'notify2'
[6.018s] DEBUG:colcon.colcon_core.event_reactor:joined thread
[6.018s] INFO:colcon.colcon_core.shell:Creating prefix script '/home/saiubuntu/ros2_ws/install/local_setup.ps1'
[6.020s] INFO:colcon.colcon_core.shell:Creating prefix util module '/home/saiubuntu/ros2_ws/install/_local_setup_util_ps1.py'
[6.023s] INFO:colcon.colcon_core.shell:Creating prefix chain script '/home/saiubuntu/ros2_ws/install/setup.ps1'
[6.026s] INFO:colcon.colcon_core.shell:Creating prefix script '/home/saiubuntu/ros2_ws/install/local_setup.sh'
[6.027s] INFO:colcon.colcon_core.shell:Creating prefix util module '/home/saiubuntu/ros2_ws/install/_local_setup_util_sh.py'
[6.028s] INFO:colcon.colcon_core.shell:Creating prefix chain script '/home/saiubuntu/ros2_ws/install/setup.sh'
[6.031s] INFO:colcon.colcon_core.shell:Creating prefix script '/home/saiubuntu/ros2_ws/install/local_setup.bash'
[6.033s] INFO:colcon.colcon_core.shell:Creating prefix chain script '/home/saiubuntu/ros2_ws/install/setup.bash'
[6.035s] INFO:colcon.colcon_core.shell:Creating prefix script '/home/saiubuntu/ros2_ws/install/local_setup.zsh'
[6.036s] INFO:colcon.colcon_core.shell:Creating prefix chain script '/home/saiubuntu/ros2_ws/install/setup.zsh'
